

================================================================
== Vivado HLS Report for 'sha256'
================================================================
* Date:           Wed Mar 31 11:05:48 2021

* Version:        2017.2 (Build 1909853 on Thu Jun 15 18:55:24 MDT 2017)
* Project:        sha
* Solution:       solution2
* Product family: zynq
* Target device:  xc7z020clg484-1


================================================================
== Performance Estimates
================================================================
+ Timing (ns): 
    * Summary: 
    +--------+-------+----------+------------+
    |  Clock | Target| Estimated| Uncertainty|
    +--------+-------+----------+------------+
    |ap_clk  |  10.00|      8.34|        1.25|
    +--------+-------+----------+------------+

+ Latency (clock cycles): 
    * Summary: 
    +-----+-----+-----+-----+---------+
    |  Latency  |  Interval | Pipeline|
    | min | max | min | max |   Type  |
    +-----+-----+-----+-----+---------+
    |    ?|    ?|    ?|    ?|   none  |
    +-----+-----+-----+-----+---------+

    + Detail: 
        * Instance: 
        +--------------------------+---------------+-----+-------+-----+-------+---------+
        |                          |               |   Latency   |   Interval  | Pipeline|
        |         Instance         |     Module    | min |  max  | min |  max  |   Type  |
        +--------------------------+---------------+-----+-------+-----+-------+---------+
        |grp_sha256_final_fu_268   |sha256_final   |    ?|      ?|    ?|      ?|   none  |
        |grp_sha256_update_fu_287  |sha256_update  |   37|  28097|   37|  28097|   none  |
        +--------------------------+---------------+-----+-------+-----+-------+---------+

        * Loop: 
        +-------------+-----+---------+------------+-----------+-----------+----------+----------+
        |             |    Latency    |  Iteration |  Initiation Interval  |   Trip   |          |
        |  Loop Name  | min |   max   |   Latency  |  achieved |   target  |   Count  | Pipelined|
        +-------------+-----+---------+------------+-----------+-----------+----------+----------+
        |- Loop 1     |  768|  2822800| 64 ~ 28228 |          -|          -| 12 ~ 100 |    no    |
        | + Loop 1.1  |  128|      128|           2|          -|          -|        64|    no    |
        | + Loop 1.2  |   24|      126|           2|          -|          -|  12 ~ 63 |    no    |
        |- Loop 2     |   64|       64|           2|          -|          -|        32|    no    |
        +-------------+-----+---------+------------+-----------+-----------+----------+----------+



================================================================
== Utilization Estimates
================================================================
* Summary: 
+-----------------+---------+-------+--------+-------+
|       Name      | BRAM_18K| DSP48E|   FF   |  LUT  |
+-----------------+---------+-------+--------+-------+
|DSP              |        -|      -|       -|      -|
|Expression       |        -|      -|     274|    203|
|FIFO             |        -|      -|       -|      -|
|Instance         |       10|      -|    7709|   5364|
|Memory           |        2|      -|       0|      0|
|Multiplexer      |        -|      -|       -|    606|
|Register         |        -|      -|    1232|      -|
+-----------------+---------+-------+--------+-------+
|Total            |       12|      0|    9215|   6173|
+-----------------+---------+-------+--------+-------+
|Available        |      280|    220|  106400|  53200|
+-----------------+---------+-------+--------+-------+
|Utilization (%)  |        4|      0|       8|     11|
+-----------------+---------+-------+--------+-------+

+ Detail: 
    * Instance: 
    +--------------------------+-----------------------+---------+-------+------+------+
    |         Instance         |         Module        | BRAM_18K| DSP48E|  FF  |  LUT |
    +--------------------------+-----------------------+---------+-------+------+------+
    |sha256_AXILiteS_s_axi_U   |sha256_AXILiteS_s_axi  |        4|      0|   272|   308|
    |grp_sha256_final_fu_268   |sha256_final           |        3|      0|  4174|  3195|
    |grp_sha256_update_fu_287  |sha256_update          |        3|      0|  3263|  1861|
    +--------------------------+-----------------------+---------+-------+------+------+
    |Total                     |                       |       10|      0|  7709|  5364|
    +--------------------------+-----------------------+---------+-------+------+------+

    * DSP48: 
    N/A

    * Memory: 
    +------------------+----------------------+---------+---+----+------+-----+------+-------------+
    |      Memory      |        Module        | BRAM_18K| FF| LUT| Words| Bits| Banks| W*Bits*Banks|
    +------------------+----------------------+---------+---+----+------+-----+------+-------------+
    |seg_buf_U         |sha256_seg_buf        |        1|  0|   0|    64|    8|     1|          512|
    |sha256ctx_data_U  |sha256_sha256ctx_bkb  |        1|  0|   0|    64|    8|     1|          512|
    +------------------+----------------------+---------+---+----+------+-----+------+-------------+
    |Total             |                      |        2|  0|   0|   128|   16|     2|         1024|
    +------------------+----------------------+---------+---+----+------+-----+------+-------------+

    * FIFO: 
    N/A

    * Expression: 
    +---------------------------------+----------+-------+-----+----+------------+------------+
    |          Variable Name          | Operation| DSP48E|  FF | LUT| Bitwidth P0| Bitwidth P1|
    +---------------------------------+----------+-------+-----+----+------------+------------+
    |i_7_fu_639_p2                    |     +    |      0|   26|  12|           7|           1|
    |i_8_fu_699_p2                    |     +    |      0|   23|  11|           6|           1|
    |i_fu_741_p2                      |     +    |      0|   23|  11|           6|           1|
    |n_1_fu_665_p2                    |     +    |      0|  101|  37|          32|           8|
    |seg_offset_1_fu_675_p2           |     +    |      0|  101|  37|          32|           7|
    |sum2_fu_714_p2                   |     +    |      0|    0|  10|          10|          10|
    |sum_fu_654_p2                    |     +    |      0|    0|  10|          10|          10|
    |tmp1_fu_645_p2                   |     +    |      0|    0|  10|          10|          10|
    |tmp2_fu_705_p2                   |     +    |      0|    0|  10|          10|          10|
    |exitcond4_fu_694_p2              |   icmp   |      0|    0|  16|          32|          32|
    |exitcond5_fu_633_p2              |   icmp   |      0|    0|   4|           7|           8|
    |exitcond_fu_735_p2               |   icmp   |      0|    0|   4|           6|           7|
    |icmp_fu_619_p2                   |   icmp   |      0|    0|  13|          26|           1|
    |tmp_fu_603_p2                    |   icmp   |      0|    0|  16|          32|           1|
    |ap_block_state5_on_subcall_done  |    or    |      0|    0|   2|           1|           1|
    +---------------------------------+----------+-------+-----+----+------------+------------+
    |Total                            |          |      0|  274| 203|         227|         108|
    +---------------------------------+----------+-------+-----+----+------------+------------+

    * Multiplexer: 
    +-------------------------------------------+----+-----------+-----+-----------+
    |                    Name                   | LUT| Input Size| Bits| Total Bits|
    +-------------------------------------------+----+-----------+-----+-----------+
    |ap_NS_fsm                                  |  60|         11|    1|         11|
    |data_address0                              |  15|          3|    8|         24|
    |grp_sha256_update_fu_287_ctx_datalen_read  |  15|          3|   32|         96|
    |grp_sha256_update_fu_287_len               |  15|          3|   32|         96|
    |grp_sha256_update_fu_287_p_read1           |  15|          3|   32|         96|
    |grp_sha256_update_fu_287_p_read10          |  15|          3|   32|         96|
    |grp_sha256_update_fu_287_p_read2           |  15|          3|   32|         96|
    |grp_sha256_update_fu_287_p_read3           |  15|          3|   32|         96|
    |grp_sha256_update_fu_287_p_read4           |  15|          3|   32|         96|
    |grp_sha256_update_fu_287_p_read5           |  15|          3|   32|         96|
    |grp_sha256_update_fu_287_p_read6           |  15|          3|   32|         96|
    |grp_sha256_update_fu_287_p_read7           |  15|          3|   32|         96|
    |grp_sha256_update_fu_287_p_read8           |  15|          3|   32|         96|
    |grp_sha256_update_fu_287_p_read9           |  15|          3|   32|         96|
    |i9_reg_235                                 |   9|          2|    7|         14|
    |i_1_reg_246                                |   9|          2|    6|         12|
    |i_2_reg_257                                |   9|          2|    6|         12|
    |n_fu_104                                   |  15|          3|   32|         96|
    |seg_buf_address0                           |  33|          6|    6|         36|
    |seg_buf_ce0                                |  21|          4|    1|          4|
    |seg_buf_ce1                                |   9|          2|    1|          2|
    |seg_buf_d0                                 |  15|          3|    8|         24|
    |seg_buf_we0                                |  15|          3|    1|          3|
    |seg_buf_we1                                |   9|          2|    1|          2|
    |seg_offset_fu_152                          |   9|          2|   32|         64|
    |sha256ctx_bitlen_0_2_fu_112                |   9|          2|   32|         64|
    |sha256ctx_bitlen_1_2_fu_116                |   9|          2|   32|         64|
    |sha256ctx_data_address0                    |  15|          3|    6|         18|
    |sha256ctx_data_address1                    |  15|          3|    6|         18|
    |sha256ctx_data_ce0                         |  15|          3|    1|          3|
    |sha256ctx_data_ce1                         |  15|          3|    1|          3|
    |sha256ctx_data_d0                          |  15|          3|    8|         24|
    |sha256ctx_data_we0                         |  15|          3|    1|          3|
    |sha256ctx_data_we1                         |   9|          2|    1|          2|
    |sha256ctx_datalen_fu_108                   |   9|          2|   32|         64|
    |sha256ctx_state_0_2_fu_120                 |   9|          2|   32|         64|
    |sha256ctx_state_1_2_fu_124                 |   9|          2|   32|         64|
    |sha256ctx_state_2_2_fu_128                 |   9|          2|   32|         64|
    |sha256ctx_state_3_2_fu_132                 |   9|          2|   32|         64|
    |sha256ctx_state_4_2_fu_136                 |   9|          2|   32|         64|
    |sha256ctx_state_5_2_fu_140                 |   9|          2|   32|         64|
    |sha256ctx_state_6_2_fu_144                 |   9|          2|   32|         64|
    |sha256ctx_state_7_2_fu_148                 |   9|          2|   32|         64|
    +-------------------------------------------+----+-----------+-----+-----------+
    |Total                                      | 606|        123|  870|       2231|
    +-------------------------------------------+----+-----------+-----+-----------+

    * Register: 
    +------------------------------------------+----+----+-----+-----------+
    |                   Name                   | FF | LUT| Bits| Const Bits|
    +------------------------------------------+----+----+-----+-----------+
    |ap_CS_fsm                                 |  10|   0|   10|          0|
    |ap_reg_grp_sha256_final_fu_268_ap_start   |   1|   0|    1|          0|
    |ap_reg_grp_sha256_update_fu_287_ap_start  |   1|   0|    1|          0|
    |i9_cast5_reg_859                          |   7|   0|   32|         25|
    |i9_reg_235                                |   7|   0|    7|          0|
    |i_1_cast_reg_877                          |   6|   0|   32|         26|
    |i_1_reg_246                               |   6|   0|    6|          0|
    |i_2_cast3_reg_950                         |   6|   0|   32|         26|
    |i_2_reg_257                               |   6|   0|    6|          0|
    |i_7_reg_867                               |   7|   0|    7|          0|
    |i_8_reg_885                               |   6|   0|    6|          0|
    |i_reg_958                                 |   6|   0|    6|          0|
    |icmp_reg_855                              |   1|   0|    1|          0|
    |n_fu_104                                  |  32|   0|   32|          0|
    |n_load_reg_845                            |  32|   0|   32|          0|
    |reg_465                                   |  32|   0|   32|          0|
    |reg_471                                   |  32|   0|   32|          0|
    |reg_477                                   |  32|   0|   32|          0|
    |reg_483                                   |  32|   0|   32|          0|
    |reg_489                                   |  32|   0|   32|          0|
    |reg_495                                   |  32|   0|   32|          0|
    |reg_501                                   |  32|   0|   32|          0|
    |reg_507                                   |  32|   0|   32|          0|
    |reg_513                                   |  32|   0|   32|          0|
    |reg_519                                   |  32|   0|   32|          0|
    |reg_525                                   |  32|   0|   32|          0|
    |seg_offset_fu_152                         |  32|   0|   32|          0|
    |sha256ctx_bitlen_0_1_reg_900              |  32|   0|   32|          0|
    |sha256ctx_bitlen_0_2_fu_112               |  32|   0|   32|          0|
    |sha256ctx_bitlen_1_1_reg_905              |  32|   0|   32|          0|
    |sha256ctx_bitlen_1_2_fu_116               |  32|   0|   32|          0|
    |sha256ctx_datalen_fu_108                  |  32|   0|   32|          0|
    |sha256ctx_datalen_lo_1_reg_895            |  32|   0|   32|          0|
    |sha256ctx_state_0_2_2_reg_910             |  32|   0|   32|          0|
    |sha256ctx_state_0_2_fu_120                |  32|   0|   32|          0|
    |sha256ctx_state_1_2_2_reg_915             |  32|   0|   32|          0|
    |sha256ctx_state_1_2_fu_124                |  32|   0|   32|          0|
    |sha256ctx_state_2_2_2_reg_920             |  32|   0|   32|          0|
    |sha256ctx_state_2_2_fu_128                |  32|   0|   32|          0|
    |sha256ctx_state_3_2_2_reg_925             |  32|   0|   32|          0|
    |sha256ctx_state_3_2_fu_132                |  32|   0|   32|          0|
    |sha256ctx_state_4_2_2_reg_930             |  32|   0|   32|          0|
    |sha256ctx_state_4_2_fu_136                |  32|   0|   32|          0|
    |sha256ctx_state_5_2_2_reg_935             |  32|   0|   32|          0|
    |sha256ctx_state_5_2_fu_140                |  32|   0|   32|          0|
    |sha256ctx_state_6_2_2_reg_940             |  32|   0|   32|          0|
    |sha256ctx_state_6_2_fu_144                |  32|   0|   32|          0|
    |sha256ctx_state_7_2_2_reg_945             |  32|   0|   32|          0|
    |sha256ctx_state_7_2_fu_148                |  32|   0|   32|          0|
    |tmp_96_reg_839                            |  10|   0|   10|          0|
    +------------------------------------------+----+----+-----+-----------+
    |Total                                     |1232|   0| 1309|         77|
    +------------------------------------------+----+----+-----+-----------+



================================================================
== Interface
================================================================
* Summary: 
+------------------------+-----+-----+------------+--------------+--------------+
|        RTL Ports       | Dir | Bits|  Protocol  | Source Object|    C Type    |
+------------------------+-----+-----+------------+--------------+--------------+
|s_axi_AXILiteS_AWVALID  |  in |    1|    s_axi   |   AXILiteS   |     array    |
|s_axi_AXILiteS_AWREADY  | out |    1|    s_axi   |   AXILiteS   |     array    |
|s_axi_AXILiteS_AWADDR   |  in |   10|    s_axi   |   AXILiteS   |     array    |
|s_axi_AXILiteS_WVALID   |  in |    1|    s_axi   |   AXILiteS   |     array    |
|s_axi_AXILiteS_WREADY   | out |    1|    s_axi   |   AXILiteS   |     array    |
|s_axi_AXILiteS_WDATA    |  in |   32|    s_axi   |   AXILiteS   |     array    |
|s_axi_AXILiteS_WSTRB    |  in |    4|    s_axi   |   AXILiteS   |     array    |
|s_axi_AXILiteS_ARVALID  |  in |    1|    s_axi   |   AXILiteS   |     array    |
|s_axi_AXILiteS_ARREADY  | out |    1|    s_axi   |   AXILiteS   |     array    |
|s_axi_AXILiteS_ARADDR   |  in |   10|    s_axi   |   AXILiteS   |     array    |
|s_axi_AXILiteS_RVALID   | out |    1|    s_axi   |   AXILiteS   |     array    |
|s_axi_AXILiteS_RREADY   |  in |    1|    s_axi   |   AXILiteS   |     array    |
|s_axi_AXILiteS_RDATA    | out |   32|    s_axi   |   AXILiteS   |     array    |
|s_axi_AXILiteS_RRESP    | out |    2|    s_axi   |   AXILiteS   |     array    |
|s_axi_AXILiteS_BVALID   | out |    1|    s_axi   |   AXILiteS   |     array    |
|s_axi_AXILiteS_BREADY   |  in |    1|    s_axi   |   AXILiteS   |     array    |
|s_axi_AXILiteS_BRESP    | out |    2|    s_axi   |   AXILiteS   |     array    |
|ap_clk                  |  in |    1| ap_ctrl_hs |    sha256    | return value |
|ap_rst_n                |  in |    1| ap_ctrl_hs |    sha256    | return value |
|interrupt               | out |    1| ap_ctrl_hs |    sha256    | return value |
+------------------------+-----+-----+------------+--------------+--------------+

