

================================================================
== Vivado HLS Report for 'sha256_update'
================================================================
* Date:           Wed Mar 31 11:05:46 2021

* Version:        2017.2 (Build 1909853 on Thu Jun 15 18:55:24 MDT 2017)
* Project:        sha
* Solution:       solution2
* Product family: zynq
* Target device:  xc7z020clg484-1


================================================================
== Performance Estimates
================================================================
+ Timing (ns): 
    * Summary: 
    +--------+-------+----------+------------+
    |  Clock | Target| Estimated| Uncertainty|
    +--------+-------+----------+------------+
    |ap_clk  |  10.00|      8.34|        1.25|
    +--------+-------+----------+------------+

+ Latency (clock cycles): 
    * Summary: 
    +-----+-------+-----+-------+---------+
    |   Latency   |   Interval  | Pipeline|
    | min |  max  | min |  max  |   Type  |
    +-----+-------+-----+-------+---------+
    |   37|  28097|   37|  28097|   none  |
    +-----+-------+-----+-------+---------+

    + Detail: 
        * Instance: 
        +-----------------------------+------------------+-----+-----+-----+-----+---------+
        |                             |                  |  Latency  |  Interval | Pipeline|
        |           Instance          |      Module      | min | max | min | max |   Type  |
        +-----------------------------+------------------+-----+-----+-----+-----+---------+
        |grp_sha256_transform_fu_227  |sha256_transform  |  435|  435|  435|  435|   none  |
        +-----------------------------+------------------+-----+-----+-----+-----+---------+

        * Loop: 
        +----------+-----+-------+----------+-----------+-----------+---------+----------+
        |          |   Latency   | Iteration|  Initiation Interval  |   Trip  |          |
        | Loop Name| min |  max  |  Latency |  achieved |   target  |  Count  | Pipelined|
        +----------+-----+-------+----------+-----------+-----------+---------+----------+
        |- Loop 1  |   36|  28096|  3 ~ 439 |          -|          -| 12 ~ 64 |    no    |
        +----------+-----+-------+----------+-----------+-----------+---------+----------+



================================================================
== Utilization Estimates
================================================================
* Summary: 
+-----------------+---------+-------+--------+-------+
|       Name      | BRAM_18K| DSP48E|   FF   |  LUT  |
+-----------------+---------+-------+--------+-------+
|DSP              |        -|      -|       -|      -|
|Expression       |        -|      -|     254|    156|
|FIFO             |        -|      -|       -|      -|
|Instance         |        3|      -|    2013|   1408|
|Memory           |        -|      -|       -|      -|
|Multiplexer      |        -|      -|       -|    297|
|Register         |        -|      -|     996|      -|
+-----------------+---------+-------+--------+-------+
|Total            |        3|      0|    3263|   1861|
+-----------------+---------+-------+--------+-------+
|Available        |      280|    220|  106400|  53200|
+-----------------+---------+-------+--------+-------+
|Utilization (%)  |        1|      0|       3|      3|
+-----------------+---------+-------+--------+-------+

+ Detail: 
    * Instance: 
    +-----------------------------+------------------+---------+-------+------+------+
    |           Instance          |      Module      | BRAM_18K| DSP48E|  FF  |  LUT |
    +-----------------------------+------------------+---------+-------+------+------+
    |grp_sha256_transform_fu_227  |sha256_transform  |        3|      0|  2013|  1408|
    +-----------------------------+------------------+---------+-------+------+------+
    |Total                        |                  |        3|      0|  2013|  1408|
    +-----------------------------+------------------+---------+-------+------+------+

    * DSP48: 
    N/A

    * Memory: 
    N/A

    * FIFO: 
    N/A

    * Expression: 
    +---------------------------------+----------+-------+-----+----+------------+------------+
    |          Variable Name          | Operation| DSP48E|  FF | LUT| Bitwidth P0| Bitwidth P1|
    +---------------------------------+----------+-------+-----+----+------------+------------+
    |ctx_datalen_assign_c_fu_429_p2   |     +    |      0|   26|  12|           1|           7|
    |i_1_fu_349_p2                    |     +    |      0|   26|  12|           7|           1|
    |tmp_3_fu_479_p2                  |     +    |      0|  101|  37|          32|           1|
    |tmp_4_fu_493_p2                  |     +    |      0|  101|  37|          32|          10|
    |ap_block_state5_on_subcall_done  |    and   |      0|    0|   2|           1|           1|
    |exitcond_fu_344_p2               |   icmp   |      0|    0|   4|           8|           8|
    |tmp_1_fu_435_p2                  |   icmp   |      0|    0|   4|           8|           6|
    |tmp_2_fu_473_p2                  |   icmp   |      0|    0|  16|          32|          11|
    |tmp_3_ctx_bitlen_1_fu_485_p3     |  select  |      0|    0|  32|           1|          32|
    +---------------------------------+----------+-------+-----+----+------------+------------+
    |Total                            |          |      0|  254| 156|         122|          77|
    +---------------------------------+----------+-------+-----+----+------------+------------+

    * Multiplexer: 
    +-----------------------------+----+-----------+-----+-----------+
    |             Name            | LUT| Input Size| Bits| Total Bits|
    +-----------------------------+----+-----------+-----+-----------+
    |ap_NS_fsm                    |  33|          6|    1|          6|
    |ap_return_0                  |   9|          2|   32|         64|
    |ap_return_1                  |   9|          2|   32|         64|
    |ap_return_10                 |   9|          2|   32|         64|
    |ap_return_2                  |   9|          2|   32|         64|
    |ap_return_3                  |   9|          2|   32|         64|
    |ap_return_4                  |   9|          2|   32|         64|
    |ap_return_5                  |   9|          2|   32|         64|
    |ap_return_6                  |   9|          2|   32|         64|
    |ap_return_7                  |   9|          2|   32|         64|
    |ap_return_8                  |   9|          2|   32|         64|
    |ap_return_9                  |   9|          2|   32|         64|
    |ctx_bitlen_1_fu_90           |   9|          2|   32|         64|
    |ctx_bitlen_fu_94             |   9|          2|   32|         64|
    |ctx_data_address0            |  15|          3|    6|         18|
    |ctx_data_ce0                 |  15|          3|    1|          3|
    |ctx_data_ce1                 |   9|          2|    1|          2|
    |ctx_datalen_1_phi_fu_220_p4  |   9|          2|    7|         14|
    |ctx_datalen_1_reg_217        |   9|          2|    7|         14|
    |ctx_datalen_reg_195          |   9|          2|   32|         64|
    |ctx_state_1_fu_82            |   9|          2|   32|         64|
    |ctx_state_2_fu_78            |   9|          2|   32|         64|
    |ctx_state_3_fu_74            |   9|          2|   32|         64|
    |ctx_state_4_fu_70            |   9|          2|   32|         64|
    |ctx_state_5_fu_66            |   9|          2|   32|         64|
    |ctx_state_6_fu_62            |   9|          2|   32|         64|
    |ctx_state_7_fu_58            |   9|          2|   32|         64|
    |ctx_state_fu_86              |   9|          2|   32|         64|
    |i_reg_206                    |   9|          2|    7|         14|
    +-----------------------------+----+-----------+-----+-----------+
    |Total                        | 297|         64|  734|       1479|
    +-----------------------------+----+-----------+-----+-----------+

    * Register: 
    +---------------------------------------------+----+----+-----+-----------+
    |                     Name                    | FF | LUT| Bits| Const Bits|
    +---------------------------------------------+----+----+-----+-----------+
    |ap_CS_fsm                                    |   5|   0|    5|          0|
    |ap_reg_grp_sha256_transform_fu_227_ap_start  |   1|   0|    1|          0|
    |ap_return_0_preg                             |  32|   0|   32|          0|
    |ap_return_10_preg                            |  32|   0|   32|          0|
    |ap_return_1_preg                             |  32|   0|   32|          0|
    |ap_return_2_preg                             |  32|   0|   32|          0|
    |ap_return_3_preg                             |  32|   0|   32|          0|
    |ap_return_4_preg                             |  32|   0|   32|          0|
    |ap_return_5_preg                             |  32|   0|   32|          0|
    |ap_return_6_preg                             |  32|   0|   32|          0|
    |ap_return_7_preg                             |  32|   0|   32|          0|
    |ap_return_8_preg                             |  32|   0|   32|          0|
    |ap_return_9_preg                             |  32|   0|   32|          0|
    |ctx_bitlen_1_fu_90                           |  32|   0|   32|          0|
    |ctx_bitlen_fu_94                             |  32|   0|   32|          0|
    |ctx_datalen_1_reg_217                        |   7|   0|    7|          0|
    |ctx_datalen_reg_195                          |  32|   0|   32|          0|
    |ctx_state_1_fu_82                            |  32|   0|   32|          0|
    |ctx_state_1_load_1_reg_685                   |  32|   0|   32|          0|
    |ctx_state_2_fu_78                            |  32|   0|   32|          0|
    |ctx_state_2_load_1_reg_680                   |  32|   0|   32|          0|
    |ctx_state_3_fu_74                            |  32|   0|   32|          0|
    |ctx_state_3_load_1_reg_675                   |  32|   0|   32|          0|
    |ctx_state_4_fu_70                            |  32|   0|   32|          0|
    |ctx_state_4_load_1_reg_670                   |  32|   0|   32|          0|
    |ctx_state_5_fu_66                            |  32|   0|   32|          0|
    |ctx_state_5_load_1_reg_665                   |  32|   0|   32|          0|
    |ctx_state_6_fu_62                            |  32|   0|   32|          0|
    |ctx_state_6_load_1_reg_660                   |  32|   0|   32|          0|
    |ctx_state_7_fu_58                            |  32|   0|   32|          0|
    |ctx_state_7_load_1_reg_655                   |  32|   0|   32|          0|
    |ctx_state_fu_86                              |  32|   0|   32|          0|
    |ctx_state_load_1_reg_690                     |  32|   0|   32|          0|
    |i_1_reg_636                                  |   7|   0|    7|          0|
    |i_reg_206                                    |   7|   0|    7|          0|
    |tmp_1_reg_651                                |   1|   0|    1|          0|
    |tmp_reg_628                                  |   8|   0|    8|          0|
    +---------------------------------------------+----+----+-----+-----------+
    |Total                                        | 996|   0|  996|          0|
    +---------------------------------------------+----+----+-----+-----------+



================================================================
== Interface
================================================================
* Summary: 
+-------------------+-----+-----+------------+------------------+--------------+
|     RTL Ports     | Dir | Bits|  Protocol  |   Source Object  |    C Type    |
+-------------------+-----+-----+------------+------------------+--------------+
|ap_clk             |  in |    1| ap_ctrl_hs |   sha256_update  | return value |
|ap_rst             |  in |    1| ap_ctrl_hs |   sha256_update  | return value |
|ap_start           |  in |    1| ap_ctrl_hs |   sha256_update  | return value |
|ap_done            | out |    1| ap_ctrl_hs |   sha256_update  | return value |
|ap_idle            | out |    1| ap_ctrl_hs |   sha256_update  | return value |
|ap_ready           | out |    1| ap_ctrl_hs |   sha256_update  | return value |
|ap_return_0        | out |   32| ap_ctrl_hs |   sha256_update  | return value |
|ap_return_1        | out |   32| ap_ctrl_hs |   sha256_update  | return value |
|ap_return_2        | out |   32| ap_ctrl_hs |   sha256_update  | return value |
|ap_return_3        | out |   32| ap_ctrl_hs |   sha256_update  | return value |
|ap_return_4        | out |   32| ap_ctrl_hs |   sha256_update  | return value |
|ap_return_5        | out |   32| ap_ctrl_hs |   sha256_update  | return value |
|ap_return_6        | out |   32| ap_ctrl_hs |   sha256_update  | return value |
|ap_return_7        | out |   32| ap_ctrl_hs |   sha256_update  | return value |
|ap_return_8        | out |   32| ap_ctrl_hs |   sha256_update  | return value |
|ap_return_9        | out |   32| ap_ctrl_hs |   sha256_update  | return value |
|ap_return_10       | out |   32| ap_ctrl_hs |   sha256_update  | return value |
|ctx_data_address0  | out |    6|  ap_memory |     ctx_data     |     array    |
|ctx_data_ce0       | out |    1|  ap_memory |     ctx_data     |     array    |
|ctx_data_we0       | out |    1|  ap_memory |     ctx_data     |     array    |
|ctx_data_d0        | out |    8|  ap_memory |     ctx_data     |     array    |
|ctx_data_q0        |  in |    8|  ap_memory |     ctx_data     |     array    |
|ctx_data_address1  | out |    6|  ap_memory |     ctx_data     |     array    |
|ctx_data_ce1       | out |    1|  ap_memory |     ctx_data     |     array    |
|ctx_data_q1        |  in |    8|  ap_memory |     ctx_data     |     array    |
|ctx_datalen_read   |  in |   32|   ap_none  | ctx_datalen_read |    scalar    |
|p_read1            |  in |   32|   ap_none  |      p_read1     |    scalar    |
|p_read2            |  in |   32|   ap_none  |      p_read2     |    scalar    |
|p_read3            |  in |   32|   ap_none  |      p_read3     |    scalar    |
|p_read4            |  in |   32|   ap_none  |      p_read4     |    scalar    |
|p_read5            |  in |   32|   ap_none  |      p_read5     |    scalar    |
|p_read6            |  in |   32|   ap_none  |      p_read6     |    scalar    |
|p_read7            |  in |   32|   ap_none  |      p_read7     |    scalar    |
|p_read8            |  in |   32|   ap_none  |      p_read8     |    scalar    |
|p_read9            |  in |   32|   ap_none  |      p_read9     |    scalar    |
|p_read10           |  in |   32|   ap_none  |     p_read10     |    scalar    |
|data_address0      | out |    6|  ap_memory |       data       |     array    |
|data_ce0           | out |    1|  ap_memory |       data       |     array    |
|data_q0            |  in |    8|  ap_memory |       data       |     array    |
|len                |  in |   32|   ap_none  |        len       |    scalar    |
+-------------------+-----+-----+------------+------------------+--------------+

