INFO: [HLS 200-10] Running 'C:/Xilinx/Vivado_HLS/2017.2/bin/unwrapped/win64.o/vivado_hls.exe'
INFO: [HLS 200-10] For user 'mohammed' on host 'desktop-nb1lbjr' (Windows NT_amd64 version 6.2) on Wed Mar 31 11:05:38 -0700 2021
INFO: [HLS 200-10] In directory 'C:/Student/SHA_new'
INFO: [HLS 200-10] Opening project 'C:/Student/SHA_new/sha'.
INFO: [HLS 200-10] Adding design file 'sha256.c' to the project
INFO: [HLS 200-10] Adding test bench file 'sha256_tb.c' to the project
INFO: [HLS 200-10] Opening solution 'C:/Student/SHA_new/sha/solution2'.
INFO: [SYN 201-201] Setting up clock 'default' with a period of 10ns.
INFO: [HLS 200-10] Setting target device to 'xc7z020clg484-1'
INFO: [HLS 200-10] Analyzing design file 'sha256.c' ... 
INFO: [HLS 200-10] Validating synthesis directives ...
INFO: [HLS 200-111] Finished Checking Pragmas Time (s): cpu = 00:00:01 ; elapsed = 00:00:04 . Memory (MB): peak = 96.211 ; gain = 46.840
INFO: [HLS 200-111] Finished Linking Time (s): cpu = 00:00:01 ; elapsed = 00:00:04 . Memory (MB): peak = 96.230 ; gain = 46.859
INFO: [HLS 200-10] Starting code transformations ...
INFO: [HLS 200-111] Finished Standard Transforms Time (s): cpu = 00:00:01 ; elapsed = 00:00:05 . Memory (MB): peak = 98.641 ; gain = 49.270
INFO: [HLS 200-10] Checking synthesizability ...
INFO: [XFORM 203-602] Inlining function 'sha256_init' into 'sha256' (sha256.c:30) automatically.
INFO: [HLS 200-111] Finished Checking Synthesizability Time (s): cpu = 00:00:01 ; elapsed = 00:00:05 . Memory (MB): peak = 99.113 ; gain = 49.742
WARNING: [XFORM 203-561] Updating loop upper bound from 100 to 63 for loop 'Loop-0-1' (sha256.c:47:1) in function 'sha256'.
WARNING: [XFORM 203-561] Updating loop upper bound from 40 to 32 for loop 'Loop-1' (sha256.c:58:1) in function 'sha256'.
WARNING: [XFORM 203-561] Updating loop lower bound from 12 to 32 for loop 'Loop-1' (sha256.c:58:1) in function 'sha256'.
WARNING: [XFORM 203-561] Updating loop upper bound from 100 to 56 for loop 'Loop-2' (./sha256_impl.c:123:1) in function 'sha256_final'.
WARNING: [XFORM 203-561] Updating loop lower bound from 12 to 56 for loop 'Loop-2' (./sha256_impl.c:123:1) in function 'sha256_final'.
WARNING: [XFORM 203-561] Updating loop upper bound from 100 to 4 for loop 'Loop-3' (./sha256_impl.c:144:1) in function 'sha256_final'.
WARNING: [XFORM 203-561] Updating loop lower bound from 12 to 4 for loop 'Loop-3' (./sha256_impl.c:144:1) in function 'sha256_final'.
WARNING: [XFORM 203-561] Updating loop upper bound from 100 to 16 for loop 'Loop-0' (./sha256_impl.c:35:1) in function 'sha256_transform'.
WARNING: [XFORM 203-561] Updating loop lower bound from 12 to 16 for loop 'Loop-0' (./sha256_impl.c:35:1) in function 'sha256_transform'.
WARNING: [XFORM 203-561] Updating loop upper bound from 100 to 48 for loop 'Loop-1' (./sha256_impl.c:38:1) in function 'sha256_transform'.
WARNING: [XFORM 203-561] Updating loop lower bound from 12 to 48 for loop 'Loop-1' (./sha256_impl.c:38:1) in function 'sha256_transform'.
WARNING: [XFORM 203-561] Updating loop upper bound from 100 to 64 for loop 'Loop-2' (./sha256_impl.c:51:1) in function 'sha256_transform'.
WARNING: [XFORM 203-561] Updating loop lower bound from 12 to 64 for loop 'Loop-2' (./sha256_impl.c:51:1) in function 'sha256_transform'.
INFO: [XFORM 203-102] Partitioning array 'sha256ctx.bitlen' (sha256.c:29) automatically.
INFO: [XFORM 203-102] Partitioning array 'sha256ctx.state' (sha256.c:29) automatically.
WARNING: [XFORM 203-561] Updating loop upper bound from 100 to 64 for loop 'Loop-0' (./sha256_impl.c:94:1) in function 'sha256_update'.
INFO: [XFORM 203-11] Balancing expressions in function 'sha256_transform' (./sha256_impl.c:30)...10 expression(s) balanced.
INFO: [HLS 200-111] Finished Pre-synthesis Time (s): cpu = 00:00:01 ; elapsed = 00:00:06 . Memory (MB): peak = 120.055 ; gain = 70.684
INFO: [HLS 200-111] Finished Architecture Synthesis Time (s): cpu = 00:00:02 ; elapsed = 00:00:06 . Memory (MB): peak = 144.430 ; gain = 95.059
INFO: [HLS 200-10] Starting hardware synthesis ...
INFO: [HLS 200-10] Synthesizing 'sha256' ...
INFO: [HLS 200-10] ----------------------------------------------------------------
INFO: [HLS 200-10] -- Implementing module 'sha256_transform' 
INFO: [HLS 200-10] ----------------------------------------------------------------
INFO: [SCHED 204-11] Starting scheduling ...
INFO: [SCHED 204-11] Finished scheduling.
INFO: [HLS 200-111]  Elapsed time: 6.435 seconds; current allocated memory: 106.874 MB.
INFO: [BIND 205-100] Starting micro-architecture generation ...
INFO: [BIND 205-101] Performing variable lifetime analysis.
INFO: [BIND 205-101] Exploring resource sharing.
INFO: [BIND 205-101] Binding ...
INFO: [BIND 205-100] Finished micro-architecture generation.
INFO: [HLS 200-111]  Elapsed time: 0.196 seconds; current allocated memory: 107.435 MB.
INFO: [HLS 200-10] ----------------------------------------------------------------
INFO: [HLS 200-10] -- Implementing module 'sha256_update' 
INFO: [HLS 200-10] ----------------------------------------------------------------
INFO: [SCHED 204-11] Starting scheduling ...
INFO: [SCHED 204-11] Finished scheduling.
INFO: [HLS 200-111]  Elapsed time: 0.187 seconds; current allocated memory: 107.743 MB.
INFO: [BIND 205-100] Starting micro-architecture generation ...
INFO: [BIND 205-101] Performing variable lifetime analysis.
INFO: [BIND 205-101] Exploring resource sharing.
INFO: [BIND 205-101] Binding ...
INFO: [BIND 205-100] Finished micro-architecture generation.
INFO: [HLS 200-111]  Elapsed time: 0.154 seconds; current allocated memory: 108.063 MB.
INFO: [HLS 200-10] ----------------------------------------------------------------
INFO: [HLS 200-10] -- Implementing module 'sha256_final' 
INFO: [HLS 200-10] ----------------------------------------------------------------
INFO: [SCHED 204-11] Starting scheduling ...
INFO: [SCHED 204-11] Finished scheduling.
INFO: [HLS 200-111]  Elapsed time: 0.29 seconds; current allocated memory: 108.545 MB.
INFO: [BIND 205-100] Starting micro-architecture generation ...
INFO: [BIND 205-101] Performing variable lifetime analysis.
INFO: [BIND 205-101] Exploring resource sharing.
INFO: [BIND 205-101] Binding ...
INFO: [BIND 205-100] Finished micro-architecture generation.
INFO: [HLS 200-111]  Elapsed time: 0.207 seconds; current allocated memory: 109.093 MB.
INFO: [HLS 200-10] ----------------------------------------------------------------
INFO: [HLS 200-10] -- Implementing module 'sha256' 
INFO: [HLS 200-10] ----------------------------------------------------------------
INFO: [SCHED 204-11] Starting scheduling ...
INFO: [SCHED 204-11] Finished scheduling.
INFO: [HLS 200-111]  Elapsed time: 0.266 seconds; current allocated memory: 109.596 MB.
INFO: [BIND 205-100] Starting micro-architecture generation ...
INFO: [BIND 205-101] Performing variable lifetime analysis.
INFO: [BIND 205-101] Exploring resource sharing.
INFO: [BIND 205-101] Binding ...
INFO: [BIND 205-100] Finished micro-architecture generation.
INFO: [HLS 200-111]  Elapsed time: 0.369 seconds; current allocated memory: 110.208 MB.
INFO: [HLS 200-10] ----------------------------------------------------------------
INFO: [HLS 200-10] -- Generating RTL for module 'sha256_transform' 
INFO: [HLS 200-10] ----------------------------------------------------------------
INFO: [RTGEN 206-100] Finished creating RTL model for 'sha256_transform'.
INFO: [HLS 200-111]  Elapsed time: 0.421 seconds; current allocated memory: 111.370 MB.
INFO: [HLS 200-10] ----------------------------------------------------------------
INFO: [HLS 200-10] -- Generating RTL for module 'sha256_update' 
INFO: [HLS 200-10] ----------------------------------------------------------------
INFO: [RTGEN 206-100] Finished creating RTL model for 'sha256_update'.
INFO: [HLS 200-111]  Elapsed time: 0.527 seconds; current allocated memory: 112.534 MB.
INFO: [HLS 200-10] ----------------------------------------------------------------
INFO: [HLS 200-10] -- Generating RTL for module 'sha256_final' 
INFO: [HLS 200-10] ----------------------------------------------------------------
INFO: [RTGEN 206-100] Finished creating RTL model for 'sha256_final'.
INFO: [HLS 200-111]  Elapsed time: 0.431 seconds; current allocated memory: 113.581 MB.
INFO: [HLS 200-10] ----------------------------------------------------------------
INFO: [HLS 200-10] -- Generating RTL for module 'sha256' 
INFO: [HLS 200-10] ----------------------------------------------------------------
INFO: [RTGEN 206-500] Setting interface mode on port 'sha256/data' to 's_axilite & ap_memory'.
INFO: [RTGEN 206-500] Setting interface mode on port 'sha256/base_offset' to 's_axilite & ap_none'.
INFO: [RTGEN 206-500] Setting interface mode on port 'sha256/bytes' to 's_axilite & ap_none'.
INFO: [RTGEN 206-500] Setting interface mode on port 'sha256/digest' to 's_axilite & ap_memory'.
INFO: [RTGEN 206-500] Setting interface mode on function 'sha256' to 's_axilite & ap_ctrl_hs'.
WARNING: [RTGEN 206-101] Global array 'k' will not be exposed as RTL port.
INFO: [RTGEN 206-100] Bundling port 'return', 'data', 'base_offset', 'bytes' and 'digest' to AXI-Lite port AXILiteS.
INFO: [SYN 201-210] Renamed object name 'sha256_sha256ctx_data' to 'sha256_sha256ctx_bkb' due to the length limit 20
INFO: [RTGEN 206-100] Finished creating RTL model for 'sha256'.
INFO: [HLS 200-111]  Elapsed time: 0.844 seconds; current allocated memory: 114.861 MB.
INFO: [RTMG 210-279] Implementing memory 'sha256_transform_k_rom' using auto ROMs.
INFO: [RTMG 210-278] Implementing memory 'sha256_transform_m_ram' using block RAMs.
INFO: [RTMG 210-278] Implementing memory 'sha256_seg_buf_ram' using block RAMs.
INFO: [RTMG 210-278] Implementing memory 'sha256_sha256ctx_bkb_ram' using block RAMs.
INFO: [HLS 200-111] Finished generating all RTL models Time (s): cpu = 00:00:05 ; elapsed = 00:00:12 . Memory (MB): peak = 167.664 ; gain = 118.293
INFO: [SYSC 207-301] Generating SystemC RTL for sha256.
INFO: [VHDL 208-304] Generating VHDL RTL for sha256.
INFO: [VLOG 209-307] Generating Verilog RTL for sha256.
INFO: [HLS 200-112] Total elapsed time: 12.412 seconds; peak allocated memory: 114.861 MB.
