

================================================================
== Vivado HLS Report for 'sha256_update'
================================================================
* Date:           Wed Apr  7 18:07:27 2021

* Version:        2019.1 (Build 2552052 on Fri May 24 15:28:33 MDT 2019)
* Project:        SHA
* Solution:       solution2_array_partition_pipeline
* Product family: zynq
* Target device:  xc7z020-clg484-1


================================================================
== Performance Estimates
================================================================
+ Timing (ns): 
    * Summary: 
    +--------+-------+----------+------------+
    |  Clock | Target| Estimated| Uncertainty|
    +--------+-------+----------+------------+
    |ap_clk  |  10.00|     8.742|        1.25|
    +--------+-------+----------+------------+

+ Latency (clock cycles): 
    * Summary: 
    +-----+-----+-----+-----+---------+
    |  Latency  |  Interval | Pipeline|
    | min | max | min | max |   Type  |
    +-----+-----+-----+-----+---------+
    |    1|  130|    1|  130|   none  |
    +-----+-----+-----+-----+---------+

    + Detail: 
        * Instance: 
        +-----------------------------+------------------+-----+-----+-----+-----+----------+
        |                             |                  |  Latency  |  Interval | Pipeline |
        |           Instance          |      Module      | min | max | min | max |   Type   |
        +-----------------------------+------------------+-----+-----+-----+-----+----------+
        |grp_sha256_transform_fu_274  |sha256_transform  |   97|   97|   32|   32| function |
        +-----------------------------+------------------+-----+-----+-----+-----+----------+

        * Loop: 
        +----------+-----+-----+----------+-----------+-----------+-------+----------+
        |          |  Latency  | Iteration|  Initiation Interval  |  Trip |          |
        | Loop Name| min | max |  Latency |  achieved |   target  | Count | Pipelined|
        +----------+-----+-----+----------+-----------+-----------+-------+----------+
        |- Loop 1  |    0|  129|  3 ~ 129 |          -|          -| 0 ~ 1 |    no    |
        +----------+-----+-----+----------+-----------+-----------+-------+----------+



================================================================
== Utilization Estimates
================================================================
* Summary: 
+-----------------+---------+-------+--------+-------+-----+
|       Name      | BRAM_18K| DSP48E|   FF   |  LUT  | URAM|
+-----------------+---------+-------+--------+-------+-----+
|DSP              |        -|      -|       -|      -|    -|
|Expression       |        -|      -|       0|    211|    -|
|FIFO             |        -|      -|       -|      -|    -|
|Instance         |        0|      -|   19492|  41111|    -|
|Memory           |        -|      -|       -|      -|    -|
|Multiplexer      |        -|      -|       -|    859|    -|
|Register         |        -|      -|     505|      -|    -|
+-----------------+---------+-------+--------+-------+-----+
|Total            |        0|      0|   19997|  42181|    0|
+-----------------+---------+-------+--------+-------+-----+
|Available        |      280|    220|  106400|  53200|    0|
+-----------------+---------+-------+--------+-------+-----+
|Utilization (%)  |        0|      0|      18|     79|    0|
+-----------------+---------+-------+--------+-------+-----+

+ Detail: 
    * Instance: 
    +-----------------------------+------------------+---------+-------+-------+-------+-----+
    |           Instance          |      Module      | BRAM_18K| DSP48E|   FF  |  LUT  | URAM|
    +-----------------------------+------------------+---------+-------+-------+-------+-----+
    |grp_sha256_transform_fu_274  |sha256_transform  |        0|      0|  19492|  41111|    0|
    +-----------------------------+------------------+---------+-------+-------+-------+-----+
    |Total                        |                  |        0|      0|  19492|  41111|    0|
    +-----------------------------+------------------+---------+-------+-------+-------+-----+

    * DSP48E: 
    N/A

    * Memory: 
    N/A

    * FIFO: 
    N/A

    * Expression: 
    +------------------------+----------+-------+---+----+------------+------------+
    |      Variable Name     | Operation| DSP48E| FF| LUT| Bitwidth P0| Bitwidth P1|
    +------------------------+----------+-------+---+----+------------+------------+
    |add_ln100_1_fu_575_p2   |     +    |      0|  0|  39|          32|          10|
    |add_ln100_fu_561_p2     |     +    |      0|  0|  39|          32|           1|
    |add_ln97_fu_501_p2      |     +    |      0|  0|  39|          32|           1|
    |i_fu_399_p2             |     +    |      0|  0|  15|           7|           1|
    |icmp_ln100_fu_555_p2    |   icmp   |      0|  0|  18|          32|          11|
    |icmp_ln94_fu_394_p2     |   icmp   |      0|  0|  11|           7|           7|
    |icmp_ln98_fu_507_p2     |   icmp   |      0|  0|  18|          32|           7|
    |select_ln100_fu_567_p3  |  select  |      0|  0|  32|           1|          32|
    +------------------------+----------+-------+---+----+------------+------------+
    |Total                   |          |      0|  0| 211|         175|          70|
    +------------------------+----------+-------+---+----+------------+------------+

    * Multiplexer: 
    +-----------------------+-----+-----------+-----+-----------+
    |          Name         | LUT | Input Size| Bits| Total Bits|
    +-----------------------+-----+-----------+-----+-----------+
    |ap_NS_fsm              |  589|        131|    1|        131|
    |ctx_bitlen_0_0_fu_118  |    9|          2|   32|         64|
    |ctx_bitlen_1_0_fu_114  |    9|          2|   32|         64|
    |ctx_data_0_address0    |   15|          3|    4|         12|
    |ctx_data_0_ce0         |   15|          3|    1|          3|
    |ctx_data_0_ce1         |    9|          2|    1|          2|
    |ctx_data_1_address0    |   15|          3|    4|         12|
    |ctx_data_1_ce0         |   15|          3|    1|          3|
    |ctx_data_1_ce1         |    9|          2|    1|          2|
    |ctx_data_2_address0    |   15|          3|    4|         12|
    |ctx_data_2_ce0         |   15|          3|    1|          3|
    |ctx_data_2_ce1         |    9|          2|    1|          2|
    |ctx_data_3_address0    |   15|          3|    4|         12|
    |ctx_data_3_ce0         |   15|          3|    1|          3|
    |ctx_data_3_ce1         |    9|          2|    1|          2|
    |ctx_datalen_0_fu_78    |   15|          3|   32|         96|
    |ctx_state_0_0_fu_110   |    9|          2|   32|         64|
    |ctx_state_1_0_fu_106   |    9|          2|   32|         64|
    |ctx_state_2_0_fu_102   |    9|          2|   32|         64|
    |ctx_state_3_0_fu_98    |    9|          2|   32|         64|
    |ctx_state_4_0_fu_94    |    9|          2|   32|         64|
    |ctx_state_5_0_fu_90    |    9|          2|   32|         64|
    |ctx_state_6_0_fu_86    |    9|          2|   32|         64|
    |ctx_state_7_0_fu_82    |    9|          2|   32|         64|
    |i_0_reg_263            |    9|          2|    7|         14|
    +-----------------------+-----+-----------+-----+-----------+
    |Total                  |  859|        188|  384|        949|
    +-----------------------+-----+-----------+-----+-----------+

    * Register: 
    +------------------------------------------+-----+----+-----+-----------+
    |                   Name                   |  FF | LUT| Bits| Const Bits|
    +------------------------------------------+-----+----+-----+-----------+
    |ap_CS_fsm                                 |  130|   0|  130|          0|
    |ctx_bitlen_0_0_fu_118                     |   32|   0|   32|          0|
    |ctx_bitlen_1_0_fu_114                     |   32|   0|   32|          0|
    |ctx_datalen_0_fu_78                       |   32|   0|   32|          0|
    |ctx_state_0_0_fu_110                      |   32|   0|   32|          0|
    |ctx_state_1_0_fu_106                      |   32|   0|   32|          0|
    |ctx_state_2_0_fu_102                      |   32|   0|   32|          0|
    |ctx_state_3_0_fu_98                       |   32|   0|   32|          0|
    |ctx_state_4_0_fu_94                       |   32|   0|   32|          0|
    |ctx_state_5_0_fu_90                       |   32|   0|   32|          0|
    |ctx_state_6_0_fu_86                       |   32|   0|   32|          0|
    |ctx_state_7_0_fu_82                       |   32|   0|   32|          0|
    |empty_reg_710                             |    7|   0|    7|          0|
    |grp_sha256_transform_fu_274_ap_start_reg  |    1|   0|    1|          0|
    |i_0_reg_263                               |    7|   0|    7|          0|
    |i_reg_718                                 |    7|   0|    7|          0|
    |icmp_ln98_reg_731                         |    1|   0|    1|          0|
    +------------------------------------------+-----+----+-----+-----------+
    |Total                                     |  505|   0|  505|          0|
    +------------------------------------------+-----+----+-----+-----------+



================================================================
== Interface
================================================================
* Summary: 
+---------------------+-----+-----+------------+------------------+--------------+
|      RTL Ports      | Dir | Bits|  Protocol  |   Source Object  |    C Type    |
+---------------------+-----+-----+------------+------------------+--------------+
|ap_clk               |  in |    1| ap_ctrl_hs |   sha256_update  | return value |
|ap_rst               |  in |    1| ap_ctrl_hs |   sha256_update  | return value |
|ap_start             |  in |    1| ap_ctrl_hs |   sha256_update  | return value |
|ap_done              | out |    1| ap_ctrl_hs |   sha256_update  | return value |
|ap_idle              | out |    1| ap_ctrl_hs |   sha256_update  | return value |
|ap_ready             | out |    1| ap_ctrl_hs |   sha256_update  | return value |
|ap_return_0          | out |   32| ap_ctrl_hs |   sha256_update  | return value |
|ap_return_1          | out |   32| ap_ctrl_hs |   sha256_update  | return value |
|ap_return_2          | out |   32| ap_ctrl_hs |   sha256_update  | return value |
|ap_return_3          | out |   32| ap_ctrl_hs |   sha256_update  | return value |
|ap_return_4          | out |   32| ap_ctrl_hs |   sha256_update  | return value |
|ap_return_5          | out |   32| ap_ctrl_hs |   sha256_update  | return value |
|ap_return_6          | out |   32| ap_ctrl_hs |   sha256_update  | return value |
|ap_return_7          | out |   32| ap_ctrl_hs |   sha256_update  | return value |
|ap_return_8          | out |   32| ap_ctrl_hs |   sha256_update  | return value |
|ap_return_9          | out |   32| ap_ctrl_hs |   sha256_update  | return value |
|ap_return_10         | out |   32| ap_ctrl_hs |   sha256_update  | return value |
|ctx_data_0_address0  | out |    4|  ap_memory |    ctx_data_0    |     array    |
|ctx_data_0_ce0       | out |    1|  ap_memory |    ctx_data_0    |     array    |
|ctx_data_0_we0       | out |    1|  ap_memory |    ctx_data_0    |     array    |
|ctx_data_0_d0        | out |    8|  ap_memory |    ctx_data_0    |     array    |
|ctx_data_0_q0        |  in |    8|  ap_memory |    ctx_data_0    |     array    |
|ctx_data_0_address1  | out |    4|  ap_memory |    ctx_data_0    |     array    |
|ctx_data_0_ce1       | out |    1|  ap_memory |    ctx_data_0    |     array    |
|ctx_data_0_q1        |  in |    8|  ap_memory |    ctx_data_0    |     array    |
|ctx_data_1_address0  | out |    4|  ap_memory |    ctx_data_1    |     array    |
|ctx_data_1_ce0       | out |    1|  ap_memory |    ctx_data_1    |     array    |
|ctx_data_1_we0       | out |    1|  ap_memory |    ctx_data_1    |     array    |
|ctx_data_1_d0        | out |    8|  ap_memory |    ctx_data_1    |     array    |
|ctx_data_1_q0        |  in |    8|  ap_memory |    ctx_data_1    |     array    |
|ctx_data_1_address1  | out |    4|  ap_memory |    ctx_data_1    |     array    |
|ctx_data_1_ce1       | out |    1|  ap_memory |    ctx_data_1    |     array    |
|ctx_data_1_q1        |  in |    8|  ap_memory |    ctx_data_1    |     array    |
|ctx_data_2_address0  | out |    4|  ap_memory |    ctx_data_2    |     array    |
|ctx_data_2_ce0       | out |    1|  ap_memory |    ctx_data_2    |     array    |
|ctx_data_2_we0       | out |    1|  ap_memory |    ctx_data_2    |     array    |
|ctx_data_2_d0        | out |    8|  ap_memory |    ctx_data_2    |     array    |
|ctx_data_2_q0        |  in |    8|  ap_memory |    ctx_data_2    |     array    |
|ctx_data_2_address1  | out |    4|  ap_memory |    ctx_data_2    |     array    |
|ctx_data_2_ce1       | out |    1|  ap_memory |    ctx_data_2    |     array    |
|ctx_data_2_q1        |  in |    8|  ap_memory |    ctx_data_2    |     array    |
|ctx_data_3_address0  | out |    4|  ap_memory |    ctx_data_3    |     array    |
|ctx_data_3_ce0       | out |    1|  ap_memory |    ctx_data_3    |     array    |
|ctx_data_3_we0       | out |    1|  ap_memory |    ctx_data_3    |     array    |
|ctx_data_3_d0        | out |    8|  ap_memory |    ctx_data_3    |     array    |
|ctx_data_3_q0        |  in |    8|  ap_memory |    ctx_data_3    |     array    |
|ctx_data_3_address1  | out |    4|  ap_memory |    ctx_data_3    |     array    |
|ctx_data_3_ce1       | out |    1|  ap_memory |    ctx_data_3    |     array    |
|ctx_data_3_q1        |  in |    8|  ap_memory |    ctx_data_3    |     array    |
|ctx_datalen_read     |  in |   32|   ap_none  | ctx_datalen_read |    scalar    |
|p_read1              |  in |   32|   ap_none  |      p_read1     |    scalar    |
|p_read2              |  in |   32|   ap_none  |      p_read2     |    scalar    |
|p_read3              |  in |   32|   ap_none  |      p_read3     |    scalar    |
|p_read4              |  in |   32|   ap_none  |      p_read4     |    scalar    |
|p_read5              |  in |   32|   ap_none  |      p_read5     |    scalar    |
|p_read6              |  in |   32|   ap_none  |      p_read6     |    scalar    |
|p_read7              |  in |   32|   ap_none  |      p_read7     |    scalar    |
|p_read8              |  in |   32|   ap_none  |      p_read8     |    scalar    |
|p_read9              |  in |   32|   ap_none  |      p_read9     |    scalar    |
|p_read10             |  in |   32|   ap_none  |     p_read10     |    scalar    |
|data_address0        | out |    6|  ap_memory |       data       |     array    |
|data_ce0             | out |    1|  ap_memory |       data       |     array    |
|data_q0              |  in |    8|  ap_memory |       data       |     array    |
|len                  |  in |   32|   ap_none  |        len       |    scalar    |
+---------------------+-----+-----+------------+------------------+--------------+

