

================================================================
== Vivado HLS Report for 'sha256_final'
================================================================
* Date:           Wed Apr  7 18:07:29 2021

* Version:        2019.1 (Build 2552052 on Fri May 24 15:28:33 MDT 2019)
* Project:        SHA
* Solution:       solution2_array_partition_pipeline
* Product family: zynq
* Target device:  xc7z020-clg484-1


================================================================
== Performance Estimates
================================================================
+ Timing (ns): 
    * Summary: 
    +--------+-------+----------+------------+
    |  Clock | Target| Estimated| Uncertainty|
    +--------+-------+----------+------------+
    |ap_clk  |  10.00|     8.750|        1.25|
    +--------+-------+----------+------------+

+ Latency (clock cycles): 
    * Summary: 
    +-----+-----+-----+-----+---------+
    |  Latency  |  Interval | Pipeline|
    | min | max | min | max |   Type  |
    +-----+-----+-----+-----+---------+
    |  139|  281|  139|  281|   none  |
    +-----+-----+-----+-----+---------+

    + Detail: 
        * Instance: 
        +------------------------------+------------------+-----+-----+-----+-----+----------+
        |                              |                  |  Latency  |  Interval | Pipeline |
        |           Instance           |      Module      | min | max | min | max |   Type   |
        +------------------------------+------------------+-----+-----+-----+-----+----------+
        |grp_sha256_transform_fu_1393  |sha256_transform  |   97|   97|   32|   32| function |
        +------------------------------+------------------+-----+-----+-----+-----+----------+

        * Loop: 
        +----------+-----+-----+----------+-----------+-----------+--------+----------+
        |          |  Latency  | Iteration|  Initiation Interval  |  Trip  |          |
        | Loop Name| min | max |  Latency |  achieved |   target  |  Count | Pipelined|
        +----------+-----+-----+----------+-----------+-----------+--------+----------+
        |- Loop 1  |    0|   56|         1|          -|          -| 0 ~ 56 |    no    |
        |- Loop 2  |    0|    8|         1|          -|          -|  0 ~ 8 |    no    |
        +----------+-----+-----+----------+-----------+-----------+--------+----------+



================================================================
== Utilization Estimates
================================================================
* Summary: 
+-----------------+---------+-------+--------+-------+-----+
|       Name      | BRAM_18K| DSP48E|   FF   |  LUT  | URAM|
+-----------------+---------+-------+--------+-------+-----+
|DSP              |        -|      -|       -|      -|    -|
|Expression       |        -|      -|       0|    361|    -|
|FIFO             |        -|      -|       -|      -|    -|
|Instance         |        0|      -|   19492|  41111|    -|
|Memory           |        -|      -|       -|      -|    -|
|Multiplexer      |        -|      -|       -|   2487|    -|
|Register         |        -|      -|    1142|      -|    -|
+-----------------+---------+-------+--------+-------+-----+
|Total            |        0|      0|   20634|  43959|    0|
+-----------------+---------+-------+--------+-------+-----+
|Available        |      280|    220|  106400|  53200|    0|
+-----------------+---------+-------+--------+-------+-----+
|Utilization (%)  |        0|      0|      19|     82|    0|
+-----------------+---------+-------+--------+-------+-----+

+ Detail: 
    * Instance: 
    +------------------------------+------------------+---------+-------+-------+-------+-----+
    |           Instance           |      Module      | BRAM_18K| DSP48E|   FF  |  LUT  | URAM|
    +------------------------------+------------------+---------+-------+-------+-------+-----+
    |grp_sha256_transform_fu_1393  |sha256_transform  |        0|      0|  19492|  41111|    0|
    +------------------------------+------------------+---------+-------+-------+-------+-----+
    |Total                         |                  |        0|      0|  19492|  41111|    0|
    +------------------------------+------------------+---------+-------+-------+-------+-----+

    * DSP48E: 
    N/A

    * Memory: 
    N/A

    * FIFO: 
    N/A

    * Expression: 
    +-------------------------+----------+-------+---+----+------------+------------+
    |      Variable Name      | Operation| DSP48E| FF| LUT| Bitwidth P0| Bitwidth P1|
    +-------------------------+----------+-------+---+----+------------+------------+
    |add_ln135_1_fu_1595_p2   |     +    |      0|  0|  39|          32|          32|
    |add_ln135_fu_1682_p2     |     +    |      0|  0|  39|           1|          32|
    |add_ln136_1_fu_1600_p2   |     +    |      0|  0|  31|          24|          24|
    |add_ln136_2_fu_1606_p2   |     +    |      0|  0|  23|          16|          16|
    |add_ln136_fu_1612_p2     |     +    |      0|  0|  15|           8|           8|
    |i_1_fu_1493_p2           |     +    |      0|  0|  39|          32|           1|
    |i_fu_1648_p2             |     +    |      0|  0|  39|          32|           1|
    |icmp_ln113_fu_1463_p2    |   icmp   |      0|  0|  18|          32|           6|
    |icmp_ln116_fu_1654_p2    |   icmp   |      0|  0|  18|          32|           6|
    |icmp_ln123_fu_1509_p2    |   icmp   |      0|  0|  18|          26|           1|
    |icmp_ln135_fu_1548_p2    |   icmp   |      0|  0|  18|          32|          32|
    |select_ln135_fu_1687_p3  |  select  |      0|  0|  32|           1|          32|
    |xor_ln135_fu_1542_p2     |    xor   |      0|  0|  32|          32|           2|
    +-------------------------+----------+-------+---+----+------------+------------+
    |Total                    |          |      0|  0| 361|         300|         193|
    +-------------------------+----------+-------+---+----+------------+------------+

    * Multiplexer: 
    +-----------------------------------------------+------+-----------+-----+-----------+
    |                      Name                     |  LUT | Input Size| Bits| Total Bits|
    +-----------------------------------------------+------+-----------+-----+-----------+
    |ap_NS_fsm                                      |  1249|        276|    1|        276|
    |ctx_data_0_address0                            |    56|         13|    4|         52|
    |ctx_data_0_address1                            |    50|         11|    4|         44|
    |ctx_data_0_ce0                                 |    15|          3|    1|          3|
    |ctx_data_0_ce1                                 |    15|          3|    1|          3|
    |ctx_data_0_d0                                  |    21|          4|    8|         32|
    |ctx_data_0_d1                                  |    15|          3|    8|         24|
    |ctx_data_1_address0                            |    56|         13|    4|         52|
    |ctx_data_1_address1                            |    50|         11|    4|         44|
    |ctx_data_1_ce0                                 |    15|          3|    1|          3|
    |ctx_data_1_ce1                                 |    15|          3|    1|          3|
    |ctx_data_1_d0                                  |    21|          4|    8|         32|
    |ctx_data_1_d1                                  |    15|          3|    8|         24|
    |ctx_data_2_address0                            |    56|         13|    4|         52|
    |ctx_data_2_address1                            |    50|         11|    4|         44|
    |ctx_data_2_ce0                                 |    15|          3|    1|          3|
    |ctx_data_2_ce1                                 |    15|          3|    1|          3|
    |ctx_data_2_d0                                  |    21|          4|    8|         32|
    |ctx_data_2_d1                                  |    15|          3|    8|         24|
    |ctx_data_3_address0                            |    56|         13|    4|         52|
    |ctx_data_3_address1                            |    50|         11|    4|         44|
    |ctx_data_3_ce0                                 |    15|          3|    1|          3|
    |ctx_data_3_ce1                                 |    15|          3|    1|          3|
    |ctx_data_3_d0                                  |    21|          4|    8|         32|
    |ctx_data_3_d1                                  |    15|          3|    8|         24|
    |ctx_state_0_0_reg_1313                         |     9|          2|   32|         64|
    |ctx_state_1_0_reg_1323                         |     9|          2|   32|         64|
    |ctx_state_2_0_reg_1333                         |     9|          2|   32|         64|
    |ctx_state_3_0_reg_1343                         |     9|          2|   32|         64|
    |ctx_state_4_0_reg_1353                         |     9|          2|   32|         64|
    |ctx_state_5_0_reg_1363                         |     9|          2|   32|         64|
    |ctx_state_6_0_reg_1373                         |     9|          2|   32|         64|
    |ctx_state_7_0_reg_1383                         |     9|          2|   32|         64|
    |grp_sha256_transform_fu_1393_ctx_state_0_read  |    15|          3|   32|         96|
    |grp_sha256_transform_fu_1393_ctx_state_1_read  |    15|          3|   32|         96|
    |grp_sha256_transform_fu_1393_ctx_state_2_read  |    15|          3|   32|         96|
    |grp_sha256_transform_fu_1393_ctx_state_3_read  |    15|          3|   32|         96|
    |grp_sha256_transform_fu_1393_ctx_state_4_read  |    15|          3|   32|         96|
    |grp_sha256_transform_fu_1393_ctx_state_5_read  |    15|          3|   32|         96|
    |grp_sha256_transform_fu_1393_ctx_state_6_read  |    15|          3|   32|         96|
    |grp_sha256_transform_fu_1393_ctx_state_7_read  |    15|          3|   32|         96|
    |hash_address0                                  |    85|         17|    6|        102|
    |hash_address1                                  |    85|         17|    6|        102|
    |hash_d0                                        |    85|         17|    8|        136|
    |hash_d1                                        |    85|         17|    8|        136|
    |i_0_in_reg_1304                                |     9|          2|   32|         64|
    |i_1_in_reg_1295                                |     9|          2|   32|         64|
    +-----------------------------------------------+------+-----------+-----+-----------+
    |Total                                          |  2487|        536|  709|       2792|
    +-----------------------------------------------+------+-----------+-----+-----------+

    * Register: 
    +-------------------------------------------+-----+----+-----+-----------+
    |                    Name                   |  FF | LUT| Bits| Const Bits|
    +-------------------------------------------+-----+----+-----+-----------+
    |add_ln136_reg_2142                         |    8|   0|    8|          0|
    |ap_CS_fsm                                  |  275|   0|  275|          0|
    |ctx_state_0_0_reg_1313                     |   32|   0|   32|          0|
    |ctx_state_0_ret4_reg_2097                  |   32|   0|   32|          0|
    |ctx_state_1_0_reg_1323                     |   32|   0|   32|          0|
    |ctx_state_1_ret5_reg_2102                  |   32|   0|   32|          0|
    |ctx_state_2_0_reg_1333                     |   32|   0|   32|          0|
    |ctx_state_2_ret6_reg_2107                  |   32|   0|   32|          0|
    |ctx_state_3_0_reg_1343                     |   32|   0|   32|          0|
    |ctx_state_3_ret7_reg_2112                  |   32|   0|   32|          0|
    |ctx_state_4_0_reg_1353                     |   32|   0|   32|          0|
    |ctx_state_4_ret8_reg_2117                  |   32|   0|   32|          0|
    |ctx_state_5_0_reg_1363                     |   32|   0|   32|          0|
    |ctx_state_5_ret9_reg_2122                  |   32|   0|   32|          0|
    |ctx_state_6_0_reg_1373                     |   32|   0|   32|          0|
    |ctx_state_6_ret1_reg_2127                  |   32|   0|   32|          0|
    |ctx_state_7_0_reg_1383                     |   32|   0|   32|          0|
    |ctx_state_7_ret1_reg_2132                  |   32|   0|   32|          0|
    |grp_sha256_transform_fu_1393_ap_start_reg  |    1|   0|    1|          0|
    |i_0_in_reg_1304                            |   32|   0|   32|          0|
    |i_1_in_reg_1295                            |   32|   0|   32|          0|
    |icmp_ln113_reg_2076                        |    1|   0|    1|          0|
    |icmp_ln135_reg_2137                        |    1|   0|    1|          0|
    |trunc_ln10_reg_2193                        |    8|   0|    8|          0|
    |trunc_ln11_reg_2198                        |    8|   0|    8|          0|
    |trunc_ln12_reg_2203                        |    8|   0|    8|          0|
    |trunc_ln13_reg_2208                        |    8|   0|    8|          0|
    |trunc_ln150_1_reg_2213                     |    8|   0|    8|          0|
    |trunc_ln150_2_reg_2253                     |    8|   0|    8|          0|
    |trunc_ln150_reg_2293                       |    8|   0|    8|          0|
    |trunc_ln151_1_reg_2218                     |    8|   0|    8|          0|
    |trunc_ln151_2_reg_2258                     |    8|   0|    8|          0|
    |trunc_ln151_reg_2298                       |    8|   0|    8|          0|
    |trunc_ln152_1_reg_2223                     |    8|   0|    8|          0|
    |trunc_ln152_2_reg_2263                     |    8|   0|    8|          0|
    |trunc_ln152_reg_2303                       |    8|   0|    8|          0|
    |trunc_ln153_1_reg_2228                     |    8|   0|    8|          0|
    |trunc_ln153_2_reg_2268                     |    8|   0|    8|          0|
    |trunc_ln153_reg_2308                       |    8|   0|    8|          0|
    |trunc_ln154_1_reg_2233                     |    8|   0|    8|          0|
    |trunc_ln154_2_reg_2273                     |    8|   0|    8|          0|
    |trunc_ln154_reg_2313                       |    8|   0|    8|          0|
    |trunc_ln155_1_reg_2238                     |    8|   0|    8|          0|
    |trunc_ln155_2_reg_2278                     |    8|   0|    8|          0|
    |trunc_ln155_reg_2318                       |    8|   0|    8|          0|
    |trunc_ln156_1_reg_2243                     |    8|   0|    8|          0|
    |trunc_ln156_2_reg_2283                     |    8|   0|    8|          0|
    |trunc_ln156_reg_2323                       |    8|   0|    8|          0|
    |trunc_ln157_1_reg_2248                     |    8|   0|    8|          0|
    |trunc_ln157_2_reg_2288                     |    8|   0|    8|          0|
    |trunc_ln157_reg_2328                       |    8|   0|    8|          0|
    |trunc_ln2_reg_2173                         |    8|   0|    8|          0|
    |trunc_ln3_reg_2178                         |    8|   0|    8|          0|
    |trunc_ln4_reg_2183                         |    8|   0|    8|          0|
    |trunc_ln5_reg_2147                         |    8|   0|    8|          0|
    |trunc_ln6_reg_2152                         |    8|   0|    8|          0|
    |trunc_ln7_reg_2157                         |    8|   0|    8|          0|
    |trunc_ln8_reg_2188                         |    8|   0|    8|          0|
    +-------------------------------------------+-----+----+-----+-----------+
    |Total                                      | 1142|   0| 1142|          0|
    +-------------------------------------------+-----+----+-----+-----------+



================================================================
== Interface
================================================================
* Summary: 
+---------------------+-----+-----+------------+-------------------+--------------+
|      RTL Ports      | Dir | Bits|  Protocol  |   Source Object   |    C Type    |
+---------------------+-----+-----+------------+-------------------+--------------+
|ap_clk               |  in |    1| ap_ctrl_hs |    sha256_final   | return value |
|ap_rst               |  in |    1| ap_ctrl_hs |    sha256_final   | return value |
|ap_start             |  in |    1| ap_ctrl_hs |    sha256_final   | return value |
|ap_done              | out |    1| ap_ctrl_hs |    sha256_final   | return value |
|ap_idle              | out |    1| ap_ctrl_hs |    sha256_final   | return value |
|ap_ready             | out |    1| ap_ctrl_hs |    sha256_final   | return value |
|ctx_data_0_address0  | out |    4|  ap_memory |     ctx_data_0    |     array    |
|ctx_data_0_ce0       | out |    1|  ap_memory |     ctx_data_0    |     array    |
|ctx_data_0_we0       | out |    1|  ap_memory |     ctx_data_0    |     array    |
|ctx_data_0_d0        | out |    8|  ap_memory |     ctx_data_0    |     array    |
|ctx_data_0_q0        |  in |    8|  ap_memory |     ctx_data_0    |     array    |
|ctx_data_0_address1  | out |    4|  ap_memory |     ctx_data_0    |     array    |
|ctx_data_0_ce1       | out |    1|  ap_memory |     ctx_data_0    |     array    |
|ctx_data_0_we1       | out |    1|  ap_memory |     ctx_data_0    |     array    |
|ctx_data_0_d1        | out |    8|  ap_memory |     ctx_data_0    |     array    |
|ctx_data_0_q1        |  in |    8|  ap_memory |     ctx_data_0    |     array    |
|ctx_data_1_address0  | out |    4|  ap_memory |     ctx_data_1    |     array    |
|ctx_data_1_ce0       | out |    1|  ap_memory |     ctx_data_1    |     array    |
|ctx_data_1_we0       | out |    1|  ap_memory |     ctx_data_1    |     array    |
|ctx_data_1_d0        | out |    8|  ap_memory |     ctx_data_1    |     array    |
|ctx_data_1_q0        |  in |    8|  ap_memory |     ctx_data_1    |     array    |
|ctx_data_1_address1  | out |    4|  ap_memory |     ctx_data_1    |     array    |
|ctx_data_1_ce1       | out |    1|  ap_memory |     ctx_data_1    |     array    |
|ctx_data_1_we1       | out |    1|  ap_memory |     ctx_data_1    |     array    |
|ctx_data_1_d1        | out |    8|  ap_memory |     ctx_data_1    |     array    |
|ctx_data_1_q1        |  in |    8|  ap_memory |     ctx_data_1    |     array    |
|ctx_data_2_address0  | out |    4|  ap_memory |     ctx_data_2    |     array    |
|ctx_data_2_ce0       | out |    1|  ap_memory |     ctx_data_2    |     array    |
|ctx_data_2_we0       | out |    1|  ap_memory |     ctx_data_2    |     array    |
|ctx_data_2_d0        | out |    8|  ap_memory |     ctx_data_2    |     array    |
|ctx_data_2_q0        |  in |    8|  ap_memory |     ctx_data_2    |     array    |
|ctx_data_2_address1  | out |    4|  ap_memory |     ctx_data_2    |     array    |
|ctx_data_2_ce1       | out |    1|  ap_memory |     ctx_data_2    |     array    |
|ctx_data_2_we1       | out |    1|  ap_memory |     ctx_data_2    |     array    |
|ctx_data_2_d1        | out |    8|  ap_memory |     ctx_data_2    |     array    |
|ctx_data_2_q1        |  in |    8|  ap_memory |     ctx_data_2    |     array    |
|ctx_data_3_address0  | out |    4|  ap_memory |     ctx_data_3    |     array    |
|ctx_data_3_ce0       | out |    1|  ap_memory |     ctx_data_3    |     array    |
|ctx_data_3_we0       | out |    1|  ap_memory |     ctx_data_3    |     array    |
|ctx_data_3_d0        | out |    8|  ap_memory |     ctx_data_3    |     array    |
|ctx_data_3_q0        |  in |    8|  ap_memory |     ctx_data_3    |     array    |
|ctx_data_3_address1  | out |    4|  ap_memory |     ctx_data_3    |     array    |
|ctx_data_3_ce1       | out |    1|  ap_memory |     ctx_data_3    |     array    |
|ctx_data_3_we1       | out |    1|  ap_memory |     ctx_data_3    |     array    |
|ctx_data_3_d1        | out |    8|  ap_memory |     ctx_data_3    |     array    |
|ctx_data_3_q1        |  in |    8|  ap_memory |     ctx_data_3    |     array    |
|ctx_datalen_read     |  in |   32|   ap_none  |  ctx_datalen_read |    scalar    |
|ctx_bitlen_0_read    |  in |   32|   ap_none  | ctx_bitlen_0_read |    scalar    |
|p_read3              |  in |   32|   ap_none  |      p_read3      |    scalar    |
|p_read2              |  in |   32|   ap_none  |      p_read2      |    scalar    |
|p_read4              |  in |   32|   ap_none  |      p_read4      |    scalar    |
|p_read5              |  in |   32|   ap_none  |      p_read5      |    scalar    |
|p_read6              |  in |   32|   ap_none  |      p_read6      |    scalar    |
|p_read7              |  in |   32|   ap_none  |      p_read7      |    scalar    |
|p_read8              |  in |   32|   ap_none  |      p_read8      |    scalar    |
|p_read9              |  in |   32|   ap_none  |      p_read9      |    scalar    |
|p_read10             |  in |   32|   ap_none  |      p_read10     |    scalar    |
|hash_address0        | out |    6|  ap_memory |        hash       |     array    |
|hash_ce0             | out |    1|  ap_memory |        hash       |     array    |
|hash_we0             | out |    1|  ap_memory |        hash       |     array    |
|hash_d0              | out |    8|  ap_memory |        hash       |     array    |
|hash_address1        | out |    6|  ap_memory |        hash       |     array    |
|hash_ce1             | out |    1|  ap_memory |        hash       |     array    |
|hash_we1             | out |    1|  ap_memory |        hash       |     array    |
|hash_d1              | out |    8|  ap_memory |        hash       |     array    |
+---------------------+-----+-----+------------+-------------------+--------------+

