

================================================================
== Vivado HLS Report for 'sha256'
================================================================
* Date:           Wed Apr  7 18:07:30 2021

* Version:        2019.1 (Build 2552052 on Fri May 24 15:28:33 MDT 2019)
* Project:        SHA
* Solution:       solution2_array_partition_pipeline
* Product family: zynq
* Target device:  xc7z020-clg484-1


================================================================
== Performance Estimates
================================================================
+ Timing (ns): 
    * Summary: 
    +--------+-------+----------+------------+
    |  Clock | Target| Estimated| Uncertainty|
    +--------+-------+----------+------------+
    |ap_clk  |  10.00|     8.750|        1.25|
    +--------+-------+----------+------------+

+ Latency (clock cycles): 
    * Summary: 
    +-----+-------+-----+-------+---------+
    |   Latency   |   Interval  | Pipeline|
    | min |  max  | min |  max  |   Type  |
    +-----+-------+-----+-------+---------+
    |  542|  26448|  542|  26448|   none  |
    +-----+-------+-----+-------+---------+

    + Detail: 
        * Instance: 
        +--------------------------+---------------+-----+-----+-----+-----+---------+
        |                          |               |  Latency  |  Interval | Pipeline|
        |         Instance         |     Module    | min | max | min | max |   Type  |
        +--------------------------+---------------+-----+-----+-----+-----+---------+
        |grp_sha256_final_fu_287   |sha256_final   |  139|  281|  139|  281|   none  |
        |grp_sha256_update_fu_307  |sha256_update  |    1|  130|    1|  130|   none  |
        +--------------------------+---------------+-----+-----+-----+-----+---------+

        * Loop: 
        +-------------+-----+-------+----------+-----------+-----------+----------+----------+
        |             |   Latency   | Iteration|  Initiation Interval  |   Trip   |          |
        |  Loop Name  | min |  max  |  Latency |  achieved |   target  |   Count  | Pipelined|
        +-------------+-----+-------+----------+-----------+-----------+----------+----------+
        |- Loop 1     |  336|  26100| 28 ~ 261 |          -|          -| 12 ~ 100 |    no    |
        | + Loop 1.1  |  128|    128|         2|          -|          -|        64|    no    |
        | + Loop 1.2  |   24|    126|         2|          -|          -|  12 ~ 63 |    no    |
        |- Loop 2     |   64|     64|         2|          -|          -|        32|    no    |
        +-------------+-----+-------+----------+-----------+-----------+----------+----------+



================================================================
== Utilization Estimates
================================================================
* Summary: 
+-----------------+---------+-------+--------+-------+-----+
|       Name      | BRAM_18K| DSP48E|   FF   |  LUT  | URAM|
+-----------------+---------+-------+--------+-------+-----+
|DSP              |        -|      -|       -|      -|    -|
|Expression       |        -|      -|       0|    241|    -|
|FIFO             |        -|      -|       -|      -|    -|
|Instance         |        4|      -|   40903|  86448|    -|
|Memory           |        5|      -|       0|      0|    0|
|Multiplexer      |        -|      -|       -|    893|    -|
|Register         |        -|      -|    1229|      -|    -|
+-----------------+---------+-------+--------+-------+-----+
|Total            |        9|      0|   42132|  87582|    0|
+-----------------+---------+-------+--------+-------+-----+
|Available        |      280|    220|  106400|  53200|    0|
+-----------------+---------+-------+--------+-------+-----+
|Utilization (%)  |        3|      0|      39|    164|    0|
+-----------------+---------+-------+--------+-------+-----+

+ Detail: 
    * Instance: 
    +--------------------------+-----------------------+---------+-------+-------+-------+-----+
    |         Instance         |         Module        | BRAM_18K| DSP48E|   FF  |  LUT  | URAM|
    +--------------------------+-----------------------+---------+-------+-------+-------+-----+
    |sha256_AXILiteS_s_axi_U   |sha256_AXILiteS_s_axi  |        4|      0|    272|    308|    0|
    |grp_sha256_final_fu_287   |sha256_final           |        0|      0|  20634|  43959|    0|
    |grp_sha256_update_fu_307  |sha256_update          |        0|      0|  19997|  42181|    0|
    +--------------------------+-----------------------+---------+-------+-------+-------+-----+
    |Total                     |                       |        4|      0|  40903|  86448|    0|
    +--------------------------+-----------------------+---------+-------+-------+-------+-----+

    * DSP48E: 
    N/A

    * Memory: 
    +--------------------+----------------------+---------+---+----+-----+------+-----+------+-------------+
    |       Memory       |        Module        | BRAM_18K| FF| LUT| URAM| Words| Bits| Banks| W*Bits*Banks|
    +--------------------+----------------------+---------+---+----+-----+------+-----+------+-------------+
    |seg_buf_U           |sha256_seg_buf        |        1|  0|   0|    0|    64|    8|     1|          512|
    |sha256ctx_data_0_U  |sha256_sha256ctx_bkb  |        1|  0|   0|    0|    16|    8|     1|          128|
    |sha256ctx_data_1_U  |sha256_sha256ctx_bkb  |        1|  0|   0|    0|    16|    8|     1|          128|
    |sha256ctx_data_2_U  |sha256_sha256ctx_bkb  |        1|  0|   0|    0|    16|    8|     1|          128|
    |sha256ctx_data_3_U  |sha256_sha256ctx_bkb  |        1|  0|   0|    0|    16|    8|     1|          128|
    +--------------------+----------------------+---------+---+----+-----+------+-----+------+-------------+
    |Total               |                      |        5|  0|   0|    0|   128|   40|     5|         1024|
    +--------------------+----------------------+---------+---+----+-----+------+-----+------+-------------+

    * FIFO: 
    N/A

    * Expression: 
    +---------------------------------+----------+-------+---+----+------------+------------+
    |          Variable Name          | Operation| DSP48E| FF| LUT| Bitwidth P0| Bitwidth P1|
    +---------------------------------+----------+-------+---+----+------------+------------+
    |add_ln38_1_fu_671_p2             |     +    |      0|  0|  10|          10|          10|
    |add_ln38_fu_666_p2               |     +    |      0|  0|  10|          10|          10|
    |add_ln47_1_fu_731_p2             |     +    |      0|  0|  10|          10|          10|
    |add_ln47_fu_726_p2               |     +    |      0|  0|  10|          10|          10|
    |i_3_fu_716_p2                    |     +    |      0|  0|  15|           6|           1|
    |i_4_fu_656_p2                    |     +    |      0|  0|  15|           7|           1|
    |i_fu_757_p2                      |     +    |      0|  0|  15|           6|           1|
    |n_fu_681_p2                      |     +    |      0|  0|  39|          32|           8|
    |seg_offset_fu_696_p2             |     +    |      0|  0|  39|          32|           7|
    |icmp_ln32_fu_624_p2              |   icmp   |      0|  0|  18|          32|           1|
    |icmp_ln35_fu_640_p2              |   icmp   |      0|  0|  18|          26|           1|
    |icmp_ln37_fu_650_p2              |   icmp   |      0|  0|  11|           7|           8|
    |icmp_ln45_fu_711_p2              |   icmp   |      0|  0|  18|          32|          32|
    |icmp_ln56_fu_751_p2              |   icmp   |      0|  0|  11|           6|           7|
    |ap_block_state5_on_subcall_done  |    or    |      0|  0|   2|           1|           1|
    +---------------------------------+----------+-------+---+----+------------+------------+
    |Total                            |          |      0|  0| 241|         227|         108|
    +---------------------------------+----------+-------+---+----+------------+------------+

    * Multiplexer: 
    +-------------------------------------------+----+-----------+-----+-----------+
    |                    Name                   | LUT| Input Size| Bits| Total Bits|
    +-------------------------------------------+----+-----------+-----+-----------+
    |ap_NS_fsm                                  |  50|         11|    1|         11|
    |data_address0                              |  15|          3|    8|         24|
    |grp_sha256_update_fu_307_ctx_datalen_read  |  15|          3|   32|         96|
    |grp_sha256_update_fu_307_len               |  15|          3|   32|         96|
    |grp_sha256_update_fu_307_p_read1           |  15|          3|   32|         96|
    |grp_sha256_update_fu_307_p_read10          |  15|          3|   32|         96|
    |grp_sha256_update_fu_307_p_read2           |  15|          3|   32|         96|
    |grp_sha256_update_fu_307_p_read3           |  15|          3|   32|         96|
    |grp_sha256_update_fu_307_p_read4           |  15|          3|   32|         96|
    |grp_sha256_update_fu_307_p_read5           |  15|          3|   32|         96|
    |grp_sha256_update_fu_307_p_read6           |  15|          3|   32|         96|
    |grp_sha256_update_fu_307_p_read7           |  15|          3|   32|         96|
    |grp_sha256_update_fu_307_p_read8           |  15|          3|   32|         96|
    |grp_sha256_update_fu_307_p_read9           |  15|          3|   32|         96|
    |i_0_reg_252                                |   9|          2|    7|         14|
    |i_1_reg_264                                |   9|          2|    6|         12|
    |i_2_reg_276                                |   9|          2|    6|         12|
    |n_0_fu_106                                 |  15|          3|   32|         96|
    |seg_buf_address0                           |  33|          6|    6|         36|
    |seg_buf_ce0                                |  21|          4|    1|          4|
    |seg_buf_ce1                                |   9|          2|    1|          2|
    |seg_buf_d0                                 |  15|          3|    8|         24|
    |seg_buf_we0                                |  15|          3|    1|          3|
    |seg_buf_we1                                |   9|          2|    1|          2|
    |seg_offset_1_fu_154                        |   9|          2|   32|         64|
    |sha256ctx_bitlen_0_2_fu_114                |   9|          2|   32|         64|
    |sha256ctx_bitlen_1_2_fu_118                |   9|          2|   32|         64|
    |sha256ctx_data_0_address0                  |  15|          3|    4|         12|
    |sha256ctx_data_0_address1                  |  15|          3|    4|         12|
    |sha256ctx_data_0_ce0                       |  15|          3|    1|          3|
    |sha256ctx_data_0_ce1                       |  15|          3|    1|          3|
    |sha256ctx_data_0_d0                        |  15|          3|    8|         24|
    |sha256ctx_data_0_we0                       |  15|          3|    1|          3|
    |sha256ctx_data_0_we1                       |   9|          2|    1|          2|
    |sha256ctx_data_1_address0                  |  15|          3|    4|         12|
    |sha256ctx_data_1_address1                  |  15|          3|    4|         12|
    |sha256ctx_data_1_ce0                       |  15|          3|    1|          3|
    |sha256ctx_data_1_ce1                       |  15|          3|    1|          3|
    |sha256ctx_data_1_d0                        |  15|          3|    8|         24|
    |sha256ctx_data_1_we0                       |  15|          3|    1|          3|
    |sha256ctx_data_1_we1                       |   9|          2|    1|          2|
    |sha256ctx_data_2_address0                  |  15|          3|    4|         12|
    |sha256ctx_data_2_address1                  |  15|          3|    4|         12|
    |sha256ctx_data_2_ce0                       |  15|          3|    1|          3|
    |sha256ctx_data_2_ce1                       |  15|          3|    1|          3|
    |sha256ctx_data_2_d0                        |  15|          3|    8|         24|
    |sha256ctx_data_2_we0                       |  15|          3|    1|          3|
    |sha256ctx_data_2_we1                       |   9|          2|    1|          2|
    |sha256ctx_data_3_address0                  |  15|          3|    4|         12|
    |sha256ctx_data_3_address1                  |  15|          3|    4|         12|
    |sha256ctx_data_3_ce0                       |  15|          3|    1|          3|
    |sha256ctx_data_3_ce1                       |  15|          3|    1|          3|
    |sha256ctx_data_3_d0                        |  15|          3|    8|         24|
    |sha256ctx_data_3_we0                       |  15|          3|    1|          3|
    |sha256ctx_data_3_we1                       |   9|          2|    1|          2|
    |sha256ctx_datalen_1_fu_110                 |   9|          2|   32|         64|
    |sha256ctx_state_0_2_fu_122                 |   9|          2|   32|         64|
    |sha256ctx_state_1_2_fu_126                 |   9|          2|   32|         64|
    |sha256ctx_state_2_2_fu_130                 |   9|          2|   32|         64|
    |sha256ctx_state_3_2_fu_134                 |   9|          2|   32|         64|
    |sha256ctx_state_4_2_fu_138                 |   9|          2|   32|         64|
    |sha256ctx_state_5_2_fu_142                 |   9|          2|   32|         64|
    |sha256ctx_state_6_2_fu_146                 |   9|          2|   32|         64|
    |sha256ctx_state_7_2_fu_150                 |   9|          2|   32|         64|
    +-------------------------------------------+----+-----------+-----+-----------+
    |Total                                      | 893|        183|  926|       2396|
    +-------------------------------------------+----+-----------+-----+-----------+

    * Register: 
    +---------------------------------------+----+----+-----+-----------+
    |                  Name                 | FF | LUT| Bits| Const Bits|
    +---------------------------------------+----+----+-----+-----------+
    |ap_CS_fsm                              |  10|   0|   10|          0|
    |grp_sha256_final_fu_287_ap_start_reg   |   1|   0|    1|          0|
    |grp_sha256_update_fu_307_ap_start_reg  |   1|   0|    1|          0|
    |i_0_reg_252                            |   7|   0|    7|          0|
    |i_1_reg_264                            |   6|   0|    6|          0|
    |i_2_reg_276                            |   6|   0|    6|          0|
    |i_3_reg_902                            |   6|   0|    6|          0|
    |i_4_reg_889                            |   7|   0|    7|          0|
    |i_reg_970                              |   6|   0|    6|          0|
    |icmp_ln35_reg_876                      |   1|   0|    1|          0|
    |n_0_fu_106                             |  32|   0|   32|          0|
    |n_0_load_reg_866                       |  32|   0|   32|          0|
    |reg_486                                |  32|   0|   32|          0|
    |reg_492                                |  32|   0|   32|          0|
    |reg_498                                |  32|   0|   32|          0|
    |reg_504                                |  32|   0|   32|          0|
    |reg_510                                |  32|   0|   32|          0|
    |reg_516                                |  32|   0|   32|          0|
    |reg_522                                |  32|   0|   32|          0|
    |reg_528                                |  32|   0|   32|          0|
    |reg_534                                |  32|   0|   32|          0|
    |reg_540                                |  32|   0|   32|          0|
    |reg_546                                |  32|   0|   32|          0|
    |seg_offset_1_fu_154                    |  32|   0|   32|          0|
    |sha256ctx_bitlen_0_1_reg_917           |  32|   0|   32|          0|
    |sha256ctx_bitlen_0_2_fu_114            |  32|   0|   32|          0|
    |sha256ctx_bitlen_1_1_reg_922           |  32|   0|   32|          0|
    |sha256ctx_bitlen_1_2_fu_118            |  32|   0|   32|          0|
    |sha256ctx_datalen_1_1_reg_912          |  32|   0|   32|          0|
    |sha256ctx_datalen_1_fu_110             |  32|   0|   32|          0|
    |sha256ctx_state_0_2_2_reg_927          |  32|   0|   32|          0|
    |sha256ctx_state_0_2_fu_122             |  32|   0|   32|          0|
    |sha256ctx_state_1_2_2_reg_932          |  32|   0|   32|          0|
    |sha256ctx_state_1_2_fu_126             |  32|   0|   32|          0|
    |sha256ctx_state_2_2_2_reg_937          |  32|   0|   32|          0|
    |sha256ctx_state_2_2_fu_130             |  32|   0|   32|          0|
    |sha256ctx_state_3_2_2_reg_942          |  32|   0|   32|          0|
    |sha256ctx_state_3_2_fu_134             |  32|   0|   32|          0|
    |sha256ctx_state_4_2_2_reg_947          |  32|   0|   32|          0|
    |sha256ctx_state_4_2_fu_138             |  32|   0|   32|          0|
    |sha256ctx_state_5_2_2_reg_952          |  32|   0|   32|          0|
    |sha256ctx_state_5_2_fu_142             |  32|   0|   32|          0|
    |sha256ctx_state_6_2_2_reg_957          |  32|   0|   32|          0|
    |sha256ctx_state_6_2_fu_146             |  32|   0|   32|          0|
    |sha256ctx_state_7_2_2_reg_962          |  32|   0|   32|          0|
    |sha256ctx_state_7_2_fu_150             |  32|   0|   32|          0|
    |trunc_ln32_reg_860                     |  10|   0|   10|          0|
    |trunc_ln35_reg_880                     |  10|   0|   10|          0|
    |zext_ln59_reg_975                      |   6|   0|   64|         58|
    +---------------------------------------+----+----+-----+-----------+
    |Total                                  |1229|   0| 1287|         58|
    +---------------------------------------+----+----+-----+-----------+



================================================================
== Interface
================================================================
* Summary: 
+------------------------+-----+-----+------------+--------------+--------------+
|        RTL Ports       | Dir | Bits|  Protocol  | Source Object|    C Type    |
+------------------------+-----+-----+------------+--------------+--------------+
|s_axi_AXILiteS_AWVALID  |  in |    1|    s_axi   |   AXILiteS   |     array    |
|s_axi_AXILiteS_AWREADY  | out |    1|    s_axi   |   AXILiteS   |     array    |
|s_axi_AXILiteS_AWADDR   |  in |   10|    s_axi   |   AXILiteS   |     array    |
|s_axi_AXILiteS_WVALID   |  in |    1|    s_axi   |   AXILiteS   |     array    |
|s_axi_AXILiteS_WREADY   | out |    1|    s_axi   |   AXILiteS   |     array    |
|s_axi_AXILiteS_WDATA    |  in |   32|    s_axi   |   AXILiteS   |     array    |
|s_axi_AXILiteS_WSTRB    |  in |    4|    s_axi   |   AXILiteS   |     array    |
|s_axi_AXILiteS_ARVALID  |  in |    1|    s_axi   |   AXILiteS   |     array    |
|s_axi_AXILiteS_ARREADY  | out |    1|    s_axi   |   AXILiteS   |     array    |
|s_axi_AXILiteS_ARADDR   |  in |   10|    s_axi   |   AXILiteS   |     array    |
|s_axi_AXILiteS_RVALID   | out |    1|    s_axi   |   AXILiteS   |     array    |
|s_axi_AXILiteS_RREADY   |  in |    1|    s_axi   |   AXILiteS   |     array    |
|s_axi_AXILiteS_RDATA    | out |   32|    s_axi   |   AXILiteS   |     array    |
|s_axi_AXILiteS_RRESP    | out |    2|    s_axi   |   AXILiteS   |     array    |
|s_axi_AXILiteS_BVALID   | out |    1|    s_axi   |   AXILiteS   |     array    |
|s_axi_AXILiteS_BREADY   |  in |    1|    s_axi   |   AXILiteS   |     array    |
|s_axi_AXILiteS_BRESP    | out |    2|    s_axi   |   AXILiteS   |     array    |
|ap_clk                  |  in |    1| ap_ctrl_hs |    sha256    | return value |
|ap_rst_n                |  in |    1| ap_ctrl_hs |    sha256    | return value |
|interrupt               | out |    1| ap_ctrl_hs |    sha256    | return value |
+------------------------+-----+-----+------------+--------------+--------------+

