INFO: [HLS 200-0] Workspace C:/Student/SHA_new/sha/solution2 opened at Wed Mar 31 11:05:38 -0700 2021
INFO: [HLS 200-100] Execute     config_clock -quiet -name default -period 10 -default=false 
INFO: [SYN 201-201] Setting up clock 'default' with a period of 10ns.
INFO: [HLS 200-100] Command     config_clock returned 0; 0 sec.
INFO: [HLS 200-100] Execute     open_platform DefaultPlatform 
INFO: [HLS 200-100] Command     open_platform returned 0; 0 sec.
INFO: [HLS 200-100] Execute     import_lib C:/Xilinx/Vivado_HLS/2017.2/common/technology/xilinx/zynq/zynq 
INFO: [HLS 200-100] Execute       source C:/Xilinx/Vivado_HLS/2017.2/common/technology/xilinx/common/xilinx.lib 
INFO: [HLS 200-100] Execute         source C:/Xilinx/Vivado_HLS/2017.2/common/technology/xilinx/interface/xilinx_interface.lib 
INFO: [HLS 200-100] Execute           source C:/Xilinx/Vivado_HLS/2017.2/common/technology/xilinx/interface/plb46.lib 
INFO: [HLS 200-100] Command           ap_source returned 0; 0 sec.
INFO: [HLS 200-100] Execute           source C:/Xilinx/Vivado_HLS/2017.2/common/technology/xilinx/interface/fsl.lib 
INFO: [HLS 200-100] Command           ap_source returned 0; 0.001 sec.
INFO: [HLS 200-100] Execute           source C:/Xilinx/Vivado_HLS/2017.2/common/technology/xilinx/interface/axi4.lib 
INFO: [HLS 200-100] Command           ap_source returned 0; 0 sec.
INFO: [HLS 200-100] Execute           source C:/Xilinx/Vivado_HLS/2017.2/common/technology/xilinx/interface/maxi.lib 
INFO: [HLS 200-100] Command           ap_source returned 0; 0 sec.
INFO: [HLS 200-100] Execute           source C:/Xilinx/Vivado_HLS/2017.2/common/technology/xilinx/interface/saxilite.lib 
INFO: [HLS 200-100] Command           ap_source returned 0; 0.001 sec.
INFO: [HLS 200-100] Command         ap_source returned 0; 0.004 sec.
INFO: [HLS 200-100] Execute         source C:/Xilinx/Vivado_HLS/2017.2/common/technology/xilinx/common/dsp48.lib 
INFO: [HLS 200-100] Command         ap_source returned 0; 0.001 sec.
INFO: [HLS 200-100] Execute         source C:/Xilinx/Vivado_HLS/2017.2/common/technology/xilinx/ip/dds_compiler.lib 
INFO: [HLS 200-100] Command         ap_source returned 0; 0 sec.
INFO: [HLS 200-100] Execute         source C:/Xilinx/Vivado_HLS/2017.2/common/technology/xilinx/ip/xfft.lib 
INFO: [HLS 200-100] Command         ap_source returned 0; 0 sec.
INFO: [HLS 200-100] Execute         source C:/Xilinx/Vivado_HLS/2017.2/common/technology/xilinx/ip/xfir.lib 
INFO: [HLS 200-100] Command         ap_source returned 0; 0 sec.
INFO: [HLS 200-100] Command       ap_source returned 0; 0.008 sec.
INFO: [HLS 200-100] Execute       source C:/Xilinx/Vivado_HLS/2017.2/common/technology/xilinx/common/xilinx_old.lib 
INFO: [HLS 200-100] Command       ap_source returned 0; 0.002 sec.
INFO: [HLS 200-100] Execute       source C:/Xilinx/Vivado_HLS/2017.2/common/technology/xilinx/common/xilinx_vivado.lib 
INFO: [HLS 200-100] Command       ap_source returned 0; 0.001 sec.
INFO: [HLS 200-100] Execute       source C:/Xilinx/Vivado_HLS/2017.2/common/technology/xilinx/common/xilinx.hlp 
INFO: [HLS 200-100] Execute         source C:/Xilinx/Vivado_HLS/2017.2/common/technology/xilinx/common/target_info.tcl 
INFO: [HLS 200-100] Command         ap_source returned 0; 0 sec.
INFO: [HLS 200-100] Execute         source C:/Xilinx/Vivado_HLS/2017.2/common/technology/xilinx/interface/xilinx_interface.hlp 
INFO: [HLS 200-100] Execute           source C:/Xilinx/Vivado_HLS/2017.2/common/technology/xilinx/interface/maxi.hlp 
INFO: [HLS 200-100] Command           ap_source returned 0; 0 sec.
INFO: [HLS 200-100] Execute           source C:/Xilinx/Vivado_HLS/2017.2/common/technology/xilinx/interface/saxilite.hlp 
INFO: [HLS 200-100] Command           ap_source returned 0; 0.001 sec.
INFO: [HLS 200-100] Command         ap_source returned 0; 0.001 sec.
INFO: [HLS 200-100] Execute         source C:/Xilinx/Vivado_HLS/2017.2/common/technology/xilinx/common/dsp48.hlp 
INFO: [HLS 200-100] Command         ap_source returned 0; 0.001 sec.
INFO: [HLS 200-100] Command       ap_source returned 0; 0.004 sec.
INFO: [HLS 200-100] Execute       source C:/Xilinx/Vivado_HLS/2017.2/common/technology/xilinx/zynq/dsp48e1.hlp 
INFO: [HLS 200-100] Command       ap_source returned 0; 0.001 sec.
INFO: [HLS 200-100] Execute       get_default_platform 
INFO: [HLS 200-100] Command       get_default_platform returned 0; 0 sec.
INFO: [HLS 200-100] Execute       config_chip_info -quiet -resource  {SLICE 13300}  {LUT 53200}     {FF 106400} {DSP48E 220}   {BRAM 280}  
INFO: [HLS 200-100] Command       config_chip_info returned 0; 0 sec.
INFO: [HLS 200-100] Execute       config_chip_info -quiet -speed medium 
INFO: [HLS 200-100] Command       config_chip_info returned 0; 0 sec.
INFO: [HLS 200-100] Execute       source C:/Xilinx/Vivado_HLS/2017.2/common/technology/xilinx/common/xilinx.hlp 
INFO: [HLS 200-100] Execute         source C:/Xilinx/Vivado_HLS/2017.2/common/technology/xilinx/common/target_info.tcl 
INFO: [HLS 200-100] Command         ap_source returned 0; 0.029 sec.
INFO: [HLS 200-100] Execute         source C:/Xilinx/Vivado_HLS/2017.2/common/technology/xilinx/interface/xilinx_interface.hlp 
INFO: [HLS 200-100] Execute           source C:/Xilinx/Vivado_HLS/2017.2/common/technology/xilinx/interface/maxi.hlp 
INFO: [HLS 200-100] Command           ap_source returned 0; 0.001 sec.
INFO: [HLS 200-100] Execute           source C:/Xilinx/Vivado_HLS/2017.2/common/technology/xilinx/interface/saxilite.hlp 
INFO: [HLS 200-100] Command           ap_source returned 0; 0.001 sec.
INFO: [HLS 200-100] Command         ap_source returned 0; 0.003 sec.
INFO: [HLS 200-100] Execute         source C:/Xilinx/Vivado_HLS/2017.2/common/technology/xilinx/common/dsp48.hlp 
INFO: [HLS 200-100] Command         ap_source returned 0; 0.003 sec.
INFO: [HLS 200-100] Command       ap_source returned 0; 0.039 sec.
INFO: [HLS 200-100] Command     import_lib returned 0; 0.064 sec.
INFO: [HLS 200-100] Execute     source C:/Xilinx/Vivado_HLS/2017.2/common/technology/xilinx/zynq/zynq.gen 
INFO: [HLS 200-100] Execute       source C:/Xilinx/Vivado_HLS/2017.2/common/technology/xilinx/common/virtex.gen 
INFO: [HLS 200-100] Execute         source C:/Xilinx/Vivado_HLS/2017.2/common/technology/xilinx/common/xilinx.gen 
INFO: [HLS 200-100] Execute           source C:/Xilinx/Vivado_HLS/2017.2/common/technology/xilinx/interface/plb46.gen 
INFO: [HLS 200-100] Command           ap_source returned 0; 0.003 sec.
INFO: [HLS 200-100] Execute           source C:/Xilinx/Vivado_HLS/2017.2/common/technology/xilinx/interface/fsl.gen 
INFO: [HLS 200-100] Command           ap_source returned 0; 0 sec.
INFO: [HLS 200-100] Execute           source C:/Xilinx/Vivado_HLS/2017.2/common/technology/xilinx/interface/axi4.gen 
INFO: [HLS 200-100] Command           ap_source returned 0; 0.004 sec.
INFO: [HLS 200-100] Execute           source C:/Xilinx/Vivado_HLS/2017.2/common/technology/xilinx/interface/nativeAXI4.gen 
INFO: [HLS 200-100] Execute             source C:/Xilinx/Vivado_HLS/2017.2/common/technology/xilinx/interface/saxilite.gen 
INFO: [HLS 200-100] Command             ap_source returned 0; 0.008 sec.
INFO: [HLS 200-100] Execute             source C:/Xilinx/Vivado_HLS/2017.2/common/technology/xilinx/interface/maxi.gen 
INFO: [HLS 200-100] Command             ap_source returned 0; 0.014 sec.
INFO: [HLS 200-100] Command           ap_source returned 0; 0.023 sec.
INFO: [HLS 200-100] Execute           source C:/Xilinx/Vivado_HLS/2017.2/common/technology/xilinx/scripts/xilinxcoregen.gen 
INFO: [HLS 200-100] Command           ap_source returned 0; 0.015 sec.
INFO: [HLS 200-100] Execute           source C:/Xilinx/Vivado_HLS/2017.2/common/technology/xilinx/interface/XilEDKCoreGen.gen 
INFO: [HLS 200-100] Command           ap_source returned 0; 0.011 sec.
INFO: [HLS 200-100] Execute           source C:/Xilinx/Vivado_HLS/2017.2/common/technology/xilinx/ip/dds_compiler.gen 
INFO: [HLS 200-100] Command           ap_source returned 0; 0.004 sec.
INFO: [HLS 200-100] Execute           source C:/Xilinx/Vivado_HLS/2017.2/common/technology/xilinx/ip/util.gen 
INFO: [HLS 200-100] Command           ap_source returned 0; 0 sec.
INFO: [HLS 200-100] Execute           source C:/Xilinx/Vivado_HLS/2017.2/common/technology/xilinx/ip/xfft.gen 
INFO: [HLS 200-100] Command           ap_source returned 0; 0.096 sec.
INFO: [HLS 200-100] Execute           source C:/Xilinx/Vivado_HLS/2017.2/common/technology/xilinx/ip/xfir.gen 
INFO: [HLS 200-100] Command           ap_source returned 0; 0.001 sec.
INFO: [HLS 200-100] Command         ap_source returned 0; 0.16 sec.
INFO: [HLS 200-100] Execute         source C:/Xilinx/Vivado_HLS/2017.2/common/technology/xilinx/common/dsp48.gen 
INFO: [HLS 200-100] Command         ap_source returned 0; 0 sec.
INFO: [HLS 200-100] Command       ap_source returned 0; 0.165 sec.
INFO: [HLS 200-100] Command     ap_source returned 0; 0.166 sec.
INFO: [HLS 200-100] Execute     open_platform DefaultPlatform 
INFO: [HLS 200-100] Command     open_platform returned 0; 0 sec.
INFO: [HLS 200-100] Execute     import_lib C:/Xilinx/Vivado_HLS/2017.2/common/technology/xilinx/zynq/zynq_fpv6 
INFO: [HLS 200-100] Execute       source C:/Xilinx/Vivado_HLS/2017.2/common/technology/xilinx/common/xilinx_fpv7.lib 
INFO: [HLS 200-100] Execute         source C:/Xilinx/Vivado_HLS/2017.2/common/technology/xilinx/common/xilinx_hp.lib 
INFO: [HLS 200-100] Command         ap_source returned 0; 0.001 sec.
INFO: [HLS 200-100] Command       ap_source returned 0; 0.006 sec.
INFO: [HLS 200-100] Execute       source C:/Xilinx/Vivado_HLS/2017.2/common/technology/xilinx/common/xilinx_fpv.hlp 
INFO: [HLS 200-100] Execute         source C:/Xilinx/Vivado_HLS/2017.2/common/technology/xilinx/common/xilinx.hlp 
INFO: [HLS 200-100] Execute           source C:/Xilinx/Vivado_HLS/2017.2/common/technology/xilinx/common/target_info.tcl 
INFO: [HLS 200-100] Command           ap_source returned 0; 0.023 sec.
INFO: [HLS 200-100] Execute           source C:/Xilinx/Vivado_HLS/2017.2/common/technology/xilinx/interface/xilinx_interface.hlp 
INFO: [HLS 200-100] Execute             source C:/Xilinx/Vivado_HLS/2017.2/common/technology/xilinx/interface/maxi.hlp 
INFO: [HLS 200-100] Command             ap_source returned 0; 0 sec.
INFO: [HLS 200-100] Execute             source C:/Xilinx/Vivado_HLS/2017.2/common/technology/xilinx/interface/saxilite.hlp 
INFO: [HLS 200-100] Command             ap_source returned 0; 0 sec.
INFO: [HLS 200-100] Command           ap_source returned 0; 0.001 sec.
INFO: [HLS 200-100] Execute           source C:/Xilinx/Vivado_HLS/2017.2/common/technology/xilinx/common/dsp48.hlp 
INFO: [HLS 200-100] Command           ap_source returned 0; 0.001 sec.
INFO: [HLS 200-100] Command         ap_source returned 0; 0.027 sec.
INFO: [HLS 200-100] Command       ap_source returned 0; 0.028 sec.
INFO: [HLS 200-100] Execute       source C:/Xilinx/Vivado_HLS/2017.2/common/technology/xilinx/zynq/zynq_hp.hlp 
INFO: [HLS 200-100] Command       ap_source returned 0; 0.002 sec.
INFO: [HLS 200-100] Command     import_lib returned 0; 0.046 sec.
INFO: [HLS 200-100] Execute     source C:/Xilinx/Vivado_HLS/2017.2/common/technology/xilinx/zynq/zynq_fpv6.gen 
INFO: [HLS 200-100] Execute       source C:/Xilinx/Vivado_HLS/2017.2/common/technology/xilinx/common/xilinx_fpv6.gen 
INFO: [HLS 200-100] Command       ap_source returned 0; 0.002 sec.
INFO: [HLS 200-100] Command     ap_source returned 0; 0.002 sec.
INFO: [HLS 200-100] Execute     set_part xc7z020clg484-1 
INFO: [HLS 200-100] Execute       add_library xilinx/zynq/zynq:xc7z020:clg484:-1 
INFO: [HLS 200-100] Execute         get_default_platform 
INFO: [HLS 200-100] Command         get_default_platform returned 0; 0.001 sec.
INFO: [HLS 200-100] Execute         license_isbetapart xc7z020 
INFO: [HLS 200-100] Command         license_isbetapart returned 1; 0.013 sec.
INFO: [HLS 200-100] Execute         get_default_platform 
INFO: [HLS 200-100] Command         get_default_platform returned 0; 0 sec.
INFO: [HLS 200-100] Execute         config_chip_info -quiet -resource  {SLICE 13300}  {LUT 53200}     {FF 106400} {DSP48E 220}   {BRAM 280}  
INFO: [HLS 200-100] Command         config_chip_info returned 0; 0 sec.
INFO: [HLS 200-100] Execute         config_chip_info -quiet -speed slow 
INFO: [HLS 200-100] Command         config_chip_info returned 0; 0 sec.
INFO: [HLS 200-100] Command       add_library returned 0; 0.03 sec.
INFO: [HLS 200-100] Execute       add_library xilinx/zynq/zynq_fpv6 
INFO: [HLS 200-100] Execute         get_default_platform 
INFO: [HLS 200-100] Command         get_default_platform returned 0; 0 sec.
INFO: [HLS 200-100] Command       add_library returned 0; 0.003 sec.
INFO: [HLS 200-10] Setting target device to 'xc7z020clg484-1'
INFO: [HLS 200-100] Execute       get_default_platform 
INFO: [HLS 200-100] Command       get_default_platform returned 0; 0 sec.
INFO: [HLS 200-100] Command     set_part returned 0; 0.077 sec.
INFO: [HLS 200-100] Execute     get_default_platform 
INFO: [HLS 200-100] Command     get_default_platform returned 0; 0 sec.
INFO: [HLS 200-100] Execute     config_chip_info -quiet -resource  {SLICE 13300}  {LUT 53200}     {FF 106400} {DSP48E 220}   {BRAM 280}  
INFO: [HLS 200-100] Command     config_chip_info returned 0; 0 sec.
INFO: [HLS 200-100] Execute     config_chip_info -quiet -speed slow 
INFO: [HLS 200-100] Command     config_chip_info returned 0; 0 sec.
INFO: [HLS 200-100] Command   open_solution returned 0; 0.419 sec.
INFO: [HLS 200-100] Execute   set_part xc7z020clg484-1 
INFO: [HLS 200-100] Execute     add_library xilinx/zynq/zynq:xc7z020:clg484:-1 
INFO: [HLS 200-100] Execute       get_default_platform 
INFO: [HLS 200-100] Command       get_default_platform returned 0; 0 sec.
INFO: [HLS 200-100] Execute       license_isbetapart xc7z020 
INFO: [HLS 200-100] Command       license_isbetapart returned 1; 0 sec.
INFO: [HLS 200-100] Execute       get_default_platform 
INFO: [HLS 200-100] Command       get_default_platform returned 0; 0 sec.
INFO: [HLS 200-100] Execute       config_chip_info -quiet -resource  {SLICE 13300}  {LUT 53200}     {FF 106400} {DSP48E 220}   {BRAM 280}  
INFO: [HLS 200-100] Command       config_chip_info returned 0; 0 sec.
INFO: [HLS 200-100] Execute       config_chip_info -quiet -speed slow 
INFO: [HLS 200-100] Command       config_chip_info returned 0; 0 sec.
INFO: [HLS 200-100] Command     add_library returned 0; 0.009 sec.
INFO: [HLS 200-100] Execute     add_library xilinx/zynq/zynq_fpv6 
INFO: [HLS 200-100] Execute       get_default_platform 
INFO: [HLS 200-100] Command       get_default_platform returned 0; 0 sec.
INFO: [HLS 200-100] Command     add_library returned 0; 0.002 sec.
INFO: [HLS 200-100] Execute     get_default_platform 
INFO: [HLS 200-100] Command     get_default_platform returned 0; 0 sec.
INFO: [HLS 200-100] Command   set_part returned 0; 0.069 sec.
INFO: [HLS 200-100] Execute   create_clock -period 10 -name default 
INFO: [HLS 200-100] Command   create_clock returned 0; 0.01 sec.
INFO: [HLS 200-100] Execute   csynth_design 
INFO: [HLS 200-100] Execute     elaborate -effort=medium -skip_syncheck=0 -keep_printf=0 -lm=0 -skip_cdt=0 -skip_transform=0 -ng=0 -g=0 -opt_fp=0 
INFO: [HLS 200-10] Analyzing design file 'sha256.c' ... 
INFO: [HLS 200-0] Compiling one TU...
INFO: [HLS 200-100] Execute       is_m_axi_addr64 
INFO: [HLS 200-100] Command       is_m_axi_addr64 returned 0; 0 sec.
INFO: [HLS 200-0] Handling sha256.c as C
INFO: [HLS 200-0] Syntax Checking before pre-processing...
INFO: [HLS 200-100] Execute       clang  -fno-limit-debug-info -gcc-toolchain "C:/Xilinx/Vivado_HLS/2017.2/msys" -hls    -fno-math-errno -c -emit-llvm -O0  -mllvm -disable-llvm-optzns -std=gnu89   -DAESL_SYN -D__SYNTHESIS__ -D__HLS_SYN__ -I "C:/Xilinx/Vivado_HLS/2017.2/common/technology/autopilot" -I "C:/Xilinx/Vivado_HLS/2017.2/common/technology/autopilot/ap_sysc" -include etc/autopilot_ssdm_op.h -D__cdecl=  "sha256.c"  -o "C:/Student/SHA_new/sha/solution2/.autopilot/db/sha256.pp.00.o" 
INFO: [HLS 200-0] exec clang -fno-limit-debug-info -gcc-toolchain C:/Xilinx/Vivado_HLS/2017.2/msys -hls -fno-math-errno -c -emit-llvm -O0 -mllvm -disable-llvm-optzns -std=gnu89 -DAESL_SYN -D__SYNTHESIS__ -D__HLS_SYN__ -I C:/Xilinx/Vivado_HLS/2017.2/common/technology/autopilot -I C:/Xilinx/Vivado_HLS/2017.2/common/technology/autopilot/ap_sysc -include etc/autopilot_ssdm_op.h -D__cdecl= sha256.c -o C:/Student/SHA_new/sha/solution2/.autopilot/db/sha256.pp.00.o
INFO: [HLS 200-100] Command       clang returned 0; 0.27 sec.
INFO: [HLS 200-100] Execute       is_encrypted C:/Student/SHA_new/sha/solution2/.autopilot/db/sha256.pp.00.o 
INFO: [HLS 200-100] Command       is_encrypted returned 0; 0 sec.
INFO: [HLS 200-0] Source preprocessing
INFO: [HLS 200-100] Execute       clang  -fno-limit-debug-info -gcc-toolchain "C:/Xilinx/Vivado_HLS/2017.2/msys" -hls -fno-exceptions  -D__llvm__  -CC -E "sha256.c"     -fno-math-errno -c -emit-llvm -O0  -mllvm -disable-llvm-optzns -std=gnu89   -DAESL_SYN -D__SYNTHESIS__ -D__HLS_SYN__ -I "C:/Xilinx/Vivado_HLS/2017.2/common/technology/autopilot" -I "C:/Xilinx/Vivado_HLS/2017.2/common/technology/autopilot/ap_sysc" -include etc/autopilot_ssdm_op.h -D__cdecl=  -o "C:/Student/SHA_new/sha/solution2/.autopilot/db/sha256.pp.0.c" 
INFO: [HLS 200-0] exec clang -fno-limit-debug-info -gcc-toolchain C:/Xilinx/Vivado_HLS/2017.2/msys -hls -fno-exceptions -D__llvm__ -CC -E sha256.c -fno-math-errno -c -emit-llvm -O0 -mllvm -disable-llvm-optzns -std=gnu89 -DAESL_SYN -D__SYNTHESIS__ -D__HLS_SYN__ -I C:/Xilinx/Vivado_HLS/2017.2/common/technology/autopilot -I C:/Xilinx/Vivado_HLS/2017.2/common/technology/autopilot/ap_sysc -include etc/autopilot_ssdm_op.h -D__cdecl= -o C:/Student/SHA_new/sha/solution2/.autopilot/db/sha256.pp.0.c
INFO: [HLS 200-100] Command       clang returned 0; 0.259 sec.
INFO: [HLS 200-0] GCC PP time: 0 seconds per iteration
INFO: [HLS 200-100] Execute       list_core -type functional_unit 
INFO: [HLS 200-100] Command       list_core returned 0; 0 sec.
INFO: [HLS 200-0] CDT Preprocessing...
INFO: [HLS 200-0] Marker-Pragma convertor: C:/Student/SHA_new/sha/solution2/.autopilot/db/sha256.pp.0.c C:/Student/SHA_new/sha/solution2/.autopilot/db/sha256.pp.0.c.ap-line.c C:/Student/SHA_new/sha/solution2/.autopilot/db/sha256.pp.0.c.ap-line.c.CXX 1
INFO: [HLS 200-0] Converting Markers to Pragmas...
INFO: [HLS 200-100] Execute       cdt  "C:/Student/SHA_new/sha/solution2/.autopilot/db/sha256.pp.0.c.ap-line.c"  -m "sha256" -o "C:/Student/SHA_new/sha/solution2/.autopilot/db/sha256.pp.0.c.ap-cdt.c" -c --pp --directive C:/Student/SHA_new/sha/solution2/solution2.directive --source C:/Student/SHA_new/sha256.c --error C:/Student/SHA_new/sha/solution2/.autopilot/db --funcunit "AddSub AddSub_DSP AddSubnS DAddSub_fulldsp DAddSub_nodsp DDiv DExp_fulldsp DExp_meddsp DExp_nodsp DLog_fulldsp DLog_meddsp DLog_nodsp DMul_fulldsp DMul_maxdsp DMul_meddsp DMul_nodsp DRSqrt DRecip DSqrt DivnS FAddSub_fulldsp FAddSub_nodsp FDiv FExp_fulldsp FExp_meddsp FExp_nodsp FLog_fulldsp FLog_meddsp FLog_nodsp FMul_fulldsp FMul_maxdsp FMul_meddsp FMul_nodsp FRSqrt_fulldsp FRSqrt_nodsp FRecip_fulldsp FRecip_nodsp FSqrt HAddSub_fulldsp HAddSub_meddsp HAddSub_nodsp HDiv HMul_fulldsp HMul_maxdsp HMul_nodsp HSqrt Mul Mul2S Mul3S Mul4S Mul5S Mul6S Mul_LUT MulnS MuxnS" --ca --gf --pd --p2d C:/Student/SHA_new/sha/solution2/.autopilot/db --sd --scff C:/Student/SHA_new/sha/solution2/.autopilot/db/.systemc_flag --ad 
INFO: [HLS 200-100] Command       cdt returned 0; 1.019 sec.
INFO: [HLS 200-0] Marker-Pragma convertor: C:/Student/SHA_new/sha/solution2/.autopilot/db/sha256.pp.0.c.ap-cdt.c C:/Student/SHA_new/sha/solution2/.autopilot/db/sha256.pragma.0.c C:/Student/SHA_new/sha/solution2/.autopilot/db/sha256.pragma.0.c.ap-line.CXX 0
INFO: [HLS 200-0] Converting Pragmas to Markers...
INFO: [HLS 200-100] Execute       source C:/Student/SHA_new/sha/solution2/.autopilot/db/pragma.status.tcl 
INFO: [HLS 200-100] Command       ap_source returned 0; 0.002 sec.
INFO: [HLS 200-0] Pragma Handling...
INFO: [HLS 200-0] Source preprocessing
INFO: [HLS 200-100] Execute       clang  -fno-limit-debug-info -gcc-toolchain "C:/Xilinx/Vivado_HLS/2017.2/msys" -hls -fno-exceptions  -D__llvm__  -CC -E "C:/Student/SHA_new/sha/solution2/.autopilot/db/sha256.pragma.1.c"     -fno-math-errno -c -emit-llvm -O0  -mllvm -disable-llvm-optzns -std=gnu89   -DAESL_SYN -D__SYNTHESIS__ -D__HLS_SYN__ -I "C:/Xilinx/Vivado_HLS/2017.2/common/technology/autopilot" -I "C:/Xilinx/Vivado_HLS/2017.2/common/technology/autopilot/ap_sysc" -include etc/autopilot_ssdm_op.h -D__cdecl=  -o "C:/Student/SHA_new/sha/solution2/.autopilot/db/sha256.pragma.2.c" 
INFO: [HLS 200-0] exec clang -fno-limit-debug-info -gcc-toolchain C:/Xilinx/Vivado_HLS/2017.2/msys -hls -fno-exceptions -D__llvm__ -CC -E C:/Student/SHA_new/sha/solution2/.autopilot/db/sha256.pragma.1.c -fno-math-errno -c -emit-llvm -O0 -mllvm -disable-llvm-optzns -std=gnu89 -DAESL_SYN -D__SYNTHESIS__ -D__HLS_SYN__ -I C:/Xilinx/Vivado_HLS/2017.2/common/technology/autopilot -I C:/Xilinx/Vivado_HLS/2017.2/common/technology/autopilot/ap_sysc -include etc/autopilot_ssdm_op.h -D__cdecl= -o C:/Student/SHA_new/sha/solution2/.autopilot/db/sha256.pragma.2.c
INFO: [HLS 200-100] Command       clang returned 0; 0.309 sec.
INFO: [HLS 200-0] Processing labels
INFO: [HLS 200-100] Execute       clang  -fno-limit-debug-info -gcc-toolchain C:/Xilinx/Vivado_HLS/2017.2/msys -hls -hls-analyze-label -hls-analyze-pragma -fno-exceptions  -D__llvm__  -w  "C:/Student/SHA_new/sha/solution2/.autopilot/db/sha256.pragma.2.c"    -fno-math-errno -c -emit-llvm -O0  -mllvm -disable-llvm-optzns -std=gnu89  -DAESL_SYN -D__SYNTHESIS__ -D__HLS_SYN__ -I "C:/Xilinx/Vivado_HLS/2017.2/common/technology/autopilot" -I "C:/Xilinx/Vivado_HLS/2017.2/common/technology/autopilot/ap_sysc" -include etc/autopilot_ssdm_op.h -g -o "C:/Student/SHA_new/sha/solution2/.autopilot/db/sha256.g.bc" 
INFO: [HLS 200-0] exec clang -fno-limit-debug-info -gcc-toolchain C:/Xilinx/Vivado_HLS/2017.2/msys -hls -hls-analyze-label -hls-analyze-pragma -fno-exceptions -D__llvm__ -w C:/Student/SHA_new/sha/solution2/.autopilot/db/sha256.pragma.2.c -fno-math-errno -c -emit-llvm -O0 -mllvm -disable-llvm-optzns -std=gnu89 -DAESL_SYN -D__SYNTHESIS__ -D__HLS_SYN__ -I C:/Xilinx/Vivado_HLS/2017.2/common/technology/autopilot -I C:/Xilinx/Vivado_HLS/2017.2/common/technology/autopilot/ap_sysc -include etc/autopilot_ssdm_op.h -g -o C:/Student/SHA_new/sha/solution2/.autopilot/db/sha256.g.bc
INFO: [HLS 200-100] Command       clang returned 0; 0.33 sec.
INFO: [HLS 200-10] Validating synthesis directives ...
INFO: [HLS 200-100] Execute       source C:/Student/SHA_new/sha/solution2/.autopilot/db/pragma.status.tcl 
INFO: [HLS 200-100] Command       ap_source returned 0; 0 sec.
INFO: [HLS 200-111] Finished Checking Pragmas Time (s): cpu = 00:00:01 ; elapsed = 00:00:04 . Memory (MB): peak = 96.211 ; gain = 46.840
INFO: [HLS 200-0] Linking Release ...
INFO: [HLS 200-100] Execute       llvm-ld C:/Student/SHA_new/sha/solution2/.autopilot/db/sha256.bc -disable-opt -LC:/Xilinx/Vivado_HLS/2017.2/win64/lib -lm_basic -o C:/Student/SHA_new/sha/solution2/.autopilot/db/a.o 
INFO: [HLS 200-100] Command       llvm-ld returned 0; 0.235 sec.
INFO: [HLS 200-100] Execute       disassemble C:/Student/SHA_new/sha/solution2/.autopilot/db/a.o C:/Student/SHA_new/sha/solution2/.autopilot/db/a.o 
INFO: [HLS 200-100] Execute         is_encrypted C:/Student/SHA_new/sha/solution2/.autopilot/db/a.o.bc 
INFO: [HLS 200-100] Command         is_encrypted returned 0; 0 sec.
INFO: [HLS 200-100] Command       disassemble returned 0; 0.046 sec.
INFO: [HLS 200-0] Disassemble time: 0 seconds per iteration
INFO: [HLS 200-0] Linking Debug ...
INFO: [HLS 200-100] Execute       llvm-ld C:/Student/SHA_new/sha/solution2/.autopilot/db/sha256.g.bc -disable-opt -LC:/Xilinx/Vivado_HLS/2017.2/win64/lib -lm_basic -o C:/Student/SHA_new/sha/solution2/.autopilot/db/a.g 
INFO: [HLS 200-100] Command       llvm-ld returned 0; 0.22 sec.
INFO: [HLS 200-100] Execute       disassemble C:/Student/SHA_new/sha/solution2/.autopilot/db/a.g C:/Student/SHA_new/sha/solution2/.autopilot/db/a.g 
INFO: [HLS 200-100] Execute         is_encrypted C:/Student/SHA_new/sha/solution2/.autopilot/db/a.g.bc 
INFO: [HLS 200-100] Command         is_encrypted returned 0; 0 sec.
INFO: [HLS 200-100] Command       disassemble returned 0; 0.029 sec.
INFO: [HLS 200-0] Disassemble time: 0 seconds per iteration
INFO: [HLS 200-111] Finished Linking Time (s): cpu = 00:00:01 ; elapsed = 00:00:04 . Memory (MB): peak = 96.230 ; gain = 46.859
INFO: [HLS 200-100] Execute       opt_and_import_c a -opt_level=2 -skip_syncheck=0 -ng=0 -keep_printf=0 
INFO: [HLS 200-100] Execute         cleanup_all_models 
INFO: [HLS 200-100] Command         cleanup_all_models returned 0; 0 sec.
INFO: [HLS 200-10] Starting code transformations ...
INFO: [HLS 200-100] Execute         transform -promote-dbg-pointer C:/Student/SHA_new/sha/solution2/.autopilot/db/a.pp.bc -o C:/Student/SHA_new/sha/solution2/.autopilot/db/a.pp.0.bc -f 
INFO: [HLS 200-100] Command         transform returned 0; 0.05 sec.
INFO: [HLS 200-100] Execute         llvm-ld C:/Student/SHA_new/sha/solution2/.autopilot/db/a.pp.0.bc -disable-opt -LC:/Xilinx/Vivado_HLS/2017.2/win64/lib -lfloatconversion -o C:/Student/SHA_new/sha/solution2/.autopilot/db/a.g.0 
INFO: [HLS 200-100] Command         llvm-ld returned 0; 0.161 sec.
INFO: [HLS 200-0] Running Standard Transforms...
INFO: [HLS 200-100] Execute         transform -hls -share-std-xform -demangle-name -inline-byval-memcpy -always-inline -promote-dbg-pointer -interface-preproc -scalarrepl -mem2reg -keep-read-access -instcombine -dce -promote-dbg-pointer -bitop-raise -loop-simplify -indvarspre -indvars -loop-simplify -xunroll -constprop -instcombine -simplifycfg -indvars -simplifycfg -dce -globaldce -basicaa -simplifycfg -mem2reg -globalopt -global-constprop -deadargelim -instcombine -simplifycfg -prune-eh -simplifycfg -scalarrepl -instcombine -reassociate -licm -simplifycfg -loop-simplify -indvars -instcombine -simplifycfg -mem2reg -loop-simplify -indvars -instcombine -gvn -gvn -instcombine -adce -break-crit-edges -simplifycfg -loop-delete -global-array-opt -dce -dse -adce -find-syn-modules -top sha256 -deadargelim -mem2reg -instcombine -dce -presyn-prepare -auto-rom-infer -interface-preproc -syn-check -check-rec-only -find-region -simplifycfg -func-extr -function-inline -globaldce -mem2reg -instcombine -dce -gvn -globaldce -adce -adse -constprop -instcombine -bit-constprop -instcombine -dce -simplifycfg -bitop-raise -simplifycfg -dce -loop-delete -reassociate -globalopt -global-privatize -mem2reg -dce -global-constprop -pointer-simplify -constprop -dce -func-inst -deadargelim -auto-shift-reg-idiom -promote-dbg-pointer -norm-name C:/Student/SHA_new/sha/solution2/.autopilot/db/a.g.0.bc -o C:/Student/SHA_new/sha/solution2/.autopilot/db/a.g.1.bc -f -phase std-opt 
INFO: [HLS 200-100] Command         transform returned 0; 0.109 sec.
INFO: [HLS 200-100] Execute         disassemble C:/Student/SHA_new/sha/solution2/.autopilot/db/a.g.1 C:/Student/SHA_new/sha/solution2/.autopilot/db/a.g.1 
INFO: [HLS 200-100] Execute           is_encrypted C:/Student/SHA_new/sha/solution2/.autopilot/db/a.g.1.bc 
INFO: [HLS 200-100] Command           is_encrypted returned 0; 0 sec.
INFO: [HLS 200-100] Command         disassemble returned 0; 0.089 sec.
INFO: [HLS 200-111] Finished Standard Transforms Time (s): cpu = 00:00:01 ; elapsed = 00:00:05 . Memory (MB): peak = 98.641 ; gain = 49.270
INFO: [HLS 200-10] Checking synthesizability ...
INFO: [HLS 200-0] Checking Synthesizability 1/2..
INFO: [HLS 200-100] Execute         transform -hls -syn-check -check-rec-only -disaggr -scalarrepl -norm-name -dce -mem2reg -instcombine -function-uniquify -directive-preproc -mem2reg -dse -dce -auto-rom-infer -dce -array-normalize -instcombine -dce -warn-fifo-pointer -array-seg-normalize -instcombine -dce -array-flatten -instcombine -dce -array-burst -dce -deadargelim -promote-global-argument -simplifycfg -mem2reg -globaldce -resolve-double-ptr -dce -deadargelim -dce -instcombine -function-inline -globaldce -dce -doublePtrSimplify -doublePtrElim -dce -doublePtrSimplify -promote-dbg-pointer -dce -scalarrepl -dse -adse -instcombine -ptrLegalization -simplifycfg -dce -instcombine -pointer-simplify -ptrArgReplace -dce -instcombine -disaggr -scalarrepl -norm-name -dce -mem2reg -instcombine -ptrLegalization -simplifycfg -deadargelim -instcombine -dce -inst-simplify -function-uniquify -directive-preproc -mem2reg -dse -dce -globaldce C:/Student/SHA_new/sha/solution2/.autopilot/db/a.g.1.bc -o C:/Student/SHA_new/sha/solution2/.autopilot/db/a.g.2.prechk.bc -f 
INFO: [XFORM 203-602] Inlining function 'sha256_init' into 'sha256' (sha256.c:30) automatically.
INFO: [HLS 200-100] Command         transform returned 0; 0.105 sec.
INFO: [HLS 200-0] Checking Synthesizability 2/2..
INFO: [HLS 200-100] Execute         transform -syn-check C:/Student/SHA_new/sha/solution2/.autopilot/db/a.g.2.prechk.bc -o C:/Student/SHA_new/sha/solution2/.autopilot/db/a.g.2.bc -f -phase syn-check 
INFO: [HLS 200-100] Command         transform returned 0; 0.011 sec.
INFO: [HLS 200-111] Finished Checking Synthesizability Time (s): cpu = 00:00:01 ; elapsed = 00:00:05 . Memory (MB): peak = 99.113 ; gain = 49.742
INFO: [HLS 200-0] Compiler optimizing ...
INFO: [HLS 200-0] Share syncheck's 1.bc for syn flow: copy C:/Student/SHA_new/sha/solution2/.autopilot/db/a.g.1.bc to C:/Student/SHA_new/sha/solution2/.autopilot/db/a.o.1.bc
INFO: [HLS 200-0] Presyn 1...
INFO: [HLS 200-100] Execute         transform -hls -tmp C:/Student/SHA_new/sha/solution2/.autopilot/db -interface-port-rename -type-info -function-uniquify -directive-preproc -mem2reg -dse -dce -disaggr -scalarrepl -norm-name -deadargelim -mem2reg -instcombine -dce -auto-rom-infer -dce -function-uniquify -resource-proc -simplifycfg -mem2reg -globaldce -resolve-double-ptr -dce -deadargelim -dce -instcombine -clib-intrinsic-prepare -dce -func-buffer -dce -array-normalize -func-legal -instcombine -gvn -constprop -dce -ptrArgReplace -mem2reg -instcombine -dce -array-seg-normalize -deadargelim -instcombine -dce -pointer-simplify -dce -port-alignment -dce -interface-preproc -data-pack -instcombine -dce -basicaa -aggr-aa -aggrmodref-aa -aggr-aa -gvn -gvn -basicaa -aggr-aa -aggrmodref-aa -aggr-aa -dse -adse -adce -loop-simplify -indvars -instcombine -gvn -loop-simplify -mem2reg -dce -simplifycfg -find-region -instcombine -auto-loop-pipeline -inst-simplify -interface-preproc -cfgopt -instcombine -indvars -auto-loop-unroll -loop-simplify -loop-bound -xunroll -constprop -instcombine -simplifycfg -indvars -simplifycfg -dce -globaldce -clean-region -attach-range -gvn -inst-simplify -constprop -simplifycfg -dce -pointer-simplify -dce -globalopt -constprop -dce -array-promote -constprop -instcombine -dce -ptrArgReplace -mem2reg -instcombine -simplifycfg -dce -auto-par -instcombine -dce -array-transform-check -array-reshape -instcombine -simplifycfg -dce -ptrArgReplace -deadargelim -mem2reg -instcombine -simplifycfg -dce -indvars -loop-simplify -loop-bound -xunroll -constprop -instcombine -simplifycfg -indvars -simplifycfg -dce -globaldce -duplicate-dataflow-processes -globaldce -instcombine -array-partition -instcombine -simplifycfg -dce -ptrArgReplace -global-constprop -deadargelim -mem2reg -func-legal -instcombine -dce -global-constprop -deadargelim -mem2reg -instcombine -simplifycfg -dce -globalopt -constprop -dce -array-promote -constprop -instcombine -dce -ptrArgReplace -mem2reg -instcombine -simplifycfg -dce -mem-intrinsic-preproc -dce -global-privatize -mem2reg -globaldce -promote-global-argument -ptrArgReplace -mem2reg -instcombine -dce -globalopt -mergereturn -simplify-global-access -mem2reg -dce -pointer-simplify -dce -functionattrs -basicaa -aggr-aa -aggrmodref-aa -aggr-aa -gvn -gvn -basicaa -aggr-aa -aggrmodref-aa -aggr-aa -dse -adse -adce -inst-simplify -dce -norm-name -function-inline -globaldce -func-inst -constprop -instcombine -simplifycfg -dce -func-legal -dce -loop-bound -arraycheck -bitwidthmin -on-by-dataflow -loop-delete -instcombine -simplifycfg -globaldce -dce -gvn -deadargelim -dce -loop-simplify -clean-region -simplifycfg -propagate-stable-arguments -loop-stream -instcombine -simplifycfg -dce -globaldce -stream-intrinsic-preproc -dce -check-ap-stream -loop-simplify -eliminate-keepreads -extract-dataflow-in-loop -loop-simplify -dce -gvn -deadargelim -dse -check-dataflow-syntax -legalize-stream-variable -legalize-global -extract-subproc -dce -dead-channel-elimination -canonicalize-gep -globaldce -dce -gvn -deadargelim -annotate-dataflow-channels -scalar-propagation -deadargelim -globaldce -mem2reg -check-dataflow-channels -function-stream -dce -globaldce -prop-fifo-spec -internal-stream-gen -canonicalize-gep -globaldce -dce -gvn -deadargelim -mergereturn -indvars -loop-simplify -instcombine -array-stream -array-seg-normalize -array-partition -func-legal -instcombine -simplifycfg -dce -bundle-memfifo-ops -deadargelim -function-uniquify -directive-preproc -mem2reg -dse -dce -group-axi-access -licm -simplifycfg -dce -loop-delete -norm-name C:/Student/SHA_new/sha/solution2/.autopilot/db/a.o.1.bc -o C:/Student/SHA_new/sha/solution2/.autopilot/db/a.o.1.tmp.bc -f 
WARNING: [XFORM 203-561] Updating loop upper bound from 100 to 63 for loop 'Loop-0-1' (sha256.c:47:1) in function 'sha256'.
WARNING: [XFORM 203-561] Updating loop upper bound from 40 to 32 for loop 'Loop-1' (sha256.c:58:1) in function 'sha256'.
WARNING: [XFORM 203-561] Updating loop lower bound from 12 to 32 for loop 'Loop-1' (sha256.c:58:1) in function 'sha256'.
WARNING: [XFORM 203-561] Updating loop upper bound from 100 to 56 for loop 'Loop-2' (./sha256_impl.c:123:1) in function 'sha256_final'.
WARNING: [XFORM 203-561] Updating loop lower bound from 12 to 56 for loop 'Loop-2' (./sha256_impl.c:123:1) in function 'sha256_final'.
WARNING: [XFORM 203-561] Updating loop upper bound from 100 to 4 for loop 'Loop-3' (./sha256_impl.c:144:1) in function 'sha256_final'.
WARNING: [XFORM 203-561] Updating loop lower bound from 12 to 4 for loop 'Loop-3' (./sha256_impl.c:144:1) in function 'sha256_final'.
WARNING: [XFORM 203-561] Updating loop upper bound from 100 to 16 for loop 'Loop-0' (./sha256_impl.c:35:1) in function 'sha256_transform'.
WARNING: [XFORM 203-561] Updating loop lower bound from 12 to 16 for loop 'Loop-0' (./sha256_impl.c:35:1) in function 'sha256_transform'.
WARNING: [XFORM 203-561] Updating loop upper bound from 100 to 48 for loop 'Loop-1' (./sha256_impl.c:38:1) in function 'sha256_transform'.
WARNING: [XFORM 203-561] Updating loop lower bound from 12 to 48 for loop 'Loop-1' (./sha256_impl.c:38:1) in function 'sha256_transform'.
WARNING: [XFORM 203-561] Updating loop upper bound from 100 to 64 for loop 'Loop-2' (./sha256_impl.c:51:1) in function 'sha256_transform'.
WARNING: [XFORM 203-561] Updating loop lower bound from 12 to 64 for loop 'Loop-2' (./sha256_impl.c:51:1) in function 'sha256_transform'.
INFO: [XFORM 203-102] Partitioning array 'sha256ctx.bitlen' (sha256.c:29) automatically.
INFO: [XFORM 203-102] Partitioning array 'sha256ctx.state' (sha256.c:29) automatically.
INFO: [HLS 200-100] Command         transform returned 0; 0.468 sec.
INFO: [HLS 200-0] Presyn 2...
INFO: [HLS 200-100] Execute         transform -hls -keep-callgraph -scalarrepl -mem2reg -port-alignment -attach-range -dce -pipe-mux-gen -indvars -loop-bound -inst-simplify -instcombine -dce -merge-array-access -mem2reg -dce -clean-region -mergereturn -if-conv -instcombine -dce -constprop -basicaa -aggr-aa -aggrmodref-aa -aggr-aa -gvn -gvn -basicaa -aggr-aa -aggrmodref-aa -aggr-aa -dse -adse -adce -scalarrepl -mem2reg -global-constprop -deadargelim -deadargelim -instcombine -dce -simplifycfg -ptrArgReplace -mem2reg -function-inline -globaldce -mem2reg -instcombine -dce -expr-balance -instcombine -dce -bitwidthmin -interface-preproc -directive-preproc -inst-rectify -instcombine -dce -functionattrs -constprop -instcombine -bit-constprop -simplify-global-access -globalopt -globaldce -inst-simplify -instcombine -elimdeaddata -dce -loop-delete -simplifycfg -loop-simplify -auto-burst -norm-name C:/Student/SHA_new/sha/solution2/.autopilot/db/a.o.1.tmp.bc -o C:/Student/SHA_new/sha/solution2/.autopilot/db/a.o.2.bc -f -phase presyn 
WARNING: [XFORM 203-561] Updating loop upper bound from 100 to 64 for loop 'Loop-0' (./sha256_impl.c:94:1) in function 'sha256_update'.
INFO: [XFORM 203-11] Balancing expressions in function 'sha256_transform' (./sha256_impl.c:30)...10 expression(s) balanced.
INFO: [HLS 200-100] Command         transform returned 0; 0.21 sec.
INFO: [HLS 200-100] Execute         disassemble C:/Student/SHA_new/sha/solution2/.autopilot/db/a.o.2 C:/Student/SHA_new/sha/solution2/.autopilot/db/a.o.2 
INFO: [HLS 200-100] Execute           is_encrypted C:/Student/SHA_new/sha/solution2/.autopilot/db/a.o.2.bc 
INFO: [HLS 200-100] Command           is_encrypted returned 0; 0.001 sec.
INFO: [HLS 200-100] Command         disassemble returned 0; 0.03 sec.
INFO: [HLS 200-111] Finished Pre-synthesis Time (s): cpu = 00:00:01 ; elapsed = 00:00:06 . Memory (MB): peak = 120.055 ; gain = 70.684
INFO: [HLS 200-0] Building ssdm...
INFO: [HLS 200-100] Execute         transform -hls -function-uniquify -auto-function-inline -globaldce -ptrArgReplace -mem2reg -instcombine -dce -reset-lda -loop-simplify -indvars -licm -loop-dep -loop-bound -licm -loop-simplify -flattenloopnest -array-flatten -gvn -instcombine -dce -array-map -dce -func-legal -gvn -adce -instcombine -cfgopt -simplifycfg -loop-simplify -array-burst -promote-global-argument -dce -axi4-lower -array-seg-normalize -basicaa -aggrmodref-aa -globalsmodref-aa -aggr-aa -gvn -gvn -basicaa -aggrmodref-aa -globalsmodref-aa -aggr-aa -dse -adse -adce -licm -inst-simplify -dce -globaldce -instcombine -array-stream -eliminate-keepreads -instcombine -dce -deadargelim -doublePtrSimplify -doublePtrElim -dce -doublePtrSimplify -promote-dbg-pointer -dce -scalarrepl -mem2reg -disaggr -norm-name -mem2reg -instcombine -dse -adse -adce -ptrLegalization -dce -auto-rom-infer -array-flatten -dce -instcombine -check-doubleptr -loop-rot -constprop -cfgopt -simplifycfg -loop-simplify -indvars -pointer-simplify -dce -loop-bound -loop-simplify -loop-preproc -constprop -global-constprop -gvn -mem2reg -instcombine -dce -loop-bound -loop-merge -dce -bitwidthmin -deadargelim -dce -canonicalize-dataflow -dce -scalar-propagation -deadargelim -globaldce -mem2reg -interface-preproc -interface-gen -deadargelim -directive-preproc -inst-simplify -dce -gvn -mem2reg -instcombine -dce -adse -loop-bound -instcombine -cfgopt -simplifycfg -loop-simplify -clean-region -io-protocol -find-region -mem2reg -bitop-raise -inst-simplify -inst-rectify -instcombine -adce -deadargelim -loop-simplify -phi-opt -bitop-raise -cfgopt -simplifycfg -strip-dead-prototypes -interface-lower -bitop-lower -intrinsic-lower -auto-function-inline -basicaa -aggrmodref-aa -globalsmodref-aa -aggr-aa -inst-simplify -simplifycfg -loop-simplify -mergereturn -inst-simplify -inst-rectify -dce -bitop-lower -loop-rewind -pointer-simplify -dce -cfgopt -read-loop-dep -dce -bitwidth -loop-dep -norm-name -legalize -validate-dataflow -cdfg-build C:/Student/SHA_new/sha/solution2/.autopilot/db/a.o.2.bc -o C:/Student/SHA_new/sha/solution2/.autopilot/db/a.o.3.bc -f -phase build-ssdm 
INFO: [HLS 200-100] Command         transform returned 0; 0.38 sec.
INFO: [HLS 200-100] Execute         disassemble C:/Student/SHA_new/sha/solution2/.autopilot/db/a.o.3 C:/Student/SHA_new/sha/solution2/.autopilot/db/a.o.3 
INFO: [HLS 200-100] Execute           is_encrypted C:/Student/SHA_new/sha/solution2/.autopilot/db/a.o.3.bc 
INFO: [HLS 200-100] Command           is_encrypted returned 0; 0 sec.
INFO: [HLS 200-100] Command         disassemble returned 0; 0.029 sec.
INFO: [HLS 200-111] Finished Architecture Synthesis Time (s): cpu = 00:00:02 ; elapsed = 00:00:06 . Memory (MB): peak = 144.430 ; gain = 95.059
INFO: [HLS 200-0] Finish building internal data model.
INFO: [HLS 200-100] Command       opt_and_import_c returned 0; 1.901 sec.
INFO: [HLS 200-100] Command     elaborate returned 0; 5.079 sec.
INFO: [HLS 200-100] Execute     autosyn 
INFO: [HLS 200-10] Starting hardware synthesis ...
INFO: [HLS 200-0] Synthesizing C/C++ design ...
INFO: [HLS 200-10] Synthesizing 'sha256' ...
INFO: [HLS 200-100] Execute       ap_set_top_model sha256 
INFO: [HLS 200-100] Command       ap_set_top_model returned 0; 0 sec.
INFO: [HLS 200-100] Execute       get_model_list sha256 -filter all-wo-channel -topdown 
INFO: [HLS 200-100] Command       get_model_list returned 0; 0.001 sec.
INFO: [HLS 200-100] Execute       preproc_iomode -model sha256 
INFO: [HLS 200-100] Command       preproc_iomode returned 0; 0 sec.
INFO: [HLS 200-100] Execute       preproc_iomode -model sha256_final 
INFO: [HLS 200-100] Command       preproc_iomode returned 0; 0 sec.
INFO: [HLS 200-100] Execute       preproc_iomode -model sha256_update 
INFO: [HLS 200-100] Command       preproc_iomode returned 0; 0 sec.
INFO: [HLS 200-100] Execute       preproc_iomode -model sha256_transform 
INFO: [HLS 200-100] Command       preproc_iomode returned 0; 0 sec.
INFO: [HLS 200-100] Execute       get_model_list sha256 -filter all-wo-channel 
INFO: [HLS 200-100] Command       get_model_list returned 0; 0.001 sec.
INFO: [HLS 200-0] Model list for configure: sha256_transform sha256_update sha256_final sha256
INFO: [HLS 200-0] Configuring Module : sha256_transform ...
INFO: [HLS 200-100] Execute       set_default_model sha256_transform 
INFO: [HLS 200-100] Command       set_default_model returned 0; 0 sec.
INFO: [HLS 200-100] Execute       apply_spec_resource_limit sha256_transform 
INFO: [HLS 200-100] Command       apply_spec_resource_limit returned 0; 0 sec.
INFO: [HLS 200-0] Configuring Module : sha256_update ...
INFO: [HLS 200-100] Execute       set_default_model sha256_update 
INFO: [HLS 200-100] Command       set_default_model returned 0; 0 sec.
INFO: [HLS 200-100] Execute       apply_spec_resource_limit sha256_update 
INFO: [HLS 200-100] Command       apply_spec_resource_limit returned 0; 0 sec.
INFO: [HLS 200-0] Configuring Module : sha256_final ...
INFO: [HLS 200-100] Execute       set_default_model sha256_final 
INFO: [HLS 200-100] Command       set_default_model returned 0; 0 sec.
INFO: [HLS 200-100] Execute       apply_spec_resource_limit sha256_final 
INFO: [HLS 200-100] Command       apply_spec_resource_limit returned 0; 0 sec.
INFO: [HLS 200-0] Configuring Module : sha256 ...
INFO: [HLS 200-100] Execute       set_default_model sha256 
INFO: [HLS 200-100] Command       set_default_model returned 0; 0 sec.
INFO: [HLS 200-100] Execute       apply_spec_resource_limit sha256 
INFO: [HLS 200-100] Command       apply_spec_resource_limit returned 0; 0 sec.
INFO: [HLS 200-0] Model list for preprocess: sha256_transform sha256_update sha256_final sha256
INFO: [HLS 200-0] Preprocessing Module: sha256_transform ...
INFO: [HLS 200-100] Execute       set_default_model sha256_transform 
INFO: [HLS 200-100] Command       set_default_model returned 0; 0 sec.
INFO: [HLS 200-100] Execute       cdfg_preprocess -model sha256_transform 
INFO: [HLS 200-100] Command       cdfg_preprocess returned 0; 0 sec.
INFO: [HLS 200-100] Execute       rtl_gen_preprocess sha256_transform 
INFO: [HLS 200-100] Command       rtl_gen_preprocess returned 0; 0 sec.
INFO: [HLS 200-0] Preprocessing Module: sha256_update ...
INFO: [HLS 200-100] Execute       set_default_model sha256_update 
INFO: [HLS 200-100] Command       set_default_model returned 0; 0 sec.
INFO: [HLS 200-100] Execute       cdfg_preprocess -model sha256_update 
INFO: [HLS 200-100] Command       cdfg_preprocess returned 0; 0.001 sec.
INFO: [HLS 200-100] Execute       rtl_gen_preprocess sha256_update 
INFO: [HLS 200-100] Command       rtl_gen_preprocess returned 0; 0 sec.
INFO: [HLS 200-0] Preprocessing Module: sha256_final ...
INFO: [HLS 200-100] Execute       set_default_model sha256_final 
INFO: [HLS 200-100] Command       set_default_model returned 0; 0 sec.
INFO: [HLS 200-100] Execute       cdfg_preprocess -model sha256_final 
INFO: [HLS 200-100] Command       cdfg_preprocess returned 0; 0.002 sec.
INFO: [HLS 200-100] Execute       rtl_gen_preprocess sha256_final 
INFO: [HLS 200-100] Command       rtl_gen_preprocess returned 0; 0.001 sec.
INFO: [HLS 200-0] Preprocessing Module: sha256 ...
INFO: [HLS 200-100] Execute       set_default_model sha256 
INFO: [HLS 200-100] Command       set_default_model returned 0; 0 sec.
INFO: [HLS 200-100] Execute       cdfg_preprocess -model sha256 
INFO: [HLS 200-100] Command       cdfg_preprocess returned 0; 0.004 sec.
INFO: [HLS 200-100] Execute       rtl_gen_preprocess sha256 
INFO: [HLS 200-100] Command       rtl_gen_preprocess returned 0; 0.001 sec.
INFO: [HLS 200-0] Model list for synthesis: sha256_transform sha256_update sha256_final sha256
INFO: [HLS 200-10] ----------------------------------------------------------------
INFO: [HLS 200-10] -- Implementing module 'sha256_transform' 
INFO: [HLS 200-10] ----------------------------------------------------------------
INFO: [HLS 200-100] Execute       set_default_model sha256_transform 
INFO: [HLS 200-100] Command       set_default_model returned 0; 0 sec.
INFO: [HLS 200-100] Execute       schedule -model sha256_transform 
INFO: [SCHED 204-11] Starting scheduling ...
INFO: [SCHED 204-11] Finished scheduling.
INFO: [HLS 200-100] Command       schedule returned 0; 0.153 sec.
INFO: [HLS 200-111]  Elapsed time: 6.435 seconds; current allocated memory: 106.874 MB.
INFO: [HLS 200-100] Execute       report -o C:/Student/SHA_new/sha/solution2/.autopilot/db/sha256_transform.verbose.sched.rpt -verbose -f 
INFO: [HLS 200-100] Command       report returned 0; 0.03 sec.
INFO: [HLS 200-100] Execute       db_write -o C:/Student/SHA_new/sha/solution2/.autopilot/db/sha256_transform.sched.adb -f 
INFO: [HLS 200-100] Command       db_write returned 0; 0.044 sec.
INFO: [HLS 200-0] Finish scheduling sha256_transform.
INFO: [HLS 200-100] Execute       set_default_model sha256_transform 
INFO: [HLS 200-100] Command       set_default_model returned 0; 0 sec.
INFO: [HLS 200-100] Execute       bind -model sha256_transform 
INFO: [BIND 205-110] clear=
INFO: [BIND 205-110] debug=
INFO: [BIND 205-110] drf=
INFO: [BIND 205-110] effort=
INFO: [BIND 205-110] fast_refine=
INFO: [BIND 205-110] fu_weight=[ 0.0 -- 1.0 ]
INFO: [BIND 205-110] global_opt=
INFO: [BIND 205-110] gsearch=
INFO: [BIND 205-110] help=
INFO: [BIND 205-110] help-hidden=
INFO: [BIND 205-110] min_mem_port=
INFO: [BIND 205-110] min_op=
INFO: [BIND 205-110] minreg=
INFO: [BIND 205-110] ml=
INFO: [BIND 205-110] model=sha256_transform
INFO: [BIND 205-110] no_false_path=
INFO: [BIND 205-110] no_min_op=
INFO: [BIND 205-110] normalize=
INFO: [BIND 205-110] quiet=
INFO: [BIND 205-110] refine=
INFO: [BIND 205-110] reg_weight=[ 0.0 -- 1.0 ]
INFO: [BIND 205-110] search=
INFO: [BIND 205-110] tight_delay=
INFO: [BIND 205-110] verbose=
INFO: [BIND 205-110] wFF=
INFO: [BIND 205-110] wFU=
INFO: [BIND 205-110] wMUX=
INFO: [BIND 205-110] wNET=
INFO: [BIND 205-100] Starting micro-architecture generation ...
INFO: [BIND 205-101] Performing variable lifetime analysis.
INFO: [BIND 205-101] Exploring resource sharing.
INFO: [BIND 205-101] Binding ...
INFO: [BIND 205-100] Finished micro-architecture generation.
INFO: [HLS 200-100] Command       bind returned 0; 0.03 sec.
INFO: [HLS 200-111]  Elapsed time: 0.196 seconds; current allocated memory: 107.435 MB.
INFO: [HLS 200-100] Execute       report -o C:/Student/SHA_new/sha/solution2/.autopilot/db/sha256_transform.verbose.bind.rpt -verbose -f 
INFO: [HLS 200-100] Command       report returned 0; 0.073 sec.
INFO: [HLS 200-100] Execute       db_write -o C:/Student/SHA_new/sha/solution2/.autopilot/db/sha256_transform.bind.adb -f 
INFO: [HLS 200-100] Command       db_write returned 0; 0.049 sec.
INFO: [HLS 200-0] Finish binding sha256_transform.
INFO: [HLS 200-10] ----------------------------------------------------------------
INFO: [HLS 200-10] -- Implementing module 'sha256_update' 
INFO: [HLS 200-10] ----------------------------------------------------------------
INFO: [HLS 200-100] Execute       set_default_model sha256_update 
INFO: [HLS 200-100] Command       set_default_model returned 0; 0 sec.
INFO: [HLS 200-100] Execute       schedule -model sha256_update 
INFO: [SCHED 204-11] Starting scheduling ...
INFO: [SCHED 204-11] Finished scheduling.
INFO: [HLS 200-100] Command       schedule returned 0; 0.051 sec.
INFO: [HLS 200-111]  Elapsed time: 0.187 seconds; current allocated memory: 107.743 MB.
INFO: [HLS 200-100] Execute       report -o C:/Student/SHA_new/sha/solution2/.autopilot/db/sha256_update.verbose.sched.rpt -verbose -f 
INFO: [HLS 200-100] Command       report returned 0; 0.025 sec.
INFO: [HLS 200-100] Execute       db_write -o C:/Student/SHA_new/sha/solution2/.autopilot/db/sha256_update.sched.adb -f 
INFO: [HLS 200-100] Command       db_write returned 0; 0.031 sec.
INFO: [HLS 200-0] Finish scheduling sha256_update.
INFO: [HLS 200-100] Execute       set_default_model sha256_update 
INFO: [HLS 200-100] Command       set_default_model returned 0; 0 sec.
INFO: [HLS 200-100] Execute       bind -model sha256_update 
INFO: [BIND 205-110] clear=
INFO: [BIND 205-110] debug=
INFO: [BIND 205-110] drf=
INFO: [BIND 205-110] effort=
INFO: [BIND 205-110] fast_refine=
INFO: [BIND 205-110] fu_weight=[ 0.0 -- 1.0 ]
INFO: [BIND 205-110] global_opt=
INFO: [BIND 205-110] gsearch=
INFO: [BIND 205-110] help=
INFO: [BIND 205-110] help-hidden=
INFO: [BIND 205-110] min_mem_port=
INFO: [BIND 205-110] min_op=
INFO: [BIND 205-110] minreg=
INFO: [BIND 205-110] ml=
INFO: [BIND 205-110] model=sha256_update
INFO: [BIND 205-110] no_false_path=
INFO: [BIND 205-110] no_min_op=
INFO: [BIND 205-110] normalize=
INFO: [BIND 205-110] quiet=
INFO: [BIND 205-110] refine=
INFO: [BIND 205-110] reg_weight=[ 0.0 -- 1.0 ]
INFO: [BIND 205-110] search=
INFO: [BIND 205-110] tight_delay=
INFO: [BIND 205-110] verbose=
INFO: [BIND 205-110] wFF=
INFO: [BIND 205-110] wFU=
INFO: [BIND 205-110] wMUX=
INFO: [BIND 205-110] wNET=
INFO: [BIND 205-100] Starting micro-architecture generation ...
INFO: [BIND 205-101] Performing variable lifetime analysis.
INFO: [BIND 205-101] Exploring resource sharing.
INFO: [BIND 205-101] Binding ...
INFO: [BIND 205-100] Finished micro-architecture generation.
INFO: [HLS 200-100] Command       bind returned 0; 0.031 sec.
INFO: [HLS 200-111]  Elapsed time: 0.154 seconds; current allocated memory: 108.063 MB.
INFO: [HLS 200-100] Execute       report -o C:/Student/SHA_new/sha/solution2/.autopilot/db/sha256_update.verbose.bind.rpt -verbose -f 
INFO: [HLS 200-100] Command       report returned 0; 0.094 sec.
INFO: [HLS 200-100] Execute       db_write -o C:/Student/SHA_new/sha/solution2/.autopilot/db/sha256_update.bind.adb -f 
INFO: [HLS 200-100] Command       db_write returned 0; 0.036 sec.
INFO: [HLS 200-0] Finish binding sha256_update.
INFO: [HLS 200-10] ----------------------------------------------------------------
INFO: [HLS 200-10] -- Implementing module 'sha256_final' 
INFO: [HLS 200-10] ----------------------------------------------------------------
INFO: [HLS 200-100] Execute       set_default_model sha256_final 
INFO: [HLS 200-100] Command       set_default_model returned 0; 0 sec.
INFO: [HLS 200-100] Execute       schedule -model sha256_final 
INFO: [SCHED 204-11] Starting scheduling ...
INFO: [SCHED 204-11] Finished scheduling.
INFO: [HLS 200-100] Command       schedule returned 0; 0.147 sec.
INFO: [HLS 200-111]  Elapsed time: 0.29 seconds; current allocated memory: 108.545 MB.
INFO: [HLS 200-100] Execute       report -o C:/Student/SHA_new/sha/solution2/.autopilot/db/sha256_final.verbose.sched.rpt -verbose -f 
INFO: [HLS 200-100] Command       report returned 0; 0.032 sec.
INFO: [HLS 200-100] Execute       db_write -o C:/Student/SHA_new/sha/solution2/.autopilot/db/sha256_final.sched.adb -f 
INFO: [HLS 200-100] Command       db_write returned 0; 0.048 sec.
INFO: [HLS 200-0] Finish scheduling sha256_final.
INFO: [HLS 200-100] Execute       set_default_model sha256_final 
INFO: [HLS 200-100] Command       set_default_model returned 0; 0 sec.
INFO: [HLS 200-100] Execute       bind -model sha256_final 
INFO: [BIND 205-110] clear=
INFO: [BIND 205-110] debug=
INFO: [BIND 205-110] drf=
INFO: [BIND 205-110] effort=
INFO: [BIND 205-110] fast_refine=
INFO: [BIND 205-110] fu_weight=[ 0.0 -- 1.0 ]
INFO: [BIND 205-110] global_opt=
INFO: [BIND 205-110] gsearch=
INFO: [BIND 205-110] help=
INFO: [BIND 205-110] help-hidden=
INFO: [BIND 205-110] min_mem_port=
INFO: [BIND 205-110] min_op=
INFO: [BIND 205-110] minreg=
INFO: [BIND 205-110] ml=
INFO: [BIND 205-110] model=sha256_final
INFO: [BIND 205-110] no_false_path=
INFO: [BIND 205-110] no_min_op=
INFO: [BIND 205-110] normalize=
INFO: [BIND 205-110] quiet=
INFO: [BIND 205-110] refine=
INFO: [BIND 205-110] reg_weight=[ 0.0 -- 1.0 ]
INFO: [BIND 205-110] search=
INFO: [BIND 205-110] tight_delay=
INFO: [BIND 205-110] verbose=
INFO: [BIND 205-110] wFF=
INFO: [BIND 205-110] wFU=
INFO: [BIND 205-110] wMUX=
INFO: [BIND 205-110] wNET=
INFO: [BIND 205-100] Starting micro-architecture generation ...
INFO: [BIND 205-101] Performing variable lifetime analysis.
INFO: [BIND 205-101] Exploring resource sharing.
INFO: [BIND 205-101] Binding ...
INFO: [BIND 205-100] Finished micro-architecture generation.
INFO: [HLS 200-100] Command       bind returned 0; 0.051 sec.
INFO: [HLS 200-111]  Elapsed time: 0.207 seconds; current allocated memory: 109.093 MB.
INFO: [HLS 200-100] Execute       report -o C:/Student/SHA_new/sha/solution2/.autopilot/db/sha256_final.verbose.bind.rpt -verbose -f 
INFO: [HLS 200-100] Command       report returned 0; 0.129 sec.
INFO: [HLS 200-100] Execute       db_write -o C:/Student/SHA_new/sha/solution2/.autopilot/db/sha256_final.bind.adb -f 
INFO: [HLS 200-100] Command       db_write returned 0; 0.054 sec.
INFO: [HLS 200-0] Finish binding sha256_final.
INFO: [HLS 200-10] ----------------------------------------------------------------
INFO: [HLS 200-10] -- Implementing module 'sha256' 
INFO: [HLS 200-10] ----------------------------------------------------------------
INFO: [HLS 200-100] Execute       set_default_model sha256 
INFO: [HLS 200-100] Command       set_default_model returned 0; 0 sec.
INFO: [HLS 200-100] Execute       schedule -model sha256 
INFO: [SCHED 204-11] Starting scheduling ...
INFO: [SCHED 204-11] Finished scheduling.
INFO: [HLS 200-100] Command       schedule returned 0; 0.07 sec.
INFO: [HLS 200-111]  Elapsed time: 0.266 seconds; current allocated memory: 109.596 MB.
INFO: [HLS 200-100] Execute       report -o C:/Student/SHA_new/sha/solution2/.autopilot/db/sha256.verbose.sched.rpt -verbose -f 
INFO: [HLS 200-100] Command       report returned 0; 0.031 sec.
INFO: [HLS 200-100] Execute       db_write -o C:/Student/SHA_new/sha/solution2/.autopilot/db/sha256.sched.adb -f 
INFO: [HLS 200-100] Command       db_write returned 0; 0.045 sec.
INFO: [HLS 200-0] Finish scheduling sha256.
INFO: [HLS 200-100] Execute       set_default_model sha256 
INFO: [HLS 200-100] Command       set_default_model returned 0; 0 sec.
INFO: [HLS 200-100] Execute       bind -model sha256 
INFO: [BIND 205-110] clear=
INFO: [BIND 205-110] debug=
INFO: [BIND 205-110] drf=
INFO: [BIND 205-110] effort=
INFO: [BIND 205-110] fast_refine=
INFO: [BIND 205-110] fu_weight=[ 0.0 -- 1.0 ]
INFO: [BIND 205-110] global_opt=
INFO: [BIND 205-110] gsearch=
INFO: [BIND 205-110] help=
INFO: [BIND 205-110] help-hidden=
INFO: [BIND 205-110] min_mem_port=
INFO: [BIND 205-110] min_op=
INFO: [BIND 205-110] minreg=
INFO: [BIND 205-110] ml=
INFO: [BIND 205-110] model=sha256
INFO: [BIND 205-110] no_false_path=
INFO: [BIND 205-110] no_min_op=
INFO: [BIND 205-110] normalize=
INFO: [BIND 205-110] quiet=
INFO: [BIND 205-110] refine=
INFO: [BIND 205-110] reg_weight=[ 0.0 -- 1.0 ]
INFO: [BIND 205-110] search=
INFO: [BIND 205-110] tight_delay=
INFO: [BIND 205-110] verbose=
INFO: [BIND 205-110] wFF=
INFO: [BIND 205-110] wFU=
INFO: [BIND 205-110] wMUX=
INFO: [BIND 205-110] wNET=
INFO: [BIND 205-100] Starting micro-architecture generation ...
INFO: [BIND 205-101] Performing variable lifetime analysis.
INFO: [BIND 205-101] Exploring resource sharing.
INFO: [BIND 205-101] Binding ...
INFO: [BIND 205-100] Finished micro-architecture generation.
INFO: [HLS 200-100] Command       bind returned 0; 0.21 sec.
INFO: [HLS 200-111]  Elapsed time: 0.369 seconds; current allocated memory: 110.208 MB.
INFO: [HLS 200-100] Execute       report -o C:/Student/SHA_new/sha/solution2/.autopilot/db/sha256.verbose.bind.rpt -verbose -f 
INFO: [HLS 200-100] Command       report returned 0; 0.253 sec.
INFO: [HLS 200-100] Execute       db_write -o C:/Student/SHA_new/sha/solution2/.autopilot/db/sha256.bind.adb -f 
INFO: [HLS 200-100] Command       db_write returned 0; 0.052 sec.
INFO: [HLS 200-0] Finish binding sha256.
INFO: [HLS 200-100] Execute       get_model_list sha256 -filter all-wo-channel 
INFO: [HLS 200-100] Command       get_model_list returned 0; 0 sec.
INFO: [HLS 200-0] Preprocessing for RTLGen ...
INFO: [HLS 200-100] Execute       rtl_gen_preprocess sha256_transform 
INFO: [HLS 200-100] Command       rtl_gen_preprocess returned 0; 0 sec.
INFO: [HLS 200-100] Execute       rtl_gen_preprocess sha256_update 
INFO: [HLS 200-100] Command       rtl_gen_preprocess returned 0; 0.001 sec.
INFO: [HLS 200-100] Execute       rtl_gen_preprocess sha256_final 
INFO: [HLS 200-100] Command       rtl_gen_preprocess returned 0; 0 sec.
INFO: [HLS 200-100] Execute       rtl_gen_preprocess sha256 
INFO: [HLS 200-100] Command       rtl_gen_preprocess returned 0; 0 sec.
INFO: [HLS 200-0] Model list for RTL generation: sha256_transform sha256_update sha256_final sha256
INFO: [HLS 200-10] ----------------------------------------------------------------
INFO: [HLS 200-10] -- Generating RTL for module 'sha256_transform' 
INFO: [HLS 200-10] ----------------------------------------------------------------
INFO: [HLS 200-100] Execute       create_rtl_model sha256_transform -vendor xilinx -mg_file C:/Student/SHA_new/sha/solution2/.autopilot/db/sha256_transform.compgen.tcl 
INFO: [RTGEN 206-100] Finished creating RTL model for 'sha256_transform'.
INFO: [HLS 200-100] Command       create_rtl_model returned 0; 0.061 sec.
INFO: [HLS 200-111]  Elapsed time: 0.421 seconds; current allocated memory: 111.370 MB.
INFO: [HLS 200-100] Execute       source C:/Student/SHA_new/sha/solution2/.autopilot/db/sha256.rtl_wrap.cfg.tcl 
INFO: [HLS 200-100] Command       ap_source returned 0; 0.001 sec.
INFO: [HLS 200-100] Execute       gen_rtl sha256_transform -style xilinx -tracefl mytrace -tracefmt vcd -traceopt all -f -lang sc -o C:/Student/SHA_new/sha/solution2/syn/systemc/sha256_transform -synmodules sha256_transform sha256_update sha256_final sha256 
INFO: [HLS 200-100] Command       gen_rtl returned 0; 0.016 sec.
INFO: [HLS 200-100] Execute       gen_rtl sha256_transform -style xilinx -f -lang vhdl -o C:/Student/SHA_new/sha/solution2/syn/vhdl/sha256_transform 
INFO: [HLS 200-100] Command       gen_rtl returned 0; 0.032 sec.
INFO: [HLS 200-100] Execute       gen_rtl sha256_transform -style xilinx -f -lang vlog -o C:/Student/SHA_new/sha/solution2/syn/verilog/sha256_transform 
INFO: [HLS 200-100] Command       gen_rtl returned 0; 0.008 sec.
INFO: [HLS 200-100] Execute       gen_tb_info sha256_transform -o C:/Student/SHA_new/sha/solution2/.autopilot/db/sha256_transform -p C:/Student/SHA_new/sha/solution2/.autopilot/db 
INFO: [HLS 200-100] Command       gen_tb_info returned 0; 0.033 sec.
INFO: [HLS 200-100] Execute       report -model sha256_transform -o C:/Student/SHA_new/sha/solution2/syn/report/sha256_transform_csynth.rpt -f 
INFO: [HLS 200-100] Command       report returned 0; 0.034 sec.
INFO: [HLS 200-100] Execute       report -model sha256_transform -o C:/Student/SHA_new/sha/solution2/syn/report/sha256_transform_csynth.xml -f -x 
INFO: [HLS 200-100] Command       report returned 0; 0.031 sec.
INFO: [HLS 200-100] Execute       report -model sha256_transform -o C:/Student/SHA_new/sha/solution2/.autopilot/db/sha256_transform.verbose.rpt -verbose -f 
INFO: [HLS 200-100] Command       report returned 0; 0.111 sec.
INFO: [HLS 200-100] Execute       db_write -model sha256_transform -o C:/Student/SHA_new/sha/solution2/.autopilot/db/sha256_transform.adb -f 
INFO: [HLS 200-100] Command       db_write returned 0; 0.079 sec.
INFO: [HLS 200-10] ----------------------------------------------------------------
INFO: [HLS 200-10] -- Generating RTL for module 'sha256_update' 
INFO: [HLS 200-10] ----------------------------------------------------------------
INFO: [HLS 200-100] Execute       create_rtl_model sha256_update -vendor xilinx -mg_file C:/Student/SHA_new/sha/solution2/.autopilot/db/sha256_update.compgen.tcl 
INFO: [RTGEN 206-100] Finished creating RTL model for 'sha256_update'.
INFO: [HLS 200-100] Command       create_rtl_model returned 0; 0.037 sec.
INFO: [HLS 200-111]  Elapsed time: 0.527 seconds; current allocated memory: 112.534 MB.
INFO: [HLS 200-100] Execute       source C:/Student/SHA_new/sha/solution2/.autopilot/db/sha256.rtl_wrap.cfg.tcl 
INFO: [HLS 200-100] Command       ap_source returned 0; 0.001 sec.
INFO: [HLS 200-100] Execute       gen_rtl sha256_update -style xilinx -tracefl mytrace -tracefmt vcd -traceopt all -f -lang sc -o C:/Student/SHA_new/sha/solution2/syn/systemc/sha256_update -synmodules sha256_transform sha256_update sha256_final sha256 
INFO: [HLS 200-100] Command       gen_rtl returned 0; 0.013 sec.
INFO: [HLS 200-100] Execute       gen_rtl sha256_update -style xilinx -f -lang vhdl -o C:/Student/SHA_new/sha/solution2/syn/vhdl/sha256_update 
INFO: [HLS 200-100] Command       gen_rtl returned 0; 0.008 sec.
INFO: [HLS 200-100] Execute       gen_rtl sha256_update -style xilinx -f -lang vlog -o C:/Student/SHA_new/sha/solution2/syn/verilog/sha256_update 
INFO: [HLS 200-100] Command       gen_rtl returned 0; 0.007 sec.
INFO: [HLS 200-100] Execute       gen_tb_info sha256_update -o C:/Student/SHA_new/sha/solution2/.autopilot/db/sha256_update -p C:/Student/SHA_new/sha/solution2/.autopilot/db 
INFO: [HLS 200-100] Command       gen_tb_info returned 0; 0.02 sec.
INFO: [HLS 200-100] Execute       report -model sha256_update -o C:/Student/SHA_new/sha/solution2/syn/report/sha256_update_csynth.rpt -f 
INFO: [HLS 200-100] Command       report returned 0; 0.019 sec.
INFO: [HLS 200-100] Execute       report -model sha256_update -o C:/Student/SHA_new/sha/solution2/syn/report/sha256_update_csynth.xml -f -x 
INFO: [HLS 200-100] Command       report returned 0; 0.016 sec.
INFO: [HLS 200-100] Execute       report -model sha256_update -o C:/Student/SHA_new/sha/solution2/.autopilot/db/sha256_update.verbose.rpt -verbose -f 
INFO: [HLS 200-100] Command       report returned 0; 0.104 sec.
INFO: [HLS 200-100] Execute       db_write -model sha256_update -o C:/Student/SHA_new/sha/solution2/.autopilot/db/sha256_update.adb -f 
INFO: [HLS 200-100] Command       db_write returned 0; 0.048 sec.
INFO: [HLS 200-10] ----------------------------------------------------------------
INFO: [HLS 200-10] -- Generating RTL for module 'sha256_final' 
INFO: [HLS 200-10] ----------------------------------------------------------------
INFO: [HLS 200-100] Execute       create_rtl_model sha256_final -vendor xilinx -mg_file C:/Student/SHA_new/sha/solution2/.autopilot/db/sha256_final.compgen.tcl 
INFO: [RTGEN 206-100] Finished creating RTL model for 'sha256_final'.
INFO: [HLS 200-100] Command       create_rtl_model returned 0; 0.042 sec.
INFO: [HLS 200-111]  Elapsed time: 0.431 seconds; current allocated memory: 113.581 MB.
INFO: [HLS 200-100] Execute       source C:/Student/SHA_new/sha/solution2/.autopilot/db/sha256.rtl_wrap.cfg.tcl 
INFO: [HLS 200-100] Command       ap_source returned 0; 0 sec.
INFO: [HLS 200-100] Execute       gen_rtl sha256_final -style xilinx -tracefl mytrace -tracefmt vcd -traceopt all -f -lang sc -o C:/Student/SHA_new/sha/solution2/syn/systemc/sha256_final -synmodules sha256_transform sha256_update sha256_final sha256 
INFO: [HLS 200-100] Command       gen_rtl returned 0; 0.027 sec.
INFO: [HLS 200-100] Execute       gen_rtl sha256_final -style xilinx -f -lang vhdl -o C:/Student/SHA_new/sha/solution2/syn/vhdl/sha256_final 
INFO: [HLS 200-100] Command       gen_rtl returned 0; 0.008 sec.
INFO: [HLS 200-100] Execute       gen_rtl sha256_final -style xilinx -f -lang vlog -o C:/Student/SHA_new/sha/solution2/syn/verilog/sha256_final 
INFO: [HLS 200-100] Command       gen_rtl returned 0; 0.014 sec.
INFO: [HLS 200-100] Execute       gen_tb_info sha256_final -o C:/Student/SHA_new/sha/solution2/.autopilot/db/sha256_final -p C:/Student/SHA_new/sha/solution2/.autopilot/db 
INFO: [HLS 200-100] Command       gen_tb_info returned 0; 0.027 sec.
INFO: [HLS 200-100] Execute       report -model sha256_final -o C:/Student/SHA_new/sha/solution2/syn/report/sha256_final_csynth.rpt -f 
INFO: [HLS 200-100] Command       report returned 0; 0.029 sec.
INFO: [HLS 200-100] Execute       report -model sha256_final -o C:/Student/SHA_new/sha/solution2/syn/report/sha256_final_csynth.xml -f -x 
INFO: [HLS 200-100] Command       report returned 0; 0.025 sec.
INFO: [HLS 200-100] Execute       report -model sha256_final -o C:/Student/SHA_new/sha/solution2/.autopilot/db/sha256_final.verbose.rpt -verbose -f 
INFO: [HLS 200-100] Command       report returned 0; 0.152 sec.
INFO: [HLS 200-100] Execute       db_write -model sha256_final -o C:/Student/SHA_new/sha/solution2/.autopilot/db/sha256_final.adb -f 
INFO: [HLS 200-100] Command       db_write returned 0; 0.076 sec.
INFO: [HLS 200-10] ----------------------------------------------------------------
INFO: [HLS 200-10] -- Generating RTL for module 'sha256' 
INFO: [HLS 200-10] ----------------------------------------------------------------
INFO: [HLS 200-100] Execute       create_rtl_model sha256 -vendor xilinx -mg_file C:/Student/SHA_new/sha/solution2/.autopilot/db/sha256.compgen.tcl 
INFO: [RTGEN 206-500] Setting interface mode on port 'sha256/data' to 's_axilite & ap_memory'.
INFO: [RTGEN 206-500] Setting interface mode on port 'sha256/base_offset' to 's_axilite & ap_none'.
INFO: [RTGEN 206-500] Setting interface mode on port 'sha256/bytes' to 's_axilite & ap_none'.
INFO: [RTGEN 206-500] Setting interface mode on port 'sha256/digest' to 's_axilite & ap_memory'.
INFO: [RTGEN 206-500] Setting interface mode on function 'sha256' to 's_axilite & ap_ctrl_hs'.
WARNING: [RTGEN 206-101] Global array 'k' will not be exposed as RTL port.
INFO: [RTGEN 206-100] Bundling port 'return', 'data', 'base_offset', 'bytes' and 'digest' to AXI-Lite port AXILiteS.
INFO: [SYN 201-210] Renamed object name 'sha256_sha256ctx_data' to 'sha256_sha256ctx_bkb' due to the length limit 20
INFO: [RTGEN 206-100] Finished creating RTL model for 'sha256'.
INFO: [HLS 200-100] Command       create_rtl_model returned 0; 0.07 sec.
INFO: [HLS 200-111]  Elapsed time: 0.844 seconds; current allocated memory: 114.861 MB.
INFO: [HLS 200-100] Execute       source C:/Student/SHA_new/sha/solution2/.autopilot/db/sha256.rtl_wrap.cfg.tcl 
INFO: [HLS 200-100] Command       ap_source returned 0; 0.001 sec.
INFO: [HLS 200-100] Execute       gen_rtl sha256 -istop -style xilinx -tracefl mytrace -tracefmt vcd -traceopt all -f -lang sc -o C:/Student/SHA_new/sha/solution2/syn/systemc/sha256 -synmodules sha256_transform sha256_update sha256_final sha256 
INFO: [HLS 200-100] Command       gen_rtl returned 0; 0.016 sec.
INFO: [HLS 200-100] Execute       gen_rtl sha256 -istop -style xilinx -f -lang vhdl -o C:/Student/SHA_new/sha/solution2/syn/vhdl/sha256 
INFO: [HLS 200-100] Command       gen_rtl returned 0; 0.043 sec.
INFO: [HLS 200-100] Execute       gen_rtl sha256 -istop -style xilinx -f -lang vlog -o C:/Student/SHA_new/sha/solution2/syn/verilog/sha256 
INFO: [HLS 200-100] Command       gen_rtl returned 0; 0.043 sec.
INFO: [HLS 200-100] Execute       export_constraint_db -o C:/Student/SHA_new/sha/solution2/.autopilot/db/sha256.constraint.tcl -f -tool general 
INFO: [HLS 200-100] Command       export_constraint_db returned 0; 0.004 sec.
INFO: [HLS 200-100] Execute       report -model sha256 -o C:/Student/SHA_new/sha/solution2/.autopilot/db/sha256.design.xml -verbose -f -dv 
INFO: [HLS 200-100] Command       report returned 0; 0.143 sec.
INFO: [HLS 200-100] Execute       report -model sha256 -o C:/Student/SHA_new/sha/solution2/.autopilot/db/sha256.sdaccel.xml -verbose -f -sdaccel 
INFO: [HLS 200-100] Command       report returned 0; 0.058 sec.
INFO: [HLS 200-100] Execute       gen_tb_info sha256 -o C:/Student/SHA_new/sha/solution2/.autopilot/db/sha256 -p C:/Student/SHA_new/sha/solution2/.autopilot/db 
INFO: [HLS 200-100] Command       gen_tb_info returned 0; 0.02 sec.
INFO: [HLS 200-100] Execute       report -model sha256 -o C:/Student/SHA_new/sha/solution2/syn/report/sha256_csynth.rpt -f 
INFO: [HLS 200-100] Command       report returned 0; 0.025 sec.
INFO: [HLS 200-100] Execute       report -model sha256 -o C:/Student/SHA_new/sha/solution2/syn/report/sha256_csynth.xml -f -x 
INFO: [HLS 200-100] Command       report returned 0; 0.023 sec.
INFO: [HLS 200-100] Execute       report -model sha256 -o C:/Student/SHA_new/sha/solution2/.autopilot/db/sha256.verbose.rpt -verbose -f 
INFO: [HLS 200-100] Command       report returned 0; 0.27 sec.
INFO: [HLS 200-100] Execute       db_write -model sha256 -o C:/Student/SHA_new/sha/solution2/.autopilot/db/sha256.adb -f 
INFO: [HLS 200-100] Command       db_write returned 0; 0.073 sec.
INFO: [HLS 200-100] Execute       sc_get_clocks sha256 
INFO: [HLS 200-100] Command       sc_get_clocks returned 0; 0 sec.
INFO: [HLS 200-100] Execute       sc_get_portdomain sha256 
INFO: [HLS 200-100] Command       sc_get_portdomain returned 0; 0 sec.
INFO: [HLS 200-0] Model list for RTL component generation: sha256_transform sha256_update sha256_final sha256
INFO: [HLS 200-0] Handling components in module [sha256_transform] ... 
INFO: [HLS 200-100] Execute       source C:/Student/SHA_new/sha/solution2/.autopilot/db/sha256_transform.compgen.tcl 
INFO: [HLS 200-0] Found component sha256_transform_k.
INFO: [HLS 200-0] Append model sha256_transform_k
INFO: [HLS 200-0] Found component sha256_transform_m.
INFO: [HLS 200-0] Append model sha256_transform_m
INFO: [HLS 200-100] Command       ap_source returned 0; 0.017 sec.
INFO: [HLS 200-0] Handling components in module [sha256_update] ... 
INFO: [HLS 200-100] Execute       source C:/Student/SHA_new/sha/solution2/.autopilot/db/sha256_update.compgen.tcl 
INFO: [HLS 200-100] Command       ap_source returned 0; 0.051 sec.
INFO: [HLS 200-0] Handling components in module [sha256_final] ... 
INFO: [HLS 200-100] Execute       source C:/Student/SHA_new/sha/solution2/.autopilot/db/sha256_final.compgen.tcl 
INFO: [HLS 200-100] Command       ap_source returned 0; 0.082 sec.
INFO: [HLS 200-0] Handling components in module [sha256] ... 
INFO: [HLS 200-100] Execute       source C:/Student/SHA_new/sha/solution2/.autopilot/db/sha256.compgen.tcl 
INFO: [HLS 200-0] Found component sha256_seg_buf.
INFO: [HLS 200-0] Append model sha256_seg_buf
INFO: [HLS 200-0] Found component sha256_sha256ctx_bkb.
INFO: [HLS 200-0] Append model sha256_sha256ctx_bkb
INFO: [HLS 200-0] Found component sha256_AXILiteS_s_axi.
INFO: [HLS 200-0] Append model sha256_AXILiteS_s_axi
INFO: [HLS 200-100] Command       ap_source returned 0; 0.111 sec.
INFO: [HLS 200-0] Append model sha256_transform
INFO: [HLS 200-0] Append model sha256_update
INFO: [HLS 200-0] Append model sha256_final
INFO: [HLS 200-0] Append model sha256
INFO: [HLS 200-0] Generating RTL model list ...
INFO: [HLS 200-0] All models in this session: sha256_transform_k sha256_transform_m sha256_seg_buf sha256_sha256ctx_bkb sha256_AXILiteS_s_axi sha256_transform sha256_update sha256_final sha256
INFO: [HLS 200-0] To file: write model sha256_transform_k
INFO: [HLS 200-0] To file: write model sha256_transform_m
INFO: [HLS 200-0] To file: write model sha256_seg_buf
INFO: [HLS 200-0] To file: write model sha256_sha256ctx_bkb
INFO: [HLS 200-0] To file: write model sha256_AXILiteS_s_axi
INFO: [HLS 200-0] To file: write model sha256_transform
INFO: [HLS 200-0] To file: write model sha256_update
INFO: [HLS 200-0] To file: write model sha256_final
INFO: [HLS 200-0] To file: write model sha256
INFO: [HLS 200-0] Finished generating RTL model list.


INFO: [HLS 200-0] RTL Generation done.
INFO: [HLS 200-0] CAS Generation done.
INFO: [HLS 200-0] CBC Generation done.
INFO: [HLS 200-100] Execute       export_ssdm C:/Student/SHA_new/sha/solution2/.autopilot/db/a.export.ll 
INFO: [HLS 200-100] Command       export_ssdm returned 0; 0.016 sec.
INFO: [HLS 200-100] Execute       source C:/Student/SHA_new/sha/solution2/.autopilot/db/global.setting.tcl 
INFO: [HLS 200-100] Command       ap_source returned 0; 0 sec.
INFO: [HLS 200-100] Execute       source C:/Xilinx/Vivado_HLS/2017.2/common/technology/generic/autopilot/common.gen 
INFO: [HLS 200-100] Execute         source C:/Xilinx/Vivado_HLS/2017.2/common/technology/generic/autopilot/APCoreGen.gen 
INFO: [HLS 200-100] Command         ap_source returned 0; 0.001 sec.
INFO: [HLS 200-100] Command       ap_source returned 0; 0.002 sec.
INFO: [HLS 200-100] Execute       source C:/Xilinx/Vivado_HLS/2017.2/common/technology/generic/autopilot/op.gen 
INFO: [HLS 200-100] Command       ap_source returned 0; 0 sec.
INFO: [HLS 200-100] Execute       source C:/Xilinx/Vivado_HLS/2017.2/common/technology/generic/autopilot/op_simcore.gen 
INFO: [HLS 200-100] Command       ap_source returned 0; 0.001 sec.
INFO: [HLS 200-100] Execute       source C:/Xilinx/Vivado_HLS/2017.2/common/technology/generic/autopilot/interface.gen 
INFO: [HLS 200-100] Command       ap_source returned 0; 0 sec.
INFO: [HLS 200-100] Execute       source C:/Student/SHA_new/sha/solution2/.autopilot/db/global.setting.tcl 
INFO: [HLS 200-100] Command       ap_source returned 0; 0.001 sec.
INFO: [HLS 200-100] Execute       source C:/Xilinx/Vivado_HLS/2017.2/common/technology/xilinx/zynq/zynq.gen 
INFO: [HLS 200-100] Execute         source C:/Xilinx/Vivado_HLS/2017.2/common/technology/xilinx/common/virtex.gen 
INFO: [HLS 200-100] Execute           source C:/Xilinx/Vivado_HLS/2017.2/common/technology/xilinx/common/xilinx.gen 
INFO: [HLS 200-100] Execute             source C:/Xilinx/Vivado_HLS/2017.2/common/technology/xilinx/interface/plb46.gen 
INFO: [HLS 200-100] Command             ap_source returned 0; 0.001 sec.
INFO: [HLS 200-100] Execute             source C:/Xilinx/Vivado_HLS/2017.2/common/technology/xilinx/interface/fsl.gen 
INFO: [HLS 200-100] Command             ap_source returned 0; 0 sec.
INFO: [HLS 200-100] Execute             source C:/Xilinx/Vivado_HLS/2017.2/common/technology/xilinx/interface/axi4.gen 
INFO: [HLS 200-100] Command             ap_source returned 0; 0.003 sec.
INFO: [HLS 200-100] Execute             source C:/Xilinx/Vivado_HLS/2017.2/common/technology/xilinx/interface/nativeAXI4.gen 
INFO: [HLS 200-100] Execute               source C:/Xilinx/Vivado_HLS/2017.2/common/technology/xilinx/interface/saxilite.gen 
INFO: [HLS 200-100] Command               ap_source returned 0; 0.003 sec.
INFO: [HLS 200-100] Execute               source C:/Xilinx/Vivado_HLS/2017.2/common/technology/xilinx/interface/maxi.gen 
INFO: [HLS 200-100] Command               ap_source returned 0; 0.008 sec.
INFO: [HLS 200-100] Command             ap_source returned 0; 0.014 sec.
INFO: [HLS 200-100] Execute             source C:/Xilinx/Vivado_HLS/2017.2/common/technology/xilinx/scripts/xilinxcoregen.gen 
INFO: [HLS 200-100] Command             ap_source returned 0; 0.01 sec.
INFO: [HLS 200-100] Execute             source C:/Xilinx/Vivado_HLS/2017.2/common/technology/xilinx/interface/XilEDKCoreGen.gen 
INFO: [HLS 200-100] Command             ap_source returned 0; 0.008 sec.
INFO: [HLS 200-100] Execute             source C:/Xilinx/Vivado_HLS/2017.2/common/technology/xilinx/ip/dds_compiler.gen 
INFO: [HLS 200-100] Command             ap_source returned 0; 0.003 sec.
INFO: [HLS 200-100] Execute             source C:/Xilinx/Vivado_HLS/2017.2/common/technology/xilinx/ip/util.gen 
INFO: [HLS 200-100] Command             ap_source returned 0; 0.001 sec.
INFO: [HLS 200-100] Execute             source C:/Xilinx/Vivado_HLS/2017.2/common/technology/xilinx/ip/xfft.gen 
INFO: [HLS 200-100] Command             ap_source returned 0; 0.086 sec.
INFO: [HLS 200-100] Execute             source C:/Xilinx/Vivado_HLS/2017.2/common/technology/xilinx/ip/xfir.gen 
INFO: [HLS 200-100] Command             ap_source returned 0; 0.001 sec.
INFO: [HLS 200-100] Command           ap_source returned 0; 0.13 sec.
INFO: [HLS 200-100] Execute           source C:/Xilinx/Vivado_HLS/2017.2/common/technology/xilinx/common/dsp48.gen 
INFO: [HLS 200-100] Command           ap_source returned 0; 0 sec.
INFO: [HLS 200-100] Command         ap_source returned 0; 0.133 sec.
INFO: [HLS 200-100] Command       ap_source returned 0; 0.133 sec.
INFO: [HLS 200-100] Execute       source C:/Xilinx/Vivado_HLS/2017.2/common/technology/xilinx/zynq/zynq_fpv6.gen 
INFO: [HLS 200-100] Execute         source C:/Xilinx/Vivado_HLS/2017.2/common/technology/xilinx/common/xilinx_fpv6.gen 
INFO: [HLS 200-100] Command         ap_source returned 0; 0.002 sec.
INFO: [HLS 200-100] Command       ap_source returned 0; 0.003 sec.
INFO: [HLS 200-100] Execute       source C:/Student/SHA_new/sha/solution2/.autopilot/db/global.setting.tcl 
INFO: [HLS 200-100] Command       ap_source returned 0; 0.001 sec.
INFO: [HLS 200-100] Execute       source C:/Student/SHA_new/sha/solution2/.autopilot/db/global.setting.tcl 
INFO: [HLS 200-100] Command       ap_source returned 0; 0.001 sec.
INFO: [HLS 200-100] Execute       source C:/Student/SHA_new/sha/solution2/.autopilot/db/global.setting.tcl 
INFO: [HLS 200-100] Command       ap_source returned 0; 0.001 sec.
INFO: [HLS 200-100] Execute       source C:/Student/SHA_new/sha/solution2/.autopilot/db/global.setting.tcl 
INFO: [HLS 200-100] Command       ap_source returned 0; 0.001 sec.
INFO: [HLS 200-100] Execute       source C:/Student/SHA_new/sha/solution2/.autopilot/db/sha256_transform.compgen.tcl 
INFO: [RTMG 210-279] Implementing memory 'sha256_transform_k_rom' using auto ROMs.
INFO: [RTMG 210-278] Implementing memory 'sha256_transform_m_ram' using block RAMs.
INFO: [HLS 200-100] Command       ap_source returned 0; 0.155 sec.
INFO: [HLS 200-100] Execute       source C:/Student/SHA_new/sha/solution2/.autopilot/db/sha256_update.compgen.tcl 
INFO: [HLS 200-100] Command       ap_source returned 0; 0.001 sec.
INFO: [HLS 200-100] Execute       source C:/Student/SHA_new/sha/solution2/.autopilot/db/sha256_final.compgen.tcl 
INFO: [HLS 200-100] Command       ap_source returned 0; 0.001 sec.
INFO: [HLS 200-100] Execute       source C:/Student/SHA_new/sha/solution2/.autopilot/db/sha256.compgen.tcl 
INFO: [RTMG 210-278] Implementing memory 'sha256_seg_buf_ram' using block RAMs.
INFO: [RTMG 210-278] Implementing memory 'sha256_sha256ctx_bkb_ram' using block RAMs.
INFO: [HLS 200-100] Execute         source ./AXILiteS.slave.tcl 
INFO: [HLS 200-100] Command         ap_source returned 0; 0.001 sec.
INFO: [HLS 200-100] Command       ap_source returned 0; 0.192 sec.
INFO: [HLS 200-111] Finished generating all RTL models Time (s): cpu = 00:00:05 ; elapsed = 00:00:12 . Memory (MB): peak = 167.664 ; gain = 118.293
INFO: [SYSC 207-301] Generating SystemC RTL for sha256.
INFO: [VHDL 208-304] Generating VHDL RTL for sha256.
INFO: [VLOG 209-307] Generating Verilog RTL for sha256.
INFO: [HLS 200-100] Command     autosyn returned 0; 6.162 sec.
INFO: [HLS 200-100] Command   csynth_design returned 0; 11.243 sec.
INFO: [HLS 200-100] Command ap_source returned 0; 11.774 sec.
INFO: [HLS 200-100] Execute cleanup_all 
INFO: [HLS 200-100] Command cleanup_all returned 0; 0.013 sec.
