Data to hash: ABCDEFGHIJKLMNOPQRSTUVWXYZABCDEFGHIJKLMNOPQRSTUVWXYZABCDEFGHIJKLMNOPQRSTUVWXYZABCDEFGHIJKLMNOPQRSTUVWXYZABCDEFGHIJKLMNOPQRSTUVWXYZABCDEFGHIJKLMNOPQRSTUVWXYZABCDEFGHIJKLMNOPQRSTUVWXYZABCDEFGHIJKLMNOPQRSTUVWXYZABCDEFGHIJKLMNOPQRSTUVWXYZABCDEFGHIJKLMNOPQRSTUV

Test 0, base: 0 length 0:
SHA256_SW: E3 B0 C4 42 98 FC 1C 14 9A FB F4 C8 99 6F B9 24 27 AE 41 E4 64 9B 93 4C A4 95 99 1B 78 52 B8 55 
SHA256_HW: E3 B0 C4 42 98 FC 1C 14 9A FB F4 C8 99 6F B9 24 27 AE 41 E4 64 9B 93 4C A4 95 99 1B 78 52 B8 55 
PASSED

Test 1, base: 1 length 1:
SHA256_SW: CC 47 22 3B 1B 04 B0 92 4D 3C 25 AA 28 64 AC 10 8D 42 E3 56 37 5C AB 39 3F 1F 5A B6 34 6C 48 36 
SHA256_HW: DF 7E 70 E5 02 15 44 F4 83 4B BE E6 4A 9E 37 89 FE BC 4B E8 14 70 DF 62 9C AD 6D DB 03 32 0A 5C 
FAILED

Test 2, base: 0 length 64:
SHA256_SW: AC 2B 91 1B 6B 5C F4 34 E0 AC F7 ED 89 48 3F 41 E8 A2 C7 47 14 96 8F 4E CB 9F 6D 46 66 BE CC D9 
SHA256_HW: 9B 0C 35 67 68 3F 6D 51 98 D7 14 B0 0C 40 DF 30 39 F7 71 7B A5 CA 65 C2 B6 61 76 88 B6 3B 42 FA 
FAILED

Test 3, base: 3 length 127:
SHA256_SW: 00 68 7A C2 16 D9 C9 72 A5 F1 20 F9 04 2D EC AA D3 A1 10 04 40 EC 02 79 A9 CF 82 B0 71 C8 9D 1B 
SHA256_HW: A2 23 36 C2 73 7D D7 47 79 DF DB 12 3C 07 3A 04 47 5B 9C 4F 5E F2 E0 F7 A5 CB 27 09 DF 85 31 CE 
FAILED

Test 4, base: 0 length 256:
SHA256_SW: 5C 7A 2C 9D D3 BD EB 33 EF 31 46 B5 D8 55 5F 29 3F AB 7B B3 A2 46 22 5D 41 31 13 76 63 83 0D 38 
SHA256_HW: 6C 50 76 06 1B 0C C3 1F 39 87 76 7C 06 2C D1 33 AB 13 07 34 A0 B8 18 4C 65 D0 65 88 18 23 B9 92 
FAILED

