

================================================================
== Vivado HLS Report for 'sha256_final'
================================================================
* Date:           Wed Apr 14 12:12:46 2021

* Version:        2019.1 (Build 2552052 on Fri May 24 15:28:33 MDT 2019)
* Project:        SHA
* Solution:       solution2_Kintex_with_hardware
* Product family: kintexu
* Target device:  xcku025-ffva1156-1-c


================================================================
== Performance Estimates
================================================================
+ Timing (ns): 
    * Summary: 
    +--------+-------+----------+------------+
    |  Clock | Target| Estimated| Uncertainty|
    +--------+-------+----------+------------+
    |ap_clk  |  10.00|     8.750|        1.25|
    +--------+-------+----------+------------+

+ Latency (clock cycles): 
    * Summary: 
    +-----+-----+-----+-----+---------+
    |  Latency  |  Interval | Pipeline|
    | min | max | min | max |   Type  |
    +-----+-----+-----+-----+---------+
    |   58|  120|   58|  120|   none  |
    +-----+-----+-----+-----+---------+

    + Detail: 
        * Instance: 
        +------------------------------+------------------+-----+-----+-----+-----+----------+
        |                              |                  |  Latency  |  Interval | Pipeline |
        |           Instance           |      Module      | min | max | min | max |   Type   |
        +------------------------------+------------------+-----+-----+-----+-----+----------+
        |grp_sha256_transform_fu_1361  |sha256_transform  |   40|   40|    8|    8| function |
        +------------------------------+------------------+-----+-----+-----+-----+----------+

        * Loop: 
        +----------+-----+-----+----------+-----------+-----------+--------+----------+
        |          |  Latency  | Iteration|  Initiation Interval  |  Trip  |          |
        | Loop Name| min | max |  Latency |  achieved |   target  |  Count | Pipelined|
        +----------+-----+-----+----------+-----------+-----------+--------+----------+
        |- Loop 1  |    0|   56|         1|          -|          -| 0 ~ 56 |    no    |
        |- Loop 2  |    0|    8|         1|          -|          -|  0 ~ 8 |    no    |
        +----------+-----+-----+----------+-----------+-----------+--------+----------+



================================================================
== Utilization Estimates
================================================================
* Summary: 
+-----------------+---------+-------+--------+--------+-----+
|       Name      | BRAM_18K| DSP48E|   FF   |   LUT  | URAM|
+-----------------+---------+-------+--------+--------+-----+
|DSP              |        -|      -|       -|       -|    -|
|Expression       |        -|      -|       0|     138|    -|
|FIFO             |        -|      -|       -|       -|    -|
|Instance         |        0|      -|   11278|   23504|    -|
|Memory           |        -|      -|       -|       -|    -|
|Multiplexer      |        -|      -|       -|    1660|    -|
|Register         |        -|      -|     931|       -|    -|
+-----------------+---------+-------+--------+--------+-----+
|Total            |        0|      0|   12209|   25302|    0|
+-----------------+---------+-------+--------+--------+-----+
|Available        |      720|   1152|  290880|  145440|    0|
+-----------------+---------+-------+--------+--------+-----+
|Utilization (%)  |        0|      0|       4|      17|    0|
+-----------------+---------+-------+--------+--------+-----+

+ Detail: 
    * Instance: 
    +------------------------------+------------------+---------+-------+-------+-------+-----+
    |           Instance           |      Module      | BRAM_18K| DSP48E|   FF  |  LUT  | URAM|
    +------------------------------+------------------+---------+-------+-------+-------+-----+
    |grp_sha256_transform_fu_1361  |sha256_transform  |        0|      0|  11278|  23504|    0|
    +------------------------------+------------------+---------+-------+-------+-------+-----+
    |Total                         |                  |        0|      0|  11278|  23504|    0|
    +------------------------------+------------------+---------+-------+-------+-------+-----+

    * DSP48E: 
    N/A

    * Memory: 
    N/A

    * FIFO: 
    N/A

    * Expression: 
    +-----------------------+----------+-------+---+----+------------+------------+
    |     Variable Name     | Operation| DSP48E| FF| LUT| Bitwidth P0| Bitwidth P1|
    +-----------------------+----------+-------+---+----+------------+------------+
    |i_1_fu_1461_p2         |     +    |      0|  0|  39|          32|           1|
    |i_fu_1505_p2           |     +    |      0|  0|  39|          32|           1|
    |icmp_ln146_fu_1431_p2  |   icmp   |      0|  0|  20|          32|           6|
    |icmp_ln149_fu_1511_p2  |   icmp   |      0|  0|  20|          32|           6|
    |icmp_ln157_fu_1477_p2  |   icmp   |      0|  0|  20|          26|           1|
    +-----------------------+----------+-------+---+----+------------+------------+
    |Total                  |          |      0|  0| 138|         154|          15|
    +-----------------------+----------+-------+---+----+------------+------------+

    * Multiplexer: 
    +-----------------------------------------------+-----+-----------+-----+-----------+
    |                      Name                     | LUT | Input Size| Bits| Total Bits|
    +-----------------------------------------------+-----+-----------+-----+-----------+
    |ap_NS_fsm                                      |  506|        115|    1|        115|
    |ctx_data_0_address0                            |   56|         13|    4|         52|
    |ctx_data_0_address1                            |   50|         11|    4|         44|
    |ctx_data_0_ce0                                 |   15|          3|    1|          3|
    |ctx_data_0_ce1                                 |   15|          3|    1|          3|
    |ctx_data_0_d0                                  |   15|          3|    8|         24|
    |ctx_data_1_address0                            |   56|         13|    4|         52|
    |ctx_data_1_address1                            |   50|         11|    4|         44|
    |ctx_data_1_ce0                                 |   15|          3|    1|          3|
    |ctx_data_1_ce1                                 |   15|          3|    1|          3|
    |ctx_data_1_d0                                  |   15|          3|    8|         24|
    |ctx_data_2_address0                            |   56|         13|    4|         52|
    |ctx_data_2_address1                            |   50|         11|    4|         44|
    |ctx_data_2_ce0                                 |   15|          3|    1|          3|
    |ctx_data_2_ce1                                 |   15|          3|    1|          3|
    |ctx_data_2_d0                                  |   15|          3|    8|         24|
    |ctx_data_3_address0                            |   56|         13|    4|         52|
    |ctx_data_3_address1                            |   50|         11|    4|         44|
    |ctx_data_3_ce0                                 |   15|          3|    1|          3|
    |ctx_data_3_ce1                                 |   15|          3|    1|          3|
    |ctx_data_3_d0                                  |   15|          3|    8|         24|
    |ctx_state_0_0_reg_1281                         |    9|          2|   32|         64|
    |ctx_state_1_0_reg_1291                         |    9|          2|   32|         64|
    |ctx_state_2_0_reg_1301                         |    9|          2|   32|         64|
    |ctx_state_3_0_reg_1311                         |    9|          2|   32|         64|
    |ctx_state_4_0_reg_1321                         |    9|          2|   32|         64|
    |ctx_state_5_0_reg_1331                         |    9|          2|   32|         64|
    |ctx_state_6_0_reg_1341                         |    9|          2|   32|         64|
    |ctx_state_7_0_reg_1351                         |    9|          2|   32|         64|
    |grp_sha256_transform_fu_1361_ctx_state_0_read  |   15|          3|   32|         96|
    |grp_sha256_transform_fu_1361_ctx_state_1_read  |   15|          3|   32|         96|
    |grp_sha256_transform_fu_1361_ctx_state_2_read  |   15|          3|   32|         96|
    |grp_sha256_transform_fu_1361_ctx_state_3_read  |   15|          3|   32|         96|
    |grp_sha256_transform_fu_1361_ctx_state_4_read  |   15|          3|   32|         96|
    |grp_sha256_transform_fu_1361_ctx_state_5_read  |   15|          3|   32|         96|
    |grp_sha256_transform_fu_1361_ctx_state_6_read  |   15|          3|   32|         96|
    |grp_sha256_transform_fu_1361_ctx_state_7_read  |   15|          3|   32|         96|
    |hash_address0                                  |   85|         17|    6|        102|
    |hash_address1                                  |   85|         17|    6|        102|
    |hash_d0                                        |   85|         17|    8|        136|
    |hash_d1                                        |   85|         17|    8|        136|
    |i_0_in_reg_1272                                |    9|          2|   32|         64|
    |i_1_in_reg_1263                                |    9|          2|   32|         64|
    +-----------------------------------------------+-----+-----------+-----+-----------+
    |Total                                          | 1660|        359|  677|       2503|
    +-----------------------------------------------+-----+-----------+-----+-----------+

    * Register: 
    +-------------------------------------------+-----+----+-----+-----------+
    |                    Name                   |  FF | LUT| Bits| Const Bits|
    +-------------------------------------------+-----+----+-----+-----------+
    |ap_CS_fsm                                  |  114|   0|  114|          0|
    |ctx_state_0_0_reg_1281                     |   32|   0|   32|          0|
    |ctx_state_0_ret1_reg_1887                  |   32|   0|   32|          0|
    |ctx_state_1_0_reg_1291                     |   32|   0|   32|          0|
    |ctx_state_1_ret1_reg_1892                  |   32|   0|   32|          0|
    |ctx_state_2_0_reg_1301                     |   32|   0|   32|          0|
    |ctx_state_2_ret1_reg_1897                  |   32|   0|   32|          0|
    |ctx_state_3_0_reg_1311                     |   32|   0|   32|          0|
    |ctx_state_3_ret1_reg_1902                  |   32|   0|   32|          0|
    |ctx_state_4_0_reg_1321                     |   32|   0|   32|          0|
    |ctx_state_4_ret1_reg_1907                  |   32|   0|   32|          0|
    |ctx_state_5_0_reg_1331                     |   32|   0|   32|          0|
    |ctx_state_5_ret1_reg_1912                  |   32|   0|   32|          0|
    |ctx_state_6_0_reg_1341                     |   32|   0|   32|          0|
    |ctx_state_6_ret1_reg_1917                  |   32|   0|   32|          0|
    |ctx_state_7_0_reg_1351                     |   32|   0|   32|          0|
    |ctx_state_7_ret1_reg_1922                  |   32|   0|   32|          0|
    |grp_sha256_transform_fu_1361_ap_start_reg  |    1|   0|    1|          0|
    |i_0_in_reg_1272                            |   32|   0|   32|          0|
    |i_1_in_reg_1263                            |   32|   0|   32|          0|
    |trunc_ln185_1_reg_1968                     |    8|   0|    8|          0|
    |trunc_ln185_2_reg_2008                     |    8|   0|    8|          0|
    |trunc_ln185_reg_2048                       |    8|   0|    8|          0|
    |trunc_ln186_1_reg_1973                     |    8|   0|    8|          0|
    |trunc_ln186_2_reg_2013                     |    8|   0|    8|          0|
    |trunc_ln186_reg_2053                       |    8|   0|    8|          0|
    |trunc_ln187_1_reg_1978                     |    8|   0|    8|          0|
    |trunc_ln187_2_reg_2018                     |    8|   0|    8|          0|
    |trunc_ln187_reg_2058                       |    8|   0|    8|          0|
    |trunc_ln188_1_reg_1983                     |    8|   0|    8|          0|
    |trunc_ln188_2_reg_2023                     |    8|   0|    8|          0|
    |trunc_ln188_reg_2063                       |    8|   0|    8|          0|
    |trunc_ln189_1_reg_1988                     |    8|   0|    8|          0|
    |trunc_ln189_2_reg_2028                     |    8|   0|    8|          0|
    |trunc_ln189_reg_2068                       |    8|   0|    8|          0|
    |trunc_ln190_1_reg_1993                     |    8|   0|    8|          0|
    |trunc_ln190_2_reg_2033                     |    8|   0|    8|          0|
    |trunc_ln190_reg_2073                       |    8|   0|    8|          0|
    |trunc_ln191_1_reg_1998                     |    8|   0|    8|          0|
    |trunc_ln191_2_reg_2038                     |    8|   0|    8|          0|
    |trunc_ln191_reg_2078                       |    8|   0|    8|          0|
    |trunc_ln192_1_reg_2003                     |    8|   0|    8|          0|
    |trunc_ln192_2_reg_2043                     |    8|   0|    8|          0|
    |trunc_ln192_reg_2083                       |    8|   0|    8|          0|
    |trunc_ln1_reg_1963                         |    8|   0|    8|          0|
    |trunc_ln6_reg_1938                         |    8|   0|    8|          0|
    |trunc_ln7_reg_1943                         |    8|   0|    8|          0|
    |trunc_ln8_reg_1948                         |    8|   0|    8|          0|
    |trunc_ln9_reg_1953                         |    8|   0|    8|          0|
    |trunc_ln_reg_1958                          |    8|   0|    8|          0|
    +-------------------------------------------+-----+----+-----+-----------+
    |Total                                      |  931|   0|  931|          0|
    +-------------------------------------------+-----+----+-----+-----------+



================================================================
== Interface
================================================================
* Summary: 
+---------------------+-----+-----+------------+------------------+--------------+
|      RTL Ports      | Dir | Bits|  Protocol  |   Source Object  |    C Type    |
+---------------------+-----+-----+------------+------------------+--------------+
|ap_clk               |  in |    1| ap_ctrl_hs |   sha256_final   | return value |
|ap_rst               |  in |    1| ap_ctrl_hs |   sha256_final   | return value |
|ap_start             |  in |    1| ap_ctrl_hs |   sha256_final   | return value |
|ap_done              | out |    1| ap_ctrl_hs |   sha256_final   | return value |
|ap_idle              | out |    1| ap_ctrl_hs |   sha256_final   | return value |
|ap_ready             | out |    1| ap_ctrl_hs |   sha256_final   | return value |
|ctx_data_0_address0  | out |    4|  ap_memory |    ctx_data_0    |     array    |
|ctx_data_0_ce0       | out |    1|  ap_memory |    ctx_data_0    |     array    |
|ctx_data_0_we0       | out |    1|  ap_memory |    ctx_data_0    |     array    |
|ctx_data_0_d0        | out |    8|  ap_memory |    ctx_data_0    |     array    |
|ctx_data_0_q0        |  in |    8|  ap_memory |    ctx_data_0    |     array    |
|ctx_data_0_address1  | out |    4|  ap_memory |    ctx_data_0    |     array    |
|ctx_data_0_ce1       | out |    1|  ap_memory |    ctx_data_0    |     array    |
|ctx_data_0_we1       | out |    1|  ap_memory |    ctx_data_0    |     array    |
|ctx_data_0_d1        | out |    8|  ap_memory |    ctx_data_0    |     array    |
|ctx_data_0_q1        |  in |    8|  ap_memory |    ctx_data_0    |     array    |
|ctx_data_1_address0  | out |    4|  ap_memory |    ctx_data_1    |     array    |
|ctx_data_1_ce0       | out |    1|  ap_memory |    ctx_data_1    |     array    |
|ctx_data_1_we0       | out |    1|  ap_memory |    ctx_data_1    |     array    |
|ctx_data_1_d0        | out |    8|  ap_memory |    ctx_data_1    |     array    |
|ctx_data_1_q0        |  in |    8|  ap_memory |    ctx_data_1    |     array    |
|ctx_data_1_address1  | out |    4|  ap_memory |    ctx_data_1    |     array    |
|ctx_data_1_ce1       | out |    1|  ap_memory |    ctx_data_1    |     array    |
|ctx_data_1_we1       | out |    1|  ap_memory |    ctx_data_1    |     array    |
|ctx_data_1_d1        | out |    8|  ap_memory |    ctx_data_1    |     array    |
|ctx_data_1_q1        |  in |    8|  ap_memory |    ctx_data_1    |     array    |
|ctx_data_2_address0  | out |    4|  ap_memory |    ctx_data_2    |     array    |
|ctx_data_2_ce0       | out |    1|  ap_memory |    ctx_data_2    |     array    |
|ctx_data_2_we0       | out |    1|  ap_memory |    ctx_data_2    |     array    |
|ctx_data_2_d0        | out |    8|  ap_memory |    ctx_data_2    |     array    |
|ctx_data_2_q0        |  in |    8|  ap_memory |    ctx_data_2    |     array    |
|ctx_data_2_address1  | out |    4|  ap_memory |    ctx_data_2    |     array    |
|ctx_data_2_ce1       | out |    1|  ap_memory |    ctx_data_2    |     array    |
|ctx_data_2_we1       | out |    1|  ap_memory |    ctx_data_2    |     array    |
|ctx_data_2_d1        | out |    8|  ap_memory |    ctx_data_2    |     array    |
|ctx_data_2_q1        |  in |    8|  ap_memory |    ctx_data_2    |     array    |
|ctx_data_3_address0  | out |    4|  ap_memory |    ctx_data_3    |     array    |
|ctx_data_3_ce0       | out |    1|  ap_memory |    ctx_data_3    |     array    |
|ctx_data_3_we0       | out |    1|  ap_memory |    ctx_data_3    |     array    |
|ctx_data_3_d0        | out |    8|  ap_memory |    ctx_data_3    |     array    |
|ctx_data_3_q0        |  in |    8|  ap_memory |    ctx_data_3    |     array    |
|ctx_data_3_address1  | out |    4|  ap_memory |    ctx_data_3    |     array    |
|ctx_data_3_ce1       | out |    1|  ap_memory |    ctx_data_3    |     array    |
|ctx_data_3_we1       | out |    1|  ap_memory |    ctx_data_3    |     array    |
|ctx_data_3_d1        | out |    8|  ap_memory |    ctx_data_3    |     array    |
|ctx_data_3_q1        |  in |    8|  ap_memory |    ctx_data_3    |     array    |
|ctx_datalen_read     |  in |   32|   ap_none  | ctx_datalen_read |    scalar    |
|p_read3              |  in |   32|   ap_none  |      p_read3     |    scalar    |
|p_read4              |  in |   32|   ap_none  |      p_read4     |    scalar    |
|p_read5              |  in |   32|   ap_none  |      p_read5     |    scalar    |
|p_read6              |  in |   32|   ap_none  |      p_read6     |    scalar    |
|p_read7              |  in |   32|   ap_none  |      p_read7     |    scalar    |
|p_read8              |  in |   32|   ap_none  |      p_read8     |    scalar    |
|p_read9              |  in |   32|   ap_none  |      p_read9     |    scalar    |
|p_read10             |  in |   32|   ap_none  |     p_read10     |    scalar    |
|hash_address0        | out |    6|  ap_memory |       hash       |     array    |
|hash_ce0             | out |    1|  ap_memory |       hash       |     array    |
|hash_we0             | out |    1|  ap_memory |       hash       |     array    |
|hash_d0              | out |    8|  ap_memory |       hash       |     array    |
|hash_address1        | out |    6|  ap_memory |       hash       |     array    |
|hash_ce1             | out |    1|  ap_memory |       hash       |     array    |
|hash_we1             | out |    1|  ap_memory |       hash       |     array    |
|hash_d1              | out |    8|  ap_memory |       hash       |     array    |
+---------------------+-----+-----+------------+------------------+--------------+

