

================================================================
== Vivado HLS Report for 'sha256'
================================================================
* Date:           Wed Apr 14 12:12:47 2021

* Version:        2019.1 (Build 2552052 on Fri May 24 15:28:33 MDT 2019)
* Project:        SHA
* Solution:       solution2_Kintex_with_hardware
* Product family: kintexu
* Target device:  xcku025-ffva1156-1-c


================================================================
== Performance Estimates
================================================================
+ Timing (ns): 
    * Summary: 
    +--------+-------+----------+------------+
    |  Clock | Target| Estimated| Uncertainty|
    +--------+-------+----------+------------+
    |ap_clk  |  10.00|     8.750|        1.25|
    +--------+-------+----------+------------+

+ Latency (clock cycles): 
    * Summary: 
    +-----+-------+-----+-------+---------+
    |   Latency   |   Interval  | Pipeline|
    | min |  max  | min |  max  |   Type  |
    +-----+-------+-----+-------+---------+
    |  461|  18187|  461|  18187|   none  |
    +-----+-------+-----+-------+---------+

    + Detail: 
        * Instance: 
        +--------------------------+---------------+-----+-----+-----+-----+---------+
        |                          |               |  Latency  |  Interval | Pipeline|
        |         Instance         |     Module    | min | max | min | max |   Type  |
        +--------------------------+---------------+-----+-----+-----+-----+---------+
        |grp_sha256_final_fu_281   |sha256_final   |   58|  120|   58|  120|   none  |
        |grp_sha256_update_fu_299  |sha256_update  |    1|   49|    1|   49|   none  |
        +--------------------------+---------------+-----+-----+-----+-----+---------+

        * Loop: 
        +-------------+-----+-------+----------+-----------+-----------+----------+----------+
        |             |   Latency   | Iteration|  Initiation Interval  |   Trip   |          |
        |  Loop Name  | min |  max  |  Latency |  achieved |   target  |   Count  | Pipelined|
        +-------------+-----+-------+----------+-----------+-----------+----------+----------+
        |- Loop 1     |  336|  18000| 28 ~ 180 |          -|          -| 12 ~ 100 |    no    |
        | + Loop 1.1  |  128|    128|         2|          -|          -|        64|    no    |
        | + Loop 1.2  |   24|    126|         2|          -|          -|  12 ~ 63 |    no    |
        |- Loop 2     |   64|     64|         2|          -|          -|        32|    no    |
        +-------------+-----+-------+----------+-----------+-----------+----------+----------+



================================================================
== Utilization Estimates
================================================================
* Summary: 
+-----------------+---------+-------+--------+--------+-----+
|       Name      | BRAM_18K| DSP48E|   FF   |   LUT  | URAM|
+-----------------+---------+-------+--------+--------+-----+
|DSP              |        -|      -|       -|       -|    -|
|Expression       |        -|      -|       0|     295|    -|
|FIFO             |        -|      -|       -|       -|    -|
|Instance         |        4|      -|   24119|   49668|    -|
|Memory           |        5|      -|       0|       0|    0|
|Multiplexer      |        -|      -|       -|     845|    -|
|Register         |        -|      -|    1037|       -|    -|
+-----------------+---------+-------+--------+--------+-----+
|Total            |        9|      0|   25156|   50808|    0|
+-----------------+---------+-------+--------+--------+-----+
|Available        |      720|   1152|  290880|  145440|    0|
+-----------------+---------+-------+--------+--------+-----+
|Utilization (%)  |        1|      0|       8|      34|    0|
+-----------------+---------+-------+--------+--------+-----+

+ Detail: 
    * Instance: 
    +--------------------------+-----------------------+---------+-------+-------+-------+-----+
    |         Instance         |         Module        | BRAM_18K| DSP48E|   FF  |  LUT  | URAM|
    +--------------------------+-----------------------+---------+-------+-------+-------+-----+
    |sha256_AXILiteS_s_axi_U   |sha256_AXILiteS_s_axi  |        4|      0|    272|    308|    0|
    |grp_sha256_final_fu_281   |sha256_final           |        0|      0|  12209|  25302|    0|
    |grp_sha256_update_fu_299  |sha256_update          |        0|      0|  11638|  24058|    0|
    +--------------------------+-----------------------+---------+-------+-------+-------+-----+
    |Total                     |                       |        4|      0|  24119|  49668|    0|
    +--------------------------+-----------------------+---------+-------+-------+-------+-----+

    * DSP48E: 
    N/A

    * Memory: 
    +--------------------+----------------------+---------+---+----+-----+------+-----+------+-------------+
    |       Memory       |        Module        | BRAM_18K| FF| LUT| URAM| Words| Bits| Banks| W*Bits*Banks|
    +--------------------+----------------------+---------+---+----+-----+------+-----+------+-------------+
    |seg_buf_U           |sha256_seg_buf        |        1|  0|   0|    0|    64|    8|     1|          512|
    |sha256ctx_data_0_U  |sha256_sha256ctx_bkb  |        1|  0|   0|    0|    16|    8|     1|          128|
    |sha256ctx_data_1_U  |sha256_sha256ctx_bkb  |        1|  0|   0|    0|    16|    8|     1|          128|
    |sha256ctx_data_2_U  |sha256_sha256ctx_bkb  |        1|  0|   0|    0|    16|    8|     1|          128|
    |sha256ctx_data_3_U  |sha256_sha256ctx_bkb  |        1|  0|   0|    0|    16|    8|     1|          128|
    +--------------------+----------------------+---------+---+----+-----+------+-----+------+-------------+
    |Total               |                      |        5|  0|   0|    0|   128|   40|     5|         1024|
    +--------------------+----------------------+---------+---+----+-----+------+-----+------+-------------+

    * FIFO: 
    N/A

    * Expression: 
    +---------------------------------+----------+-------+---+----+------------+------------+
    |          Variable Name          | Operation| DSP48E| FF| LUT| Bitwidth P0| Bitwidth P1|
    +---------------------------------+----------+-------+---+----+------------+------------+
    |add_ln39_1_fu_611_p2             |     +    |      0|  0|  22|          10|          10|
    |add_ln39_fu_606_p2               |     +    |      0|  0|  22|          10|          10|
    |add_ln48_1_fu_671_p2             |     +    |      0|  0|  22|          10|          10|
    |add_ln48_fu_666_p2               |     +    |      0|  0|  22|          10|          10|
    |i_3_fu_656_p2                    |     +    |      0|  0|  15|           6|           1|
    |i_4_fu_596_p2                    |     +    |      0|  0|  15|           7|           1|
    |i_fu_697_p2                      |     +    |      0|  0|  15|           6|           1|
    |n_fu_621_p2                      |     +    |      0|  0|  39|          32|           8|
    |seg_offset_fu_636_p2             |     +    |      0|  0|  39|          32|           7|
    |icmp_ln33_fu_564_p2              |   icmp   |      0|  0|  20|          32|           1|
    |icmp_ln36_fu_580_p2              |   icmp   |      0|  0|  20|          26|           1|
    |icmp_ln38_fu_590_p2              |   icmp   |      0|  0|  11|           7|           8|
    |icmp_ln46_fu_651_p2              |   icmp   |      0|  0|  20|          32|          32|
    |icmp_ln57_fu_691_p2              |   icmp   |      0|  0|  11|           6|           7|
    |ap_block_state5_on_subcall_done  |    or    |      0|  0|   2|           1|           1|
    +---------------------------------+----------+-------+---+----+------------+------------+
    |Total                            |          |      0|  0| 295|         227|         108|
    +---------------------------------+----------+-------+---+----+------------+------------+

    * Multiplexer: 
    +-------------------------------------------+----+-----------+-----+-----------+
    |                    Name                   | LUT| Input Size| Bits| Total Bits|
    +-------------------------------------------+----+-----------+-----+-----------+
    |ap_NS_fsm                                  |  50|         11|    1|         11|
    |data_address0                              |  15|          3|    8|         24|
    |grp_sha256_update_fu_299_ctx_datalen_read  |  15|          3|   32|         96|
    |grp_sha256_update_fu_299_len               |  15|          3|   32|         96|
    |grp_sha256_update_fu_299_p_read1           |  15|          3|   32|         96|
    |grp_sha256_update_fu_299_p_read2           |  15|          3|   32|         96|
    |grp_sha256_update_fu_299_p_read3           |  15|          3|   32|         96|
    |grp_sha256_update_fu_299_p_read4           |  15|          3|   32|         96|
    |grp_sha256_update_fu_299_p_read5           |  15|          3|   32|         96|
    |grp_sha256_update_fu_299_p_read6           |  15|          3|   32|         96|
    |grp_sha256_update_fu_299_p_read7           |  15|          3|   32|         96|
    |grp_sha256_update_fu_299_p_read8           |  15|          3|   32|         96|
    |i_0_reg_246                                |   9|          2|    7|         14|
    |i_1_reg_258                                |   9|          2|    6|         12|
    |i_2_reg_270                                |   9|          2|    6|         12|
    |n_0_fu_108                                 |  15|          3|   32|         96|
    |seg_buf_address0                           |  33|          6|    6|         36|
    |seg_buf_ce0                                |  21|          4|    1|          4|
    |seg_buf_ce1                                |   9|          2|    1|          2|
    |seg_buf_d0                                 |  15|          3|    8|         24|
    |seg_buf_we0                                |  15|          3|    1|          3|
    |seg_buf_we1                                |   9|          2|    1|          2|
    |seg_offset_1_fu_148                        |   9|          2|   32|         64|
    |sha256ctx_data_0_address0                  |  15|          3|    4|         12|
    |sha256ctx_data_0_address1                  |  15|          3|    4|         12|
    |sha256ctx_data_0_ce0                       |  15|          3|    1|          3|
    |sha256ctx_data_0_ce1                       |  15|          3|    1|          3|
    |sha256ctx_data_0_d0                        |  15|          3|    8|         24|
    |sha256ctx_data_0_we0                       |  15|          3|    1|          3|
    |sha256ctx_data_0_we1                       |   9|          2|    1|          2|
    |sha256ctx_data_1_address0                  |  15|          3|    4|         12|
    |sha256ctx_data_1_address1                  |  15|          3|    4|         12|
    |sha256ctx_data_1_ce0                       |  15|          3|    1|          3|
    |sha256ctx_data_1_ce1                       |  15|          3|    1|          3|
    |sha256ctx_data_1_d0                        |  15|          3|    8|         24|
    |sha256ctx_data_1_we0                       |  15|          3|    1|          3|
    |sha256ctx_data_1_we1                       |   9|          2|    1|          2|
    |sha256ctx_data_2_address0                  |  15|          3|    4|         12|
    |sha256ctx_data_2_address1                  |  15|          3|    4|         12|
    |sha256ctx_data_2_ce0                       |  15|          3|    1|          3|
    |sha256ctx_data_2_ce1                       |  15|          3|    1|          3|
    |sha256ctx_data_2_d0                        |  15|          3|    8|         24|
    |sha256ctx_data_2_we0                       |  15|          3|    1|          3|
    |sha256ctx_data_2_we1                       |   9|          2|    1|          2|
    |sha256ctx_data_3_address0                  |  15|          3|    4|         12|
    |sha256ctx_data_3_address1                  |  15|          3|    4|         12|
    |sha256ctx_data_3_ce0                       |  15|          3|    1|          3|
    |sha256ctx_data_3_ce1                       |  15|          3|    1|          3|
    |sha256ctx_data_3_d0                        |  15|          3|    8|         24|
    |sha256ctx_data_3_we0                       |  15|          3|    1|          3|
    |sha256ctx_data_3_we1                       |   9|          2|    1|          2|
    |sha256ctx_datalen_1_fu_112                 |   9|          2|   32|         64|
    |sha256ctx_state_0_2_fu_124                 |   9|          2|   32|         64|
    |sha256ctx_state_1_2_fu_128                 |   9|          2|   32|         64|
    |sha256ctx_state_2_2_fu_132                 |   9|          2|   32|         64|
    |sha256ctx_state_3_2_fu_136                 |   9|          2|   32|         64|
    |sha256ctx_state_4_2_fu_140                 |   9|          2|   32|         64|
    |sha256ctx_state_5_2_fu_144                 |   9|          2|   32|         64|
    |sha256ctx_state_6_2_fu_120                 |   9|          2|   32|         64|
    |sha256ctx_state_7_2_fu_116                 |   9|          2|   32|         64|
    +-------------------------------------------+----+-----------+-----+-----------+
    |Total                                      | 845|        173|  798|       2076|
    +-------------------------------------------+----+-----------+-----+-----------+

    * Register: 
    +---------------------------------------+----+----+-----+-----------+
    |                  Name                 | FF | LUT| Bits| Const Bits|
    +---------------------------------------+----+----+-----+-----------+
    |ap_CS_fsm                              |  10|   0|   10|          0|
    |grp_sha256_final_fu_281_ap_start_reg   |   1|   0|    1|          0|
    |grp_sha256_update_fu_299_ap_start_reg  |   1|   0|    1|          0|
    |i_0_reg_246                            |   7|   0|    7|          0|
    |i_1_reg_258                            |   6|   0|    6|          0|
    |i_2_reg_270                            |   6|   0|    6|          0|
    |i_3_reg_828                            |   6|   0|    6|          0|
    |i_4_reg_815                            |   7|   0|    7|          0|
    |i_reg_886                              |   6|   0|    6|          0|
    |icmp_ln36_reg_802                      |   1|   0|    1|          0|
    |n_0_fu_108                             |  32|   0|   32|          0|
    |n_0_load_reg_792                       |  32|   0|   32|          0|
    |reg_448                                |  32|   0|   32|          0|
    |reg_454                                |  32|   0|   32|          0|
    |reg_460                                |  32|   0|   32|          0|
    |reg_466                                |  32|   0|   32|          0|
    |reg_472                                |  32|   0|   32|          0|
    |reg_478                                |  32|   0|   32|          0|
    |reg_484                                |  32|   0|   32|          0|
    |reg_490                                |  32|   0|   32|          0|
    |reg_496                                |  32|   0|   32|          0|
    |seg_offset_1_fu_148                    |  32|   0|   32|          0|
    |sha256ctx_datalen_1_1_reg_838          |  32|   0|   32|          0|
    |sha256ctx_datalen_1_fu_112             |  32|   0|   32|          0|
    |sha256ctx_state_0_2_2_reg_853          |  32|   0|   32|          0|
    |sha256ctx_state_0_2_fu_124             |  32|   0|   32|          0|
    |sha256ctx_state_1_2_2_reg_858          |  32|   0|   32|          0|
    |sha256ctx_state_1_2_fu_128             |  32|   0|   32|          0|
    |sha256ctx_state_2_2_2_reg_863          |  32|   0|   32|          0|
    |sha256ctx_state_2_2_fu_132             |  32|   0|   32|          0|
    |sha256ctx_state_3_2_2_reg_868          |  32|   0|   32|          0|
    |sha256ctx_state_3_2_fu_136             |  32|   0|   32|          0|
    |sha256ctx_state_4_2_2_reg_873          |  32|   0|   32|          0|
    |sha256ctx_state_4_2_fu_140             |  32|   0|   32|          0|
    |sha256ctx_state_5_2_2_reg_878          |  32|   0|   32|          0|
    |sha256ctx_state_5_2_fu_144             |  32|   0|   32|          0|
    |sha256ctx_state_6_2_2_reg_848          |  32|   0|   32|          0|
    |sha256ctx_state_6_2_fu_120             |  32|   0|   32|          0|
    |sha256ctx_state_7_2_2_reg_843          |  32|   0|   32|          0|
    |sha256ctx_state_7_2_fu_116             |  32|   0|   32|          0|
    |trunc_ln33_reg_786                     |  10|   0|   10|          0|
    |trunc_ln36_reg_806                     |  10|   0|   10|          0|
    |zext_ln59_reg_891                      |   6|   0|   64|         58|
    +---------------------------------------+----+----+-----+-----------+
    |Total                                  |1037|   0| 1095|         58|
    +---------------------------------------+----+----+-----+-----------+



================================================================
== Interface
================================================================
* Summary: 
+------------------------+-----+-----+------------+--------------+--------------+
|        RTL Ports       | Dir | Bits|  Protocol  | Source Object|    C Type    |
+------------------------+-----+-----+------------+--------------+--------------+
|s_axi_AXILiteS_AWVALID  |  in |    1|    s_axi   |   AXILiteS   |     array    |
|s_axi_AXILiteS_AWREADY  | out |    1|    s_axi   |   AXILiteS   |     array    |
|s_axi_AXILiteS_AWADDR   |  in |   10|    s_axi   |   AXILiteS   |     array    |
|s_axi_AXILiteS_WVALID   |  in |    1|    s_axi   |   AXILiteS   |     array    |
|s_axi_AXILiteS_WREADY   | out |    1|    s_axi   |   AXILiteS   |     array    |
|s_axi_AXILiteS_WDATA    |  in |   32|    s_axi   |   AXILiteS   |     array    |
|s_axi_AXILiteS_WSTRB    |  in |    4|    s_axi   |   AXILiteS   |     array    |
|s_axi_AXILiteS_ARVALID  |  in |    1|    s_axi   |   AXILiteS   |     array    |
|s_axi_AXILiteS_ARREADY  | out |    1|    s_axi   |   AXILiteS   |     array    |
|s_axi_AXILiteS_ARADDR   |  in |   10|    s_axi   |   AXILiteS   |     array    |
|s_axi_AXILiteS_RVALID   | out |    1|    s_axi   |   AXILiteS   |     array    |
|s_axi_AXILiteS_RREADY   |  in |    1|    s_axi   |   AXILiteS   |     array    |
|s_axi_AXILiteS_RDATA    | out |   32|    s_axi   |   AXILiteS   |     array    |
|s_axi_AXILiteS_RRESP    | out |    2|    s_axi   |   AXILiteS   |     array    |
|s_axi_AXILiteS_BVALID   | out |    1|    s_axi   |   AXILiteS   |     array    |
|s_axi_AXILiteS_BREADY   |  in |    1|    s_axi   |   AXILiteS   |     array    |
|s_axi_AXILiteS_BRESP    | out |    2|    s_axi   |   AXILiteS   |     array    |
|ap_clk                  |  in |    1| ap_ctrl_hs |    sha256    | return value |
|ap_rst_n                |  in |    1| ap_ctrl_hs |    sha256    | return value |
|interrupt               | out |    1| ap_ctrl_hs |    sha256    | return value |
+------------------------+-----+-----+------------+--------------+--------------+

