

================================================================
== Vivado HLS Report for 'sha256_transform'
================================================================
* Date:           Wed Apr 14 12:12:43 2021

* Version:        2019.1 (Build 2552052 on Fri May 24 15:28:33 MDT 2019)
* Project:        SHA
* Solution:       solution2_Kintex_with_hardware
* Product family: kintexu
* Target device:  xcku025-ffva1156-1-c


================================================================
== Performance Estimates
================================================================
+ Timing (ns): 
    * Summary: 
    +--------+-------+----------+------------+
    |  Clock | Target| Estimated| Uncertainty|
    +--------+-------+----------+------------+
    |ap_clk  |  10.00|     8.699|        1.25|
    +--------+-------+----------+------------+

+ Latency (clock cycles): 
    * Summary: 
    +-----+-----+-----+-----+----------+
    |  Latency  |  Interval | Pipeline |
    | min | max | min | max |   Type   |
    +-----+-----+-----+-----+----------+
    |   40|   40|    8|    8| function |
    +-----+-----+-----+-----+----------+

    + Detail: 
        * Instance: 
        +------------------+-------+-----+-----+-----+-----+----------+
        |                  |       |  Latency  |  Interval | Pipeline |
        |     Instance     | Module| min | max | min | max |   Type   |
        +------------------+-------+-----+-----+-----+-----+----------+
        |grp_CH_fu_862     |CH     |    0|    0|    1|    1| function |
        |grp_CH_fu_872     |CH     |    0|    0|    1|    1| function |
        |grp_CH_fu_879     |CH     |    0|    0|    1|    1| function |
        |grp_CH_fu_886     |CH     |    0|    0|    1|    1| function |
        |grp_CH_fu_893     |CH     |    0|    0|    1|    1| function |
        |grp_CH_fu_900     |CH     |    0|    0|    1|    1| function |
        |grp_CH_fu_907     |CH     |    0|    0|    1|    1| function |
        |grp_CH_fu_914     |CH     |    0|    0|    1|    1| function |
        |grp_MAJ_fu_921    |MAJ    |    0|    0|    1|    1| function |
        |grp_MAJ_fu_931    |MAJ    |    0|    0|    1|    1| function |
        |grp_MAJ_fu_938    |MAJ    |    0|    0|    1|    1| function |
        |grp_MAJ_fu_945    |MAJ    |    0|    0|    1|    1| function |
        |grp_MAJ_fu_952    |MAJ    |    0|    0|    1|    1| function |
        |grp_MAJ_fu_959    |MAJ    |    0|    0|    1|    1| function |
        |grp_MAJ_fu_966    |MAJ    |    0|    0|    1|    1| function |
        |grp_MAJ_fu_973    |MAJ    |    0|    0|    1|    1| function |
        |grp_EP1_fu_980    |EP1    |    0|    0|    1|    1| function |
        |grp_EP1_fu_986    |EP1    |    0|    0|    1|    1| function |
        |grp_EP1_fu_991    |EP1    |    0|    0|    1|    1| function |
        |grp_EP1_fu_996    |EP1    |    0|    0|    1|    1| function |
        |grp_EP1_fu_1001   |EP1    |    0|    0|    1|    1| function |
        |grp_EP1_fu_1006   |EP1    |    0|    0|    1|    1| function |
        |grp_EP1_fu_1011   |EP1    |    0|    0|    1|    1| function |
        |grp_EP1_fu_1016   |EP1    |    0|    0|    1|    1| function |
        |grp_EP0_fu_1021   |EP0    |    0|    0|    1|    1| function |
        |grp_EP0_fu_1027   |EP0    |    0|    0|    1|    1| function |
        |grp_EP0_fu_1032   |EP0    |    0|    0|    1|    1| function |
        |grp_EP0_fu_1037   |EP0    |    0|    0|    1|    1| function |
        |grp_EP0_fu_1042   |EP0    |    0|    0|    1|    1| function |
        |grp_EP0_fu_1047   |EP0    |    0|    0|    1|    1| function |
        |grp_EP0_fu_1052   |EP0    |    0|    0|    1|    1| function |
        |grp_EP0_fu_1057   |EP0    |    0|    0|    1|    1| function |
        |grp_SIG0_fu_1062  |SIG0   |    0|    0|    1|    1| function |
        |grp_SIG0_fu_1067  |SIG0   |    0|    0|    1|    1| function |
        |grp_SIG0_fu_1072  |SIG0   |    0|    0|    1|    1| function |
        |grp_SIG0_fu_1077  |SIG0   |    0|    0|    1|    1| function |
        |grp_SIG0_fu_1082  |SIG0   |    0|    0|    1|    1| function |
        |grp_SIG0_fu_1087  |SIG0   |    0|    0|    1|    1| function |
        |grp_SIG1_fu_1092  |SIG1   |    0|    0|    1|    1| function |
        |grp_SIG1_fu_1097  |SIG1   |    0|    0|    1|    1| function |
        |grp_SIG1_fu_1102  |SIG1   |    0|    0|    1|    1| function |
        |grp_SIG1_fu_1107  |SIG1   |    0|    0|    1|    1| function |
        |grp_SIG1_fu_1112  |SIG1   |    0|    0|    1|    1| function |
        |grp_SIG1_fu_1117  |SIG1   |    0|    0|    1|    1| function |
        +------------------+-------+-----+-----+-----+-----+----------+

        * Loop: 
        N/A



================================================================
== Utilization Estimates
================================================================
* Summary: 
+-----------------+---------+-------+--------+--------+-----+
|       Name      | BRAM_18K| DSP48E|   FF   |   LUT  | URAM|
+-----------------+---------+-------+--------+--------+-----+
|DSP              |        -|      -|       -|       -|    -|
|Expression       |        -|      -|       0|   15170|    -|
|FIFO             |        -|      -|       -|       -|    -|
|Instance         |        -|      -|       0|    3840|    -|
|Memory           |        -|      -|       -|       -|    -|
|Multiplexer      |        -|      -|       -|    3758|    -|
|Register         |        0|      -|   11278|     736|    -|
+-----------------+---------+-------+--------+--------+-----+
|Total            |        0|      0|   11278|   23504|    0|
+-----------------+---------+-------+--------+--------+-----+
|Available        |      720|   1152|  290880|  145440|    0|
+-----------------+---------+-------+--------+--------+-----+
|Utilization (%)  |        0|      0|       3|      16|    0|
+-----------------+---------+-------+--------+--------+-----+

+ Detail: 
    * Instance: 
    +------------------+-------+---------+-------+---+-----+-----+
    |     Instance     | Module| BRAM_18K| DSP48E| FF| LUT | URAM|
    +------------------+-------+---------+-------+---+-----+-----+
    |grp_CH_fu_862     |CH     |        0|      0|  0|  128|    0|
    |grp_CH_fu_872     |CH     |        0|      0|  0|  128|    0|
    |grp_CH_fu_879     |CH     |        0|      0|  0|  128|    0|
    |grp_CH_fu_886     |CH     |        0|      0|  0|  128|    0|
    |grp_CH_fu_893     |CH     |        0|      0|  0|  128|    0|
    |grp_CH_fu_900     |CH     |        0|      0|  0|  128|    0|
    |grp_CH_fu_907     |CH     |        0|      0|  0|  128|    0|
    |grp_CH_fu_914     |CH     |        0|      0|  0|  128|    0|
    |grp_EP0_fu_1021   |EP0    |        0|      0|  0|   64|    0|
    |grp_EP0_fu_1027   |EP0    |        0|      0|  0|   64|    0|
    |grp_EP0_fu_1032   |EP0    |        0|      0|  0|   64|    0|
    |grp_EP0_fu_1037   |EP0    |        0|      0|  0|   64|    0|
    |grp_EP0_fu_1042   |EP0    |        0|      0|  0|   64|    0|
    |grp_EP0_fu_1047   |EP0    |        0|      0|  0|   64|    0|
    |grp_EP0_fu_1052   |EP0    |        0|      0|  0|   64|    0|
    |grp_EP0_fu_1057   |EP0    |        0|      0|  0|   64|    0|
    |grp_EP1_fu_980    |EP1    |        0|      0|  0|   64|    0|
    |grp_EP1_fu_986    |EP1    |        0|      0|  0|   64|    0|
    |grp_EP1_fu_991    |EP1    |        0|      0|  0|   64|    0|
    |grp_EP1_fu_996    |EP1    |        0|      0|  0|   64|    0|
    |grp_EP1_fu_1001   |EP1    |        0|      0|  0|   64|    0|
    |grp_EP1_fu_1006   |EP1    |        0|      0|  0|   64|    0|
    |grp_EP1_fu_1011   |EP1    |        0|      0|  0|   64|    0|
    |grp_EP1_fu_1016   |EP1    |        0|      0|  0|   64|    0|
    |grp_MAJ_fu_921    |MAJ    |        0|      0|  0|  128|    0|
    |grp_MAJ_fu_931    |MAJ    |        0|      0|  0|  128|    0|
    |grp_MAJ_fu_938    |MAJ    |        0|      0|  0|  128|    0|
    |grp_MAJ_fu_945    |MAJ    |        0|      0|  0|  128|    0|
    |grp_MAJ_fu_952    |MAJ    |        0|      0|  0|  128|    0|
    |grp_MAJ_fu_959    |MAJ    |        0|      0|  0|  128|    0|
    |grp_MAJ_fu_966    |MAJ    |        0|      0|  0|  128|    0|
    |grp_MAJ_fu_973    |MAJ    |        0|      0|  0|  128|    0|
    |grp_SIG0_fu_1062  |SIG0   |        0|      0|  0|   64|    0|
    |grp_SIG0_fu_1067  |SIG0   |        0|      0|  0|   64|    0|
    |grp_SIG0_fu_1072  |SIG0   |        0|      0|  0|   64|    0|
    |grp_SIG0_fu_1077  |SIG0   |        0|      0|  0|   64|    0|
    |grp_SIG0_fu_1082  |SIG0   |        0|      0|  0|   64|    0|
    |grp_SIG0_fu_1087  |SIG0   |        0|      0|  0|   64|    0|
    |grp_SIG1_fu_1092  |SIG1   |        0|      0|  0|   64|    0|
    |grp_SIG1_fu_1097  |SIG1   |        0|      0|  0|   64|    0|
    |grp_SIG1_fu_1102  |SIG1   |        0|      0|  0|   64|    0|
    |grp_SIG1_fu_1107  |SIG1   |        0|      0|  0|   64|    0|
    |grp_SIG1_fu_1112  |SIG1   |        0|      0|  0|   64|    0|
    |grp_SIG1_fu_1117  |SIG1   |        0|      0|  0|   64|    0|
    +------------------+-------+---------+-------+---+-----+-----+
    |Total             |       |        0|      0|  0| 3840|    0|
    +------------------+-------+---------+-------+---+-----+-----+

    * DSP48E: 
    N/A

    * Memory: 
    N/A

    * FIFO: 
    N/A

    * Expression: 
    +-----------------------------+----------+-------+---+-----+------------+------------+
    |        Variable Name        | Operation| DSP48E| FF| LUT | Bitwidth P0| Bitwidth P1|
    +-----------------------------+----------+-------+---+-----+------------+------------+
    |add_ln100_fu_4958_p2         |     +    |      0|  0|   39|          32|          32|
    |add_ln101_1_fu_4985_p2       |     +    |      0|  0|   22|          32|          32|
    |add_ln101_fu_4989_p2         |     +    |      0|  0|   22|          32|          32|
    |add_ln102_fu_4962_p2         |     +    |      0|  0|   39|          32|          32|
    |add_ln103_fu_4967_p2         |     +    |      0|  0|   39|          32|          32|
    |add_ln104_fu_4971_p2         |     +    |      0|  0|   39|          32|          32|
    |add_ln72_100_fu_2891_p2      |     +    |      0|  0|   39|          32|          32|
    |add_ln72_102_fu_2902_p2      |     +    |      0|  0|   22|          32|          32|
    |add_ln72_103_fu_2908_p2      |     +    |      0|  0|   39|          32|          32|
    |add_ln72_106_fu_2918_p2      |     +    |      0|  0|   39|          32|          32|
    |add_ln72_109_fu_3005_p2      |     +    |      0|  0|   39|          32|          32|
    |add_ln72_10_fu_2085_p2       |     +    |      0|  0|   39|          32|          32|
    |add_ln72_112_fu_3016_p2      |     +    |      0|  0|   39|          32|          32|
    |add_ln72_115_fu_3027_p2      |     +    |      0|  0|   39|          32|          32|
    |add_ln72_117_fu_3038_p2      |     +    |      0|  0|   22|          32|          32|
    |add_ln72_118_fu_3044_p2      |     +    |      0|  0|   39|          32|          32|
    |add_ln72_120_fu_3055_p2      |     +    |      0|  0|   22|          32|          32|
    |add_ln72_121_fu_3061_p2      |     +    |      0|  0|   39|          32|          32|
    |add_ln72_123_fu_3071_p2      |     +    |      0|  0|   22|          32|          32|
    |add_ln72_124_fu_3077_p2      |     +    |      0|  0|   39|          32|          32|
    |add_ln72_126_fu_3148_p2      |     +    |      0|  0|   22|          32|          32|
    |add_ln72_127_fu_3154_p2      |     +    |      0|  0|   39|          32|          32|
    |add_ln72_12_fu_2097_p2       |     +    |      0|  0|   22|          32|          32|
    |add_ln72_130_fu_3165_p2      |     +    |      0|  0|   39|          32|          32|
    |add_ln72_132_fu_3176_p2      |     +    |      0|  0|   22|          32|          32|
    |add_ln72_133_fu_3182_p2      |     +    |      0|  0|   39|          32|          32|
    |add_ln72_135_fu_3193_p2      |     +    |      0|  0|   22|          32|          32|
    |add_ln72_136_fu_3199_p2      |     +    |      0|  0|   39|          32|          32|
    |add_ln72_13_fu_2103_p2       |     +    |      0|  0|   39|          32|          32|
    |add_ln72_15_fu_2113_p2       |     +    |      0|  0|   22|          32|          32|
    |add_ln72_16_fu_2118_p2       |     +    |      0|  0|   39|          32|          32|
    |add_ln72_18_fu_2189_p2       |     +    |      0|  0|   22|          32|          32|
    |add_ln72_19_fu_2194_p2       |     +    |      0|  0|   39|          32|          32|
    |add_ln72_1_fu_2044_p2        |     +    |      0|  0|   39|          32|          32|
    |add_ln72_21_fu_2206_p2       |     +    |      0|  0|   22|          32|          32|
    |add_ln72_22_fu_2211_p2       |     +    |      0|  0|   39|          32|          32|
    |add_ln72_24_fu_2223_p2       |     +    |      0|  0|   22|          32|          32|
    |add_ln72_25_fu_2228_p2       |     +    |      0|  0|   39|          32|          32|
    |add_ln72_27_fu_2240_p2       |     +    |      0|  0|   22|          32|          32|
    |add_ln72_28_fu_2245_p2       |     +    |      0|  0|   39|          32|          32|
    |add_ln72_30_fu_2256_p2       |     +    |      0|  0|   22|          32|          32|
    |add_ln72_31_fu_2261_p2       |     +    |      0|  0|   39|          32|          32|
    |add_ln72_33_fu_2271_p2       |     +    |      0|  0|   22|          32|          32|
    |add_ln72_34_fu_2276_p2       |     +    |      0|  0|   39|          32|          32|
    |add_ln72_36_fu_2363_p2       |     +    |      0|  0|   22|          32|          32|
    |add_ln72_37_fu_2368_p2       |     +    |      0|  0|   39|          32|          32|
    |add_ln72_39_fu_1268_p2       |     +    |      0|  0|   22|          32|          32|
    |add_ln72_3_fu_1262_p2        |     +    |      0|  0|   22|          32|          32|
    |add_ln72_40_fu_2380_p2       |     +    |      0|  0|   39|          32|          32|
    |add_ln72_42_fu_1280_p2       |     +    |      0|  0|   22|          32|          32|
    |add_ln72_43_fu_2391_p2       |     +    |      0|  0|   39|          32|          32|
    |add_ln72_45_fu_2402_p2       |     +    |      0|  0|   22|          32|          32|
    |add_ln72_46_fu_2408_p2       |     +    |      0|  0|   39|          32|          32|
    |add_ln72_48_fu_2419_p2       |     +    |      0|  0|   22|          32|          32|
    |add_ln72_49_fu_2425_p2       |     +    |      0|  0|   39|          32|          32|
    |add_ln72_4_fu_2056_p2        |     +    |      0|  0|   39|          32|          32|
    |add_ln72_51_fu_2435_p2       |     +    |      0|  0|   22|          32|          32|
    |add_ln72_52_fu_2441_p2       |     +    |      0|  0|   39|          32|          32|
    |add_ln72_54_fu_2528_p2       |     +    |      0|  0|   22|          32|          32|
    |add_ln72_55_fu_2534_p2       |     +    |      0|  0|   39|          32|          32|
    |add_ln72_57_fu_2545_p2       |     +    |      0|  0|   22|          32|          32|
    |add_ln72_58_fu_2551_p2       |     +    |      0|  0|   39|          32|          32|
    |add_ln72_60_fu_2562_p2       |     +    |      0|  0|   22|          32|          32|
    |add_ln72_61_fu_2568_p2       |     +    |      0|  0|   39|          32|          32|
    |add_ln72_63_fu_2579_p2       |     +    |      0|  0|   22|          32|          32|
    |add_ln72_64_fu_2585_p2       |     +    |      0|  0|   39|          32|          32|
    |add_ln72_66_fu_2596_p2       |     +    |      0|  0|   22|          32|          32|
    |add_ln72_67_fu_2602_p2       |     +    |      0|  0|   39|          32|          32|
    |add_ln72_6_fu_1274_p2        |     +    |      0|  0|   22|          32|          32|
    |add_ln72_70_fu_2612_p2       |     +    |      0|  0|   39|          32|          32|
    |add_ln72_73_fu_2683_p2       |     +    |      0|  0|   39|          32|          32|
    |add_ln72_76_fu_2694_p2       |     +    |      0|  0|   39|          32|          32|
    |add_ln72_79_fu_2705_p2       |     +    |      0|  0|   39|          32|          32|
    |add_ln72_7_fu_2068_p2        |     +    |      0|  0|   39|          32|          32|
    |add_ln72_81_fu_2716_p2       |     +    |      0|  0|   22|          32|          32|
    |add_ln72_82_fu_2721_p2       |     +    |      0|  0|   39|          32|          32|
    |add_ln72_84_fu_2732_p2       |     +    |      0|  0|   22|          32|          32|
    |add_ln72_85_fu_2738_p2       |     +    |      0|  0|   39|          32|          32|
    |add_ln72_87_fu_2748_p2       |     +    |      0|  0|   22|          32|          32|
    |add_ln72_88_fu_2754_p2       |     +    |      0|  0|   39|          32|          32|
    |add_ln72_90_fu_2840_p2       |     +    |      0|  0|   22|          32|          32|
    |add_ln72_91_fu_2846_p2       |     +    |      0|  0|   39|          32|          32|
    |add_ln72_94_fu_2857_p2       |     +    |      0|  0|   39|          32|          32|
    |add_ln72_96_fu_2868_p2       |     +    |      0|  0|   22|          32|          32|
    |add_ln72_97_fu_2874_p2       |     +    |      0|  0|   39|          32|          32|
    |add_ln72_99_fu_2885_p2       |     +    |      0|  0|   22|          32|          32|
    |add_ln72_9_fu_2080_p2        |     +    |      0|  0|   22|          32|          32|
    |add_ln72_fu_2039_p2          |     +    |      0|  0|   22|          32|          32|
    |add_ln85_100_fu_3302_p2      |     +    |      0|  0|   22|          32|          32|
    |add_ln85_101_fu_3308_p2      |     +    |      0|  0|   22|          32|          32|
    |add_ln85_102_fu_3313_p2      |     +    |      0|  0|   22|          32|          32|
    |add_ln85_103_fu_3318_p2      |     +    |      0|  0|   22|          32|          32|
    |add_ln85_104_fu_3345_p2      |     +    |      0|  0|   22|          32|          32|
    |add_ln85_105_fu_3351_p2      |     +    |      0|  0|   22|          32|          32|
    |add_ln85_106_fu_3356_p2      |     +    |      0|  0|   22|          32|          32|
    |add_ln85_107_fu_3361_p2      |     +    |      0|  0|   22|          32|          32|
    |add_ln85_108_fu_3386_p2      |     +    |      0|  0|   22|          32|          32|
    |add_ln85_109_fu_3392_p2      |     +    |      0|  0|   22|          32|          32|
    |add_ln85_10_fu_1467_p2       |     +    |      0|  0|   22|          32|          32|
    |add_ln85_110_fu_3397_p2      |     +    |      0|  0|   22|          32|          32|
    |add_ln85_111_fu_3402_p2      |     +    |      0|  0|   22|          32|          32|
    |add_ln85_112_fu_3440_p2      |     +    |      0|  0|   22|          32|          32|
    |add_ln85_113_fu_3429_p2      |     +    |      0|  0|   22|          32|          31|
    |add_ln85_114_fu_3434_p2      |     +    |      0|  0|   22|          32|          32|
    |add_ln85_115_fu_3445_p2      |     +    |      0|  0|   22|          32|          32|
    |add_ln85_116_fu_3473_p2      |     +    |      0|  0|   22|          32|          32|
    |add_ln85_117_fu_3478_p2      |     +    |      0|  0|   22|          32|          31|
    |add_ln85_118_fu_3483_p2      |     +    |      0|  0|   22|          32|          32|
    |add_ln85_119_fu_3489_p2      |     +    |      0|  0|   22|          32|          32|
    |add_ln85_11_fu_1472_p2       |     +    |      0|  0|   22|          32|          32|
    |add_ln85_120_fu_3516_p2      |     +    |      0|  0|   22|          32|          32|
    |add_ln85_121_fu_3521_p2      |     +    |      0|  0|   22|          32|          27|
    |add_ln85_122_fu_3526_p2      |     +    |      0|  0|   22|          32|          32|
    |add_ln85_123_fu_3532_p2      |     +    |      0|  0|   22|          32|          32|
    |add_ln85_124_fu_3559_p2      |     +    |      0|  0|   22|          32|          32|
    |add_ln85_125_fu_3564_p2      |     +    |      0|  0|   22|          32|          29|
    |add_ln85_126_fu_3569_p2      |     +    |      0|  0|   22|          32|          32|
    |add_ln85_127_fu_3575_p2      |     +    |      0|  0|   22|          32|          32|
    |add_ln85_128_fu_3600_p2      |     +    |      0|  0|   22|          32|          32|
    |add_ln85_129_fu_3605_p2      |     +    |      0|  0|   22|          32|          30|
    |add_ln85_12_fu_1537_p2       |     +    |      0|  0|   22|          32|          32|
    |add_ln85_130_fu_3610_p2      |     +    |      0|  0|   22|          32|          32|
    |add_ln85_131_fu_3616_p2      |     +    |      0|  0|   22|          32|          32|
    |add_ln85_132_fu_3654_p2      |     +    |      0|  0|   22|          32|          32|
    |add_ln85_133_fu_3643_p2      |     +    |      0|  0|   22|          32|          30|
    |add_ln85_134_fu_3648_p2      |     +    |      0|  0|   22|          32|          32|
    |add_ln85_135_fu_3659_p2      |     +    |      0|  0|   22|          32|          32|
    |add_ln85_136_fu_3687_p2      |     +    |      0|  0|   22|          32|          32|
    |add_ln85_137_fu_3692_p2      |     +    |      0|  0|   22|          32|          31|
    |add_ln85_138_fu_3697_p2      |     +    |      0|  0|   22|          32|          32|
    |add_ln85_139_fu_3703_p2      |     +    |      0|  0|   22|          32|          32|
    |add_ln85_13_fu_1499_p2       |     +    |      0|  0|   22|          32|          30|
    |add_ln85_140_fu_3730_p2      |     +    |      0|  0|   22|          32|          32|
    |add_ln85_141_fu_3735_p2      |     +    |      0|  0|   22|          32|          31|
    |add_ln85_142_fu_3740_p2      |     +    |      0|  0|   22|          32|          32|
    |add_ln85_143_fu_3746_p2      |     +    |      0|  0|   22|          32|          32|
    |add_ln85_144_fu_3773_p2      |     +    |      0|  0|   22|          32|          32|
    |add_ln85_145_fu_3778_p2      |     +    |      0|  0|   22|          32|          31|
    |add_ln85_146_fu_3783_p2      |     +    |      0|  0|   22|          32|          32|
    |add_ln85_147_fu_3789_p2      |     +    |      0|  0|   22|          32|          32|
    |add_ln85_148_fu_3814_p2      |     +    |      0|  0|   22|          32|          32|
    |add_ln85_149_fu_3819_p2      |     +    |      0|  0|   22|          32|          31|
    |add_ln85_14_fu_1505_p2       |     +    |      0|  0|   22|          32|          32|
    |add_ln85_150_fu_3824_p2      |     +    |      0|  0|   22|          32|          32|
    |add_ln85_151_fu_3830_p2      |     +    |      0|  0|   22|          32|          32|
    |add_ln85_152_fu_3867_p2      |     +    |      0|  0|   22|          32|          32|
    |add_ln85_153_fu_3857_p2      |     +    |      0|  0|   22|          32|          32|
    |add_ln85_154_fu_3862_p2      |     +    |      0|  0|   22|          32|          32|
    |add_ln85_155_fu_3873_p2      |     +    |      0|  0|   22|          32|          32|
    |add_ln85_156_fu_3901_p2      |     +    |      0|  0|   22|          32|          32|
    |add_ln85_157_fu_3907_p2      |     +    |      0|  0|   22|          32|          32|
    |add_ln85_158_fu_3912_p2      |     +    |      0|  0|   22|          32|          32|
    |add_ln85_159_fu_3917_p2      |     +    |      0|  0|   22|          32|          32|
    |add_ln85_15_fu_1542_p2       |     +    |      0|  0|   22|          32|          32|
    |add_ln85_160_fu_3944_p2      |     +    |      0|  0|   22|          32|          32|
    |add_ln85_161_fu_3949_p2      |     +    |      0|  0|   22|          32|          32|
    |add_ln85_162_fu_3953_p2      |     +    |      0|  0|   22|          32|          32|
    |add_ln85_163_fu_3958_p2      |     +    |      0|  0|   22|          32|          32|
    |add_ln85_164_fu_3983_p2      |     +    |      0|  0|   22|          32|          32|
    |add_ln85_165_fu_3989_p2      |     +    |      0|  0|   22|          32|          32|
    |add_ln85_166_fu_3994_p2      |     +    |      0|  0|   22|          32|          32|
    |add_ln85_167_fu_3999_p2      |     +    |      0|  0|   22|          32|          32|
    |add_ln85_168_fu_4024_p2      |     +    |      0|  0|   22|          32|          32|
    |add_ln85_169_fu_4029_p2      |     +    |      0|  0|   22|          32|          31|
    |add_ln85_16_fu_1570_p2       |     +    |      0|  0|   22|          32|          32|
    |add_ln85_170_fu_4034_p2      |     +    |      0|  0|   22|          32|          32|
    |add_ln85_171_fu_4040_p2      |     +    |      0|  0|   22|          32|          32|
    |add_ln85_172_fu_4078_p2      |     +    |      0|  0|   22|          32|          32|
    |add_ln85_173_fu_4067_p2      |     +    |      0|  0|   22|          32|          31|
    |add_ln85_174_fu_4072_p2      |     +    |      0|  0|   22|          32|          32|
    |add_ln85_175_fu_4083_p2      |     +    |      0|  0|   22|          32|          32|
    |add_ln85_176_fu_4111_p2      |     +    |      0|  0|   22|          32|          32|
    |add_ln85_177_fu_4116_p2      |     +    |      0|  0|   22|          32|          31|
    |add_ln85_178_fu_4121_p2      |     +    |      0|  0|   22|          32|          32|
    |add_ln85_179_fu_4127_p2      |     +    |      0|  0|   22|          32|          32|
    |add_ln85_17_fu_1575_p2       |     +    |      0|  0|   22|          32|          30|
    |add_ln85_180_fu_4154_p2      |     +    |      0|  0|   22|          32|          32|
    |add_ln85_181_fu_4159_p2      |     +    |      0|  0|   22|          32|          31|
    |add_ln85_182_fu_4164_p2      |     +    |      0|  0|   22|          32|          32|
    |add_ln85_183_fu_4170_p2      |     +    |      0|  0|   22|          32|          32|
    |add_ln85_184_fu_4197_p2      |     +    |      0|  0|   22|          32|          32|
    |add_ln85_185_fu_4202_p2      |     +    |      0|  0|   22|          32|          29|
    |add_ln85_186_fu_4207_p2      |     +    |      0|  0|   22|          32|          32|
    |add_ln85_187_fu_4213_p2      |     +    |      0|  0|   22|          32|          32|
    |add_ln85_188_fu_4238_p2      |     +    |      0|  0|   22|          32|          32|
    |add_ln85_189_fu_4243_p2      |     +    |      0|  0|   22|          32|          29|
    |add_ln85_18_fu_1581_p2       |     +    |      0|  0|   22|          32|          32|
    |add_ln85_190_fu_4248_p2      |     +    |      0|  0|   22|          32|          32|
    |add_ln85_191_fu_4254_p2      |     +    |      0|  0|   22|          32|          32|
    |add_ln85_192_fu_4307_p2      |     +    |      0|  0|   22|          32|          32|
    |add_ln85_193_fu_4281_p2      |     +    |      0|  0|   22|          32|          29|
    |add_ln85_194_fu_4286_p2      |     +    |      0|  0|   22|          32|          32|
    |add_ln85_195_fu_4312_p2      |     +    |      0|  0|   22|          32|          32|
    |add_ln85_196_fu_4340_p2      |     +    |      0|  0|   22|          32|          32|
    |add_ln85_197_fu_4345_p2      |     +    |      0|  0|   22|          32|          29|
    |add_ln85_198_fu_4350_p2      |     +    |      0|  0|   22|          32|          32|
    |add_ln85_199_fu_4356_p2      |     +    |      0|  0|   22|          32|          32|
    |add_ln85_19_fu_1587_p2       |     +    |      0|  0|   22|          32|          32|
    |add_ln85_1_fu_1346_p2        |     +    |      0|  0|   22|          32|          31|
    |add_ln85_200_fu_4383_p2      |     +    |      0|  0|   22|          32|          32|
    |add_ln85_201_fu_4388_p2      |     +    |      0|  0|   22|          32|          30|
    |add_ln85_202_fu_4393_p2      |     +    |      0|  0|   22|          32|          32|
    |add_ln85_203_fu_4399_p2      |     +    |      0|  0|   22|          32|          32|
    |add_ln85_204_fu_4426_p2      |     +    |      0|  0|   22|          32|          32|
    |add_ln85_205_fu_4431_p2      |     +    |      0|  0|   22|          32|          30|
    |add_ln85_206_fu_4436_p2      |     +    |      0|  0|   22|          32|          32|
    |add_ln85_207_fu_4442_p2      |     +    |      0|  0|   22|          32|          32|
    |add_ln85_208_fu_4467_p2      |     +    |      0|  0|   22|          32|          32|
    |add_ln85_209_fu_4472_p2      |     +    |      0|  0|   22|          32|          30|
    |add_ln85_20_fu_1640_p2       |     +    |      0|  0|   22|          32|          32|
    |add_ln85_210_fu_4477_p2      |     +    |      0|  0|   22|          32|          32|
    |add_ln85_211_fu_4483_p2      |     +    |      0|  0|   22|          32|          32|
    |add_ln85_212_fu_4521_p2      |     +    |      0|  0|   22|          32|          32|
    |add_ln85_213_fu_4510_p2      |     +    |      0|  0|   22|          32|          31|
    |add_ln85_214_fu_4515_p2      |     +    |      0|  0|   22|          32|          32|
    |add_ln85_215_fu_4526_p2      |     +    |      0|  0|   22|          32|          32|
    |add_ln85_216_fu_4554_p2      |     +    |      0|  0|   22|          32|          32|
    |add_ln85_217_fu_4559_p2      |     +    |      0|  0|   22|          32|          31|
    |add_ln85_218_fu_4564_p2      |     +    |      0|  0|   22|          32|          32|
    |add_ln85_219_fu_4570_p2      |     +    |      0|  0|   22|          32|          32|
    |add_ln85_21_fu_1645_p2       |     +    |      0|  0|   22|          32|          31|
    |add_ln85_220_fu_4597_p2      |     +    |      0|  0|   22|          32|          32|
    |add_ln85_221_fu_4602_p2      |     +    |      0|  0|   22|          32|          31|
    |add_ln85_222_fu_4607_p2      |     +    |      0|  0|   22|          32|          32|
    |add_ln85_223_fu_4612_p2      |     +    |      0|  0|   22|          32|          32|
    |add_ln85_224_fu_4639_p2      |     +    |      0|  0|   22|          32|          32|
    |add_ln85_225_fu_4644_p2      |     +    |      0|  0|   22|          32|          31|
    |add_ln85_226_fu_4649_p2      |     +    |      0|  0|   22|          32|          32|
    |add_ln85_227_fu_4655_p2      |     +    |      0|  0|   22|          32|          32|
    |add_ln85_228_fu_4679_p2      |     +    |      0|  0|   22|          32|          32|
    |add_ln85_229_fu_4684_p2      |     +    |      0|  0|   22|          32|          31|
    |add_ln85_22_fu_1650_p2       |     +    |      0|  0|   22|          32|          32|
    |add_ln85_230_fu_4689_p2      |     +    |      0|  0|   22|          32|          32|
    |add_ln85_231_fu_4695_p2      |     +    |      0|  0|   22|          32|          32|
    |add_ln85_232_fu_4718_p2      |     +    |      0|  0|   22|          32|          32|
    |add_ln85_233_fu_4724_p2      |     +    |      0|  0|   22|          32|          32|
    |add_ln85_234_fu_4729_p2      |     +    |      0|  0|   22|          32|          32|
    |add_ln85_235_fu_4734_p2      |     +    |      0|  0|   22|          32|          32|
    |add_ln85_236_fu_4761_p2      |     +    |      0|  0|   22|          32|          32|
    |add_ln85_237_fu_4767_p2      |     +    |      0|  0|   22|          32|          32|
    |add_ln85_238_fu_4772_p2      |     +    |      0|  0|   22|          32|          32|
    |add_ln85_239_fu_4777_p2      |     +    |      0|  0|   22|          32|          32|
    |add_ln85_23_fu_1656_p2       |     +    |      0|  0|   22|          32|          32|
    |add_ln85_240_fu_4802_p2      |     +    |      0|  0|   22|          32|          32|
    |add_ln85_241_fu_4808_p2      |     +    |      0|  0|   22|          32|          32|
    |add_ln85_242_fu_4813_p2      |     +    |      0|  0|   22|          32|          32|
    |add_ln85_243_fu_4818_p2      |     +    |      0|  0|   22|          32|          32|
    |add_ln85_244_fu_4841_p2      |     +    |      0|  0|   22|          32|          32|
    |add_ln85_245_fu_4847_p2      |     +    |      0|  0|   22|          32|          32|
    |add_ln85_246_fu_4852_p2      |     +    |      0|  0|   22|          32|          32|
    |add_ln85_247_fu_4857_p2      |     +    |      0|  0|   22|          32|          32|
    |add_ln85_248_fu_4880_p2      |     +    |      0|  0|   39|          32|          32|
    |add_ln85_249_fu_4886_p2      |     +    |      0|  0|   39|          32|          32|
    |add_ln85_24_fu_1683_p2       |     +    |      0|  0|   22|          32|          32|
    |add_ln85_250_fu_4891_p2      |     +    |      0|  0|   22|          32|          32|
    |add_ln85_251_fu_3286_p2      |     +    |      0|  0|   22|          32|          32|
    |add_ln85_252_fu_4897_p2      |     +    |      0|  0|   22|          32|          32|
    |add_ln85_253_fu_3291_p2      |     +    |      0|  0|   39|          32|          32|
    |add_ln85_254_fu_3296_p2      |     +    |      0|  0|   22|          32|          32|
    |add_ln85_255_fu_4939_p2      |     +    |      0|  0|   22|          32|          32|
    |add_ln85_256_fu_4923_p2      |     +    |      0|  0|   39|          32|          32|
    |add_ln85_257_fu_4928_p2      |     +    |      0|  0|   39|          32|          32|
    |add_ln85_258_fu_4933_p2      |     +    |      0|  0|   22|          32|          32|
    |add_ln85_259_fu_4292_p2      |     +    |      0|  0|   22|          32|          32|
    |add_ln85_25_fu_1689_p2       |     +    |      0|  0|   22|          32|          32|
    |add_ln85_260_fu_4296_p2      |     +    |      0|  0|   39|          32|          31|
    |add_ln85_261_fu_4301_p2      |     +    |      0|  0|   22|          32|          32|
    |add_ln85_26_fu_1695_p2       |     +    |      0|  0|   22|          32|          32|
    |add_ln85_27_fu_1700_p2       |     +    |      0|  0|   22|          32|          32|
    |add_ln85_28_fu_1751_p2       |     +    |      0|  0|   22|          32|          32|
    |add_ln85_29_fu_1757_p2       |     +    |      0|  0|   22|          32|          32|
    |add_ln85_2_fu_1352_p2        |     +    |      0|  0|   22|          32|          32|
    |add_ln85_30_fu_1762_p2       |     +    |      0|  0|   22|          32|          32|
    |add_ln85_31_fu_1767_p2       |     +    |      0|  0|   22|          32|          32|
    |add_ln85_32_fu_1832_p2       |     +    |      0|  0|   22|          32|          32|
    |add_ln85_33_fu_1794_p2       |     +    |      0|  0|   22|          32|          31|
    |add_ln85_34_fu_1800_p2       |     +    |      0|  0|   22|          32|          32|
    |add_ln85_35_fu_1837_p2       |     +    |      0|  0|   22|          32|          32|
    |add_ln85_36_fu_1865_p2       |     +    |      0|  0|   22|          32|          32|
    |add_ln85_37_fu_1870_p2       |     +    |      0|  0|   22|          32|          29|
    |add_ln85_38_fu_1875_p2       |     +    |      0|  0|   22|          32|          32|
    |add_ln85_39_fu_1881_p2       |     +    |      0|  0|   22|          32|          32|
    |add_ln85_3_fu_1357_p2        |     +    |      0|  0|   22|          32|          32|
    |add_ln85_40_fu_1934_p2       |     +    |      0|  0|   22|          32|          32|
    |add_ln85_41_fu_1939_p2       |     +    |      0|  0|   22|          32|          30|
    |add_ln85_42_fu_1944_p2       |     +    |      0|  0|   22|          32|          32|
    |add_ln85_43_fu_1950_p2       |     +    |      0|  0|   22|          32|          32|
    |add_ln85_44_fu_1977_p2       |     +    |      0|  0|   22|          32|          32|
    |add_ln85_45_fu_1982_p2       |     +    |      0|  0|   22|          32|          31|
    |add_ln85_46_fu_1987_p2       |     +    |      0|  0|   22|          32|          32|
    |add_ln85_47_fu_1993_p2       |     +    |      0|  0|   22|          32|          32|
    |add_ln85_48_fu_2136_p2       |     +    |      0|  0|   22|          32|          32|
    |add_ln85_49_fu_2141_p2       |     +    |      0|  0|   22|          32|          31|
    |add_ln85_4_fu_1385_p2        |     +    |      0|  0|   22|          32|          32|
    |add_ln85_50_fu_2146_p2       |     +    |      0|  0|   22|          32|          32|
    |add_ln85_51_fu_2152_p2       |     +    |      0|  0|   22|          32|          32|
    |add_ln85_52_fu_2286_p2       |     +    |      0|  0|   22|          32|          32|
    |add_ln85_53_fu_2179_p2       |     +    |      0|  0|   22|          32|          32|
    |add_ln85_54_fu_2184_p2       |     +    |      0|  0|   22|          32|          32|
    |add_ln85_55_fu_2292_p2       |     +    |      0|  0|   22|          32|          32|
    |add_ln85_56_fu_2320_p2       |     +    |      0|  0|   22|          32|          32|
    |add_ln85_57_fu_2326_p2       |     +    |      0|  0|   22|          32|          32|
    |add_ln85_58_fu_2331_p2       |     +    |      0|  0|   22|          32|          32|
    |add_ln85_59_fu_2336_p2       |     +    |      0|  0|   22|          32|          32|
    |add_ln85_5_fu_1390_p2        |     +    |      0|  0|   22|          32|          31|
    |add_ln85_60_fu_2451_p2       |     +    |      0|  0|   22|          32|          32|
    |add_ln85_61_fu_2456_p2       |     +    |      0|  0|   22|          32|          31|
    |add_ln85_62_fu_2461_p2       |     +    |      0|  0|   22|          32|          32|
    |add_ln85_63_fu_2467_p2       |     +    |      0|  0|   22|          32|          32|
    |add_ln85_64_fu_2494_p2       |     +    |      0|  0|   22|          32|          32|
    |add_ln85_65_fu_2499_p2       |     +    |      0|  0|   22|          32|          30|
    |add_ln85_66_fu_2504_p2       |     +    |      0|  0|   22|          32|          32|
    |add_ln85_67_fu_2510_p2       |     +    |      0|  0|   22|          32|          32|
    |add_ln85_68_fu_2629_p2       |     +    |      0|  0|   22|          32|          32|
    |add_ln85_69_fu_2634_p2       |     +    |      0|  0|   22|          32|          30|
    |add_ln85_6_fu_1396_p2        |     +    |      0|  0|   22|          32|          32|
    |add_ln85_70_fu_2639_p2       |     +    |      0|  0|   22|          32|          32|
    |add_ln85_71_fu_2645_p2       |     +    |      0|  0|   22|          32|          32|
    |add_ln85_72_fu_2764_p2       |     +    |      0|  0|   22|          32|          32|
    |add_ln85_73_fu_2672_p2       |     +    |      0|  0|   22|          32|          28|
    |add_ln85_74_fu_2677_p2       |     +    |      0|  0|   22|          32|          32|
    |add_ln85_75_fu_2769_p2       |     +    |      0|  0|   22|          32|          32|
    |add_ln85_76_fu_2797_p2       |     +    |      0|  0|   22|          32|          32|
    |add_ln85_77_fu_2802_p2       |     +    |      0|  0|   22|          32|          30|
    |add_ln85_78_fu_2807_p2       |     +    |      0|  0|   22|          32|          32|
    |add_ln85_79_fu_2813_p2       |     +    |      0|  0|   22|          32|          32|
    |add_ln85_7_fu_1402_p2        |     +    |      0|  0|   22|          32|          32|
    |add_ln85_80_fu_2928_p2       |     +    |      0|  0|   22|          32|          32|
    |add_ln85_81_fu_2933_p2       |     +    |      0|  0|   22|          32|          30|
    |add_ln85_82_fu_2938_p2       |     +    |      0|  0|   22|          32|          32|
    |add_ln85_83_fu_2944_p2       |     +    |      0|  0|   22|          32|          32|
    |add_ln85_84_fu_2971_p2       |     +    |      0|  0|   22|          32|          32|
    |add_ln85_85_fu_2976_p2       |     +    |      0|  0|   22|          32|          31|
    |add_ln85_86_fu_2981_p2       |     +    |      0|  0|   22|          32|          32|
    |add_ln85_87_fu_2987_p2       |     +    |      0|  0|   22|          32|          32|
    |add_ln85_88_fu_3094_p2       |     +    |      0|  0|   22|          32|          32|
    |add_ln85_89_fu_3099_p2       |     +    |      0|  0|   22|          32|          31|
    |add_ln85_8_fu_1455_p2        |     +    |      0|  0|   22|          32|          32|
    |add_ln85_90_fu_3104_p2       |     +    |      0|  0|   22|          32|          32|
    |add_ln85_91_fu_3110_p2       |     +    |      0|  0|   22|          32|          32|
    |add_ln85_92_fu_3210_p2       |     +    |      0|  0|   22|          32|          32|
    |add_ln85_93_fu_3137_p2       |     +    |      0|  0|   22|          32|          31|
    |add_ln85_94_fu_3142_p2       |     +    |      0|  0|   22|          32|          32|
    |add_ln85_95_fu_3215_p2       |     +    |      0|  0|   22|          32|          32|
    |add_ln85_96_fu_3243_p2       |     +    |      0|  0|   22|          32|          32|
    |add_ln85_97_fu_3249_p2       |     +    |      0|  0|   22|          32|          32|
    |add_ln85_98_fu_3254_p2       |     +    |      0|  0|   22|          32|          32|
    |add_ln85_99_fu_3259_p2       |     +    |      0|  0|   22|          32|          32|
    |add_ln85_9_fu_1461_p2        |     +    |      0|  0|   22|          32|          32|
    |add_ln85_fu_1341_p2          |     +    |      0|  0|   22|          32|          32|
    |add_ln90_10_fu_1956_p2       |     +    |      0|  0|   39|          32|          32|
    |add_ln90_11_fu_2129_p2       |     +    |      0|  0|   39|          32|          32|
    |add_ln90_12_fu_2158_p2       |     +    |      0|  0|   39|          32|          32|
    |add_ln90_13_fu_2297_p2       |     +    |      0|  0|   39|          32|          32|
    |add_ln90_14_fu_2342_p2       |     +    |      0|  0|   39|          32|          32|
    |add_ln90_15_fu_2473_p2       |     +    |      0|  0|   39|          32|          32|
    |add_ln90_16_fu_2622_p2       |     +    |      0|  0|   39|          32|          32|
    |add_ln90_17_fu_2651_p2       |     +    |      0|  0|   39|          32|          32|
    |add_ln90_18_fu_2774_p2       |     +    |      0|  0|   39|          32|          32|
    |add_ln90_19_fu_2819_p2       |     +    |      0|  0|   39|          32|          32|
    |add_ln90_1_fu_1434_p2        |     +    |      0|  0|   39|          32|          32|
    |add_ln90_20_fu_2950_p2       |     +    |      0|  0|   39|          32|          32|
    |add_ln90_21_fu_3087_p2       |     +    |      0|  0|   39|          32|          32|
    |add_ln90_22_fu_3116_p2       |     +    |      0|  0|   39|          32|          32|
    |add_ln90_23_fu_3220_p2       |     +    |      0|  0|   39|          32|          32|
    |add_ln90_24_fu_3265_p2       |     +    |      0|  0|   39|          32|          32|
    |add_ln90_25_fu_3324_p2       |     +    |      0|  0|   39|          32|          32|
    |add_ln90_26_fu_3379_p2       |     +    |      0|  0|   39|          32|          32|
    |add_ln90_27_fu_3408_p2       |     +    |      0|  0|   39|          32|          32|
    |add_ln90_28_fu_3450_p2       |     +    |      0|  0|   39|          32|          32|
    |add_ln90_29_fu_3495_p2       |     +    |      0|  0|   39|          32|          32|
    |add_ln90_2_fu_1478_p2        |     +    |      0|  0|   39|          32|          32|
    |add_ln90_30_fu_3538_p2       |     +    |      0|  0|   39|          32|          32|
    |add_ln90_31_fu_3593_p2       |     +    |      0|  0|   39|          32|          32|
    |add_ln90_32_fu_3622_p2       |     +    |      0|  0|   39|          32|          32|
    |add_ln90_33_fu_3664_p2       |     +    |      0|  0|   39|          32|          32|
    |add_ln90_34_fu_3709_p2       |     +    |      0|  0|   39|          32|          32|
    |add_ln90_35_fu_3752_p2       |     +    |      0|  0|   39|          32|          32|
    |add_ln90_36_fu_3807_p2       |     +    |      0|  0|   39|          32|          32|
    |add_ln90_37_fu_3836_p2       |     +    |      0|  0|   39|          32|          32|
    |add_ln90_38_fu_3878_p2       |     +    |      0|  0|   39|          32|          32|
    |add_ln90_39_fu_3923_p2       |     +    |      0|  0|   39|          32|          32|
    |add_ln90_3_fu_1547_p2        |     +    |      0|  0|   39|          32|          32|
    |add_ln90_40_fu_3964_p2       |     +    |      0|  0|   39|          32|          32|
    |add_ln90_41_fu_4017_p2       |     +    |      0|  0|   39|          32|          32|
    |add_ln90_42_fu_4046_p2       |     +    |      0|  0|   39|          32|          32|
    |add_ln90_43_fu_4088_p2       |     +    |      0|  0|   39|          32|          32|
    |add_ln90_44_fu_4133_p2       |     +    |      0|  0|   39|          32|          32|
    |add_ln90_45_fu_4176_p2       |     +    |      0|  0|   39|          32|          32|
    |add_ln90_46_fu_4231_p2       |     +    |      0|  0|   39|          32|          32|
    |add_ln90_47_fu_4260_p2       |     +    |      0|  0|   39|          32|          32|
    |add_ln90_48_fu_4317_p2       |     +    |      0|  0|   39|          32|          32|
    |add_ln90_49_fu_4362_p2       |     +    |      0|  0|   39|          32|          32|
    |add_ln90_4_fu_1593_p2        |     +    |      0|  0|   39|          32|          32|
    |add_ln90_50_fu_4405_p2       |     +    |      0|  0|   39|          32|          32|
    |add_ln90_51_fu_4460_p2       |     +    |      0|  0|   39|          32|          32|
    |add_ln90_52_fu_4489_p2       |     +    |      0|  0|   39|          32|          32|
    |add_ln90_53_fu_4531_p2       |     +    |      0|  0|   39|          32|          32|
    |add_ln90_54_fu_4576_p2       |     +    |      0|  0|   39|          32|          32|
    |add_ln90_55_fu_4618_p2       |     +    |      0|  0|   39|          32|          32|
    |add_ln90_56_fu_4673_p2       |     +    |      0|  0|   39|          32|          32|
    |add_ln90_57_fu_4701_p2       |     +    |      0|  0|   39|          32|          32|
    |add_ln90_58_fu_4740_p2       |     +    |      0|  0|   39|          32|          32|
    |add_ln90_59_fu_4783_p2       |     +    |      0|  0|   39|          32|          32|
    |add_ln90_5_fu_1662_p2        |     +    |      0|  0|   39|          32|          32|
    |add_ln90_60_fu_4824_p2       |     +    |      0|  0|   39|          32|          32|
    |add_ln90_61_fu_4863_p2       |     +    |      0|  0|   39|          32|          32|
    |add_ln90_62_fu_4902_p2       |     +    |      0|  0|   39|          32|          32|
    |add_ln90_6_fu_1744_p2        |     +    |      0|  0|   39|          32|          32|
    |add_ln90_7_fu_1773_p2        |     +    |      0|  0|   39|          32|          32|
    |add_ln90_8_fu_1842_p2        |     +    |      0|  0|   39|          32|          32|
    |add_ln90_9_fu_1887_p2        |     +    |      0|  0|   39|          32|          32|
    |add_ln90_fu_1363_p2          |     +    |      0|  0|   39|          32|          32|
    |add_ln94_100_fu_3843_p2      |     +    |      0|  0|   22|          32|          32|
    |add_ln94_101_fu_3886_p2      |     +    |      0|  0|   22|          32|          32|
    |add_ln94_102_fu_3930_p2      |     +    |      0|  0|   22|          32|          32|
    |add_ln94_103_fu_3971_p2      |     +    |      0|  0|   22|          32|          32|
    |add_ln94_104_fu_4005_p2      |     +    |      0|  0|   22|          32|          32|
    |add_ln94_105_fu_4053_p2      |     +    |      0|  0|   22|          32|          32|
    |add_ln94_106_fu_4096_p2      |     +    |      0|  0|   22|          32|          32|
    |add_ln94_107_fu_4140_p2      |     +    |      0|  0|   22|          32|          32|
    |add_ln94_108_fu_4183_p2      |     +    |      0|  0|   22|          32|          32|
    |add_ln94_109_fu_4219_p2      |     +    |      0|  0|   22|          32|          32|
    |add_ln94_10_fu_1969_p2       |     +    |      0|  0|   22|          32|          32|
    |add_ln94_110_fu_4267_p2      |     +    |      0|  0|   22|          32|          32|
    |add_ln94_111_fu_4325_p2      |     +    |      0|  0|   22|          32|          32|
    |add_ln94_112_fu_4369_p2      |     +    |      0|  0|   22|          32|          32|
    |add_ln94_113_fu_4412_p2      |     +    |      0|  0|   22|          32|          32|
    |add_ln94_114_fu_4448_p2      |     +    |      0|  0|   22|          32|          32|
    |add_ln94_115_fu_4496_p2      |     +    |      0|  0|   22|          32|          32|
    |add_ln94_116_fu_4539_p2      |     +    |      0|  0|   22|          32|          32|
    |add_ln94_117_fu_4583_p2      |     +    |      0|  0|   22|          32|          32|
    |add_ln94_118_fu_4625_p2      |     +    |      0|  0|   22|          32|          32|
    |add_ln94_119_fu_4661_p2      |     +    |      0|  0|   22|          32|          32|
    |add_ln94_11_fu_2005_p2       |     +    |      0|  0|   22|          32|          32|
    |add_ln94_120_fu_4706_p2      |     +    |      0|  0|   22|          32|          32|
    |add_ln94_121_fu_4747_p2      |     +    |      0|  0|   22|          32|          32|
    |add_ln94_122_fu_4789_p2      |     +    |      0|  0|   22|          32|          32|
    |add_ln94_123_fu_4829_p2      |     +    |      0|  0|   22|          32|          32|
    |add_ln94_124_fu_4868_p2      |     +    |      0|  0|   22|          32|          32|
    |add_ln94_125_fu_4909_p2      |     +    |      0|  0|   22|          32|          32|
    |add_ln94_12_fu_2171_p2       |     +    |      0|  0|   22|          32|          32|
    |add_ln94_13_fu_2311_p2       |     +    |      0|  0|   22|          32|          32|
    |add_ln94_14_fu_2355_p2       |     +    |      0|  0|   22|          32|          32|
    |add_ln94_15_fu_2486_p2       |     +    |      0|  0|   22|          32|          32|
    |add_ln94_16_fu_2522_p2       |     +    |      0|  0|   22|          32|          32|
    |add_ln94_17_fu_2664_p2       |     +    |      0|  0|   22|          32|          32|
    |add_ln94_18_fu_2788_p2       |     +    |      0|  0|   22|          32|          32|
    |add_ln94_19_fu_2832_p2       |     +    |      0|  0|   22|          32|          32|
    |add_ln94_1_fu_1446_p2        |     +    |      0|  0|   22|          32|          32|
    |add_ln94_20_fu_2963_p2       |     +    |      0|  0|   22|          32|          32|
    |add_ln94_21_fu_2999_p2       |     +    |      0|  0|   22|          32|          32|
    |add_ln94_22_fu_3129_p2       |     +    |      0|  0|   22|          32|          32|
    |add_ln94_23_fu_3234_p2       |     +    |      0|  0|   22|          32|          32|
    |add_ln94_24_fu_3278_p2       |     +    |      0|  0|   22|          32|          32|
    |add_ln94_25_fu_3337_p2       |     +    |      0|  0|   22|          32|          32|
    |add_ln94_26_fu_3373_p2       |     +    |      0|  0|   22|          32|          32|
    |add_ln94_27_fu_3421_p2       |     +    |      0|  0|   22|          32|          32|
    |add_ln94_28_fu_3464_p2       |     +    |      0|  0|   22|          32|          32|
    |add_ln94_29_fu_3508_p2       |     +    |      0|  0|   22|          32|          32|
    |add_ln94_2_fu_1491_p2        |     +    |      0|  0|   22|          32|          32|
    |add_ln94_30_fu_3551_p2       |     +    |      0|  0|   22|          32|          32|
    |add_ln94_31_fu_3587_p2       |     +    |      0|  0|   22|          32|          32|
    |add_ln94_32_fu_3635_p2       |     +    |      0|  0|   22|          32|          32|
    |add_ln94_33_fu_3678_p2       |     +    |      0|  0|   22|          32|          32|
    |add_ln94_34_fu_3722_p2       |     +    |      0|  0|   22|          32|          32|
    |add_ln94_35_fu_3765_p2       |     +    |      0|  0|   22|          32|          32|
    |add_ln94_36_fu_3801_p2       |     +    |      0|  0|   22|          32|          32|
    |add_ln94_37_fu_3849_p2       |     +    |      0|  0|   22|          32|          32|
    |add_ln94_38_fu_3892_p2       |     +    |      0|  0|   22|          32|          32|
    |add_ln94_39_fu_3936_p2       |     +    |      0|  0|   22|          32|          32|
    |add_ln94_3_fu_1561_p2        |     +    |      0|  0|   22|          32|          32|
    |add_ln94_40_fu_3976_p2       |     +    |      0|  0|   22|          32|          32|
    |add_ln94_41_fu_4011_p2       |     +    |      0|  0|   22|          32|          32|
    |add_ln94_42_fu_4059_p2       |     +    |      0|  0|   22|          32|          32|
    |add_ln94_43_fu_4102_p2       |     +    |      0|  0|   22|          32|          32|
    |add_ln94_44_fu_4146_p2       |     +    |      0|  0|   22|          32|          32|
    |add_ln94_45_fu_4189_p2       |     +    |      0|  0|   22|          32|          32|
    |add_ln94_46_fu_4225_p2       |     +    |      0|  0|   22|          32|          32|
    |add_ln94_47_fu_4273_p2       |     +    |      0|  0|   22|          32|          32|
    |add_ln94_48_fu_4331_p2       |     +    |      0|  0|   22|          32|          32|
    |add_ln94_49_fu_4375_p2       |     +    |      0|  0|   22|          32|          32|
    |add_ln94_4_fu_1606_p2        |     +    |      0|  0|   22|          32|          32|
    |add_ln94_50_fu_4418_p2       |     +    |      0|  0|   22|          32|          32|
    |add_ln94_51_fu_4454_p2       |     +    |      0|  0|   22|          32|          32|
    |add_ln94_52_fu_4502_p2       |     +    |      0|  0|   22|          32|          32|
    |add_ln94_53_fu_4545_p2       |     +    |      0|  0|   22|          32|          32|
    |add_ln94_54_fu_4589_p2       |     +    |      0|  0|   22|          32|          32|
    |add_ln94_55_fu_4631_p2       |     +    |      0|  0|   22|          32|          32|
    |add_ln94_56_fu_4667_p2       |     +    |      0|  0|   22|          32|          32|
    |add_ln94_57_fu_4712_p2       |     +    |      0|  0|   22|          32|          32|
    |add_ln94_58_fu_4753_p2       |     +    |      0|  0|   22|          32|          32|
    |add_ln94_59_fu_4794_p2       |     +    |      0|  0|   22|          32|          32|
    |add_ln94_5_fu_1675_p2        |     +    |      0|  0|   22|          32|          32|
    |add_ln94_60_fu_4835_p2       |     +    |      0|  0|   22|          32|          32|
    |add_ln94_61_fu_4874_p2       |     +    |      0|  0|   22|          32|          32|
    |add_ln94_62_fu_4915_p2       |     +    |      0|  0|   22|          32|          32|
    |add_ln94_63_fu_1371_p2       |     +    |      0|  0|   22|          32|          32|
    |add_ln94_64_fu_1441_p2       |     +    |      0|  0|   22|          32|          32|
    |add_ln94_65_fu_1485_p2       |     +    |      0|  0|   22|          32|          32|
    |add_ln94_66_fu_1555_p2       |     +    |      0|  0|   22|          32|          32|
    |add_ln94_67_fu_1600_p2       |     +    |      0|  0|   22|          32|          32|
    |add_ln94_68_fu_1669_p2       |     +    |      0|  0|   22|          32|          32|
    |add_ln94_69_fu_1706_p2       |     +    |      0|  0|   22|          32|          32|
    |add_ln94_6_fu_1712_p2        |     +    |      0|  0|   22|          32|          32|
    |add_ln94_70_fu_1780_p2       |     +    |      0|  0|   22|          32|          32|
    |add_ln94_71_fu_1850_p2       |     +    |      0|  0|   22|          32|          32|
    |add_ln94_72_fu_1894_p2       |     +    |      0|  0|   22|          32|          32|
    |add_ln94_73_fu_1963_p2       |     +    |      0|  0|   22|          32|          32|
    |add_ln94_74_fu_1999_p2       |     +    |      0|  0|   22|          32|          32|
    |add_ln94_75_fu_2165_p2       |     +    |      0|  0|   22|          32|          32|
    |add_ln94_76_fu_2305_p2       |     +    |      0|  0|   22|          32|          32|
    |add_ln94_77_fu_2349_p2       |     +    |      0|  0|   22|          32|          32|
    |add_ln94_78_fu_2480_p2       |     +    |      0|  0|   22|          32|          32|
    |add_ln94_79_fu_2516_p2       |     +    |      0|  0|   22|          32|          32|
    |add_ln94_7_fu_1786_p2        |     +    |      0|  0|   22|          32|          32|
    |add_ln94_80_fu_2658_p2       |     +    |      0|  0|   22|          32|          32|
    |add_ln94_81_fu_2782_p2       |     +    |      0|  0|   22|          32|          32|
    |add_ln94_82_fu_2826_p2       |     +    |      0|  0|   22|          32|          32|
    |add_ln94_83_fu_2957_p2       |     +    |      0|  0|   22|          32|          32|
    |add_ln94_84_fu_2993_p2       |     +    |      0|  0|   22|          32|          32|
    |add_ln94_85_fu_3123_p2       |     +    |      0|  0|   22|          32|          32|
    |add_ln94_86_fu_3228_p2       |     +    |      0|  0|   22|          32|          32|
    |add_ln94_87_fu_3272_p2       |     +    |      0|  0|   22|          32|          32|
    |add_ln94_88_fu_3331_p2       |     +    |      0|  0|   22|          32|          32|
    |add_ln94_89_fu_3367_p2       |     +    |      0|  0|   22|          32|          32|
    |add_ln94_8_fu_1856_p2        |     +    |      0|  0|   22|          32|          32|
    |add_ln94_90_fu_3415_p2       |     +    |      0|  0|   22|          32|          32|
    |add_ln94_91_fu_3458_p2       |     +    |      0|  0|   22|          32|          32|
    |add_ln94_92_fu_3502_p2       |     +    |      0|  0|   22|          32|          32|
    |add_ln94_93_fu_3545_p2       |     +    |      0|  0|   22|          32|          32|
    |add_ln94_94_fu_3581_p2       |     +    |      0|  0|   22|          32|          32|
    |add_ln94_95_fu_3629_p2       |     +    |      0|  0|   22|          32|          32|
    |add_ln94_96_fu_3672_p2       |     +    |      0|  0|   22|          32|          32|
    |add_ln94_97_fu_3716_p2       |     +    |      0|  0|   22|          32|          32|
    |add_ln94_98_fu_3759_p2       |     +    |      0|  0|   22|          32|          32|
    |add_ln94_99_fu_3795_p2       |     +    |      0|  0|   22|          32|          32|
    |add_ln94_9_fu_1900_p2        |     +    |      0|  0|   22|          32|          32|
    |add_ln94_fu_1377_p2          |     +    |      0|  0|   22|          32|          32|
    |add_ln97_1_fu_4975_p2        |     +    |      0|  0|   22|          32|          32|
    |add_ln97_2_fu_4944_p2        |     +    |      0|  0|   39|          32|          32|
    |add_ln97_fu_4980_p2          |     +    |      0|  0|   22|          32|          32|
    |add_ln98_fu_4949_p2          |     +    |      0|  0|   39|          32|          32|
    |add_ln99_fu_4954_p2          |     +    |      0|  0|   39|          32|          32|
    |grp_fu_1286_p2               |     +    |      0|  0|   22|          32|          32|
    |grp_fu_1292_p2               |     +    |      0|  0|   22|          32|          32|
    |grp_fu_1298_p2               |     +    |      0|  0|   22|          32|          32|
    |grp_fu_1304_p2               |     +    |      0|  0|   22|          32|          32|
    |grp_fu_1310_p2               |     +    |      0|  0|   22|          32|          32|
    |m_16_fu_2048_p2              |     +    |      0|  0|   22|          32|          32|
    |m_17_fu_2060_p2              |     +    |      0|  0|   22|          32|          32|
    |m_18_fu_2072_p2              |     +    |      0|  0|   22|          32|          32|
    |m_19_fu_2089_p2              |     +    |      0|  0|   22|          32|          32|
    |m_20_fu_2107_p2              |     +    |      0|  0|   22|          32|          32|
    |m_21_fu_2123_p2              |     +    |      0|  0|   22|          32|          32|
    |m_22_fu_2198_p2              |     +    |      0|  0|   22|          32|          32|
    |m_23_fu_2215_p2              |     +    |      0|  0|   22|          32|          32|
    |m_24_fu_2232_p2              |     +    |      0|  0|   22|          32|          32|
    |m_25_fu_2249_p2              |     +    |      0|  0|   22|          32|          32|
    |m_26_fu_2265_p2              |     +    |      0|  0|   22|          32|          32|
    |m_27_fu_2280_p2              |     +    |      0|  0|   22|          32|          32|
    |m_28_fu_2372_p2              |     +    |      0|  0|   22|          32|          32|
    |m_29_fu_2384_p2              |     +    |      0|  0|   22|          32|          32|
    |m_30_fu_2395_p2              |     +    |      0|  0|   22|          32|          32|
    |m_31_fu_2412_p2              |     +    |      0|  0|   22|          32|          32|
    |m_32_fu_2429_p2              |     +    |      0|  0|   22|          32|          32|
    |m_33_fu_2445_p2              |     +    |      0|  0|   22|          32|          32|
    |m_34_fu_2538_p2              |     +    |      0|  0|   22|          32|          32|
    |m_35_fu_2555_p2              |     +    |      0|  0|   22|          32|          32|
    |m_36_fu_2572_p2              |     +    |      0|  0|   22|          32|          32|
    |m_37_fu_2589_p2              |     +    |      0|  0|   22|          32|          32|
    |m_38_fu_2606_p2              |     +    |      0|  0|   22|          32|          32|
    |m_39_fu_2616_p2              |     +    |      0|  0|   22|          32|          32|
    |m_40_fu_2687_p2              |     +    |      0|  0|   22|          32|          32|
    |m_41_fu_2698_p2              |     +    |      0|  0|   22|          32|          32|
    |m_42_fu_2709_p2              |     +    |      0|  0|   22|          32|          32|
    |m_43_fu_2725_p2              |     +    |      0|  0|   22|          32|          32|
    |m_44_fu_2742_p2              |     +    |      0|  0|   22|          32|          32|
    |m_45_fu_2758_p2              |     +    |      0|  0|   22|          32|          32|
    |m_46_fu_2850_p2              |     +    |      0|  0|   22|          32|          32|
    |m_47_fu_2861_p2              |     +    |      0|  0|   22|          32|          32|
    |m_48_fu_2878_p2              |     +    |      0|  0|   22|          32|          32|
    |m_49_fu_2895_p2              |     +    |      0|  0|   22|          32|          32|
    |m_50_fu_2912_p2              |     +    |      0|  0|   22|          32|          32|
    |m_51_fu_2922_p2              |     +    |      0|  0|   22|          32|          32|
    |m_52_fu_3009_p2              |     +    |      0|  0|   22|          32|          32|
    |m_53_fu_3020_p2              |     +    |      0|  0|   22|          32|          32|
    |m_54_fu_3031_p2              |     +    |      0|  0|   22|          32|          32|
    |m_55_fu_3048_p2              |     +    |      0|  0|   22|          32|          32|
    |m_56_fu_3065_p2              |     +    |      0|  0|   22|          32|          32|
    |m_57_fu_3081_p2              |     +    |      0|  0|   22|          32|          32|
    |m_58_fu_3158_p2              |     +    |      0|  0|   22|          32|          32|
    |m_59_fu_3169_p2              |     +    |      0|  0|   22|          32|          32|
    |m_60_fu_3186_p2              |     +    |      0|  0|   22|          32|          32|
    |m_61_fu_3203_p2              |     +    |      0|  0|   22|          32|          32|
    |ap_block_pp0_stage0_11001    |    and   |      0|  0|    2|           1|           1|
    |ap_block_pp0_stage0_subdone  |    or    |      0|  0|    2|           1|           1|
    |ap_enable_pp0                |    xor   |      0|  0|    2|           1|           2|
    +-----------------------------+----------+-------+---+-----+------------+------------+
    |Total                        |          |      0|  0|15170|       19043|       18967|
    +-----------------------------+----------+-------+---+-----+------------+------------+

    * Multiplexer: 
    +-------------------------+----+-----------+-----+-----------+
    |           Name          | LUT| Input Size| Bits| Total Bits|
    +-------------------------+----+-----------+-----+-----------+
    |ap_NS_fsm                |  44|          9|    1|          9|
    |ap_enable_reg_pp0_iter0  |   9|          2|    1|          2|
    |ap_enable_reg_pp0_iter5  |   9|          2|    1|          2|
    |data_0_address0          |  44|          9|    4|         36|
    |data_0_address1          |  44|          9|    4|         36|
    |data_1_address0          |  44|          9|    4|         36|
    |data_1_address1          |  44|          9|    4|         36|
    |data_2_address0          |  44|          9|    4|         36|
    |data_2_address1          |  44|          9|    4|         36|
    |data_3_address0          |  44|          9|    4|         36|
    |data_3_address1          |  44|          9|    4|         36|
    |grp_CH_fu_862_x          |  44|          9|   32|        288|
    |grp_CH_fu_862_y          |  44|          9|   32|        288|
    |grp_CH_fu_862_z          |  44|          9|   32|        288|
    |grp_CH_fu_872_x          |  44|          9|   32|        288|
    |grp_CH_fu_872_y          |  44|          9|   32|        288|
    |grp_CH_fu_872_z          |  44|          9|   32|        288|
    |grp_CH_fu_879_x          |  44|          9|   32|        288|
    |grp_CH_fu_879_y          |  44|          9|   32|        288|
    |grp_CH_fu_879_z          |  44|          9|   32|        288|
    |grp_CH_fu_886_x          |  44|          9|   32|        288|
    |grp_CH_fu_886_y          |  44|          9|   32|        288|
    |grp_CH_fu_886_z          |  44|          9|   32|        288|
    |grp_CH_fu_893_x          |  44|          9|   32|        288|
    |grp_CH_fu_893_y          |  44|          9|   32|        288|
    |grp_CH_fu_893_z          |  44|          9|   32|        288|
    |grp_CH_fu_900_x          |  44|          9|   32|        288|
    |grp_CH_fu_900_y          |  44|          9|   32|        288|
    |grp_CH_fu_900_z          |  44|          9|   32|        288|
    |grp_CH_fu_907_x          |  44|          9|   32|        288|
    |grp_CH_fu_907_y          |  44|          9|   32|        288|
    |grp_CH_fu_907_z          |  44|          9|   32|        288|
    |grp_CH_fu_914_x          |  44|          9|   32|        288|
    |grp_CH_fu_914_y          |  44|          9|   32|        288|
    |grp_CH_fu_914_z          |  44|          9|   32|        288|
    |grp_EP0_fu_1021_x        |  44|          9|   32|        288|
    |grp_EP0_fu_1027_x        |  44|          9|   32|        288|
    |grp_EP0_fu_1032_x        |  44|          9|   32|        288|
    |grp_EP0_fu_1037_x        |  44|          9|   32|        288|
    |grp_EP0_fu_1042_x        |  44|          9|   32|        288|
    |grp_EP0_fu_1047_x        |  44|          9|   32|        288|
    |grp_EP0_fu_1052_x        |  44|          9|   32|        288|
    |grp_EP0_fu_1057_x        |  44|          9|   32|        288|
    |grp_EP1_fu_1001_x        |  44|          9|   32|        288|
    |grp_EP1_fu_1006_x        |  44|          9|   32|        288|
    |grp_EP1_fu_1011_x        |  44|          9|   32|        288|
    |grp_EP1_fu_1016_x        |  44|          9|   32|        288|
    |grp_EP1_fu_980_x         |  44|          9|   32|        288|
    |grp_EP1_fu_986_x         |  44|          9|   32|        288|
    |grp_EP1_fu_991_x         |  44|          9|   32|        288|
    |grp_EP1_fu_996_x         |  44|          9|   32|        288|
    |grp_MAJ_fu_921_x         |  44|          9|   32|        288|
    |grp_MAJ_fu_921_y         |  44|          9|   32|        288|
    |grp_MAJ_fu_921_z         |  44|          9|   32|        288|
    |grp_MAJ_fu_931_x         |  44|          9|   32|        288|
    |grp_MAJ_fu_931_y         |  44|          9|   32|        288|
    |grp_MAJ_fu_931_z         |  44|          9|   32|        288|
    |grp_MAJ_fu_938_x         |  44|          9|   32|        288|
    |grp_MAJ_fu_938_y         |  44|          9|   32|        288|
    |grp_MAJ_fu_938_z         |  44|          9|   32|        288|
    |grp_MAJ_fu_945_x         |  44|          9|   32|        288|
    |grp_MAJ_fu_945_y         |  44|          9|   32|        288|
    |grp_MAJ_fu_945_z         |  44|          9|   32|        288|
    |grp_MAJ_fu_952_x         |  44|          9|   32|        288|
    |grp_MAJ_fu_952_y         |  44|          9|   32|        288|
    |grp_MAJ_fu_952_z         |  44|          9|   32|        288|
    |grp_MAJ_fu_959_x         |  44|          9|   32|        288|
    |grp_MAJ_fu_959_y         |  44|          9|   32|        288|
    |grp_MAJ_fu_959_z         |  44|          9|   32|        288|
    |grp_MAJ_fu_966_x         |  44|          9|   32|        288|
    |grp_MAJ_fu_966_y         |  44|          9|   32|        288|
    |grp_MAJ_fu_966_z         |  44|          9|   32|        288|
    |grp_MAJ_fu_973_x         |  44|          9|   32|        288|
    |grp_MAJ_fu_973_y         |  44|          9|   32|        288|
    |grp_MAJ_fu_973_z         |  44|          9|   32|        288|
    |grp_SIG0_fu_1062_x       |  44|          9|   32|        288|
    |grp_SIG0_fu_1067_x       |  44|          9|   32|        288|
    |grp_SIG0_fu_1072_x       |  44|          9|   32|        288|
    |grp_SIG0_fu_1077_x       |  44|          9|   32|        288|
    |grp_SIG0_fu_1082_x       |  44|          9|   32|        288|
    |grp_SIG0_fu_1087_x       |  44|          9|   32|        288|
    |grp_SIG1_fu_1092_x       |  44|          9|   32|        288|
    |grp_SIG1_fu_1097_x       |  44|          9|   32|        288|
    |grp_SIG1_fu_1102_x       |  44|          9|   32|        288|
    |grp_SIG1_fu_1107_x       |  44|          9|   32|        288|
    |grp_SIG1_fu_1112_x       |  44|          9|   32|        288|
    |grp_SIG1_fu_1117_x       |  44|          9|   32|        288|
    +-------------------------+----+-----------+-----+-----------+
    |Total                    |3758|        769| 2467|      22189|
    +-------------------------+----+-----------+-----+-----------+

    * Register: 
    +-------------------------------------+-----+----+-----+-----------+
    |                 Name                |  FF | LUT| Bits| Const Bits|
    +-------------------------------------+-----+----+-----+-----------+
    |add_ln100_reg_6964                   |   32|   0|   32|          0|
    |add_ln102_reg_6969                   |   32|   0|   32|          0|
    |add_ln103_reg_6974                   |   32|   0|   32|          0|
    |add_ln104_reg_6979                   |   32|   0|   32|          0|
    |add_ln85_107_reg_6332                |   32|   0|   32|          0|
    |add_ln85_114_reg_6366                |   32|   0|   32|          0|
    |add_ln85_127_reg_6411                |   32|   0|   32|          0|
    |add_ln85_134_reg_6445                |   32|   0|   32|          0|
    |add_ln85_147_reg_6490                |   32|   0|   32|          0|
    |add_ln85_14_reg_5289                 |   32|   0|   32|          0|
    |add_ln85_154_reg_6524                |   32|   0|   32|          0|
    |add_ln85_167_reg_6589                |   32|   0|   32|          0|
    |add_ln85_174_reg_6623                |   32|   0|   32|          0|
    |add_ln85_187_reg_6668                |   32|   0|   32|          0|
    |add_ln85_194_reg_6702                |   32|   0|   32|          0|
    |add_ln85_207_reg_6752                |   32|   0|   32|          0|
    |add_ln85_214_reg_6786                |   32|   0|   32|          0|
    |add_ln85_227_reg_6836                |   32|   0|   32|          0|
    |add_ln85_239_reg_6889                |   32|   0|   32|          0|
    |add_ln85_254_reg_6313                |   32|   0|   32|          0|
    |add_ln85_255_reg_6943                |   32|   0|   32|          0|
    |add_ln85_261_reg_6707                |   32|   0|   32|          0|
    |add_ln85_261_reg_6707_pp0_iter4_reg  |   32|   0|   32|          0|
    |add_ln85_27_reg_5451                 |   32|   0|   32|          0|
    |add_ln85_34_reg_5547                 |   32|   0|   32|          0|
    |add_ln85_47_reg_5720                 |   32|   0|   32|          0|
    |add_ln85_54_reg_5813                 |   32|   0|   32|          0|
    |add_ln85_67_reg_5959                 |   32|   0|   32|          0|
    |add_ln85_74_reg_6043                 |   32|   0|   32|          0|
    |add_ln85_7_reg_5207                  |   32|   0|   32|          0|
    |add_ln85_87_reg_6181                 |   32|   0|   32|          0|
    |add_ln85_94_reg_6252                 |   32|   0|   32|          0|
    |add_ln90_10_reg_5706                 |   32|   0|   32|          0|
    |add_ln90_11_reg_5793                 |   32|   0|   32|          0|
    |add_ln90_12_reg_5799                 |   32|   0|   32|          0|
    |add_ln90_13_reg_5865                 |   32|   0|   32|          0|
    |add_ln90_14_reg_5877                 |   32|   0|   32|          0|
    |add_ln90_15_reg_5945                 |   32|   0|   32|          0|
    |add_ln90_16_reg_6023                 |   32|   0|   32|          0|
    |add_ln90_17_reg_6029                 |   32|   0|   32|          0|
    |add_ln90_18_reg_6098                 |   32|   0|   32|          0|
    |add_ln90_19_reg_6110                 |   32|   0|   32|          0|
    |add_ln90_1_reg_5263                  |   32|   0|   32|          0|
    |add_ln90_20_reg_6167                 |   32|   0|   32|          0|
    |add_ln90_21_reg_6232                 |   32|   0|   32|          0|
    |add_ln90_22_reg_6238                 |   32|   0|   32|          0|
    |add_ln90_23_reg_6287                 |   32|   0|   32|          0|
    |add_ln90_24_reg_6299                 |   32|   0|   32|          0|
    |add_ln90_25_reg_6318                 |   32|   0|   32|          0|
    |add_ln90_26_reg_6346                 |   32|   0|   32|          0|
    |add_ln90_27_reg_6352                 |   32|   0|   32|          0|
    |add_ln90_28_reg_6371                 |   32|   0|   32|          0|
    |add_ln90_29_reg_6383                 |   32|   0|   32|          0|
    |add_ln90_2_reg_5275                  |   32|   0|   32|          0|
    |add_ln90_30_reg_6397                 |   32|   0|   32|          0|
    |add_ln90_31_reg_6425                 |   32|   0|   32|          0|
    |add_ln90_32_reg_6431                 |   32|   0|   32|          0|
    |add_ln90_33_reg_6450                 |   32|   0|   32|          0|
    |add_ln90_34_reg_6462                 |   32|   0|   32|          0|
    |add_ln90_35_reg_6476                 |   32|   0|   32|          0|
    |add_ln90_36_reg_6504                 |   32|   0|   32|          0|
    |add_ln90_37_reg_6510                 |   32|   0|   32|          0|
    |add_ln90_38_reg_6529                 |   32|   0|   32|          0|
    |add_ln90_39_reg_6541                 |   32|   0|   32|          0|
    |add_ln90_3_reg_5350                  |   32|   0|   32|          0|
    |add_ln90_40_reg_6575                 |   32|   0|   32|          0|
    |add_ln90_41_reg_6603                 |   32|   0|   32|          0|
    |add_ln90_42_reg_6609                 |   32|   0|   32|          0|
    |add_ln90_43_reg_6628                 |   32|   0|   32|          0|
    |add_ln90_44_reg_6640                 |   32|   0|   32|          0|
    |add_ln90_45_reg_6654                 |   32|   0|   32|          0|
    |add_ln90_46_reg_6682                 |   32|   0|   32|          0|
    |add_ln90_47_reg_6688                 |   32|   0|   32|          0|
    |add_ln90_48_reg_6712                 |   32|   0|   32|          0|
    |add_ln90_49_reg_6724                 |   32|   0|   32|          0|
    |add_ln90_4_reg_5362                  |   32|   0|   32|          0|
    |add_ln90_50_reg_6738                 |   32|   0|   32|          0|
    |add_ln90_51_reg_6766                 |   32|   0|   32|          0|
    |add_ln90_52_reg_6772                 |   32|   0|   32|          0|
    |add_ln90_53_reg_6791                 |   32|   0|   32|          0|
    |add_ln90_54_reg_6803                 |   32|   0|   32|          0|
    |add_ln90_55_reg_6822                 |   32|   0|   32|          0|
    |add_ln90_56_reg_6850                 |   32|   0|   32|          0|
    |add_ln90_57_reg_6857                 |   32|   0|   32|          0|
    |add_ln90_58_reg_6875                 |   32|   0|   32|          0|
    |add_ln90_59_reg_6895                 |   32|   0|   32|          0|
    |add_ln90_5_reg_5437                  |   32|   0|   32|          0|
    |add_ln90_60_reg_6909                 |   32|   0|   32|          0|
    |add_ln90_61_reg_6927                 |   32|   0|   32|          0|
    |add_ln90_6_reg_5527                  |   32|   0|   32|          0|
    |add_ln90_7_reg_5533                  |   32|   0|   32|          0|
    |add_ln90_8_reg_5616                  |   32|   0|   32|          0|
    |add_ln90_9_reg_5628                  |   32|   0|   32|          0|
    |add_ln90_reg_5193                    |   32|   0|   32|          0|
    |add_ln94_10_reg_5713                 |   32|   0|   32|          0|
    |add_ln94_11_reg_5725                 |   32|   0|   32|          0|
    |add_ln94_12_reg_5806                 |   32|   0|   32|          0|
    |add_ln94_13_reg_5871                 |   32|   0|   32|          0|
    |add_ln94_14_reg_5884                 |   32|   0|   32|          0|
    |add_ln94_15_reg_5952                 |   32|   0|   32|          0|
    |add_ln94_16_reg_5964                 |   32|   0|   32|          0|
    |add_ln94_17_reg_6036                 |   32|   0|   32|          0|
    |add_ln94_18_reg_6104                 |   32|   0|   32|          0|
    |add_ln94_19_reg_6117                 |   32|   0|   32|          0|
    |add_ln94_1_reg_5269                  |   32|   0|   32|          0|
    |add_ln94_20_reg_6174                 |   32|   0|   32|          0|
    |add_ln94_21_reg_6186                 |   32|   0|   32|          0|
    |add_ln94_22_reg_6245                 |   32|   0|   32|          0|
    |add_ln94_23_reg_6293                 |   32|   0|   32|          0|
    |add_ln94_24_reg_6306                 |   32|   0|   32|          0|
    |add_ln94_25_reg_6325                 |   32|   0|   32|          0|
    |add_ln94_26_reg_6337                 |   32|   0|   32|          0|
    |add_ln94_27_reg_6359                 |   32|   0|   32|          0|
    |add_ln94_28_reg_6377                 |   32|   0|   32|          0|
    |add_ln94_29_reg_6390                 |   32|   0|   32|          0|
    |add_ln94_2_reg_5282                  |   32|   0|   32|          0|
    |add_ln94_30_reg_6404                 |   32|   0|   32|          0|
    |add_ln94_31_reg_6416                 |   32|   0|   32|          0|
    |add_ln94_32_reg_6438                 |   32|   0|   32|          0|
    |add_ln94_33_reg_6456                 |   32|   0|   32|          0|
    |add_ln94_34_reg_6469                 |   32|   0|   32|          0|
    |add_ln94_35_reg_6483                 |   32|   0|   32|          0|
    |add_ln94_36_reg_6495                 |   32|   0|   32|          0|
    |add_ln94_37_reg_6517                 |   32|   0|   32|          0|
    |add_ln94_38_reg_6535                 |   32|   0|   32|          0|
    |add_ln94_39_reg_6548                 |   32|   0|   32|          0|
    |add_ln94_3_reg_5356                  |   32|   0|   32|          0|
    |add_ln94_40_reg_6582                 |   32|   0|   32|          0|
    |add_ln94_41_reg_6594                 |   32|   0|   32|          0|
    |add_ln94_42_reg_6616                 |   32|   0|   32|          0|
    |add_ln94_43_reg_6634                 |   32|   0|   32|          0|
    |add_ln94_44_reg_6647                 |   32|   0|   32|          0|
    |add_ln94_45_reg_6661                 |   32|   0|   32|          0|
    |add_ln94_46_reg_6673                 |   32|   0|   32|          0|
    |add_ln94_47_reg_6695                 |   32|   0|   32|          0|
    |add_ln94_48_reg_6718                 |   32|   0|   32|          0|
    |add_ln94_49_reg_6731                 |   32|   0|   32|          0|
    |add_ln94_4_reg_5369                  |   32|   0|   32|          0|
    |add_ln94_50_reg_6745                 |   32|   0|   32|          0|
    |add_ln94_51_reg_6757                 |   32|   0|   32|          0|
    |add_ln94_52_reg_6779                 |   32|   0|   32|          0|
    |add_ln94_53_reg_6797                 |   32|   0|   32|          0|
    |add_ln94_54_reg_6810                 |   32|   0|   32|          0|
    |add_ln94_55_reg_6829                 |   32|   0|   32|          0|
    |add_ln94_56_reg_6841                 |   32|   0|   32|          0|
    |add_ln94_57_reg_6866                 |   32|   0|   32|          0|
    |add_ln94_58_reg_6882                 |   32|   0|   32|          0|
    |add_ln94_59_reg_6902                 |   32|   0|   32|          0|
    |add_ln94_5_reg_5444                  |   32|   0|   32|          0|
    |add_ln94_60_reg_6918                 |   32|   0|   32|          0|
    |add_ln94_61_reg_6935                 |   32|   0|   32|          0|
    |add_ln94_6_reg_5456                  |   32|   0|   32|          0|
    |add_ln94_7_reg_5540                  |   32|   0|   32|          0|
    |add_ln94_8_reg_5622                  |   32|   0|   32|          0|
    |add_ln94_9_reg_5635                  |   32|   0|   32|          0|
    |add_ln94_reg_5200                    |   32|   0|   32|          0|
    |add_ln97_2_reg_6949                  |   32|   0|   32|          0|
    |add_ln98_reg_6954                    |   32|   0|   32|          0|
    |add_ln99_reg_6959                    |   32|   0|   32|          0|
    |ap_CS_fsm                            |    8|   0|    8|          0|
    |ap_enable_reg_pp0_iter0_reg          |    1|   0|    1|          0|
    |ap_enable_reg_pp0_iter1              |    1|   0|    1|          0|
    |ap_enable_reg_pp0_iter2              |    1|   0|    1|          0|
    |ap_enable_reg_pp0_iter3              |    1|   0|    1|          0|
    |ap_enable_reg_pp0_iter4              |    1|   0|    1|          0|
    |ap_enable_reg_pp0_iter5              |    1|   0|    1|          0|
    |ap_port_reg_ctx_state_3_read         |   32|   0|   32|          0|
    |ap_port_reg_ctx_state_7_read         |   32|   0|   32|          0|
    |ctx_state_0_read_1_reg_5070          |   32|   0|   32|          0|
    |ctx_state_1_read_1_reg_5063          |   32|   0|   32|          0|
    |ctx_state_2_read_1_reg_5057          |   32|   0|   32|          0|
    |ctx_state_3_read_1_reg_5133          |   32|   0|   32|          0|
    |ctx_state_4_read_1_reg_5049          |   32|   0|   32|          0|
    |ctx_state_5_read_1_reg_5042          |   32|   0|   32|          0|
    |ctx_state_6_read_1_reg_5036          |   32|   0|   32|          0|
    |ctx_state_7_read_1_reg_5128          |   32|   0|   32|          0|
    |m_0_reg_5138                         |   32|   0|   32|          0|
    |m_10_reg_5552                        |   32|   0|   32|          0|
    |m_11_reg_5559                        |   32|   0|   32|          0|
    |m_12_reg_5642                        |   32|   0|   32|          0|
    |m_13_reg_5649                        |   32|   0|   32|          0|
    |m_14_reg_5734                        |   32|   0|   32|          0|
    |m_15_reg_5740                        |   32|   0|   32|          0|
    |m_16_reg_5747                        |   32|   0|   32|          0|
    |m_17_reg_5754                        |   32|   0|   32|          0|
    |m_18_reg_5761                        |   32|   0|   32|          0|
    |m_19_reg_5768                        |   32|   0|   32|          0|
    |m_1_reg_5143                         |   32|   0|   32|          0|
    |m_20_reg_5775                        |   32|   0|   32|          0|
    |m_21_reg_5784                        |   32|   0|   32|          0|
    |m_22_reg_5818                        |   32|   0|   32|          0|
    |m_23_reg_5825                        |   32|   0|   32|          0|
    |m_24_reg_5832                        |   32|   0|   32|          0|
    |m_25_reg_5839                        |   32|   0|   32|          0|
    |m_26_reg_5847                        |   32|   0|   32|          0|
    |m_27_reg_5856                        |   32|   0|   32|          0|
    |m_28_reg_5891                        |   32|   0|   32|          0|
    |m_29_reg_5898                        |   32|   0|   32|          0|
    |m_2_reg_5213                         |   32|   0|   32|          0|
    |m_30_reg_5906                        |   32|   0|   32|          0|
    |m_30_reg_5906_pp0_iter2_reg          |   32|   0|   32|          0|
    |m_31_reg_5914                        |   32|   0|   32|          0|
    |m_31_reg_5914_pp0_iter2_reg          |   32|   0|   32|          0|
    |m_32_reg_5922                        |   32|   0|   32|          0|
    |m_32_reg_5922_pp0_iter2_reg          |   32|   0|   32|          0|
    |m_33_reg_5931                        |   32|   0|   32|          0|
    |m_33_reg_5931_pp0_iter2_reg          |   32|   0|   32|          0|
    |m_34_reg_5973                        |   32|   0|   32|          0|
    |m_34_reg_5973_pp0_iter2_reg          |   32|   0|   32|          0|
    |m_35_reg_5981                        |   32|   0|   32|          0|
    |m_35_reg_5981_pp0_iter2_reg          |   32|   0|   32|          0|
    |m_36_reg_5989                        |   32|   0|   32|          0|
    |m_36_reg_5989_pp0_iter2_reg          |   32|   0|   32|          0|
    |m_37_reg_5997                        |   32|   0|   32|          0|
    |m_37_reg_5997_pp0_iter2_reg          |   32|   0|   32|          0|
    |m_38_reg_6005                        |   32|   0|   32|          0|
    |m_38_reg_6005_pp0_iter2_reg          |   32|   0|   32|          0|
    |m_39_reg_6014                        |   32|   0|   32|          0|
    |m_39_reg_6014_pp0_iter2_reg          |   32|   0|   32|          0|
    |m_3_reg_5218                         |   32|   0|   32|          0|
    |m_40_reg_6048                        |   32|   0|   32|          0|
    |m_40_reg_6048_pp0_iter2_reg          |   32|   0|   32|          0|
    |m_41_reg_6056                        |   32|   0|   32|          0|
    |m_41_reg_6056_pp0_iter2_reg          |   32|   0|   32|          0|
    |m_42_reg_6064                        |   32|   0|   32|          0|
    |m_42_reg_6064_pp0_iter2_reg          |   32|   0|   32|          0|
    |m_43_reg_6072                        |   32|   0|   32|          0|
    |m_43_reg_6072_pp0_iter2_reg          |   32|   0|   32|          0|
    |m_44_reg_6080                        |   32|   0|   32|          0|
    |m_44_reg_6080_pp0_iter2_reg          |   32|   0|   32|          0|
    |m_45_reg_6089                        |   32|   0|   32|          0|
    |m_45_reg_6089_pp0_iter2_reg          |   32|   0|   32|          0|
    |m_46_reg_6124                        |   32|   0|   32|          0|
    |m_46_reg_6124_pp0_iter2_reg          |   32|   0|   32|          0|
    |m_47_reg_6132                        |   32|   0|   32|          0|
    |m_47_reg_6132_pp0_iter2_reg          |   32|   0|   32|          0|
    |m_48_reg_6140                        |   32|   0|   32|          0|
    |m_48_reg_6140_pp0_iter2_reg          |   32|   0|   32|          0|
    |m_49_reg_6147                        |   32|   0|   32|          0|
    |m_4_reg_5294                         |   32|   0|   32|          0|
    |m_50_reg_6153                        |   32|   0|   32|          0|
    |m_51_reg_6160                        |   32|   0|   32|          0|
    |m_52_reg_6195                        |   32|   0|   32|          0|
    |m_53_reg_6201                        |   32|   0|   32|          0|
    |m_54_reg_6207                        |   32|   0|   32|          0|
    |m_55_reg_6213                        |   32|   0|   32|          0|
    |m_56_reg_6219                        |   32|   0|   32|          0|
    |m_57_reg_6226                        |   32|   0|   32|          0|
    |m_58_reg_6257                        |   32|   0|   32|          0|
    |m_59_reg_6262                        |   32|   0|   32|          0|
    |m_5_reg_5299                         |   32|   0|   32|          0|
    |m_60_reg_6267                        |   32|   0|   32|          0|
    |m_61_reg_6272                        |   32|   0|   32|          0|
    |m_6_reg_5376                         |   32|   0|   32|          0|
    |m_7_reg_5381                         |   32|   0|   32|          0|
    |m_8_reg_5465                         |   32|   0|   32|          0|
    |m_9_reg_5470                         |   32|   0|   32|          0|
    |reg_1122                             |   32|   0|   32|          0|
    |reg_1126                             |   32|   0|   32|          0|
    |reg_1130                             |   32|   0|   32|          0|
    |reg_1134                             |   32|   0|   32|          0|
    |reg_1138                             |   32|   0|   32|          0|
    |reg_1142                             |   32|   0|   32|          0|
    |reg_1146                             |   32|   0|   32|          0|
    |reg_1150                             |   32|   0|   32|          0|
    |reg_1154                             |   32|   0|   32|          0|
    |reg_1158                             |   32|   0|   32|          0|
    |reg_1162                             |   32|   0|   32|          0|
    |reg_1166                             |   32|   0|   32|          0|
    |reg_1170                             |   32|   0|   32|          0|
    |reg_1174                             |   32|   0|   32|          0|
    |reg_1178                             |   32|   0|   32|          0|
    |reg_1182                             |   32|   0|   32|          0|
    |reg_1186                             |   32|   0|   32|          0|
    |reg_1190                             |   32|   0|   32|          0|
    |reg_1194                             |   32|   0|   32|          0|
    |reg_1198                             |   32|   0|   32|          0|
    |reg_1202                             |   32|   0|   32|          0|
    |reg_1206                             |   32|   0|   32|          0|
    |reg_1210                             |   32|   0|   32|          0|
    |reg_1214                             |   32|   0|   32|          0|
    |reg_1218                             |   32|   0|   32|          0|
    |reg_1222                             |   32|   0|   32|          0|
    |reg_1226                             |   32|   0|   32|          0|
    |reg_1230                             |   32|   0|   32|          0|
    |reg_1234                             |   32|   0|   32|          0|
    |reg_1238                             |   32|   0|   32|          0|
    |reg_1242                             |   32|   0|   32|          0|
    |reg_1246                             |   32|   0|   32|          0|
    |reg_1250                             |   32|   0|   32|          0|
    |reg_1254                             |   32|   0|   32|          0|
    |reg_1258                             |   32|   0|   32|          0|
    |tmp_1_10_reg_5696                    |   32|   0|   32|          0|
    |tmp_1_11_reg_5701                    |   32|   0|   32|          0|
    |tmp_1_26_reg_5940                    |   32|   0|   32|          0|
    |tmp_1_3_reg_5345                     |   32|   0|   32|          0|
    |tmp_1_46_reg_6282                    |   32|   0|   32|          0|
    |tmp_1_46_reg_6282_pp0_iter2_reg      |   32|   0|   32|          0|
    |tmp_1_5_reg_5427                     |   32|   0|   32|          0|
    |tmp_1_6_reg_5432                     |   32|   0|   32|          0|
    |tmp_1_7_reg_5517                     |   32|   0|   32|          0|
    |tmp_1_8_reg_5522                     |   32|   0|   32|          0|
    |tmp_1_9_reg_5606                     |   32|   0|   32|          0|
    |tmp_1_reg_5188                       |   32|   0|   32|          0|
    |tmp_1_s_reg_5611                     |   32|   0|   32|          0|
    |tmp_2_39_reg_6555                    |   32|   0|   32|          0|
    |tmp_2_54_reg_6817                    |   32|   0|   32|          0|
    |tmp_3_39_reg_6560                    |   32|   0|   32|          0|
    |tmp_47_reg_6277                      |   32|   0|   32|          0|
    |tmp_48_reg_5118                      |   32|   0|   32|          0|
    |tmp_49_reg_5123                      |   32|   0|   32|          0|
    |tmp_4_39_reg_6565                    |   32|   0|   32|          0|
    |tmp_5_39_reg_6570                    |   32|   0|   32|          0|
    |add_ln85_254_reg_6313                |   64|  32|   32|          0|
    |ctx_state_0_read_1_reg_5070          |   64|  32|   32|          0|
    |ctx_state_1_read_1_reg_5063          |   64|  32|   32|          0|
    |ctx_state_2_read_1_reg_5057          |   64|  32|   32|          0|
    |ctx_state_3_read_1_reg_5133          |   64|  32|   32|          0|
    |ctx_state_4_read_1_reg_5049          |   64|  32|   32|          0|
    |ctx_state_5_read_1_reg_5042          |   64|  32|   32|          0|
    |ctx_state_6_read_1_reg_5036          |   64|  32|   32|          0|
    |ctx_state_7_read_1_reg_5128          |   64|  32|   32|          0|
    |m_49_reg_6147                        |   64|  32|   32|          0|
    |m_50_reg_6153                        |   64|  32|   32|          0|
    |m_51_reg_6160                        |   64|  32|   32|          0|
    |m_52_reg_6195                        |   64|  32|   32|          0|
    |m_53_reg_6201                        |   64|  32|   32|          0|
    |m_54_reg_6207                        |   64|  32|   32|          0|
    |m_55_reg_6213                        |   64|  32|   32|          0|
    |m_56_reg_6219                        |   64|  32|   32|          0|
    |m_57_reg_6226                        |   64|  32|   32|          0|
    |m_58_reg_6257                        |   64|  32|   32|          0|
    |m_59_reg_6262                        |   64|  32|   32|          0|
    |m_60_reg_6267                        |   64|  32|   32|          0|
    |m_61_reg_6272                        |   64|  32|   32|          0|
    |tmp_47_reg_6277                      |   64|  32|   32|          0|
    +-------------------------------------+-----+----+-----+-----------+
    |Total                                |11278| 736|10542|          0|
    +-------------------------------------+-----+----+-----+-----------+



================================================================
== Interface
================================================================
* Summary: 
+------------------+-----+-----+------------+------------------+--------------+
|     RTL Ports    | Dir | Bits|  Protocol  |   Source Object  |    C Type    |
+------------------+-----+-----+------------+------------------+--------------+
|ap_clk            |  in |    1| ap_ctrl_hs | sha256_transform | return value |
|ap_rst            |  in |    1| ap_ctrl_hs | sha256_transform | return value |
|ap_start          |  in |    1| ap_ctrl_hs | sha256_transform | return value |
|ap_done           | out |    1| ap_ctrl_hs | sha256_transform | return value |
|ap_idle           | out |    1| ap_ctrl_hs | sha256_transform | return value |
|ap_ready          | out |    1| ap_ctrl_hs | sha256_transform | return value |
|ap_ce             |  in |    1| ap_ctrl_hs | sha256_transform | return value |
|ap_return_0       | out |   32| ap_ctrl_hs | sha256_transform | return value |
|ap_return_1       | out |   32| ap_ctrl_hs | sha256_transform | return value |
|ap_return_2       | out |   32| ap_ctrl_hs | sha256_transform | return value |
|ap_return_3       | out |   32| ap_ctrl_hs | sha256_transform | return value |
|ap_return_4       | out |   32| ap_ctrl_hs | sha256_transform | return value |
|ap_return_5       | out |   32| ap_ctrl_hs | sha256_transform | return value |
|ap_return_6       | out |   32| ap_ctrl_hs | sha256_transform | return value |
|ap_return_7       | out |   32| ap_ctrl_hs | sha256_transform | return value |
|ctx_state_0_read  |  in |   32|   ap_none  | ctx_state_0_read |    scalar    |
|ctx_state_1_read  |  in |   32|   ap_none  | ctx_state_1_read |    scalar    |
|ctx_state_2_read  |  in |   32|   ap_none  | ctx_state_2_read |    scalar    |
|ctx_state_3_read  |  in |   32|   ap_none  | ctx_state_3_read |    scalar    |
|ctx_state_4_read  |  in |   32|   ap_none  | ctx_state_4_read |    scalar    |
|ctx_state_5_read  |  in |   32|   ap_none  | ctx_state_5_read |    scalar    |
|ctx_state_6_read  |  in |   32|   ap_none  | ctx_state_6_read |    scalar    |
|ctx_state_7_read  |  in |   32|   ap_none  | ctx_state_7_read |    scalar    |
|data_0_address0   | out |    4|  ap_memory |      data_0      |     array    |
|data_0_ce0        | out |    1|  ap_memory |      data_0      |     array    |
|data_0_q0         |  in |    8|  ap_memory |      data_0      |     array    |
|data_0_address1   | out |    4|  ap_memory |      data_0      |     array    |
|data_0_ce1        | out |    1|  ap_memory |      data_0      |     array    |
|data_0_q1         |  in |    8|  ap_memory |      data_0      |     array    |
|data_1_address0   | out |    4|  ap_memory |      data_1      |     array    |
|data_1_ce0        | out |    1|  ap_memory |      data_1      |     array    |
|data_1_q0         |  in |    8|  ap_memory |      data_1      |     array    |
|data_1_address1   | out |    4|  ap_memory |      data_1      |     array    |
|data_1_ce1        | out |    1|  ap_memory |      data_1      |     array    |
|data_1_q1         |  in |    8|  ap_memory |      data_1      |     array    |
|data_2_address0   | out |    4|  ap_memory |      data_2      |     array    |
|data_2_ce0        | out |    1|  ap_memory |      data_2      |     array    |
|data_2_q0         |  in |    8|  ap_memory |      data_2      |     array    |
|data_2_address1   | out |    4|  ap_memory |      data_2      |     array    |
|data_2_ce1        | out |    1|  ap_memory |      data_2      |     array    |
|data_2_q1         |  in |    8|  ap_memory |      data_2      |     array    |
|data_3_address0   | out |    4|  ap_memory |      data_3      |     array    |
|data_3_ce0        | out |    1|  ap_memory |      data_3      |     array    |
|data_3_q0         |  in |    8|  ap_memory |      data_3      |     array    |
|data_3_address1   | out |    4|  ap_memory |      data_3      |     array    |
|data_3_ce1        | out |    1|  ap_memory |      data_3      |     array    |
|data_3_q1         |  in |    8|  ap_memory |      data_3      |     array    |
+------------------+-----+-----+------------+------------------+--------------+

