

================================================================
== Vivado HLS Report for 'sha256'
================================================================
* Date:           Fri Mar 26 11:24:11 2021

* Version:        2017.2 (Build 1909853 on Thu Jun 15 18:55:24 MDT 2017)
* Project:        sha
* Solution:       solution1
* Product family: zynq
* Target device:  xc7z020clg484-1


================================================================
== Performance Estimates
================================================================
+ Timing (ns): 
    * Summary: 
    +--------+-------+----------+------------+
    |  Clock | Target| Estimated| Uncertainty|
    +--------+-------+----------+------------+
    |ap_clk  |  10.00|      8.34|        1.25|
    +--------+-------+----------+------------+

+ Latency (clock cycles): 
    * Summary: 
    +-----+-----+-----+-----+---------+
    |  Latency  |  Interval | Pipeline|
    | min | max | min | max |   Type  |
    +-----+-----+-----+-----+---------+
    |    ?|    ?|    ?|    ?|   none  |
    +-----+-----+-----+-----+---------+

    + Detail: 
        * Instance: 
        +--------------------------+---------------+-----+-------+-----+-------+---------+
        |                          |               |   Latency   |   Interval  | Pipeline|
        |         Instance         |     Module    | min |  max  | min |  max  |   Type  |
        +--------------------------+---------------+-----+-------+-----+-------+---------+
        |grp_sha256_final_fu_836   |sha256_final   |    ?|      ?|    ?|      ?|   none  |
        |grp_sha256_update_fu_855  |sha256_update  |   37|  28097|   37|  28097|   none  |
        +--------------------------+---------------+-----+-------+-----+-------+---------+

        * Loop: 
        +-------------+-----+---------+------------+-----------+-----------+----------+----------+
        |             |    Latency    |  Iteration |  Initiation Interval  |   Trip   |          |
        |  Loop Name  | min |   max   |   Latency  |  achieved |   target  |   Count  | Pipelined|
        +-------------+-----+---------+------------+-----------+-----------+----------+----------+
        |- Loop 1     |  768|  2822800| 64 ~ 28228 |          -|          -| 12 ~ 100 |    no    |
        | + Loop 1.1  |  128|      128|           2|          -|          -|        64|    no    |
        | + Loop 1.2  |   24|      126|           2|          -|          -|  12 ~ 63 |    no    |
        +-------------+-----+---------+------------+-----------+-----------+----------+----------+



================================================================
== Utilization Estimates
================================================================
* Summary: 
+-----------------+---------+-------+--------+-------+
|       Name      | BRAM_18K| DSP48E|   FF   |  LUT  |
+-----------------+---------+-------+--------+-------+
|DSP              |        -|      -|       -|      -|
|Expression       |        -|      -|     251|    188|
|FIFO             |        -|      -|       -|      -|
|Instance         |       10|      -|    7709|   5364|
|Memory           |        2|      -|       0|      0|
|Multiplexer      |        -|      -|       -|   1003|
|Register         |        -|      -|    1245|      -|
+-----------------+---------+-------+--------+-------+
|Total            |       12|      0|    9205|   6555|
+-----------------+---------+-------+--------+-------+
|Available        |      280|    220|  106400|  53200|
+-----------------+---------+-------+--------+-------+
|Utilization (%)  |        4|      0|       8|     12|
+-----------------+---------+-------+--------+-------+

+ Detail: 
    * Instance: 
    +--------------------------+-----------------------+---------+-------+------+------+
    |         Instance         |         Module        | BRAM_18K| DSP48E|  FF  |  LUT |
    +--------------------------+-----------------------+---------+-------+------+------+
    |sha256_AXILiteS_s_axi_U   |sha256_AXILiteS_s_axi  |        4|      0|   272|   308|
    |grp_sha256_final_fu_836   |sha256_final           |        3|      0|  4174|  3195|
    |grp_sha256_update_fu_855  |sha256_update          |        3|      0|  3263|  1861|
    +--------------------------+-----------------------+---------+-------+------+------+
    |Total                     |                       |       10|      0|  7709|  5364|
    +--------------------------+-----------------------+---------+-------+------+------+

    * DSP48: 
    N/A

    * Memory: 
    +------------------+----------------------+---------+---+----+------+-----+------+-------------+
    |      Memory      |        Module        | BRAM_18K| FF| LUT| Words| Bits| Banks| W*Bits*Banks|
    +------------------+----------------------+---------+---+----+------+-----+------+-------------+
    |seg_buf_U         |sha256_seg_buf        |        1|  0|   0|    64|    8|     1|          512|
    |sha256ctx_data_U  |sha256_sha256ctx_bkb  |        1|  0|   0|    64|    8|     1|          512|
    +------------------+----------------------+---------+---+----+------+-----+------+-------------+
    |Total             |                      |        2|  0|   0|   128|   16|     2|         1024|
    +------------------+----------------------+---------+---+----+------+-----+------+-------------+

    * FIFO: 
    N/A

    * Expression: 
    +---------------------------------+----------+-------+-----+----+------------+------------+
    |          Variable Name          | Operation| DSP48E|  FF | LUT| Bitwidth P0| Bitwidth P1|
    +---------------------------------+----------+-------+-----+----+------------+------------+
    |i_7_fu_1267_p2                   |     +    |      0|   23|  11|           6|           1|
    |i_fu_1207_p2                     |     +    |      0|   26|  12|           7|           1|
    |n_1_fu_1233_p2                   |     +    |      0|  101|  37|          32|           8|
    |seg_offset_1_fu_1243_p2          |     +    |      0|  101|  37|          32|           7|
    |sum2_fu_1282_p2                  |     +    |      0|    0|  10|          10|          10|
    |sum_fu_1222_p2                   |     +    |      0|    0|  10|          10|          10|
    |tmp1_fu_1213_p2                  |     +    |      0|    0|  10|          10|          10|
    |tmp2_fu_1273_p2                  |     +    |      0|    0|  10|          10|          10|
    |exitcond4_fu_1262_p2             |   icmp   |      0|    0|  16|          32|          32|
    |exitcond5_fu_1201_p2             |   icmp   |      0|    0|   4|           7|           8|
    |icmp_fu_1187_p2                  |   icmp   |      0|    0|  13|          26|           1|
    |tmp_fu_1171_p2                   |   icmp   |      0|    0|  16|          32|           1|
    |ap_block_state5_on_subcall_done  |    or    |      0|    0|   2|           1|           1|
    +---------------------------------+----------+-------+-----+----+------------+------------+
    |Total                            |          |      0|  251| 188|         215|         100|
    +---------------------------------+----------+-------+-----+----+------------+------------+

    * Multiplexer: 
    +-------------------------------------------+-----+-----------+-----+-----------+
    |                    Name                   | LUT | Input Size| Bits| Total Bits|
    +-------------------------------------------+-----+-----------+-----+-----------+
    |ap_NS_fsm                                  |  185|         42|    1|         42|
    |data_address0                              |   15|          3|    8|         24|
    |digest_address0                            |  149|         33|    5|        165|
    |grp_sha256_update_fu_855_ctx_datalen_read  |   15|          3|   32|         96|
    |grp_sha256_update_fu_855_len               |   15|          3|   32|         96|
    |grp_sha256_update_fu_855_p_read1           |   15|          3|   32|         96|
    |grp_sha256_update_fu_855_p_read10          |   15|          3|   32|         96|
    |grp_sha256_update_fu_855_p_read2           |   15|          3|   32|         96|
    |grp_sha256_update_fu_855_p_read3           |   15|          3|   32|         96|
    |grp_sha256_update_fu_855_p_read4           |   15|          3|   32|         96|
    |grp_sha256_update_fu_855_p_read5           |   15|          3|   32|         96|
    |grp_sha256_update_fu_855_p_read6           |   15|          3|   32|         96|
    |grp_sha256_update_fu_855_p_read7           |   15|          3|   32|         96|
    |grp_sha256_update_fu_855_p_read8           |   15|          3|   32|         96|
    |grp_sha256_update_fu_855_p_read9           |   15|          3|   32|         96|
    |i9_reg_814                                 |    9|          2|    7|         14|
    |i_1_reg_825                                |    9|          2|    6|         12|
    |n_fu_154                                   |   15|          3|   32|         96|
    |seg_buf_address0                           |  165|         37|    6|        222|
    |seg_buf_ce0                                |   21|          4|    1|          4|
    |seg_buf_ce1                                |    9|          2|    1|          2|
    |seg_buf_d0                                 |   15|          3|    8|         24|
    |seg_buf_we0                                |   15|          3|    1|          3|
    |seg_buf_we1                                |    9|          2|    1|          2|
    |seg_offset_fu_202                          |    9|          2|   32|         64|
    |sha256ctx_bitlen_0_2_fu_162                |    9|          2|   32|         64|
    |sha256ctx_bitlen_1_2_fu_166                |    9|          2|   32|         64|
    |sha256ctx_data_address0                    |   15|          3|    6|         18|
    |sha256ctx_data_address1                    |   15|          3|    6|         18|
    |sha256ctx_data_ce0                         |   15|          3|    1|          3|
    |sha256ctx_data_ce1                         |   15|          3|    1|          3|
    |sha256ctx_data_d0                          |   15|          3|    8|         24|
    |sha256ctx_data_we0                         |   15|          3|    1|          3|
    |sha256ctx_data_we1                         |    9|          2|    1|          2|
    |sha256ctx_datalen_fu_158                   |    9|          2|   32|         64|
    |sha256ctx_state_0_2_fu_170                 |    9|          2|   32|         64|
    |sha256ctx_state_1_2_fu_174                 |    9|          2|   32|         64|
    |sha256ctx_state_2_2_fu_178                 |    9|          2|   32|         64|
    |sha256ctx_state_3_2_fu_182                 |    9|          2|   32|         64|
    |sha256ctx_state_4_2_fu_186                 |    9|          2|   32|         64|
    |sha256ctx_state_5_2_fu_190                 |    9|          2|   32|         64|
    |sha256ctx_state_6_2_fu_194                 |    9|          2|   32|         64|
    |sha256ctx_state_7_2_fu_198                 |    9|          2|   32|         64|
    +-------------------------------------------+-----+-----------+-----+-----------+
    |Total                                      | 1003|        216|  869|       2601|
    +-------------------------------------------+-----+-----------+-----+-----------+

    * Register: 
    +------------------------------------------+----+----+-----+-----------+
    |                   Name                   | FF | LUT| Bits| Const Bits|
    +------------------------------------------+----+----+-----+-----------+
    |ap_CS_fsm                                 |  41|   0|   41|          0|
    |ap_reg_grp_sha256_final_fu_836_ap_start   |   1|   0|    1|          0|
    |ap_reg_grp_sha256_update_fu_855_ap_start  |   1|   0|    1|          0|
    |i9_cast4_reg_1410                         |   7|   0|   32|         25|
    |i9_reg_814                                |   7|   0|    7|          0|
    |i_1_cast_reg_1428                         |   6|   0|   32|         26|
    |i_1_reg_825                               |   6|   0|    6|          0|
    |i_7_reg_1436                              |   6|   0|    6|          0|
    |i_reg_1418                                |   7|   0|    7|          0|
    |icmp_reg_1406                             |   1|   0|    1|          0|
    |n_fu_154                                  |  32|   0|   32|          0|
    |n_load_reg_1396                           |  32|   0|   32|          0|
    |reg_1033                                  |  32|   0|   32|          0|
    |reg_1039                                  |  32|   0|   32|          0|
    |reg_1045                                  |  32|   0|   32|          0|
    |reg_1051                                  |  32|   0|   32|          0|
    |reg_1057                                  |  32|   0|   32|          0|
    |reg_1063                                  |  32|   0|   32|          0|
    |reg_1069                                  |  32|   0|   32|          0|
    |reg_1075                                  |  32|   0|   32|          0|
    |reg_1081                                  |  32|   0|   32|          0|
    |reg_1087                                  |  32|   0|   32|          0|
    |reg_1093                                  |  32|   0|   32|          0|
    |seg_offset_fu_202                         |  32|   0|   32|          0|
    |sha256ctx_bitlen_0_1_reg_1451             |  32|   0|   32|          0|
    |sha256ctx_bitlen_0_2_fu_162               |  32|   0|   32|          0|
    |sha256ctx_bitlen_1_1_reg_1456             |  32|   0|   32|          0|
    |sha256ctx_bitlen_1_2_fu_166               |  32|   0|   32|          0|
    |sha256ctx_datalen_fu_158                  |  32|   0|   32|          0|
    |sha256ctx_datalen_lo_1_reg_1446           |  32|   0|   32|          0|
    |sha256ctx_state_0_2_2_reg_1461            |  32|   0|   32|          0|
    |sha256ctx_state_0_2_fu_170                |  32|   0|   32|          0|
    |sha256ctx_state_1_2_2_reg_1466            |  32|   0|   32|          0|
    |sha256ctx_state_1_2_fu_174                |  32|   0|   32|          0|
    |sha256ctx_state_2_2_2_reg_1471            |  32|   0|   32|          0|
    |sha256ctx_state_2_2_fu_178                |  32|   0|   32|          0|
    |sha256ctx_state_3_2_2_reg_1476            |  32|   0|   32|          0|
    |sha256ctx_state_3_2_fu_182                |  32|   0|   32|          0|
    |sha256ctx_state_4_2_2_reg_1481            |  32|   0|   32|          0|
    |sha256ctx_state_4_2_fu_186                |  32|   0|   32|          0|
    |sha256ctx_state_5_2_2_reg_1486            |  32|   0|   32|          0|
    |sha256ctx_state_5_2_fu_190                |  32|   0|   32|          0|
    |sha256ctx_state_6_2_2_reg_1491            |  32|   0|   32|          0|
    |sha256ctx_state_6_2_fu_194                |  32|   0|   32|          0|
    |sha256ctx_state_7_2_2_reg_1496            |  32|   0|   32|          0|
    |sha256ctx_state_7_2_fu_198                |  32|   0|   32|          0|
    |tmp_96_reg_1390                           |  10|   0|   10|          0|
    +------------------------------------------+----+----+-----+-----------+
    |Total                                     |1245|   0| 1296|         51|
    +------------------------------------------+----+----+-----+-----------+



================================================================
== Interface
================================================================
* Summary: 
+------------------------+-----+-----+------------+--------------+--------------+
|        RTL Ports       | Dir | Bits|  Protocol  | Source Object|    C Type    |
+------------------------+-----+-----+------------+--------------+--------------+
|s_axi_AXILiteS_AWVALID  |  in |    1|    s_axi   |   AXILiteS   |     array    |
|s_axi_AXILiteS_AWREADY  | out |    1|    s_axi   |   AXILiteS   |     array    |
|s_axi_AXILiteS_AWADDR   |  in |   10|    s_axi   |   AXILiteS   |     array    |
|s_axi_AXILiteS_WVALID   |  in |    1|    s_axi   |   AXILiteS   |     array    |
|s_axi_AXILiteS_WREADY   | out |    1|    s_axi   |   AXILiteS   |     array    |
|s_axi_AXILiteS_WDATA    |  in |   32|    s_axi   |   AXILiteS   |     array    |
|s_axi_AXILiteS_WSTRB    |  in |    4|    s_axi   |   AXILiteS   |     array    |
|s_axi_AXILiteS_ARVALID  |  in |    1|    s_axi   |   AXILiteS   |     array    |
|s_axi_AXILiteS_ARREADY  | out |    1|    s_axi   |   AXILiteS   |     array    |
|s_axi_AXILiteS_ARADDR   |  in |   10|    s_axi   |   AXILiteS   |     array    |
|s_axi_AXILiteS_RVALID   | out |    1|    s_axi   |   AXILiteS   |     array    |
|s_axi_AXILiteS_RREADY   |  in |    1|    s_axi   |   AXILiteS   |     array    |
|s_axi_AXILiteS_RDATA    | out |   32|    s_axi   |   AXILiteS   |     array    |
|s_axi_AXILiteS_RRESP    | out |    2|    s_axi   |   AXILiteS   |     array    |
|s_axi_AXILiteS_BVALID   | out |    1|    s_axi   |   AXILiteS   |     array    |
|s_axi_AXILiteS_BREADY   |  in |    1|    s_axi   |   AXILiteS   |     array    |
|s_axi_AXILiteS_BRESP    | out |    2|    s_axi   |   AXILiteS   |     array    |
|ap_clk                  |  in |    1| ap_ctrl_hs |    sha256    | return value |
|ap_rst_n                |  in |    1| ap_ctrl_hs |    sha256    | return value |
|interrupt               | out |    1| ap_ctrl_hs |    sha256    | return value |
+------------------------+-----+-----+------------+--------------+--------------+

