

================================================================
== Vivado HLS Report for 'CH'
================================================================
* Date:           Wed Apr 14 12:12:43 2021

* Version:        2019.1 (Build 2552052 on Fri May 24 15:28:33 MDT 2019)
* Project:        SHA
* Solution:       solution2_Kintex_with_hardware
* Product family: kintexu
* Target device:  xcku025-ffva1156-1-c


================================================================
== Performance Estimates
================================================================
+ Timing (ns): 
    * Summary: 
    +--------+-------+----------+------------+
    |  Clock | Target| Estimated| Uncertainty|
    +--------+-------+----------+------------+
    |ap_clk  |  10.00|     0.474|        1.25|
    +--------+-------+----------+------------+

+ Latency (clock cycles): 
    * Summary: 
    +-----+-----+-----+-----+----------+
    |  Latency  |  Interval | Pipeline |
    | min | max | min | max |   Type   |
    +-----+-----+-----+-----+----------+
    |    0|    0|    1|    1| function |
    +-----+-----+-----+-----+----------+

    + Detail: 
        * Instance: 
        N/A

        * Loop: 
        N/A



================================================================
== Utilization Estimates
================================================================
* Summary: 
+-----------------+---------+-------+--------+--------+-----+
|       Name      | BRAM_18K| DSP48E|   FF   |   LUT  | URAM|
+-----------------+---------+-------+--------+--------+-----+
|DSP              |        -|      -|       -|       -|    -|
|Expression       |        -|      -|       0|     128|    -|
|FIFO             |        -|      -|       -|       -|    -|
|Instance         |        -|      -|       -|       -|    -|
|Memory           |        -|      -|       -|       -|    -|
|Multiplexer      |        -|      -|       -|       -|    -|
|Register         |        -|      -|       -|       -|    -|
+-----------------+---------+-------+--------+--------+-----+
|Total            |        0|      0|       0|     128|    0|
+-----------------+---------+-------+--------+--------+-----+
|Available        |      720|   1152|  290880|  145440|    0|
+-----------------+---------+-------+--------+--------+-----+
|Utilization (%)  |        0|      0|       0|   ~0   |    0|
+-----------------+---------+-------+--------+--------+-----+

+ Detail: 
    * Instance: 
    N/A

    * DSP48E: 
    N/A

    * Memory: 
    N/A

    * FIFO: 
    N/A

    * Expression: 
    +---------------------+----------+-------+---+----+------------+------------+
    |    Variable Name    | Operation| DSP48E| FF| LUT| Bitwidth P0| Bitwidth P1|
    +---------------------+----------+-------+---+----+------------+------------+
    |and_ln39_1_fu_40_p2  |    and   |      0|  0|  32|          32|          32|
    |and_ln39_fu_28_p2    |    and   |      0|  0|  32|          32|          32|
    |ap_return            |    xor   |      0|  0|  32|          32|          32|
    |xor_ln39_fu_34_p2    |    xor   |      0|  0|  32|          32|           2|
    +---------------------+----------+-------+---+----+------------+------------+
    |Total                |          |      0|  0| 128|         128|          98|
    +---------------------+----------+-------+---+----+------------+------------+

    * Multiplexer: 
    N/A

    * Register: 
    N/A



================================================================
== Interface
================================================================
* Summary: 
+-----------+-----+-----+------------+--------------+--------------+
| RTL Ports | Dir | Bits|  Protocol  | Source Object|    C Type    |
+-----------+-----+-----+------------+--------------+--------------+
|ap_ready   | out |    1| ap_ctrl_hs |      CH      | return value |
|ap_return  | out |   32| ap_ctrl_hs |      CH      | return value |
|x          |  in |   32|   ap_none  |       x      |    scalar    |
|y          |  in |   32|   ap_none  |       y      |    scalar    |
|z          |  in |   32|   ap_none  |       z      |    scalar    |
+-----------+-----+-----+------------+--------------+--------------+

============================================================
+ Verbose Summary: Synthesis Manager
============================================================
InlineROM: 1
ExposeGlobal: 0
============================================================
+ Verbose Summary: CDFG Model
============================================================
IsTopModel: 0
ResetActiveHigh: 1
IsCombinational: 1
IsDatapathOnly: 2
HasWiredReturn: 1
HasMFsm: 2
HasVarLatency: 0
IsPipeline: 1
IsRtlPipelined: 0
IsInstanceOverlapped: 0
IsDontTouch: 0
HasImplIP: 0
IsGatedGlobalClock: 0

+ Individual pipeline summary: 
  * Pipeline-0: initiation interval (II) = 1, depth = 1


============================================================
+ Verbose Summary: Schedule
============================================================
* Number of FSM states : 1
* Pipeline : 1
  Pipeline-0 : II = 1, D = 1, States = { 1 }
* Dataflow Pipeline: 0

* FSM state transitions: 
1 --> 

* FSM state operations: 

State 1 <SV = 0> <Delay = 0.47>
ST_1 : Operation 2 [1/1] (0.00ns)   --->   "%z_read = call i32 @_ssdm_op_Read.ap_auto.i32(i32 %z) nounwind" [SHA_new/SHA_new/sha256_impl.c:38]   --->   Operation 2 'read' 'z_read' <Predicate = true> <Delay = 0.00>
ST_1 : Operation 3 [1/1] (0.00ns)   --->   "%y_read = call i32 @_ssdm_op_Read.ap_auto.i32(i32 %y) nounwind" [SHA_new/SHA_new/sha256_impl.c:38]   --->   Operation 3 'read' 'y_read' <Predicate = true> <Delay = 0.00>
ST_1 : Operation 4 [1/1] (0.00ns)   --->   "%x_read = call i32 @_ssdm_op_Read.ap_auto.i32(i32 %x) nounwind" [SHA_new/SHA_new/sha256_impl.c:38]   --->   Operation 4 'read' 'x_read' <Predicate = true> <Delay = 0.00>
ST_1 : Operation 5 [1/1] (0.00ns) (grouped into LUT with out node xor_ln39_1)   --->   "%and_ln39 = and i32 %y_read, %x_read" [SHA_new/SHA_new/sha256_impl.c:39]   --->   Operation 5 'and' 'and_ln39' <Predicate = true> <Delay = 0.00> <Core = "LogicGate">   --->   Core 27 'LogicGate' <Latency = 0> <II = 1> <Delay = 0.47> <FuncUnit> <Opcode : 'and' 'or' 'xor'> <InPorts = 2> <OutPorts = 1>
ST_1 : Operation 6 [1/1] (0.00ns) (grouped into LUT with out node xor_ln39_1)   --->   "%xor_ln39 = xor i32 %x_read, -1" [SHA_new/SHA_new/sha256_impl.c:39]   --->   Operation 6 'xor' 'xor_ln39' <Predicate = true> <Delay = 0.00> <Core = "LogicGate">   --->   Core 27 'LogicGate' <Latency = 0> <II = 1> <Delay = 0.47> <FuncUnit> <Opcode : 'and' 'or' 'xor'> <InPorts = 2> <OutPorts = 1>
ST_1 : Operation 7 [1/1] (0.00ns) (grouped into LUT with out node xor_ln39_1)   --->   "%and_ln39_1 = and i32 %z_read, %xor_ln39" [SHA_new/SHA_new/sha256_impl.c:39]   --->   Operation 7 'and' 'and_ln39_1' <Predicate = true> <Delay = 0.00> <Core = "LogicGate">   --->   Core 27 'LogicGate' <Latency = 0> <II = 1> <Delay = 0.47> <FuncUnit> <Opcode : 'and' 'or' 'xor'> <InPorts = 2> <OutPorts = 1>
ST_1 : Operation 8 [1/1] (0.47ns) (out node of the LUT)   --->   "%xor_ln39_1 = xor i32 %and_ln39_1, %and_ln39" [SHA_new/SHA_new/sha256_impl.c:39]   --->   Operation 8 'xor' 'xor_ln39_1' <Predicate = true> <Delay = 0.47> <Core = "LogicGate">   --->   Core 27 'LogicGate' <Latency = 0> <II = 1> <Delay = 0.47> <FuncUnit> <Opcode : 'and' 'or' 'xor'> <InPorts = 2> <OutPorts = 1>
ST_1 : Operation 9 [1/1] (0.00ns)   --->   "ret i32 %xor_ln39_1" [SHA_new/SHA_new/sha256_impl.c:39]   --->   Operation 9 'ret' <Predicate = true> <Delay = 0.00>


============================================================
+ Verbose Summary: Binding
============================================================
STG Binding: 
---------------- STG Properties BEGIN ----------------
- Is combinational: 1
- Is one-state seq: 0
- Is datapath-only: 0
- Is pipelined: 1
- Is top level: 0
Port [ Return ] is wired: 1; IO mode=ap_ctrl_hs:ce=0
Port [ x]:  wired=1; compound=0; hidden=0; nouse=0; global=0; static=0; extern=0; dir=0; type=0; pingpong=0; private_global=0; IO mode=ap_none:ce=0
Port [ y]:  wired=1; compound=0; hidden=0; nouse=0; global=0; static=0; extern=0; dir=0; type=0; pingpong=0; private_global=0; IO mode=ap_none:ce=0
Port [ z]:  wired=1; compound=0; hidden=0; nouse=0; global=0; static=0; extern=0; dir=0; type=0; pingpong=0; private_global=0; IO mode=ap_none:ce=0
---------------- STG Properties END ------------------

---------------- Datapath Model BEGIN ----------------

<LifeTime>
<method=bitvector/>
z_read     (read) [ 00]
y_read     (read) [ 00]
x_read     (read) [ 00]
and_ln39   (and ) [ 00]
xor_ln39   (xor ) [ 00]
and_ln39_1 (and ) [ 00]
xor_ln39_1 (xor ) [ 00]
ret_ln39   (ret ) [ 00]
</LifeTime>

<model>

<comp_list>
<comp id="0" class="1000" name="x">
<pin_list>
<pin id="1" dir="1" index="0" bw="1" slack="0"/>
</pin_list>
<bind>
<StgValue><ssdm name="x"/></StgValue>
</bind>
</comp>

<comp id="2" class="1000" name="y">
<pin_list>
<pin id="3" dir="1" index="0" bw="1" slack="0"/>
</pin_list>
<bind>
<StgValue><ssdm name="y"/></StgValue>
</bind>
</comp>

<comp id="4" class="1000" name="z">
<pin_list>
<pin id="5" dir="1" index="0" bw="1" slack="0"/>
</pin_list>
<bind>
<StgValue><ssdm name="z"/></StgValue>
</bind>
</comp>

<comp id="6" class="1001" name="const_6">
<pin_list>
<pin id="7" dir="1" index="0" bw="1" slack="0"/>
</pin_list>
<bind>
<StgValue><ssdm name="_ssdm_op_Read.ap_auto.i32"/></StgValue>
</bind>
</comp>

<comp id="8" class="1001" name="const_8">
<pin_list>
<pin id="9" dir="1" index="0" bw="1" slack="0"/>
</pin_list>
<bind>
<StgValue><ssdm name=""/></StgValue>
</bind>
</comp>

<comp id="10" class="1004" name="z_read_read_fu_10">
<pin_list>
<pin id="11" dir="0" index="0" bw="32" slack="0"/>
<pin id="12" dir="0" index="1" bw="32" slack="0"/>
<pin id="13" dir="1" index="2" bw="32" slack="0"/>
</pin_list>
<bind>
<opcode="read(1150) " fcode="read"/>
<opset="z_read/1 "/>
</bind>
</comp>

<comp id="16" class="1004" name="y_read_read_fu_16">
<pin_list>
<pin id="17" dir="0" index="0" bw="32" slack="0"/>
<pin id="18" dir="0" index="1" bw="32" slack="0"/>
<pin id="19" dir="1" index="2" bw="32" slack="0"/>
</pin_list>
<bind>
<opcode="read(1150) " fcode="read"/>
<opset="y_read/1 "/>
</bind>
</comp>

<comp id="22" class="1004" name="x_read_read_fu_22">
<pin_list>
<pin id="23" dir="0" index="0" bw="32" slack="0"/>
<pin id="24" dir="0" index="1" bw="32" slack="0"/>
<pin id="25" dir="1" index="2" bw="32" slack="0"/>
</pin_list>
<bind>
<opcode="read(1150) " fcode="read"/>
<opset="x_read/1 "/>
</bind>
</comp>

<comp id="28" class="1004" name="and_ln39_fu_28">
<pin_list>
<pin id="29" dir="0" index="0" bw="32" slack="0"/>
<pin id="30" dir="0" index="1" bw="32" slack="0"/>
<pin id="31" dir="1" index="2" bw="32" slack="0"/>
</pin_list>
<bind>
<opcode="and(23) " fcode="and"/>
<opset="and_ln39/1 "/>
</bind>
</comp>

<comp id="34" class="1004" name="xor_ln39_fu_34">
<pin_list>
<pin id="35" dir="0" index="0" bw="32" slack="0"/>
<pin id="36" dir="0" index="1" bw="32" slack="0"/>
<pin id="37" dir="1" index="2" bw="32" slack="0"/>
</pin_list>
<bind>
<opcode="xor(25) " fcode="xor"/>
<opset="xor_ln39/1 "/>
</bind>
</comp>

<comp id="40" class="1004" name="and_ln39_1_fu_40">
<pin_list>
<pin id="41" dir="0" index="0" bw="32" slack="0"/>
<pin id="42" dir="0" index="1" bw="32" slack="0"/>
<pin id="43" dir="1" index="2" bw="32" slack="0"/>
</pin_list>
<bind>
<opcode="and(23) " fcode="and"/>
<opset="and_ln39_1/1 "/>
</bind>
</comp>

<comp id="46" class="1004" name="xor_ln39_1_fu_46">
<pin_list>
<pin id="47" dir="0" index="0" bw="32" slack="0"/>
<pin id="48" dir="0" index="1" bw="32" slack="0"/>
<pin id="49" dir="1" index="2" bw="32" slack="2147483647"/>
</pin_list>
<bind>
<opcode="xor(25) " fcode="xor"/>
<opset="xor_ln39_1/1 "/>
</bind>
</comp>

</comp_list>

<net_list>
<net id="14"><net_src comp="6" pin="0"/><net_sink comp="10" pin=0"/></net>

<net id="15"><net_src comp="4" pin="0"/><net_sink comp="10" pin=1"/></net>

<net id="20"><net_src comp="6" pin="0"/><net_sink comp="16" pin=0"/></net>

<net id="21"><net_src comp="2" pin="0"/><net_sink comp="16" pin=1"/></net>

<net id="26"><net_src comp="6" pin="0"/><net_sink comp="22" pin=0"/></net>

<net id="27"><net_src comp="0" pin="0"/><net_sink comp="22" pin=1"/></net>

<net id="32"><net_src comp="16" pin="2"/><net_sink comp="28" pin=0"/></net>

<net id="33"><net_src comp="22" pin="2"/><net_sink comp="28" pin=1"/></net>

<net id="38"><net_src comp="22" pin="2"/><net_sink comp="34" pin=0"/></net>

<net id="39"><net_src comp="8" pin="0"/><net_sink comp="34" pin=1"/></net>

<net id="44"><net_src comp="10" pin="2"/><net_sink comp="40" pin=0"/></net>

<net id="45"><net_src comp="34" pin="2"/><net_sink comp="40" pin=1"/></net>

<net id="50"><net_src comp="40" pin="2"/><net_sink comp="46" pin=0"/></net>

<net id="51"><net_src comp="28" pin="2"/><net_sink comp="46" pin=1"/></net>

</net_list>

</model> 
---------------- Datapath Model END ------------------

* FSMD analyzer results:
  - Output states:
 - Input state : 
	Port: CH : x | {1 }
	Port: CH : y | {1 }
	Port: CH : z | {1 }
  - Chain level:
	State 1


============================================================
+ Verbose Summary: Datapath Resource usage 
============================================================

* Functional unit list:
|----------|-------------------|---------|---------|
| Operation|  Functional Unit  |    FF   |   LUT   |
|----------|-------------------|---------|---------|
|    and   |   and_ln39_fu_28  |    0    |    32   |
|          |  and_ln39_1_fu_40 |    0    |    32   |
|----------|-------------------|---------|---------|
|    xor   |   xor_ln39_fu_34  |    0    |    32   |
|          |  xor_ln39_1_fu_46 |    0    |    32   |
|----------|-------------------|---------|---------|
|          | z_read_read_fu_10 |    0    |    0    |
|   read   | y_read_read_fu_16 |    0    |    0    |
|          | x_read_read_fu_22 |    0    |    0    |
|----------|-------------------|---------|---------|
|   Total  |                   |    0    |   128   |
|----------|-------------------|---------|---------|

Memories:
N/A

* Register list:
N/A

* Multiplexer (MUX) list: 
|--------|------|------|------|--------|
|  Comp  |  Pin | Size |  BW  | S x BW |
|--------|------|------|------|--------|
|  Total |      |      |      |    0   |
|--------|------|------|------|--------|



* Summary:
+-----------+--------+--------+
|           |   FF   |   LUT  |
+-----------+--------+--------+
|  Function |    0   |   128  |
|   Memory  |    -   |    -   |
|Multiplexer|    -   |    -   |
|  Register |    -   |    -   |
+-----------+--------+--------+
|   Total   |    0   |   128  |
+-----------+--------+--------+
