

================================================================
== Vivado HLS Report for 'EP0'
================================================================
* Date:           Wed Apr 14 12:12:30 2021

* Version:        2019.1 (Build 2552052 on Fri May 24 15:28:33 MDT 2019)
* Project:        SHA
* Solution:       solution2_Kintex_with_hardware
* Product family: kintexu
* Target device:  xcku025-ffva1156-1-c


================================================================
== Performance Estimates
================================================================
+ Timing (ns): 
    * Summary: 
    +--------+-------+----------+------------+
    |  Clock | Target| Estimated| Uncertainty|
    +--------+-------+----------+------------+
    |ap_clk  |  10.00|     0.474|        1.25|
    +--------+-------+----------+------------+

+ Latency (clock cycles): 
    * Summary: 
    +-----+-----+-----+-----+----------+
    |  Latency  |  Interval | Pipeline |
    | min | max | min | max |   Type   |
    +-----+-----+-----+-----+----------+
    |    0|    0|    1|    1| function |
    +-----+-----+-----+-----+----------+

    + Detail: 
        * Instance: 
        N/A

        * Loop: 
        N/A

============================================================
+ Verbose Summary: Synthesis Manager
============================================================
InlineROM: 1
ExposeGlobal: 0
============================================================
+ Verbose Summary: CDFG Model
============================================================
IsTopModel: 0
ResetActiveHigh: 1
IsCombinational: 0
IsDatapathOnly: 0
HasWiredReturn: 1
HasMFsm: 2
HasVarLatency: 0
IsPipeline: 1
IsRtlPipelined: 0
IsInstanceOverlapped: 0
IsDontTouch: 0
HasImplIP: 0
IsGatedGlobalClock: 0

+ Individual pipeline summary: 
  * Pipeline-0: initiation interval (II) = 1, depth = 1


============================================================
+ Verbose Summary: Schedule
============================================================
* Number of FSM states : 1
* Pipeline : 1
  Pipeline-0 : II = 1, D = 1, States = { 1 }
* Dataflow Pipeline: 0

* FSM state transitions: 
1 --> 

* FSM state operations: 

State 1 <SV = 0> <Delay = 0.47>
ST_1 : Operation 2 [1/1] (0.00ns)   --->   "%x_read = call i32 @_ssdm_op_Read.ap_auto.i32(i32 %x) nounwind" [SHA_new/SHA_new/sha256_impl.c:46]   --->   Operation 2 'read' 'x_read' <Predicate = true> <Delay = 0.00>
ST_1 : Operation 3 [1/1] (0.00ns) (grouped into LUT with out node xor_ln47_1)   --->   "%lshr_ln = call i30 @_ssdm_op_PartSelect.i30.i32.i32.i32(i32 %x_read, i32 2, i32 31)" [SHA_new/SHA_new/sha256_impl.c:35->SHA_new/SHA_new/sha256_impl.c:47]   --->   Operation 3 'partselect' 'lshr_ln' <Predicate = true> <Delay = 0.00>
ST_1 : Operation 4 [1/1] (0.00ns) (grouped into LUT with out node xor_ln47_1)   --->   "%trunc_ln35 = trunc i32 %x_read to i2" [SHA_new/SHA_new/sha256_impl.c:35->SHA_new/SHA_new/sha256_impl.c:47]   --->   Operation 4 'trunc' 'trunc_ln35' <Predicate = true> <Delay = 0.00>
ST_1 : Operation 5 [1/1] (0.00ns) (grouped into LUT with out node xor_ln47_1)   --->   "%or_ln = call i32 @_ssdm_op_BitConcatenate.i32.i2.i30(i2 %trunc_ln35, i30 %lshr_ln)" [SHA_new/SHA_new/sha256_impl.c:35->SHA_new/SHA_new/sha256_impl.c:47]   --->   Operation 5 'bitconcatenate' 'or_ln' <Predicate = true> <Delay = 0.00>
ST_1 : Operation 6 [1/1] (0.00ns) (grouped into LUT with out node xor_ln47_1)   --->   "%lshr_ln35_5 = call i19 @_ssdm_op_PartSelect.i19.i32.i32.i32(i32 %x_read, i32 13, i32 31)" [SHA_new/SHA_new/sha256_impl.c:35->SHA_new/SHA_new/sha256_impl.c:47]   --->   Operation 6 'partselect' 'lshr_ln35_5' <Predicate = true> <Delay = 0.00>
ST_1 : Operation 7 [1/1] (0.00ns) (grouped into LUT with out node xor_ln47_1)   --->   "%trunc_ln35_5 = trunc i32 %x_read to i13" [SHA_new/SHA_new/sha256_impl.c:35->SHA_new/SHA_new/sha256_impl.c:47]   --->   Operation 7 'trunc' 'trunc_ln35_5' <Predicate = true> <Delay = 0.00>
ST_1 : Operation 8 [1/1] (0.00ns) (grouped into LUT with out node xor_ln47_1)   --->   "%or_ln35_5 = call i32 @_ssdm_op_BitConcatenate.i32.i13.i19(i13 %trunc_ln35_5, i19 %lshr_ln35_5)" [SHA_new/SHA_new/sha256_impl.c:35->SHA_new/SHA_new/sha256_impl.c:47]   --->   Operation 8 'bitconcatenate' 'or_ln35_5' <Predicate = true> <Delay = 0.00>
ST_1 : Operation 9 [1/1] (0.00ns) (grouped into LUT with out node xor_ln47_1)   --->   "%lshr_ln35_6 = call i10 @_ssdm_op_PartSelect.i10.i32.i32.i32(i32 %x_read, i32 22, i32 31)" [SHA_new/SHA_new/sha256_impl.c:35->SHA_new/SHA_new/sha256_impl.c:47]   --->   Operation 9 'partselect' 'lshr_ln35_6' <Predicate = true> <Delay = 0.00>
ST_1 : Operation 10 [1/1] (0.00ns) (grouped into LUT with out node xor_ln47_1)   --->   "%trunc_ln35_6 = trunc i32 %x_read to i22" [SHA_new/SHA_new/sha256_impl.c:35->SHA_new/SHA_new/sha256_impl.c:47]   --->   Operation 10 'trunc' 'trunc_ln35_6' <Predicate = true> <Delay = 0.00>
ST_1 : Operation 11 [1/1] (0.00ns) (grouped into LUT with out node xor_ln47_1)   --->   "%or_ln35_6 = call i32 @_ssdm_op_BitConcatenate.i32.i22.i10(i22 %trunc_ln35_6, i10 %lshr_ln35_6)" [SHA_new/SHA_new/sha256_impl.c:35->SHA_new/SHA_new/sha256_impl.c:47]   --->   Operation 11 'bitconcatenate' 'or_ln35_6' <Predicate = true> <Delay = 0.00>
ST_1 : Operation 12 [1/1] (0.00ns) (grouped into LUT with out node xor_ln47_1)   --->   "%xor_ln47 = xor i32 %or_ln, %or_ln35_6" [SHA_new/SHA_new/sha256_impl.c:47]   --->   Operation 12 'xor' 'xor_ln47' <Predicate = true> <Delay = 0.00> <Core = "LogicGate">   --->   Core 27 'LogicGate' <Latency = 0> <II = 1> <Delay = 0.47> <FuncUnit> <Opcode : 'and' 'or' 'xor'> <InPorts = 2> <OutPorts = 1>
ST_1 : Operation 13 [1/1] (0.47ns) (out node of the LUT)   --->   "%xor_ln47_1 = xor i32 %xor_ln47, %or_ln35_5" [SHA_new/SHA_new/sha256_impl.c:47]   --->   Operation 13 'xor' 'xor_ln47_1' <Predicate = true> <Delay = 0.47> <Core = "LogicGate">   --->   Core 27 'LogicGate' <Latency = 0> <II = 1> <Delay = 0.47> <FuncUnit> <Opcode : 'and' 'or' 'xor'> <InPorts = 2> <OutPorts = 1>
ST_1 : Operation 14 [1/1] (0.00ns)   --->   "ret i32 %xor_ln47_1" [SHA_new/SHA_new/sha256_impl.c:47]   --->   Operation 14 'ret' <Predicate = true> <Delay = 0.00>


============================================================
+ Verbose Summary: Timing violations
============================================================
Target clock period: 10ns, clock uncertainty: 1.25ns.

 <State 1>: 0.474ns
The critical path consists of the following:
	wire read on port 'x' (SHA_new/SHA_new/sha256_impl.c:46) [2]  (0 ns)
	'xor' operation ('xor_ln47', SHA_new/SHA_new/sha256_impl.c:47) [12]  (0 ns)
	'xor' operation ('xor_ln47_1', SHA_new/SHA_new/sha256_impl.c:47) [13]  (0.474 ns)


============================================================
+ Verbose Summary: Binding
============================================================
N/A
* FSMD analyzer results:
  - Output states:
 - Input state : 
  - Chain level:
	State 1


============================================================
+ Verbose Summary: Datapath Resource usage 
============================================================
N/A
