

================================================================
== Vivado HLS Report for 'sha256_update'
================================================================
* Date:           Sun Apr 11 11:39:56 2021

* Version:        2019.1 (Build 2552052 on Fri May 24 15:28:33 MDT 2019)
* Project:        SHA
* Solution:       solution2_Kintex_with_hardware
* Product family: kintexu
* Target device:  xcku025-ffva1156-1-c


================================================================
== Performance Estimates
================================================================
+ Timing (ns): 
    * Summary: 
    +--------+-------+----------+------------+
    |  Clock | Target| Estimated| Uncertainty|
    +--------+-------+----------+------------+
    |ap_clk  |  10.00|     8.699|        1.25|
    +--------+-------+----------+------------+

+ Latency (clock cycles): 
    * Summary: 
    +-----+-----+-----+-----+---------+
    |  Latency  |  Interval | Pipeline|
    | min | max | min | max |   Type  |
    +-----+-----+-----+-----+---------+
    |    1|   48|    1|   48|   none  |
    +-----+-----+-----+-----+---------+

    + Detail: 
        * Instance: 
        N/A

        * Loop: 
        +----------+-----+-----+----------+-----------+-----------+-------+----------+
        |          |  Latency  | Iteration|  Initiation Interval  |  Trip |          |
        | Loop Name| min | max |  Latency |  achieved |   target  | Count | Pipelined|
        +----------+-----+-----+----------+-----------+-----------+-------+----------+
        |- Loop 1  |    0|   47|  3 ~ 47  |          -|          -| 0 ~ 1 |    no    |
        +----------+-----+-----+----------+-----------+-----------+-------+----------+

============================================================
+ Verbose Summary: Synthesis Manager
============================================================
InlineROM: 1
ExposeGlobal: 0
============================================================
+ Verbose Summary: CDFG Model
============================================================
IsTopModel: 0
ResetActiveHigh: 1
IsCombinational: 0
IsDatapathOnly: 0
HasWiredReturn: 1
HasMFsm: 0
HasVarLatency: 1
IsPipeline: 0
IsRtlPipelined: 0
IsInstanceOverlapped: 0
IsDontTouch: 0
HasImplIP: 0
IsGatedGlobalClock: 0


============================================================
+ Verbose Summary: Schedule
============================================================
* Number of FSM states : 48
* Pipeline : 0
* Dataflow Pipeline: 0

* FSM state transitions: 
1 --> 2 
2 --> 3 
3 --> 4 48 
4 --> 5 
5 --> 6 
6 --> 7 
7 --> 8 
8 --> 9 
9 --> 10 
10 --> 11 
11 --> 12 
12 --> 13 
13 --> 14 
14 --> 15 
15 --> 16 
16 --> 17 
17 --> 18 
18 --> 19 
19 --> 20 
20 --> 21 
21 --> 22 
22 --> 23 
23 --> 24 
24 --> 25 
25 --> 26 
26 --> 27 
27 --> 28 
28 --> 29 
29 --> 30 
30 --> 31 
31 --> 32 
32 --> 33 
33 --> 34 
34 --> 35 
35 --> 36 
36 --> 37 
37 --> 38 
38 --> 39 
39 --> 40 
40 --> 41 
41 --> 42 
42 --> 43 
43 --> 44 
44 --> 45 
45 --> 46 
46 --> 47 
47 --> 48 
48 --> 2 

* FSM state operations: 

State 1 <SV = 0> <Delay = 1.09>
ST_1 : Operation 49 [1/1] (0.00ns)   --->   "%ctx_datalen_0 = alloca i32"   --->   Operation 49 'alloca' 'ctx_datalen_0' <Predicate = true> <Delay = 0.00>
ST_1 : Operation 50 [1/1] (0.00ns)   --->   "%ctx_state_7_0 = alloca i32"   --->   Operation 50 'alloca' 'ctx_state_7_0' <Predicate = true> <Delay = 0.00>
ST_1 : Operation 51 [1/1] (0.00ns)   --->   "%ctx_state_6_0 = alloca i32"   --->   Operation 51 'alloca' 'ctx_state_6_0' <Predicate = true> <Delay = 0.00>
ST_1 : Operation 52 [1/1] (0.00ns)   --->   "%ctx_state_5_0 = alloca i32"   --->   Operation 52 'alloca' 'ctx_state_5_0' <Predicate = true> <Delay = 0.00>
ST_1 : Operation 53 [1/1] (0.00ns)   --->   "%ctx_state_4_0 = alloca i32"   --->   Operation 53 'alloca' 'ctx_state_4_0' <Predicate = true> <Delay = 0.00>
ST_1 : Operation 54 [1/1] (0.00ns)   --->   "%ctx_state_3_0 = alloca i32"   --->   Operation 54 'alloca' 'ctx_state_3_0' <Predicate = true> <Delay = 0.00>
ST_1 : Operation 55 [1/1] (0.00ns)   --->   "%ctx_state_2_0 = alloca i32"   --->   Operation 55 'alloca' 'ctx_state_2_0' <Predicate = true> <Delay = 0.00>
ST_1 : Operation 56 [1/1] (0.00ns)   --->   "%ctx_state_1_0 = alloca i32"   --->   Operation 56 'alloca' 'ctx_state_1_0' <Predicate = true> <Delay = 0.00>
ST_1 : Operation 57 [1/1] (0.00ns)   --->   "%ctx_state_0_0 = alloca i32"   --->   Operation 57 'alloca' 'ctx_state_0_0' <Predicate = true> <Delay = 0.00>
ST_1 : Operation 58 [1/1] (0.00ns)   --->   "%ctx_bitlen_1_0 = alloca i32"   --->   Operation 58 'alloca' 'ctx_bitlen_1_0' <Predicate = true> <Delay = 0.00>
ST_1 : Operation 59 [1/1] (0.00ns)   --->   "%ctx_bitlen_0_0 = alloca i32"   --->   Operation 59 'alloca' 'ctx_bitlen_0_0' <Predicate = true> <Delay = 0.00>
ST_1 : Operation 60 [1/1] (0.00ns)   --->   "%len_read = call i32 @_ssdm_op_Read.ap_auto.i32(i32 %len)" [SHA_new/SHA_new/sha256_impl.c:91]   --->   Operation 60 'read' 'len_read' <Predicate = true> <Delay = 0.00>
ST_1 : Operation 61 [1/1] (0.00ns)   --->   "%p_read = call i32 @_ssdm_op_Read.ap_auto.i32(i32 %p_read10)" [SHA_new/SHA_new/sha256_impl.c:91]   --->   Operation 61 'read' 'p_read' <Predicate = true> <Delay = 0.00>
ST_1 : Operation 62 [1/1] (0.00ns)   --->   "%p_read_1 = call i32 @_ssdm_op_Read.ap_auto.i32(i32 %p_read9)" [SHA_new/SHA_new/sha256_impl.c:91]   --->   Operation 62 'read' 'p_read_1' <Predicate = true> <Delay = 0.00>
ST_1 : Operation 63 [1/1] (0.00ns)   --->   "%p_read_2 = call i32 @_ssdm_op_Read.ap_auto.i32(i32 %p_read8)" [SHA_new/SHA_new/sha256_impl.c:91]   --->   Operation 63 'read' 'p_read_2' <Predicate = true> <Delay = 0.00>
ST_1 : Operation 64 [1/1] (0.00ns)   --->   "%p_read_3 = call i32 @_ssdm_op_Read.ap_auto.i32(i32 %p_read7)" [SHA_new/SHA_new/sha256_impl.c:91]   --->   Operation 64 'read' 'p_read_3' <Predicate = true> <Delay = 0.00>
ST_1 : Operation 65 [1/1] (0.00ns)   --->   "%p_read_4 = call i32 @_ssdm_op_Read.ap_auto.i32(i32 %p_read6)" [SHA_new/SHA_new/sha256_impl.c:91]   --->   Operation 65 'read' 'p_read_4' <Predicate = true> <Delay = 0.00>
ST_1 : Operation 66 [1/1] (0.00ns)   --->   "%p_read_5 = call i32 @_ssdm_op_Read.ap_auto.i32(i32 %p_read5)" [SHA_new/SHA_new/sha256_impl.c:91]   --->   Operation 66 'read' 'p_read_5' <Predicate = true> <Delay = 0.00>
ST_1 : Operation 67 [1/1] (0.00ns)   --->   "%p_read45 = call i32 @_ssdm_op_Read.ap_auto.i32(i32 %p_read4)" [SHA_new/SHA_new/sha256_impl.c:91]   --->   Operation 67 'read' 'p_read45' <Predicate = true> <Delay = 0.00>
ST_1 : Operation 68 [1/1] (0.00ns)   --->   "%p_read34 = call i32 @_ssdm_op_Read.ap_auto.i32(i32 %p_read3)" [SHA_new/SHA_new/sha256_impl.c:91]   --->   Operation 68 'read' 'p_read34' <Predicate = true> <Delay = 0.00>
ST_1 : Operation 69 [1/1] (0.00ns)   --->   "%p_read23 = call i32 @_ssdm_op_Read.ap_auto.i32(i32 %p_read2)" [SHA_new/SHA_new/sha256_impl.c:91]   --->   Operation 69 'read' 'p_read23' <Predicate = true> <Delay = 0.00>
ST_1 : Operation 70 [1/1] (0.00ns)   --->   "%p_read12 = call i32 @_ssdm_op_Read.ap_auto.i32(i32 %p_read1)" [SHA_new/SHA_new/sha256_impl.c:91]   --->   Operation 70 'read' 'p_read12' <Predicate = true> <Delay = 0.00>
ST_1 : Operation 71 [1/1] (0.00ns)   --->   "%ctx_datalen_read_1 = call i32 @_ssdm_op_Read.ap_auto.i32(i32 %ctx_datalen_read)" [SHA_new/SHA_new/sha256_impl.c:91]   --->   Operation 71 'read' 'ctx_datalen_read_1' <Predicate = true> <Delay = 0.00>
ST_1 : Operation 72 [1/1] (0.00ns)   --->   "%empty = trunc i32 %len_read to i7" [SHA_new/SHA_new/sha256_impl.c:91]   --->   Operation 72 'trunc' 'empty' <Predicate = true> <Delay = 0.00>
ST_1 : Operation 73 [1/1] (1.02ns)   --->   "store i32 %p_read12, i32* %ctx_bitlen_0_0" [SHA_new/SHA_new/sha256_impl.c:95]   --->   Operation 73 'store' <Predicate = true> <Delay = 1.02>
ST_1 : Operation 74 [1/1] (1.02ns)   --->   "store i32 %p_read23, i32* %ctx_bitlen_1_0" [SHA_new/SHA_new/sha256_impl.c:95]   --->   Operation 74 'store' <Predicate = true> <Delay = 1.02>
ST_1 : Operation 75 [1/1] (1.02ns)   --->   "store i32 %p_read34, i32* %ctx_state_0_0" [SHA_new/SHA_new/sha256_impl.c:95]   --->   Operation 75 'store' <Predicate = true> <Delay = 1.02>
ST_1 : Operation 76 [1/1] (1.02ns)   --->   "store i32 %p_read45, i32* %ctx_state_1_0" [SHA_new/SHA_new/sha256_impl.c:95]   --->   Operation 76 'store' <Predicate = true> <Delay = 1.02>
ST_1 : Operation 77 [1/1] (1.02ns)   --->   "store i32 %p_read_5, i32* %ctx_state_2_0" [SHA_new/SHA_new/sha256_impl.c:95]   --->   Operation 77 'store' <Predicate = true> <Delay = 1.02>
ST_1 : Operation 78 [1/1] (1.02ns)   --->   "store i32 %p_read_4, i32* %ctx_state_3_0" [SHA_new/SHA_new/sha256_impl.c:95]   --->   Operation 78 'store' <Predicate = true> <Delay = 1.02>
ST_1 : Operation 79 [1/1] (1.02ns)   --->   "store i32 %p_read_3, i32* %ctx_state_4_0" [SHA_new/SHA_new/sha256_impl.c:95]   --->   Operation 79 'store' <Predicate = true> <Delay = 1.02>
ST_1 : Operation 80 [1/1] (1.02ns)   --->   "store i32 %p_read_2, i32* %ctx_state_5_0" [SHA_new/SHA_new/sha256_impl.c:95]   --->   Operation 80 'store' <Predicate = true> <Delay = 1.02>
ST_1 : Operation 81 [1/1] (1.02ns)   --->   "store i32 %p_read_1, i32* %ctx_state_6_0" [SHA_new/SHA_new/sha256_impl.c:95]   --->   Operation 81 'store' <Predicate = true> <Delay = 1.02>
ST_1 : Operation 82 [1/1] (1.02ns)   --->   "store i32 %p_read, i32* %ctx_state_7_0" [SHA_new/SHA_new/sha256_impl.c:95]   --->   Operation 82 'store' <Predicate = true> <Delay = 1.02>
ST_1 : Operation 83 [1/1] (1.09ns)   --->   "store i32 %ctx_datalen_read_1, i32* %ctx_datalen_0" [SHA_new/SHA_new/sha256_impl.c:95]   --->   Operation 83 'store' <Predicate = true> <Delay = 1.09>
ST_1 : Operation 84 [1/1] (1.02ns)   --->   "br label %1" [SHA_new/SHA_new/sha256_impl.c:95]   --->   Operation 84 'br' <Predicate = true> <Delay = 1.02>

State 2 <SV = 1> <Delay = 1.36>
ST_2 : Operation 85 [1/1] (0.00ns)   --->   "%i_0 = phi i7 [ 0, %0 ], [ %i, %hls_label_3_end ]"   --->   Operation 85 'phi' 'i_0' <Predicate = true> <Delay = 0.00>
ST_2 : Operation 86 [1/1] (0.96ns)   --->   "%icmp_ln95 = icmp eq i7 %i_0, %empty" [SHA_new/SHA_new/sha256_impl.c:95]   --->   Operation 86 'icmp' 'icmp_ln95' <Predicate = true> <Delay = 0.96> <Core = "Cmp">   --->   Core 25 'Cmp' <Latency = 0> <II = 1> <Delay = 1.22> <FuncUnit> <Opcode : 'icmp'> <InPorts = 2> <OutPorts = 1>
ST_2 : Operation 87 [1/1] (1.36ns)   --->   "%i = add i7 %i_0, 1" [SHA_new/SHA_new/sha256_impl.c:95]   --->   Operation 87 'add' 'i' <Predicate = true> <Delay = 1.36> <Core = "AddSub">   --->   Core 14 'AddSub' <Latency = 0> <II = 1> <Delay = 1.64> <FuncUnit> <Opcode : 'add' 'sub'> <InPorts = 2> <OutPorts = 1>
ST_2 : Operation 88 [1/1] (0.00ns)   --->   "br i1 %icmp_ln95, label %3, label %hls_label_3_begin" [SHA_new/SHA_new/sha256_impl.c:95]   --->   Operation 88 'br' <Predicate = true> <Delay = 0.00>
ST_2 : Operation 89 [1/1] (0.00ns)   --->   "%zext_ln97 = zext i7 %i_0 to i64" [SHA_new/SHA_new/sha256_impl.c:97]   --->   Operation 89 'zext' 'zext_ln97' <Predicate = (!icmp_ln95)> <Delay = 0.00>
ST_2 : Operation 90 [1/1] (0.00ns)   --->   "%data_addr = getelementptr [64 x i8]* %data, i64 0, i64 %zext_ln97" [SHA_new/SHA_new/sha256_impl.c:97]   --->   Operation 90 'getelementptr' 'data_addr' <Predicate = (!icmp_ln95)> <Delay = 0.00>
ST_2 : Operation 91 [2/2] (0.85ns)   --->   "%data_load = load i8* %data_addr, align 1" [SHA_new/SHA_new/sha256_impl.c:97]   --->   Operation 91 'load' 'data_load' <Predicate = (!icmp_ln95)> <Delay = 0.85> <Core = "RAM">   --->   Core 37 'RAM' <Latency = 1> <II = 1> <Delay = 0.85> <Storage> <Opcode : 'load' 'store'> <Ports = 2> <Width = 8> <Depth = 16> <RAM>
ST_2 : Operation 92 [1/1] (0.00ns)   --->   "%ctx_datalen_0_load_1 = load i32* %ctx_datalen_0" [SHA_new/SHA_new/sha256_impl.c:105]   --->   Operation 92 'load' 'ctx_datalen_0_load_1' <Predicate = (icmp_ln95)> <Delay = 0.00>
ST_2 : Operation 93 [1/1] (0.00ns)   --->   "%ctx_state_7_0_load = load i32* %ctx_state_7_0" [SHA_new/SHA_new/sha256_impl.c:105]   --->   Operation 93 'load' 'ctx_state_7_0_load' <Predicate = (icmp_ln95)> <Delay = 0.00>
ST_2 : Operation 94 [1/1] (0.00ns)   --->   "%ctx_state_6_0_load = load i32* %ctx_state_6_0" [SHA_new/SHA_new/sha256_impl.c:105]   --->   Operation 94 'load' 'ctx_state_6_0_load' <Predicate = (icmp_ln95)> <Delay = 0.00>
ST_2 : Operation 95 [1/1] (0.00ns)   --->   "%ctx_state_5_0_load = load i32* %ctx_state_5_0" [SHA_new/SHA_new/sha256_impl.c:105]   --->   Operation 95 'load' 'ctx_state_5_0_load' <Predicate = (icmp_ln95)> <Delay = 0.00>
ST_2 : Operation 96 [1/1] (0.00ns)   --->   "%ctx_state_4_0_load = load i32* %ctx_state_4_0" [SHA_new/SHA_new/sha256_impl.c:105]   --->   Operation 96 'load' 'ctx_state_4_0_load' <Predicate = (icmp_ln95)> <Delay = 0.00>
ST_2 : Operation 97 [1/1] (0.00ns)   --->   "%ctx_state_3_0_load = load i32* %ctx_state_3_0" [SHA_new/SHA_new/sha256_impl.c:105]   --->   Operation 97 'load' 'ctx_state_3_0_load' <Predicate = (icmp_ln95)> <Delay = 0.00>
ST_2 : Operation 98 [1/1] (0.00ns)   --->   "%ctx_state_2_0_load = load i32* %ctx_state_2_0" [SHA_new/SHA_new/sha256_impl.c:105]   --->   Operation 98 'load' 'ctx_state_2_0_load' <Predicate = (icmp_ln95)> <Delay = 0.00>
ST_2 : Operation 99 [1/1] (0.00ns)   --->   "%ctx_state_1_0_load = load i32* %ctx_state_1_0" [SHA_new/SHA_new/sha256_impl.c:105]   --->   Operation 99 'load' 'ctx_state_1_0_load' <Predicate = (icmp_ln95)> <Delay = 0.00>
ST_2 : Operation 100 [1/1] (0.00ns)   --->   "%ctx_state_0_0_load = load i32* %ctx_state_0_0" [SHA_new/SHA_new/sha256_impl.c:105]   --->   Operation 100 'load' 'ctx_state_0_0_load' <Predicate = (icmp_ln95)> <Delay = 0.00>
ST_2 : Operation 101 [1/1] (0.00ns)   --->   "%ctx_bitlen_1_0_load_1 = load i32* %ctx_bitlen_1_0" [SHA_new/SHA_new/sha256_impl.c:105]   --->   Operation 101 'load' 'ctx_bitlen_1_0_load_1' <Predicate = (icmp_ln95)> <Delay = 0.00>
ST_2 : Operation 102 [1/1] (0.00ns)   --->   "%ctx_bitlen_0_0_load_1 = load i32* %ctx_bitlen_0_0" [SHA_new/SHA_new/sha256_impl.c:105]   --->   Operation 102 'load' 'ctx_bitlen_0_0_load_1' <Predicate = (icmp_ln95)> <Delay = 0.00>
ST_2 : Operation 103 [1/1] (0.00ns)   --->   "%mrv_s = insertvalue { i32, i32, i32, i32, i32, i32, i32, i32, i32, i32, i32 } undef, i32 %ctx_datalen_0_load_1, 0" [SHA_new/SHA_new/sha256_impl.c:105]   --->   Operation 103 'insertvalue' 'mrv_s' <Predicate = (icmp_ln95)> <Delay = 0.00>
ST_2 : Operation 104 [1/1] (0.00ns)   --->   "%mrv_1 = insertvalue { i32, i32, i32, i32, i32, i32, i32, i32, i32, i32, i32 } %mrv_s, i32 %ctx_bitlen_0_0_load_1, 1" [SHA_new/SHA_new/sha256_impl.c:105]   --->   Operation 104 'insertvalue' 'mrv_1' <Predicate = (icmp_ln95)> <Delay = 0.00>
ST_2 : Operation 105 [1/1] (0.00ns)   --->   "%mrv_2 = insertvalue { i32, i32, i32, i32, i32, i32, i32, i32, i32, i32, i32 } %mrv_1, i32 %ctx_bitlen_1_0_load_1, 2" [SHA_new/SHA_new/sha256_impl.c:105]   --->   Operation 105 'insertvalue' 'mrv_2' <Predicate = (icmp_ln95)> <Delay = 0.00>
ST_2 : Operation 106 [1/1] (0.00ns)   --->   "%mrv_3 = insertvalue { i32, i32, i32, i32, i32, i32, i32, i32, i32, i32, i32 } %mrv_2, i32 %ctx_state_0_0_load, 3" [SHA_new/SHA_new/sha256_impl.c:105]   --->   Operation 106 'insertvalue' 'mrv_3' <Predicate = (icmp_ln95)> <Delay = 0.00>
ST_2 : Operation 107 [1/1] (0.00ns)   --->   "%mrv_4 = insertvalue { i32, i32, i32, i32, i32, i32, i32, i32, i32, i32, i32 } %mrv_3, i32 %ctx_state_1_0_load, 4" [SHA_new/SHA_new/sha256_impl.c:105]   --->   Operation 107 'insertvalue' 'mrv_4' <Predicate = (icmp_ln95)> <Delay = 0.00>
ST_2 : Operation 108 [1/1] (0.00ns)   --->   "%mrv_5 = insertvalue { i32, i32, i32, i32, i32, i32, i32, i32, i32, i32, i32 } %mrv_4, i32 %ctx_state_2_0_load, 5" [SHA_new/SHA_new/sha256_impl.c:105]   --->   Operation 108 'insertvalue' 'mrv_5' <Predicate = (icmp_ln95)> <Delay = 0.00>
ST_2 : Operation 109 [1/1] (0.00ns)   --->   "%mrv_6 = insertvalue { i32, i32, i32, i32, i32, i32, i32, i32, i32, i32, i32 } %mrv_5, i32 %ctx_state_3_0_load, 6" [SHA_new/SHA_new/sha256_impl.c:105]   --->   Operation 109 'insertvalue' 'mrv_6' <Predicate = (icmp_ln95)> <Delay = 0.00>
ST_2 : Operation 110 [1/1] (0.00ns)   --->   "%mrv_7 = insertvalue { i32, i32, i32, i32, i32, i32, i32, i32, i32, i32, i32 } %mrv_6, i32 %ctx_state_4_0_load, 7" [SHA_new/SHA_new/sha256_impl.c:105]   --->   Operation 110 'insertvalue' 'mrv_7' <Predicate = (icmp_ln95)> <Delay = 0.00>
ST_2 : Operation 111 [1/1] (0.00ns)   --->   "%mrv_8 = insertvalue { i32, i32, i32, i32, i32, i32, i32, i32, i32, i32, i32 } %mrv_7, i32 %ctx_state_5_0_load, 8" [SHA_new/SHA_new/sha256_impl.c:105]   --->   Operation 111 'insertvalue' 'mrv_8' <Predicate = (icmp_ln95)> <Delay = 0.00>
ST_2 : Operation 112 [1/1] (0.00ns)   --->   "%mrv_9 = insertvalue { i32, i32, i32, i32, i32, i32, i32, i32, i32, i32, i32 } %mrv_8, i32 %ctx_state_6_0_load, 9" [SHA_new/SHA_new/sha256_impl.c:105]   --->   Operation 112 'insertvalue' 'mrv_9' <Predicate = (icmp_ln95)> <Delay = 0.00>
ST_2 : Operation 113 [1/1] (0.00ns)   --->   "%mrv_10 = insertvalue { i32, i32, i32, i32, i32, i32, i32, i32, i32, i32, i32 } %mrv_9, i32 %ctx_state_7_0_load, 10" [SHA_new/SHA_new/sha256_impl.c:105]   --->   Operation 113 'insertvalue' 'mrv_10' <Predicate = (icmp_ln95)> <Delay = 0.00>
ST_2 : Operation 114 [1/1] (0.00ns)   --->   "ret { i32, i32, i32, i32, i32, i32, i32, i32, i32, i32, i32 } %mrv_10" [SHA_new/SHA_new/sha256_impl.c:105]   --->   Operation 114 'ret' <Predicate = (icmp_ln95)> <Delay = 0.00>

State 3 <SV = 2> <Delay = 2.86>
ST_3 : Operation 115 [1/1] (0.00ns)   --->   "%ctx_datalen_0_load_2 = load i32* %ctx_datalen_0" [SHA_new/SHA_new/sha256_impl.c:97]   --->   Operation 115 'load' 'ctx_datalen_0_load_2' <Predicate = true> <Delay = 0.00>
ST_3 : Operation 116 [1/1] (0.00ns)   --->   "%tmp = call i32 (...)* @_ssdm_op_SpecRegionBegin([12 x i8]* @p_str5)" [SHA_new/SHA_new/sha256_impl.c:95]   --->   Operation 116 'specregionbegin' 'tmp' <Predicate = true> <Delay = 0.00>
ST_3 : Operation 117 [1/1] (0.00ns)   --->   "call void (...)* @_ssdm_op_SpecLoopTripCount(i32 0, i32 1, i32 0, [1 x i8]* @p_str2) nounwind" [SHA_new/SHA_new/sha256_impl.c:96]   --->   Operation 117 'speclooptripcount' <Predicate = true> <Delay = 0.00>
ST_3 : Operation 118 [1/2] (0.85ns)   --->   "%data_load = load i8* %data_addr, align 1" [SHA_new/SHA_new/sha256_impl.c:97]   --->   Operation 118 'load' 'data_load' <Predicate = true> <Delay = 0.85> <Core = "RAM">   --->   Core 37 'RAM' <Latency = 1> <II = 1> <Delay = 0.85> <Storage> <Opcode : 'load' 'store'> <Ports = 2> <Width = 8> <Depth = 16> <RAM>
ST_3 : Operation 119 [1/1] (0.00ns)   --->   "%trunc_ln97 = trunc i32 %ctx_datalen_0_load_2 to i2" [SHA_new/SHA_new/sha256_impl.c:97]   --->   Operation 119 'trunc' 'trunc_ln97' <Predicate = true> <Delay = 0.00>
ST_3 : Operation 120 [1/1] (0.00ns)   --->   "%lshr_ln = call i30 @_ssdm_op_PartSelect.i30.i32.i32.i32(i32 %ctx_datalen_0_load_2, i32 2, i32 31)" [SHA_new/SHA_new/sha256_impl.c:97]   --->   Operation 120 'partselect' 'lshr_ln' <Predicate = true> <Delay = 0.00>
ST_3 : Operation 121 [1/1] (0.00ns)   --->   "%zext_ln97_1 = zext i30 %lshr_ln to i64" [SHA_new/SHA_new/sha256_impl.c:97]   --->   Operation 121 'zext' 'zext_ln97_1' <Predicate = true> <Delay = 0.00>
ST_3 : Operation 122 [1/1] (0.00ns)   --->   "%ctx_data_0_addr = getelementptr [16 x i8]* %ctx_data_0, i64 0, i64 %zext_ln97_1" [SHA_new/SHA_new/sha256_impl.c:97]   --->   Operation 122 'getelementptr' 'ctx_data_0_addr' <Predicate = true> <Delay = 0.00>
ST_3 : Operation 123 [1/1] (0.00ns)   --->   "%ctx_data_1_addr = getelementptr [16 x i8]* %ctx_data_1, i64 0, i64 %zext_ln97_1" [SHA_new/SHA_new/sha256_impl.c:97]   --->   Operation 123 'getelementptr' 'ctx_data_1_addr' <Predicate = true> <Delay = 0.00>
ST_3 : Operation 124 [1/1] (0.00ns)   --->   "%ctx_data_2_addr = getelementptr [16 x i8]* %ctx_data_2, i64 0, i64 %zext_ln97_1" [SHA_new/SHA_new/sha256_impl.c:97]   --->   Operation 124 'getelementptr' 'ctx_data_2_addr' <Predicate = true> <Delay = 0.00>
ST_3 : Operation 125 [1/1] (0.00ns)   --->   "%ctx_data_3_addr = getelementptr [16 x i8]* %ctx_data_3, i64 0, i64 %zext_ln97_1" [SHA_new/SHA_new/sha256_impl.c:97]   --->   Operation 125 'getelementptr' 'ctx_data_3_addr' <Predicate = true> <Delay = 0.00>
ST_3 : Operation 126 [1/1] (1.03ns)   --->   "switch i2 %trunc_ln97, label %branch3 [
    i2 0, label %branch0
    i2 1, label %branch1
    i2 -2, label %branch2
  ]" [SHA_new/SHA_new/sha256_impl.c:97]   --->   Operation 126 'switch' <Predicate = true> <Delay = 1.03>
ST_3 : Operation 127 [1/1] (0.85ns)   --->   "store i8 %data_load, i8* %ctx_data_2_addr, align 1" [SHA_new/SHA_new/sha256_impl.c:97]   --->   Operation 127 'store' <Predicate = (trunc_ln97 == 2)> <Delay = 0.85> <Core = "RAM">   --->   Core 37 'RAM' <Latency = 1> <II = 1> <Delay = 0.85> <Storage> <Opcode : 'load' 'store'> <Ports = 2> <Width = 8> <Depth = 16> <RAM>
ST_3 : Operation 128 [1/1] (0.00ns)   --->   "br label %2" [SHA_new/SHA_new/sha256_impl.c:97]   --->   Operation 128 'br' <Predicate = (trunc_ln97 == 2)> <Delay = 0.00>
ST_3 : Operation 129 [1/1] (0.85ns)   --->   "store i8 %data_load, i8* %ctx_data_1_addr, align 1" [SHA_new/SHA_new/sha256_impl.c:97]   --->   Operation 129 'store' <Predicate = (trunc_ln97 == 1)> <Delay = 0.85> <Core = "RAM">   --->   Core 37 'RAM' <Latency = 1> <II = 1> <Delay = 0.85> <Storage> <Opcode : 'load' 'store'> <Ports = 2> <Width = 8> <Depth = 16> <RAM>
ST_3 : Operation 130 [1/1] (0.00ns)   --->   "br label %2" [SHA_new/SHA_new/sha256_impl.c:97]   --->   Operation 130 'br' <Predicate = (trunc_ln97 == 1)> <Delay = 0.00>
ST_3 : Operation 131 [1/1] (0.85ns)   --->   "store i8 %data_load, i8* %ctx_data_0_addr, align 1" [SHA_new/SHA_new/sha256_impl.c:97]   --->   Operation 131 'store' <Predicate = (trunc_ln97 == 0)> <Delay = 0.85> <Core = "RAM">   --->   Core 37 'RAM' <Latency = 1> <II = 1> <Delay = 0.85> <Storage> <Opcode : 'load' 'store'> <Ports = 2> <Width = 8> <Depth = 16> <RAM>
ST_3 : Operation 132 [1/1] (0.00ns)   --->   "br label %2" [SHA_new/SHA_new/sha256_impl.c:97]   --->   Operation 132 'br' <Predicate = (trunc_ln97 == 0)> <Delay = 0.00>
ST_3 : Operation 133 [1/1] (0.85ns)   --->   "store i8 %data_load, i8* %ctx_data_3_addr, align 1" [SHA_new/SHA_new/sha256_impl.c:97]   --->   Operation 133 'store' <Predicate = (trunc_ln97 == 3)> <Delay = 0.85> <Core = "RAM">   --->   Core 37 'RAM' <Latency = 1> <II = 1> <Delay = 0.85> <Storage> <Opcode : 'load' 'store'> <Ports = 2> <Width = 8> <Depth = 16> <RAM>
ST_3 : Operation 134 [1/1] (0.00ns)   --->   "br label %2" [SHA_new/SHA_new/sha256_impl.c:97]   --->   Operation 134 'br' <Predicate = (trunc_ln97 == 3)> <Delay = 0.00>
ST_3 : Operation 135 [1/1] (0.00ns)   --->   "%ctx_datalen_0_load = load i32* %ctx_datalen_0" [SHA_new/SHA_new/sha256_impl.c:98]   --->   Operation 135 'load' 'ctx_datalen_0_load' <Predicate = true> <Delay = 0.00>
ST_3 : Operation 136 [1/1] (1.64ns)   --->   "%add_ln98 = add i32 %ctx_datalen_0_load, 1" [SHA_new/SHA_new/sha256_impl.c:98]   --->   Operation 136 'add' 'add_ln98' <Predicate = true> <Delay = 1.64> <Core = "AddSub">   --->   Core 14 'AddSub' <Latency = 0> <II = 1> <Delay = 1.64> <FuncUnit> <Opcode : 'add' 'sub'> <InPorts = 2> <OutPorts = 1>
ST_3 : Operation 137 [1/1] (1.22ns)   --->   "%icmp_ln99 = icmp eq i32 %add_ln98, 64" [SHA_new/SHA_new/sha256_impl.c:99]   --->   Operation 137 'icmp' 'icmp_ln99' <Predicate = true> <Delay = 1.22> <Core = "Cmp">   --->   Core 25 'Cmp' <Latency = 0> <II = 1> <Delay = 1.22> <FuncUnit> <Opcode : 'icmp'> <InPorts = 2> <OutPorts = 1>
ST_3 : Operation 138 [1/1] (0.00ns)   --->   "br i1 %icmp_ln99, label %._crit_edge1, label %.hls_label_3_end_crit_edge" [SHA_new/SHA_new/sha256_impl.c:99]   --->   Operation 138 'br' <Predicate = true> <Delay = 0.00>
ST_3 : Operation 139 [1/1] (1.09ns)   --->   "store i32 %add_ln98, i32* %ctx_datalen_0" [SHA_new/SHA_new/sha256_impl.c:99]   --->   Operation 139 'store' <Predicate = (!icmp_ln99)> <Delay = 1.09>
ST_3 : Operation 140 [1/1] (0.00ns)   --->   "br label %hls_label_3_end" [SHA_new/SHA_new/sha256_impl.c:99]   --->   Operation 140 'br' <Predicate = (!icmp_ln99)> <Delay = 0.00>
ST_3 : Operation 141 [1/1] (1.09ns)   --->   "store i32 0, i32* %ctx_datalen_0" [SHA_new/SHA_new/sha256_impl.c:103]   --->   Operation 141 'store' <Predicate = (icmp_ln99)> <Delay = 1.09>

State 4 <SV = 3> <Delay = 0.00>

State 5 <SV = 4> <Delay = 0.00>

State 6 <SV = 5> <Delay = 0.00>

State 7 <SV = 6> <Delay = 0.00>

State 8 <SV = 7> <Delay = 0.00>

State 9 <SV = 8> <Delay = 8.18>
ST_9 : Operation 142 [1/1] (0.00ns)   --->   "%ctx_state_7_0_load_1 = load i32* %ctx_state_7_0" [SHA_new/SHA_new/sha256_impl.c:100]   --->   Operation 142 'load' 'ctx_state_7_0_load_1' <Predicate = true> <Delay = 0.00>
ST_9 : Operation 143 [1/1] (0.00ns)   --->   "%ctx_state_6_0_load_1 = load i32* %ctx_state_6_0" [SHA_new/SHA_new/sha256_impl.c:100]   --->   Operation 143 'load' 'ctx_state_6_0_load_1' <Predicate = true> <Delay = 0.00>
ST_9 : Operation 144 [1/1] (0.00ns)   --->   "%ctx_state_5_0_load_1 = load i32* %ctx_state_5_0" [SHA_new/SHA_new/sha256_impl.c:100]   --->   Operation 144 'load' 'ctx_state_5_0_load_1' <Predicate = true> <Delay = 0.00>
ST_9 : Operation 145 [1/1] (0.00ns)   --->   "%ctx_state_4_0_load_1 = load i32* %ctx_state_4_0" [SHA_new/SHA_new/sha256_impl.c:100]   --->   Operation 145 'load' 'ctx_state_4_0_load_1' <Predicate = true> <Delay = 0.00>
ST_9 : Operation 146 [1/1] (0.00ns)   --->   "%ctx_state_3_0_load_1 = load i32* %ctx_state_3_0" [SHA_new/SHA_new/sha256_impl.c:100]   --->   Operation 146 'load' 'ctx_state_3_0_load_1' <Predicate = true> <Delay = 0.00>
ST_9 : Operation 147 [1/1] (0.00ns)   --->   "%ctx_state_2_0_load_1 = load i32* %ctx_state_2_0" [SHA_new/SHA_new/sha256_impl.c:100]   --->   Operation 147 'load' 'ctx_state_2_0_load_1' <Predicate = true> <Delay = 0.00>
ST_9 : Operation 148 [1/1] (0.00ns)   --->   "%ctx_state_1_0_load_1 = load i32* %ctx_state_1_0" [SHA_new/SHA_new/sha256_impl.c:100]   --->   Operation 148 'load' 'ctx_state_1_0_load_1' <Predicate = true> <Delay = 0.00>
ST_9 : Operation 149 [1/1] (0.00ns)   --->   "%ctx_state_0_0_load_1 = load i32* %ctx_state_0_0" [SHA_new/SHA_new/sha256_impl.c:100]   --->   Operation 149 'load' 'ctx_state_0_0_load_1' <Predicate = true> <Delay = 0.00>
ST_9 : Operation 150 [40/40] (8.18ns)   --->   "%call_ret8 = call fastcc { i32, i32, i32, i32, i32, i32, i32, i32 } @sha256_transform(i32 %ctx_state_0_0_load_1, i32 %ctx_state_1_0_load_1, i32 %ctx_state_2_0_load_1, i32 %ctx_state_3_0_load_1, i32 %ctx_state_4_0_load_1, i32 %ctx_state_5_0_load_1, i32 %ctx_state_6_0_load_1, i32 %ctx_state_7_0_load_1, [16 x i8]* %ctx_data_0, [16 x i8]* %ctx_data_1, [16 x i8]* %ctx_data_2, [16 x i8]* %ctx_data_3)" [SHA_new/SHA_new/sha256_impl.c:100]   --->   Operation 150 'call' 'call_ret8' <Predicate = true> <Delay = 8.18> <CoreType = "Generic">   --->   Core 0 '' <Latency = 0> <II = 1> <Delay = 1.00> <Generic> <Opcode : >

State 10 <SV = 9> <Delay = 8.69>
ST_10 : Operation 151 [39/40] (8.69ns)   --->   "%call_ret8 = call fastcc { i32, i32, i32, i32, i32, i32, i32, i32 } @sha256_transform(i32 %ctx_state_0_0_load_1, i32 %ctx_state_1_0_load_1, i32 %ctx_state_2_0_load_1, i32 %ctx_state_3_0_load_1, i32 %ctx_state_4_0_load_1, i32 %ctx_state_5_0_load_1, i32 %ctx_state_6_0_load_1, i32 %ctx_state_7_0_load_1, [16 x i8]* %ctx_data_0, [16 x i8]* %ctx_data_1, [16 x i8]* %ctx_data_2, [16 x i8]* %ctx_data_3)" [SHA_new/SHA_new/sha256_impl.c:100]   --->   Operation 151 'call' 'call_ret8' <Predicate = true> <Delay = 8.69> <CoreType = "Generic">   --->   Core 0 '' <Latency = 0> <II = 1> <Delay = 1.00> <Generic> <Opcode : >

State 11 <SV = 10> <Delay = 8.69>
ST_11 : Operation 152 [38/40] (8.69ns)   --->   "%call_ret8 = call fastcc { i32, i32, i32, i32, i32, i32, i32, i32 } @sha256_transform(i32 %ctx_state_0_0_load_1, i32 %ctx_state_1_0_load_1, i32 %ctx_state_2_0_load_1, i32 %ctx_state_3_0_load_1, i32 %ctx_state_4_0_load_1, i32 %ctx_state_5_0_load_1, i32 %ctx_state_6_0_load_1, i32 %ctx_state_7_0_load_1, [16 x i8]* %ctx_data_0, [16 x i8]* %ctx_data_1, [16 x i8]* %ctx_data_2, [16 x i8]* %ctx_data_3)" [SHA_new/SHA_new/sha256_impl.c:100]   --->   Operation 152 'call' 'call_ret8' <Predicate = true> <Delay = 8.69> <CoreType = "Generic">   --->   Core 0 '' <Latency = 0> <II = 1> <Delay = 1.00> <Generic> <Opcode : >

State 12 <SV = 11> <Delay = 8.69>
ST_12 : Operation 153 [37/40] (8.69ns)   --->   "%call_ret8 = call fastcc { i32, i32, i32, i32, i32, i32, i32, i32 } @sha256_transform(i32 %ctx_state_0_0_load_1, i32 %ctx_state_1_0_load_1, i32 %ctx_state_2_0_load_1, i32 %ctx_state_3_0_load_1, i32 %ctx_state_4_0_load_1, i32 %ctx_state_5_0_load_1, i32 %ctx_state_6_0_load_1, i32 %ctx_state_7_0_load_1, [16 x i8]* %ctx_data_0, [16 x i8]* %ctx_data_1, [16 x i8]* %ctx_data_2, [16 x i8]* %ctx_data_3)" [SHA_new/SHA_new/sha256_impl.c:100]   --->   Operation 153 'call' 'call_ret8' <Predicate = true> <Delay = 8.69> <CoreType = "Generic">   --->   Core 0 '' <Latency = 0> <II = 1> <Delay = 1.00> <Generic> <Opcode : >

State 13 <SV = 12> <Delay = 8.69>
ST_13 : Operation 154 [36/40] (8.69ns)   --->   "%call_ret8 = call fastcc { i32, i32, i32, i32, i32, i32, i32, i32 } @sha256_transform(i32 %ctx_state_0_0_load_1, i32 %ctx_state_1_0_load_1, i32 %ctx_state_2_0_load_1, i32 %ctx_state_3_0_load_1, i32 %ctx_state_4_0_load_1, i32 %ctx_state_5_0_load_1, i32 %ctx_state_6_0_load_1, i32 %ctx_state_7_0_load_1, [16 x i8]* %ctx_data_0, [16 x i8]* %ctx_data_1, [16 x i8]* %ctx_data_2, [16 x i8]* %ctx_data_3)" [SHA_new/SHA_new/sha256_impl.c:100]   --->   Operation 154 'call' 'call_ret8' <Predicate = true> <Delay = 8.69> <CoreType = "Generic">   --->   Core 0 '' <Latency = 0> <II = 1> <Delay = 1.00> <Generic> <Opcode : >

State 14 <SV = 13> <Delay = 8.69>
ST_14 : Operation 155 [35/40] (8.69ns)   --->   "%call_ret8 = call fastcc { i32, i32, i32, i32, i32, i32, i32, i32 } @sha256_transform(i32 %ctx_state_0_0_load_1, i32 %ctx_state_1_0_load_1, i32 %ctx_state_2_0_load_1, i32 %ctx_state_3_0_load_1, i32 %ctx_state_4_0_load_1, i32 %ctx_state_5_0_load_1, i32 %ctx_state_6_0_load_1, i32 %ctx_state_7_0_load_1, [16 x i8]* %ctx_data_0, [16 x i8]* %ctx_data_1, [16 x i8]* %ctx_data_2, [16 x i8]* %ctx_data_3)" [SHA_new/SHA_new/sha256_impl.c:100]   --->   Operation 155 'call' 'call_ret8' <Predicate = true> <Delay = 8.69> <CoreType = "Generic">   --->   Core 0 '' <Latency = 0> <II = 1> <Delay = 1.00> <Generic> <Opcode : >

State 15 <SV = 14> <Delay = 8.69>
ST_15 : Operation 156 [34/40] (8.69ns)   --->   "%call_ret8 = call fastcc { i32, i32, i32, i32, i32, i32, i32, i32 } @sha256_transform(i32 %ctx_state_0_0_load_1, i32 %ctx_state_1_0_load_1, i32 %ctx_state_2_0_load_1, i32 %ctx_state_3_0_load_1, i32 %ctx_state_4_0_load_1, i32 %ctx_state_5_0_load_1, i32 %ctx_state_6_0_load_1, i32 %ctx_state_7_0_load_1, [16 x i8]* %ctx_data_0, [16 x i8]* %ctx_data_1, [16 x i8]* %ctx_data_2, [16 x i8]* %ctx_data_3)" [SHA_new/SHA_new/sha256_impl.c:100]   --->   Operation 156 'call' 'call_ret8' <Predicate = true> <Delay = 8.69> <CoreType = "Generic">   --->   Core 0 '' <Latency = 0> <II = 1> <Delay = 1.00> <Generic> <Opcode : >

State 16 <SV = 15> <Delay = 8.69>
ST_16 : Operation 157 [33/40] (8.69ns)   --->   "%call_ret8 = call fastcc { i32, i32, i32, i32, i32, i32, i32, i32 } @sha256_transform(i32 %ctx_state_0_0_load_1, i32 %ctx_state_1_0_load_1, i32 %ctx_state_2_0_load_1, i32 %ctx_state_3_0_load_1, i32 %ctx_state_4_0_load_1, i32 %ctx_state_5_0_load_1, i32 %ctx_state_6_0_load_1, i32 %ctx_state_7_0_load_1, [16 x i8]* %ctx_data_0, [16 x i8]* %ctx_data_1, [16 x i8]* %ctx_data_2, [16 x i8]* %ctx_data_3)" [SHA_new/SHA_new/sha256_impl.c:100]   --->   Operation 157 'call' 'call_ret8' <Predicate = true> <Delay = 8.69> <CoreType = "Generic">   --->   Core 0 '' <Latency = 0> <II = 1> <Delay = 1.00> <Generic> <Opcode : >

State 17 <SV = 16> <Delay = 8.69>
ST_17 : Operation 158 [32/40] (8.69ns)   --->   "%call_ret8 = call fastcc { i32, i32, i32, i32, i32, i32, i32, i32 } @sha256_transform(i32 %ctx_state_0_0_load_1, i32 %ctx_state_1_0_load_1, i32 %ctx_state_2_0_load_1, i32 %ctx_state_3_0_load_1, i32 %ctx_state_4_0_load_1, i32 %ctx_state_5_0_load_1, i32 %ctx_state_6_0_load_1, i32 %ctx_state_7_0_load_1, [16 x i8]* %ctx_data_0, [16 x i8]* %ctx_data_1, [16 x i8]* %ctx_data_2, [16 x i8]* %ctx_data_3)" [SHA_new/SHA_new/sha256_impl.c:100]   --->   Operation 158 'call' 'call_ret8' <Predicate = true> <Delay = 8.69> <CoreType = "Generic">   --->   Core 0 '' <Latency = 0> <II = 1> <Delay = 1.00> <Generic> <Opcode : >

State 18 <SV = 17> <Delay = 8.69>
ST_18 : Operation 159 [31/40] (8.69ns)   --->   "%call_ret8 = call fastcc { i32, i32, i32, i32, i32, i32, i32, i32 } @sha256_transform(i32 %ctx_state_0_0_load_1, i32 %ctx_state_1_0_load_1, i32 %ctx_state_2_0_load_1, i32 %ctx_state_3_0_load_1, i32 %ctx_state_4_0_load_1, i32 %ctx_state_5_0_load_1, i32 %ctx_state_6_0_load_1, i32 %ctx_state_7_0_load_1, [16 x i8]* %ctx_data_0, [16 x i8]* %ctx_data_1, [16 x i8]* %ctx_data_2, [16 x i8]* %ctx_data_3)" [SHA_new/SHA_new/sha256_impl.c:100]   --->   Operation 159 'call' 'call_ret8' <Predicate = true> <Delay = 8.69> <CoreType = "Generic">   --->   Core 0 '' <Latency = 0> <II = 1> <Delay = 1.00> <Generic> <Opcode : >

State 19 <SV = 18> <Delay = 8.69>
ST_19 : Operation 160 [30/40] (8.69ns)   --->   "%call_ret8 = call fastcc { i32, i32, i32, i32, i32, i32, i32, i32 } @sha256_transform(i32 %ctx_state_0_0_load_1, i32 %ctx_state_1_0_load_1, i32 %ctx_state_2_0_load_1, i32 %ctx_state_3_0_load_1, i32 %ctx_state_4_0_load_1, i32 %ctx_state_5_0_load_1, i32 %ctx_state_6_0_load_1, i32 %ctx_state_7_0_load_1, [16 x i8]* %ctx_data_0, [16 x i8]* %ctx_data_1, [16 x i8]* %ctx_data_2, [16 x i8]* %ctx_data_3)" [SHA_new/SHA_new/sha256_impl.c:100]   --->   Operation 160 'call' 'call_ret8' <Predicate = true> <Delay = 8.69> <CoreType = "Generic">   --->   Core 0 '' <Latency = 0> <II = 1> <Delay = 1.00> <Generic> <Opcode : >

State 20 <SV = 19> <Delay = 8.69>
ST_20 : Operation 161 [29/40] (8.69ns)   --->   "%call_ret8 = call fastcc { i32, i32, i32, i32, i32, i32, i32, i32 } @sha256_transform(i32 %ctx_state_0_0_load_1, i32 %ctx_state_1_0_load_1, i32 %ctx_state_2_0_load_1, i32 %ctx_state_3_0_load_1, i32 %ctx_state_4_0_load_1, i32 %ctx_state_5_0_load_1, i32 %ctx_state_6_0_load_1, i32 %ctx_state_7_0_load_1, [16 x i8]* %ctx_data_0, [16 x i8]* %ctx_data_1, [16 x i8]* %ctx_data_2, [16 x i8]* %ctx_data_3)" [SHA_new/SHA_new/sha256_impl.c:100]   --->   Operation 161 'call' 'call_ret8' <Predicate = true> <Delay = 8.69> <CoreType = "Generic">   --->   Core 0 '' <Latency = 0> <II = 1> <Delay = 1.00> <Generic> <Opcode : >

State 21 <SV = 20> <Delay = 8.69>
ST_21 : Operation 162 [28/40] (8.69ns)   --->   "%call_ret8 = call fastcc { i32, i32, i32, i32, i32, i32, i32, i32 } @sha256_transform(i32 %ctx_state_0_0_load_1, i32 %ctx_state_1_0_load_1, i32 %ctx_state_2_0_load_1, i32 %ctx_state_3_0_load_1, i32 %ctx_state_4_0_load_1, i32 %ctx_state_5_0_load_1, i32 %ctx_state_6_0_load_1, i32 %ctx_state_7_0_load_1, [16 x i8]* %ctx_data_0, [16 x i8]* %ctx_data_1, [16 x i8]* %ctx_data_2, [16 x i8]* %ctx_data_3)" [SHA_new/SHA_new/sha256_impl.c:100]   --->   Operation 162 'call' 'call_ret8' <Predicate = true> <Delay = 8.69> <CoreType = "Generic">   --->   Core 0 '' <Latency = 0> <II = 1> <Delay = 1.00> <Generic> <Opcode : >

State 22 <SV = 21> <Delay = 8.69>
ST_22 : Operation 163 [27/40] (8.69ns)   --->   "%call_ret8 = call fastcc { i32, i32, i32, i32, i32, i32, i32, i32 } @sha256_transform(i32 %ctx_state_0_0_load_1, i32 %ctx_state_1_0_load_1, i32 %ctx_state_2_0_load_1, i32 %ctx_state_3_0_load_1, i32 %ctx_state_4_0_load_1, i32 %ctx_state_5_0_load_1, i32 %ctx_state_6_0_load_1, i32 %ctx_state_7_0_load_1, [16 x i8]* %ctx_data_0, [16 x i8]* %ctx_data_1, [16 x i8]* %ctx_data_2, [16 x i8]* %ctx_data_3)" [SHA_new/SHA_new/sha256_impl.c:100]   --->   Operation 163 'call' 'call_ret8' <Predicate = true> <Delay = 8.69> <CoreType = "Generic">   --->   Core 0 '' <Latency = 0> <II = 1> <Delay = 1.00> <Generic> <Opcode : >

State 23 <SV = 22> <Delay = 8.69>
ST_23 : Operation 164 [26/40] (8.69ns)   --->   "%call_ret8 = call fastcc { i32, i32, i32, i32, i32, i32, i32, i32 } @sha256_transform(i32 %ctx_state_0_0_load_1, i32 %ctx_state_1_0_load_1, i32 %ctx_state_2_0_load_1, i32 %ctx_state_3_0_load_1, i32 %ctx_state_4_0_load_1, i32 %ctx_state_5_0_load_1, i32 %ctx_state_6_0_load_1, i32 %ctx_state_7_0_load_1, [16 x i8]* %ctx_data_0, [16 x i8]* %ctx_data_1, [16 x i8]* %ctx_data_2, [16 x i8]* %ctx_data_3)" [SHA_new/SHA_new/sha256_impl.c:100]   --->   Operation 164 'call' 'call_ret8' <Predicate = true> <Delay = 8.69> <CoreType = "Generic">   --->   Core 0 '' <Latency = 0> <II = 1> <Delay = 1.00> <Generic> <Opcode : >

State 24 <SV = 23> <Delay = 8.69>
ST_24 : Operation 165 [25/40] (8.69ns)   --->   "%call_ret8 = call fastcc { i32, i32, i32, i32, i32, i32, i32, i32 } @sha256_transform(i32 %ctx_state_0_0_load_1, i32 %ctx_state_1_0_load_1, i32 %ctx_state_2_0_load_1, i32 %ctx_state_3_0_load_1, i32 %ctx_state_4_0_load_1, i32 %ctx_state_5_0_load_1, i32 %ctx_state_6_0_load_1, i32 %ctx_state_7_0_load_1, [16 x i8]* %ctx_data_0, [16 x i8]* %ctx_data_1, [16 x i8]* %ctx_data_2, [16 x i8]* %ctx_data_3)" [SHA_new/SHA_new/sha256_impl.c:100]   --->   Operation 165 'call' 'call_ret8' <Predicate = true> <Delay = 8.69> <CoreType = "Generic">   --->   Core 0 '' <Latency = 0> <II = 1> <Delay = 1.00> <Generic> <Opcode : >

State 25 <SV = 24> <Delay = 8.69>
ST_25 : Operation 166 [24/40] (8.69ns)   --->   "%call_ret8 = call fastcc { i32, i32, i32, i32, i32, i32, i32, i32 } @sha256_transform(i32 %ctx_state_0_0_load_1, i32 %ctx_state_1_0_load_1, i32 %ctx_state_2_0_load_1, i32 %ctx_state_3_0_load_1, i32 %ctx_state_4_0_load_1, i32 %ctx_state_5_0_load_1, i32 %ctx_state_6_0_load_1, i32 %ctx_state_7_0_load_1, [16 x i8]* %ctx_data_0, [16 x i8]* %ctx_data_1, [16 x i8]* %ctx_data_2, [16 x i8]* %ctx_data_3)" [SHA_new/SHA_new/sha256_impl.c:100]   --->   Operation 166 'call' 'call_ret8' <Predicate = true> <Delay = 8.69> <CoreType = "Generic">   --->   Core 0 '' <Latency = 0> <II = 1> <Delay = 1.00> <Generic> <Opcode : >

State 26 <SV = 25> <Delay = 8.69>
ST_26 : Operation 167 [23/40] (8.69ns)   --->   "%call_ret8 = call fastcc { i32, i32, i32, i32, i32, i32, i32, i32 } @sha256_transform(i32 %ctx_state_0_0_load_1, i32 %ctx_state_1_0_load_1, i32 %ctx_state_2_0_load_1, i32 %ctx_state_3_0_load_1, i32 %ctx_state_4_0_load_1, i32 %ctx_state_5_0_load_1, i32 %ctx_state_6_0_load_1, i32 %ctx_state_7_0_load_1, [16 x i8]* %ctx_data_0, [16 x i8]* %ctx_data_1, [16 x i8]* %ctx_data_2, [16 x i8]* %ctx_data_3)" [SHA_new/SHA_new/sha256_impl.c:100]   --->   Operation 167 'call' 'call_ret8' <Predicate = true> <Delay = 8.69> <CoreType = "Generic">   --->   Core 0 '' <Latency = 0> <II = 1> <Delay = 1.00> <Generic> <Opcode : >

State 27 <SV = 26> <Delay = 8.69>
ST_27 : Operation 168 [22/40] (8.69ns)   --->   "%call_ret8 = call fastcc { i32, i32, i32, i32, i32, i32, i32, i32 } @sha256_transform(i32 %ctx_state_0_0_load_1, i32 %ctx_state_1_0_load_1, i32 %ctx_state_2_0_load_1, i32 %ctx_state_3_0_load_1, i32 %ctx_state_4_0_load_1, i32 %ctx_state_5_0_load_1, i32 %ctx_state_6_0_load_1, i32 %ctx_state_7_0_load_1, [16 x i8]* %ctx_data_0, [16 x i8]* %ctx_data_1, [16 x i8]* %ctx_data_2, [16 x i8]* %ctx_data_3)" [SHA_new/SHA_new/sha256_impl.c:100]   --->   Operation 168 'call' 'call_ret8' <Predicate = true> <Delay = 8.69> <CoreType = "Generic">   --->   Core 0 '' <Latency = 0> <II = 1> <Delay = 1.00> <Generic> <Opcode : >

State 28 <SV = 27> <Delay = 8.69>
ST_28 : Operation 169 [21/40] (8.69ns)   --->   "%call_ret8 = call fastcc { i32, i32, i32, i32, i32, i32, i32, i32 } @sha256_transform(i32 %ctx_state_0_0_load_1, i32 %ctx_state_1_0_load_1, i32 %ctx_state_2_0_load_1, i32 %ctx_state_3_0_load_1, i32 %ctx_state_4_0_load_1, i32 %ctx_state_5_0_load_1, i32 %ctx_state_6_0_load_1, i32 %ctx_state_7_0_load_1, [16 x i8]* %ctx_data_0, [16 x i8]* %ctx_data_1, [16 x i8]* %ctx_data_2, [16 x i8]* %ctx_data_3)" [SHA_new/SHA_new/sha256_impl.c:100]   --->   Operation 169 'call' 'call_ret8' <Predicate = true> <Delay = 8.69> <CoreType = "Generic">   --->   Core 0 '' <Latency = 0> <II = 1> <Delay = 1.00> <Generic> <Opcode : >

State 29 <SV = 28> <Delay = 8.69>
ST_29 : Operation 170 [20/40] (8.69ns)   --->   "%call_ret8 = call fastcc { i32, i32, i32, i32, i32, i32, i32, i32 } @sha256_transform(i32 %ctx_state_0_0_load_1, i32 %ctx_state_1_0_load_1, i32 %ctx_state_2_0_load_1, i32 %ctx_state_3_0_load_1, i32 %ctx_state_4_0_load_1, i32 %ctx_state_5_0_load_1, i32 %ctx_state_6_0_load_1, i32 %ctx_state_7_0_load_1, [16 x i8]* %ctx_data_0, [16 x i8]* %ctx_data_1, [16 x i8]* %ctx_data_2, [16 x i8]* %ctx_data_3)" [SHA_new/SHA_new/sha256_impl.c:100]   --->   Operation 170 'call' 'call_ret8' <Predicate = true> <Delay = 8.69> <CoreType = "Generic">   --->   Core 0 '' <Latency = 0> <II = 1> <Delay = 1.00> <Generic> <Opcode : >

State 30 <SV = 29> <Delay = 8.69>
ST_30 : Operation 171 [19/40] (8.69ns)   --->   "%call_ret8 = call fastcc { i32, i32, i32, i32, i32, i32, i32, i32 } @sha256_transform(i32 %ctx_state_0_0_load_1, i32 %ctx_state_1_0_load_1, i32 %ctx_state_2_0_load_1, i32 %ctx_state_3_0_load_1, i32 %ctx_state_4_0_load_1, i32 %ctx_state_5_0_load_1, i32 %ctx_state_6_0_load_1, i32 %ctx_state_7_0_load_1, [16 x i8]* %ctx_data_0, [16 x i8]* %ctx_data_1, [16 x i8]* %ctx_data_2, [16 x i8]* %ctx_data_3)" [SHA_new/SHA_new/sha256_impl.c:100]   --->   Operation 171 'call' 'call_ret8' <Predicate = true> <Delay = 8.69> <CoreType = "Generic">   --->   Core 0 '' <Latency = 0> <II = 1> <Delay = 1.00> <Generic> <Opcode : >

State 31 <SV = 30> <Delay = 8.69>
ST_31 : Operation 172 [18/40] (8.69ns)   --->   "%call_ret8 = call fastcc { i32, i32, i32, i32, i32, i32, i32, i32 } @sha256_transform(i32 %ctx_state_0_0_load_1, i32 %ctx_state_1_0_load_1, i32 %ctx_state_2_0_load_1, i32 %ctx_state_3_0_load_1, i32 %ctx_state_4_0_load_1, i32 %ctx_state_5_0_load_1, i32 %ctx_state_6_0_load_1, i32 %ctx_state_7_0_load_1, [16 x i8]* %ctx_data_0, [16 x i8]* %ctx_data_1, [16 x i8]* %ctx_data_2, [16 x i8]* %ctx_data_3)" [SHA_new/SHA_new/sha256_impl.c:100]   --->   Operation 172 'call' 'call_ret8' <Predicate = true> <Delay = 8.69> <CoreType = "Generic">   --->   Core 0 '' <Latency = 0> <II = 1> <Delay = 1.00> <Generic> <Opcode : >

State 32 <SV = 31> <Delay = 8.69>
ST_32 : Operation 173 [17/40] (8.69ns)   --->   "%call_ret8 = call fastcc { i32, i32, i32, i32, i32, i32, i32, i32 } @sha256_transform(i32 %ctx_state_0_0_load_1, i32 %ctx_state_1_0_load_1, i32 %ctx_state_2_0_load_1, i32 %ctx_state_3_0_load_1, i32 %ctx_state_4_0_load_1, i32 %ctx_state_5_0_load_1, i32 %ctx_state_6_0_load_1, i32 %ctx_state_7_0_load_1, [16 x i8]* %ctx_data_0, [16 x i8]* %ctx_data_1, [16 x i8]* %ctx_data_2, [16 x i8]* %ctx_data_3)" [SHA_new/SHA_new/sha256_impl.c:100]   --->   Operation 173 'call' 'call_ret8' <Predicate = true> <Delay = 8.69> <CoreType = "Generic">   --->   Core 0 '' <Latency = 0> <II = 1> <Delay = 1.00> <Generic> <Opcode : >

State 33 <SV = 32> <Delay = 8.69>
ST_33 : Operation 174 [16/40] (8.69ns)   --->   "%call_ret8 = call fastcc { i32, i32, i32, i32, i32, i32, i32, i32 } @sha256_transform(i32 %ctx_state_0_0_load_1, i32 %ctx_state_1_0_load_1, i32 %ctx_state_2_0_load_1, i32 %ctx_state_3_0_load_1, i32 %ctx_state_4_0_load_1, i32 %ctx_state_5_0_load_1, i32 %ctx_state_6_0_load_1, i32 %ctx_state_7_0_load_1, [16 x i8]* %ctx_data_0, [16 x i8]* %ctx_data_1, [16 x i8]* %ctx_data_2, [16 x i8]* %ctx_data_3)" [SHA_new/SHA_new/sha256_impl.c:100]   --->   Operation 174 'call' 'call_ret8' <Predicate = true> <Delay = 8.69> <CoreType = "Generic">   --->   Core 0 '' <Latency = 0> <II = 1> <Delay = 1.00> <Generic> <Opcode : >

State 34 <SV = 33> <Delay = 8.69>
ST_34 : Operation 175 [15/40] (8.69ns)   --->   "%call_ret8 = call fastcc { i32, i32, i32, i32, i32, i32, i32, i32 } @sha256_transform(i32 %ctx_state_0_0_load_1, i32 %ctx_state_1_0_load_1, i32 %ctx_state_2_0_load_1, i32 %ctx_state_3_0_load_1, i32 %ctx_state_4_0_load_1, i32 %ctx_state_5_0_load_1, i32 %ctx_state_6_0_load_1, i32 %ctx_state_7_0_load_1, [16 x i8]* %ctx_data_0, [16 x i8]* %ctx_data_1, [16 x i8]* %ctx_data_2, [16 x i8]* %ctx_data_3)" [SHA_new/SHA_new/sha256_impl.c:100]   --->   Operation 175 'call' 'call_ret8' <Predicate = true> <Delay = 8.69> <CoreType = "Generic">   --->   Core 0 '' <Latency = 0> <II = 1> <Delay = 1.00> <Generic> <Opcode : >

State 35 <SV = 34> <Delay = 8.69>
ST_35 : Operation 176 [14/40] (8.69ns)   --->   "%call_ret8 = call fastcc { i32, i32, i32, i32, i32, i32, i32, i32 } @sha256_transform(i32 %ctx_state_0_0_load_1, i32 %ctx_state_1_0_load_1, i32 %ctx_state_2_0_load_1, i32 %ctx_state_3_0_load_1, i32 %ctx_state_4_0_load_1, i32 %ctx_state_5_0_load_1, i32 %ctx_state_6_0_load_1, i32 %ctx_state_7_0_load_1, [16 x i8]* %ctx_data_0, [16 x i8]* %ctx_data_1, [16 x i8]* %ctx_data_2, [16 x i8]* %ctx_data_3)" [SHA_new/SHA_new/sha256_impl.c:100]   --->   Operation 176 'call' 'call_ret8' <Predicate = true> <Delay = 8.69> <CoreType = "Generic">   --->   Core 0 '' <Latency = 0> <II = 1> <Delay = 1.00> <Generic> <Opcode : >

State 36 <SV = 35> <Delay = 8.69>
ST_36 : Operation 177 [13/40] (8.69ns)   --->   "%call_ret8 = call fastcc { i32, i32, i32, i32, i32, i32, i32, i32 } @sha256_transform(i32 %ctx_state_0_0_load_1, i32 %ctx_state_1_0_load_1, i32 %ctx_state_2_0_load_1, i32 %ctx_state_3_0_load_1, i32 %ctx_state_4_0_load_1, i32 %ctx_state_5_0_load_1, i32 %ctx_state_6_0_load_1, i32 %ctx_state_7_0_load_1, [16 x i8]* %ctx_data_0, [16 x i8]* %ctx_data_1, [16 x i8]* %ctx_data_2, [16 x i8]* %ctx_data_3)" [SHA_new/SHA_new/sha256_impl.c:100]   --->   Operation 177 'call' 'call_ret8' <Predicate = true> <Delay = 8.69> <CoreType = "Generic">   --->   Core 0 '' <Latency = 0> <II = 1> <Delay = 1.00> <Generic> <Opcode : >

State 37 <SV = 36> <Delay = 8.69>
ST_37 : Operation 178 [12/40] (8.69ns)   --->   "%call_ret8 = call fastcc { i32, i32, i32, i32, i32, i32, i32, i32 } @sha256_transform(i32 %ctx_state_0_0_load_1, i32 %ctx_state_1_0_load_1, i32 %ctx_state_2_0_load_1, i32 %ctx_state_3_0_load_1, i32 %ctx_state_4_0_load_1, i32 %ctx_state_5_0_load_1, i32 %ctx_state_6_0_load_1, i32 %ctx_state_7_0_load_1, [16 x i8]* %ctx_data_0, [16 x i8]* %ctx_data_1, [16 x i8]* %ctx_data_2, [16 x i8]* %ctx_data_3)" [SHA_new/SHA_new/sha256_impl.c:100]   --->   Operation 178 'call' 'call_ret8' <Predicate = true> <Delay = 8.69> <CoreType = "Generic">   --->   Core 0 '' <Latency = 0> <II = 1> <Delay = 1.00> <Generic> <Opcode : >

State 38 <SV = 37> <Delay = 8.69>
ST_38 : Operation 179 [11/40] (8.69ns)   --->   "%call_ret8 = call fastcc { i32, i32, i32, i32, i32, i32, i32, i32 } @sha256_transform(i32 %ctx_state_0_0_load_1, i32 %ctx_state_1_0_load_1, i32 %ctx_state_2_0_load_1, i32 %ctx_state_3_0_load_1, i32 %ctx_state_4_0_load_1, i32 %ctx_state_5_0_load_1, i32 %ctx_state_6_0_load_1, i32 %ctx_state_7_0_load_1, [16 x i8]* %ctx_data_0, [16 x i8]* %ctx_data_1, [16 x i8]* %ctx_data_2, [16 x i8]* %ctx_data_3)" [SHA_new/SHA_new/sha256_impl.c:100]   --->   Operation 179 'call' 'call_ret8' <Predicate = true> <Delay = 8.69> <CoreType = "Generic">   --->   Core 0 '' <Latency = 0> <II = 1> <Delay = 1.00> <Generic> <Opcode : >

State 39 <SV = 38> <Delay = 8.69>
ST_39 : Operation 180 [10/40] (8.69ns)   --->   "%call_ret8 = call fastcc { i32, i32, i32, i32, i32, i32, i32, i32 } @sha256_transform(i32 %ctx_state_0_0_load_1, i32 %ctx_state_1_0_load_1, i32 %ctx_state_2_0_load_1, i32 %ctx_state_3_0_load_1, i32 %ctx_state_4_0_load_1, i32 %ctx_state_5_0_load_1, i32 %ctx_state_6_0_load_1, i32 %ctx_state_7_0_load_1, [16 x i8]* %ctx_data_0, [16 x i8]* %ctx_data_1, [16 x i8]* %ctx_data_2, [16 x i8]* %ctx_data_3)" [SHA_new/SHA_new/sha256_impl.c:100]   --->   Operation 180 'call' 'call_ret8' <Predicate = true> <Delay = 8.69> <CoreType = "Generic">   --->   Core 0 '' <Latency = 0> <II = 1> <Delay = 1.00> <Generic> <Opcode : >

State 40 <SV = 39> <Delay = 8.69>
ST_40 : Operation 181 [9/40] (8.69ns)   --->   "%call_ret8 = call fastcc { i32, i32, i32, i32, i32, i32, i32, i32 } @sha256_transform(i32 %ctx_state_0_0_load_1, i32 %ctx_state_1_0_load_1, i32 %ctx_state_2_0_load_1, i32 %ctx_state_3_0_load_1, i32 %ctx_state_4_0_load_1, i32 %ctx_state_5_0_load_1, i32 %ctx_state_6_0_load_1, i32 %ctx_state_7_0_load_1, [16 x i8]* %ctx_data_0, [16 x i8]* %ctx_data_1, [16 x i8]* %ctx_data_2, [16 x i8]* %ctx_data_3)" [SHA_new/SHA_new/sha256_impl.c:100]   --->   Operation 181 'call' 'call_ret8' <Predicate = true> <Delay = 8.69> <CoreType = "Generic">   --->   Core 0 '' <Latency = 0> <II = 1> <Delay = 1.00> <Generic> <Opcode : >

State 41 <SV = 40> <Delay = 8.69>
ST_41 : Operation 182 [8/40] (8.69ns)   --->   "%call_ret8 = call fastcc { i32, i32, i32, i32, i32, i32, i32, i32 } @sha256_transform(i32 %ctx_state_0_0_load_1, i32 %ctx_state_1_0_load_1, i32 %ctx_state_2_0_load_1, i32 %ctx_state_3_0_load_1, i32 %ctx_state_4_0_load_1, i32 %ctx_state_5_0_load_1, i32 %ctx_state_6_0_load_1, i32 %ctx_state_7_0_load_1, [16 x i8]* %ctx_data_0, [16 x i8]* %ctx_data_1, [16 x i8]* %ctx_data_2, [16 x i8]* %ctx_data_3)" [SHA_new/SHA_new/sha256_impl.c:100]   --->   Operation 182 'call' 'call_ret8' <Predicate = true> <Delay = 8.69> <CoreType = "Generic">   --->   Core 0 '' <Latency = 0> <II = 1> <Delay = 1.00> <Generic> <Opcode : >

State 42 <SV = 41> <Delay = 8.69>
ST_42 : Operation 183 [7/40] (8.69ns)   --->   "%call_ret8 = call fastcc { i32, i32, i32, i32, i32, i32, i32, i32 } @sha256_transform(i32 %ctx_state_0_0_load_1, i32 %ctx_state_1_0_load_1, i32 %ctx_state_2_0_load_1, i32 %ctx_state_3_0_load_1, i32 %ctx_state_4_0_load_1, i32 %ctx_state_5_0_load_1, i32 %ctx_state_6_0_load_1, i32 %ctx_state_7_0_load_1, [16 x i8]* %ctx_data_0, [16 x i8]* %ctx_data_1, [16 x i8]* %ctx_data_2, [16 x i8]* %ctx_data_3)" [SHA_new/SHA_new/sha256_impl.c:100]   --->   Operation 183 'call' 'call_ret8' <Predicate = true> <Delay = 8.69> <CoreType = "Generic">   --->   Core 0 '' <Latency = 0> <II = 1> <Delay = 1.00> <Generic> <Opcode : >

State 43 <SV = 42> <Delay = 8.69>
ST_43 : Operation 184 [6/40] (8.69ns)   --->   "%call_ret8 = call fastcc { i32, i32, i32, i32, i32, i32, i32, i32 } @sha256_transform(i32 %ctx_state_0_0_load_1, i32 %ctx_state_1_0_load_1, i32 %ctx_state_2_0_load_1, i32 %ctx_state_3_0_load_1, i32 %ctx_state_4_0_load_1, i32 %ctx_state_5_0_load_1, i32 %ctx_state_6_0_load_1, i32 %ctx_state_7_0_load_1, [16 x i8]* %ctx_data_0, [16 x i8]* %ctx_data_1, [16 x i8]* %ctx_data_2, [16 x i8]* %ctx_data_3)" [SHA_new/SHA_new/sha256_impl.c:100]   --->   Operation 184 'call' 'call_ret8' <Predicate = true> <Delay = 8.69> <CoreType = "Generic">   --->   Core 0 '' <Latency = 0> <II = 1> <Delay = 1.00> <Generic> <Opcode : >

State 44 <SV = 43> <Delay = 8.69>
ST_44 : Operation 185 [5/40] (8.69ns)   --->   "%call_ret8 = call fastcc { i32, i32, i32, i32, i32, i32, i32, i32 } @sha256_transform(i32 %ctx_state_0_0_load_1, i32 %ctx_state_1_0_load_1, i32 %ctx_state_2_0_load_1, i32 %ctx_state_3_0_load_1, i32 %ctx_state_4_0_load_1, i32 %ctx_state_5_0_load_1, i32 %ctx_state_6_0_load_1, i32 %ctx_state_7_0_load_1, [16 x i8]* %ctx_data_0, [16 x i8]* %ctx_data_1, [16 x i8]* %ctx_data_2, [16 x i8]* %ctx_data_3)" [SHA_new/SHA_new/sha256_impl.c:100]   --->   Operation 185 'call' 'call_ret8' <Predicate = true> <Delay = 8.69> <CoreType = "Generic">   --->   Core 0 '' <Latency = 0> <II = 1> <Delay = 1.00> <Generic> <Opcode : >

State 45 <SV = 44> <Delay = 8.69>
ST_45 : Operation 186 [4/40] (8.69ns)   --->   "%call_ret8 = call fastcc { i32, i32, i32, i32, i32, i32, i32, i32 } @sha256_transform(i32 %ctx_state_0_0_load_1, i32 %ctx_state_1_0_load_1, i32 %ctx_state_2_0_load_1, i32 %ctx_state_3_0_load_1, i32 %ctx_state_4_0_load_1, i32 %ctx_state_5_0_load_1, i32 %ctx_state_6_0_load_1, i32 %ctx_state_7_0_load_1, [16 x i8]* %ctx_data_0, [16 x i8]* %ctx_data_1, [16 x i8]* %ctx_data_2, [16 x i8]* %ctx_data_3)" [SHA_new/SHA_new/sha256_impl.c:100]   --->   Operation 186 'call' 'call_ret8' <Predicate = true> <Delay = 8.69> <CoreType = "Generic">   --->   Core 0 '' <Latency = 0> <II = 1> <Delay = 1.00> <Generic> <Opcode : >

State 46 <SV = 45> <Delay = 8.69>
ST_46 : Operation 187 [3/40] (8.69ns)   --->   "%call_ret8 = call fastcc { i32, i32, i32, i32, i32, i32, i32, i32 } @sha256_transform(i32 %ctx_state_0_0_load_1, i32 %ctx_state_1_0_load_1, i32 %ctx_state_2_0_load_1, i32 %ctx_state_3_0_load_1, i32 %ctx_state_4_0_load_1, i32 %ctx_state_5_0_load_1, i32 %ctx_state_6_0_load_1, i32 %ctx_state_7_0_load_1, [16 x i8]* %ctx_data_0, [16 x i8]* %ctx_data_1, [16 x i8]* %ctx_data_2, [16 x i8]* %ctx_data_3)" [SHA_new/SHA_new/sha256_impl.c:100]   --->   Operation 187 'call' 'call_ret8' <Predicate = true> <Delay = 8.69> <CoreType = "Generic">   --->   Core 0 '' <Latency = 0> <II = 1> <Delay = 1.00> <Generic> <Opcode : >

State 47 <SV = 46> <Delay = 8.69>
ST_47 : Operation 188 [2/40] (8.69ns)   --->   "%call_ret8 = call fastcc { i32, i32, i32, i32, i32, i32, i32, i32 } @sha256_transform(i32 %ctx_state_0_0_load_1, i32 %ctx_state_1_0_load_1, i32 %ctx_state_2_0_load_1, i32 %ctx_state_3_0_load_1, i32 %ctx_state_4_0_load_1, i32 %ctx_state_5_0_load_1, i32 %ctx_state_6_0_load_1, i32 %ctx_state_7_0_load_1, [16 x i8]* %ctx_data_0, [16 x i8]* %ctx_data_1, [16 x i8]* %ctx_data_2, [16 x i8]* %ctx_data_3)" [SHA_new/SHA_new/sha256_impl.c:100]   --->   Operation 188 'call' 'call_ret8' <Predicate = true> <Delay = 8.69> <CoreType = "Generic">   --->   Core 0 '' <Latency = 0> <II = 1> <Delay = 1.00> <Generic> <Opcode : >

State 48 <SV = 47> <Delay = 5.30>
ST_48 : Operation 189 [1/1] (0.00ns)   --->   "%ctx_bitlen_1_0_load = load i32* %ctx_bitlen_1_0" [SHA_new/SHA_new/sha256_impl.c:101]   --->   Operation 189 'load' 'ctx_bitlen_1_0_load' <Predicate = (icmp_ln99)> <Delay = 0.00>
ST_48 : Operation 190 [1/1] (0.00ns)   --->   "%ctx_bitlen_0_0_load = load i32* %ctx_bitlen_0_0" [SHA_new/SHA_new/sha256_impl.c:101]   --->   Operation 190 'load' 'ctx_bitlen_0_0_load' <Predicate = (icmp_ln99)> <Delay = 0.00>
ST_48 : Operation 191 [1/40] (4.27ns)   --->   "%call_ret8 = call fastcc { i32, i32, i32, i32, i32, i32, i32, i32 } @sha256_transform(i32 %ctx_state_0_0_load_1, i32 %ctx_state_1_0_load_1, i32 %ctx_state_2_0_load_1, i32 %ctx_state_3_0_load_1, i32 %ctx_state_4_0_load_1, i32 %ctx_state_5_0_load_1, i32 %ctx_state_6_0_load_1, i32 %ctx_state_7_0_load_1, [16 x i8]* %ctx_data_0, [16 x i8]* %ctx_data_1, [16 x i8]* %ctx_data_2, [16 x i8]* %ctx_data_3)" [SHA_new/SHA_new/sha256_impl.c:100]   --->   Operation 191 'call' 'call_ret8' <Predicate = (icmp_ln99)> <Delay = 4.27> <CoreType = "Generic">   --->   Core 0 '' <Latency = 0> <II = 1> <Delay = 1.00> <Generic> <Opcode : >
ST_48 : Operation 192 [1/1] (0.00ns)   --->   "%ctx_state_0_ret = extractvalue { i32, i32, i32, i32, i32, i32, i32, i32 } %call_ret8, 0" [SHA_new/SHA_new/sha256_impl.c:100]   --->   Operation 192 'extractvalue' 'ctx_state_0_ret' <Predicate = (icmp_ln99)> <Delay = 0.00>
ST_48 : Operation 193 [1/1] (0.00ns)   --->   "%ctx_state_1_ret = extractvalue { i32, i32, i32, i32, i32, i32, i32, i32 } %call_ret8, 1" [SHA_new/SHA_new/sha256_impl.c:100]   --->   Operation 193 'extractvalue' 'ctx_state_1_ret' <Predicate = (icmp_ln99)> <Delay = 0.00>
ST_48 : Operation 194 [1/1] (0.00ns)   --->   "%ctx_state_2_ret = extractvalue { i32, i32, i32, i32, i32, i32, i32, i32 } %call_ret8, 2" [SHA_new/SHA_new/sha256_impl.c:100]   --->   Operation 194 'extractvalue' 'ctx_state_2_ret' <Predicate = (icmp_ln99)> <Delay = 0.00>
ST_48 : Operation 195 [1/1] (0.00ns)   --->   "%ctx_state_3_ret = extractvalue { i32, i32, i32, i32, i32, i32, i32, i32 } %call_ret8, 3" [SHA_new/SHA_new/sha256_impl.c:100]   --->   Operation 195 'extractvalue' 'ctx_state_3_ret' <Predicate = (icmp_ln99)> <Delay = 0.00>
ST_48 : Operation 196 [1/1] (0.00ns)   --->   "%ctx_state_4_ret = extractvalue { i32, i32, i32, i32, i32, i32, i32, i32 } %call_ret8, 4" [SHA_new/SHA_new/sha256_impl.c:100]   --->   Operation 196 'extractvalue' 'ctx_state_4_ret' <Predicate = (icmp_ln99)> <Delay = 0.00>
ST_48 : Operation 197 [1/1] (0.00ns)   --->   "%ctx_state_5_ret = extractvalue { i32, i32, i32, i32, i32, i32, i32, i32 } %call_ret8, 5" [SHA_new/SHA_new/sha256_impl.c:100]   --->   Operation 197 'extractvalue' 'ctx_state_5_ret' <Predicate = (icmp_ln99)> <Delay = 0.00>
ST_48 : Operation 198 [1/1] (0.00ns)   --->   "%ctx_state_6_ret = extractvalue { i32, i32, i32, i32, i32, i32, i32, i32 } %call_ret8, 6" [SHA_new/SHA_new/sha256_impl.c:100]   --->   Operation 198 'extractvalue' 'ctx_state_6_ret' <Predicate = (icmp_ln99)> <Delay = 0.00>
ST_48 : Operation 199 [1/1] (0.00ns)   --->   "%ctx_state_7_ret = extractvalue { i32, i32, i32, i32, i32, i32, i32, i32 } %call_ret8, 7" [SHA_new/SHA_new/sha256_impl.c:100]   --->   Operation 199 'extractvalue' 'ctx_state_7_ret' <Predicate = (icmp_ln99)> <Delay = 0.00>
ST_48 : Operation 200 [1/1] (1.22ns)   --->   "%icmp_ln101 = icmp ugt i32 %ctx_bitlen_0_0_load, -513" [SHA_new/SHA_new/sha256_impl.c:101]   --->   Operation 200 'icmp' 'icmp_ln101' <Predicate = (icmp_ln99)> <Delay = 1.22> <Core = "Cmp">   --->   Core 25 'Cmp' <Latency = 0> <II = 1> <Delay = 1.22> <FuncUnit> <Opcode : 'icmp'> <InPorts = 2> <OutPorts = 1>
ST_48 : Operation 201 [1/1] (1.64ns)   --->   "%add_ln101 = add i32 %ctx_bitlen_1_0_load, 1" [SHA_new/SHA_new/sha256_impl.c:101]   --->   Operation 201 'add' 'add_ln101' <Predicate = (icmp_ln99)> <Delay = 1.64> <Core = "AddSub">   --->   Core 14 'AddSub' <Latency = 0> <II = 1> <Delay = 1.64> <FuncUnit> <Opcode : 'add' 'sub'> <InPorts = 2> <OutPorts = 1>
ST_48 : Operation 202 [1/1] (0.48ns)   --->   "%select_ln101 = select i1 %icmp_ln101, i32 %add_ln101, i32 %ctx_bitlen_1_0_load" [SHA_new/SHA_new/sha256_impl.c:101]   --->   Operation 202 'select' 'select_ln101' <Predicate = (icmp_ln99)> <Delay = 0.48> <Core = "Sel">   --->   Core 26 'Sel' <Latency = 0> <II = 1> <Delay = 0.48> <FuncUnit> <Opcode : 'select'> <InPorts = 3> <OutPorts = 1>
ST_48 : Operation 203 [1/1] (1.64ns)   --->   "%add_ln101_1 = add i32 %ctx_bitlen_0_0_load, 512" [SHA_new/SHA_new/sha256_impl.c:101]   --->   Operation 203 'add' 'add_ln101_1' <Predicate = (icmp_ln99)> <Delay = 1.64> <Core = "AddSub">   --->   Core 14 'AddSub' <Latency = 0> <II = 1> <Delay = 1.64> <FuncUnit> <Opcode : 'add' 'sub'> <InPorts = 2> <OutPorts = 1>
ST_48 : Operation 204 [1/1] (1.02ns)   --->   "store i32 %add_ln101_1, i32* %ctx_bitlen_0_0" [SHA_new/SHA_new/sha256_impl.c:103]   --->   Operation 204 'store' <Predicate = (icmp_ln99)> <Delay = 1.02>
ST_48 : Operation 205 [1/1] (1.02ns)   --->   "store i32 %select_ln101, i32* %ctx_bitlen_1_0" [SHA_new/SHA_new/sha256_impl.c:103]   --->   Operation 205 'store' <Predicate = (icmp_ln99)> <Delay = 1.02>
ST_48 : Operation 206 [1/1] (1.02ns)   --->   "store i32 %ctx_state_0_ret, i32* %ctx_state_0_0" [SHA_new/SHA_new/sha256_impl.c:103]   --->   Operation 206 'store' <Predicate = (icmp_ln99)> <Delay = 1.02>
ST_48 : Operation 207 [1/1] (1.02ns)   --->   "store i32 %ctx_state_1_ret, i32* %ctx_state_1_0" [SHA_new/SHA_new/sha256_impl.c:103]   --->   Operation 207 'store' <Predicate = (icmp_ln99)> <Delay = 1.02>
ST_48 : Operation 208 [1/1] (1.02ns)   --->   "store i32 %ctx_state_2_ret, i32* %ctx_state_2_0" [SHA_new/SHA_new/sha256_impl.c:103]   --->   Operation 208 'store' <Predicate = (icmp_ln99)> <Delay = 1.02>
ST_48 : Operation 209 [1/1] (1.02ns)   --->   "store i32 %ctx_state_3_ret, i32* %ctx_state_3_0" [SHA_new/SHA_new/sha256_impl.c:103]   --->   Operation 209 'store' <Predicate = (icmp_ln99)> <Delay = 1.02>
ST_48 : Operation 210 [1/1] (1.02ns)   --->   "store i32 %ctx_state_4_ret, i32* %ctx_state_4_0" [SHA_new/SHA_new/sha256_impl.c:103]   --->   Operation 210 'store' <Predicate = (icmp_ln99)> <Delay = 1.02>
ST_48 : Operation 211 [1/1] (1.02ns)   --->   "store i32 %ctx_state_5_ret, i32* %ctx_state_5_0" [SHA_new/SHA_new/sha256_impl.c:103]   --->   Operation 211 'store' <Predicate = (icmp_ln99)> <Delay = 1.02>
ST_48 : Operation 212 [1/1] (1.02ns)   --->   "store i32 %ctx_state_6_ret, i32* %ctx_state_6_0" [SHA_new/SHA_new/sha256_impl.c:103]   --->   Operation 212 'store' <Predicate = (icmp_ln99)> <Delay = 1.02>
ST_48 : Operation 213 [1/1] (1.02ns)   --->   "store i32 %ctx_state_7_ret, i32* %ctx_state_7_0" [SHA_new/SHA_new/sha256_impl.c:103]   --->   Operation 213 'store' <Predicate = (icmp_ln99)> <Delay = 1.02>
ST_48 : Operation 214 [1/1] (0.00ns)   --->   "br label %hls_label_3_end" [SHA_new/SHA_new/sha256_impl.c:103]   --->   Operation 214 'br' <Predicate = (icmp_ln99)> <Delay = 0.00>
ST_48 : Operation 215 [1/1] (0.00ns)   --->   "%empty_11 = call i32 (...)* @_ssdm_op_SpecRegionEnd([12 x i8]* @p_str5, i32 %tmp)" [SHA_new/SHA_new/sha256_impl.c:104]   --->   Operation 215 'specregionend' 'empty_11' <Predicate = true> <Delay = 0.00>
ST_48 : Operation 216 [1/1] (0.00ns)   --->   "br label %1" [SHA_new/SHA_new/sha256_impl.c:95]   --->   Operation 216 'br' <Predicate = true> <Delay = 0.00>


============================================================
+ Verbose Summary: Timing violations
============================================================
Target clock period: 10ns, clock uncertainty: 1.25ns.

 <State 1>: 1.1ns
The critical path consists of the following:
	'alloca' operation ('ctx.datalen') [18]  (0 ns)
	'store' operation ('store_ln95', SHA_new/SHA_new/sha256_impl.c:95) of variable 'ctx.datalen', SHA_new/SHA_new/sha256_impl.c:91 on local variable 'ctx.datalen' [52]  (1.1 ns)

 <State 2>: 1.36ns
The critical path consists of the following:
	'phi' operation ('i') with incoming values : ('i', SHA_new/SHA_new/sha256_impl.c:95) [55]  (0 ns)
	'add' operation ('i', SHA_new/SHA_new/sha256_impl.c:95) [57]  (1.36 ns)

 <State 3>: 2.87ns
The critical path consists of the following:
	'load' operation ('ctx_datalen_0_load', SHA_new/SHA_new/sha256_impl.c:98) on local variable 'ctx.datalen' [87]  (0 ns)
	'add' operation ('add_ln98', SHA_new/SHA_new/sha256_impl.c:98) [88]  (1.65 ns)
	'icmp' operation ('icmp_ln99', SHA_new/SHA_new/sha256_impl.c:99) [89]  (1.22 ns)

 <State 4>: 0ns
The critical path consists of the following:

 <State 5>: 0ns
The critical path consists of the following:

 <State 6>: 0ns
The critical path consists of the following:

 <State 7>: 0ns
The critical path consists of the following:

 <State 8>: 0ns
The critical path consists of the following:

 <State 9>: 8.19ns
The critical path consists of the following:
	'load' operation ('ctx_state_7_0_load_1', SHA_new/SHA_new/sha256_impl.c:100) on local variable 'ctx_state_7_0' [95]  (0 ns)
	'call' operation ('call_ret8', SHA_new/SHA_new/sha256_impl.c:100) to 'sha256_transform' [105]  (8.19 ns)

 <State 10>: 8.7ns
The critical path consists of the following:
	'call' operation ('call_ret8', SHA_new/SHA_new/sha256_impl.c:100) to 'sha256_transform' [105]  (8.7 ns)

 <State 11>: 8.7ns
The critical path consists of the following:
	'call' operation ('call_ret8', SHA_new/SHA_new/sha256_impl.c:100) to 'sha256_transform' [105]  (8.7 ns)

 <State 12>: 8.7ns
The critical path consists of the following:
	'call' operation ('call_ret8', SHA_new/SHA_new/sha256_impl.c:100) to 'sha256_transform' [105]  (8.7 ns)

 <State 13>: 8.7ns
The critical path consists of the following:
	'call' operation ('call_ret8', SHA_new/SHA_new/sha256_impl.c:100) to 'sha256_transform' [105]  (8.7 ns)

 <State 14>: 8.7ns
The critical path consists of the following:
	'call' operation ('call_ret8', SHA_new/SHA_new/sha256_impl.c:100) to 'sha256_transform' [105]  (8.7 ns)

 <State 15>: 8.7ns
The critical path consists of the following:
	'call' operation ('call_ret8', SHA_new/SHA_new/sha256_impl.c:100) to 'sha256_transform' [105]  (8.7 ns)

 <State 16>: 8.7ns
The critical path consists of the following:
	'call' operation ('call_ret8', SHA_new/SHA_new/sha256_impl.c:100) to 'sha256_transform' [105]  (8.7 ns)

 <State 17>: 8.7ns
The critical path consists of the following:
	'call' operation ('call_ret8', SHA_new/SHA_new/sha256_impl.c:100) to 'sha256_transform' [105]  (8.7 ns)

 <State 18>: 8.7ns
The critical path consists of the following:
	'call' operation ('call_ret8', SHA_new/SHA_new/sha256_impl.c:100) to 'sha256_transform' [105]  (8.7 ns)

 <State 19>: 8.7ns
The critical path consists of the following:
	'call' operation ('call_ret8', SHA_new/SHA_new/sha256_impl.c:100) to 'sha256_transform' [105]  (8.7 ns)

 <State 20>: 8.7ns
The critical path consists of the following:
	'call' operation ('call_ret8', SHA_new/SHA_new/sha256_impl.c:100) to 'sha256_transform' [105]  (8.7 ns)

 <State 21>: 8.7ns
The critical path consists of the following:
	'call' operation ('call_ret8', SHA_new/SHA_new/sha256_impl.c:100) to 'sha256_transform' [105]  (8.7 ns)

 <State 22>: 8.7ns
The critical path consists of the following:
	'call' operation ('call_ret8', SHA_new/SHA_new/sha256_impl.c:100) to 'sha256_transform' [105]  (8.7 ns)

 <State 23>: 8.7ns
The critical path consists of the following:
	'call' operation ('call_ret8', SHA_new/SHA_new/sha256_impl.c:100) to 'sha256_transform' [105]  (8.7 ns)

 <State 24>: 8.7ns
The critical path consists of the following:
	'call' operation ('call_ret8', SHA_new/SHA_new/sha256_impl.c:100) to 'sha256_transform' [105]  (8.7 ns)

 <State 25>: 8.7ns
The critical path consists of the following:
	'call' operation ('call_ret8', SHA_new/SHA_new/sha256_impl.c:100) to 'sha256_transform' [105]  (8.7 ns)

 <State 26>: 8.7ns
The critical path consists of the following:
	'call' operation ('call_ret8', SHA_new/SHA_new/sha256_impl.c:100) to 'sha256_transform' [105]  (8.7 ns)

 <State 27>: 8.7ns
The critical path consists of the following:
	'call' operation ('call_ret8', SHA_new/SHA_new/sha256_impl.c:100) to 'sha256_transform' [105]  (8.7 ns)

 <State 28>: 8.7ns
The critical path consists of the following:
	'call' operation ('call_ret8', SHA_new/SHA_new/sha256_impl.c:100) to 'sha256_transform' [105]  (8.7 ns)

 <State 29>: 8.7ns
The critical path consists of the following:
	'call' operation ('call_ret8', SHA_new/SHA_new/sha256_impl.c:100) to 'sha256_transform' [105]  (8.7 ns)

 <State 30>: 8.7ns
The critical path consists of the following:
	'call' operation ('call_ret8', SHA_new/SHA_new/sha256_impl.c:100) to 'sha256_transform' [105]  (8.7 ns)

 <State 31>: 8.7ns
The critical path consists of the following:
	'call' operation ('call_ret8', SHA_new/SHA_new/sha256_impl.c:100) to 'sha256_transform' [105]  (8.7 ns)

 <State 32>: 8.7ns
The critical path consists of the following:
	'call' operation ('call_ret8', SHA_new/SHA_new/sha256_impl.c:100) to 'sha256_transform' [105]  (8.7 ns)

 <State 33>: 8.7ns
The critical path consists of the following:
	'call' operation ('call_ret8', SHA_new/SHA_new/sha256_impl.c:100) to 'sha256_transform' [105]  (8.7 ns)

 <State 34>: 8.7ns
The critical path consists of the following:
	'call' operation ('call_ret8', SHA_new/SHA_new/sha256_impl.c:100) to 'sha256_transform' [105]  (8.7 ns)

 <State 35>: 8.7ns
The critical path consists of the following:
	'call' operation ('call_ret8', SHA_new/SHA_new/sha256_impl.c:100) to 'sha256_transform' [105]  (8.7 ns)

 <State 36>: 8.7ns
The critical path consists of the following:
	'call' operation ('call_ret8', SHA_new/SHA_new/sha256_impl.c:100) to 'sha256_transform' [105]  (8.7 ns)

 <State 37>: 8.7ns
The critical path consists of the following:
	'call' operation ('call_ret8', SHA_new/SHA_new/sha256_impl.c:100) to 'sha256_transform' [105]  (8.7 ns)

 <State 38>: 8.7ns
The critical path consists of the following:
	'call' operation ('call_ret8', SHA_new/SHA_new/sha256_impl.c:100) to 'sha256_transform' [105]  (8.7 ns)

 <State 39>: 8.7ns
The critical path consists of the following:
	'call' operation ('call_ret8', SHA_new/SHA_new/sha256_impl.c:100) to 'sha256_transform' [105]  (8.7 ns)

 <State 40>: 8.7ns
The critical path consists of the following:
	'call' operation ('call_ret8', SHA_new/SHA_new/sha256_impl.c:100) to 'sha256_transform' [105]  (8.7 ns)

 <State 41>: 8.7ns
The critical path consists of the following:
	'call' operation ('call_ret8', SHA_new/SHA_new/sha256_impl.c:100) to 'sha256_transform' [105]  (8.7 ns)

 <State 42>: 8.7ns
The critical path consists of the following:
	'call' operation ('call_ret8', SHA_new/SHA_new/sha256_impl.c:100) to 'sha256_transform' [105]  (8.7 ns)

 <State 43>: 8.7ns
The critical path consists of the following:
	'call' operation ('call_ret8', SHA_new/SHA_new/sha256_impl.c:100) to 'sha256_transform' [105]  (8.7 ns)

 <State 44>: 8.7ns
The critical path consists of the following:
	'call' operation ('call_ret8', SHA_new/SHA_new/sha256_impl.c:100) to 'sha256_transform' [105]  (8.7 ns)

 <State 45>: 8.7ns
The critical path consists of the following:
	'call' operation ('call_ret8', SHA_new/SHA_new/sha256_impl.c:100) to 'sha256_transform' [105]  (8.7 ns)

 <State 46>: 8.7ns
The critical path consists of the following:
	'call' operation ('call_ret8', SHA_new/SHA_new/sha256_impl.c:100) to 'sha256_transform' [105]  (8.7 ns)

 <State 47>: 8.7ns
The critical path consists of the following:
	'call' operation ('call_ret8', SHA_new/SHA_new/sha256_impl.c:100) to 'sha256_transform' [105]  (8.7 ns)

 <State 48>: 5.3ns
The critical path consists of the following:
	'call' operation ('call_ret8', SHA_new/SHA_new/sha256_impl.c:100) to 'sha256_transform' [105]  (4.28 ns)
	'store' operation ('store_ln103', SHA_new/SHA_new/sha256_impl.c:103) of variable 'ctx_state_0_ret', SHA_new/SHA_new/sha256_impl.c:100 on local variable 'ctx_state_0_0' [120]  (1.02 ns)


============================================================
+ Verbose Summary: Binding
============================================================
N/A
* FSMD analyzer results:
  - Output states:
 - Input state : 
  - Chain level:
	State 1
	State 2
	State 3
	State 4
	State 5
	State 6
	State 7
	State 8
	State 9
	State 10
	State 11
	State 12
	State 13
	State 14
	State 15
	State 16
	State 17
	State 18
	State 19
	State 20
	State 21
	State 22
	State 23
	State 24
	State 25
	State 26
	State 27
	State 28
	State 29
	State 30
	State 31
	State 32
	State 33
	State 34
	State 35
	State 36
	State 37
	State 38
	State 39
	State 40
	State 41
	State 42
	State 43
	State 44
	State 45
	State 46
	State 47
	State 48


============================================================
+ Verbose Summary: Datapath Resource usage 
============================================================
N/A
