==============================================================
Vivado(TM) HLS - High-Level Synthesis from C, C++ and SystemC v2019.1 (64-bit)
Copyright 1986-2019 Xilinx, Inc. All Rights Reserved.
==============================================================
INFO: [SYN 201-201] Setting up clock 'default' with a period of 10ns.
INFO: [HLS 200-10] Setting target device to 'xc7z020-clg484-1'
INFO: [SIM 211-2] *************** CSIM start ***************
INFO: [SIM 211-4] CSIM will launch GCC as the compiler.
INFO: [SIM 211-1] CSim done with 0 errors.
INFO: [SIM 211-3] *************** CSIM finish ***************
==============================================================
Vivado(TM) HLS - High-Level Synthesis from C, C++ and SystemC v2019.1 (64-bit)
Copyright 1986-2019 Xilinx, Inc. All Rights Reserved.
==============================================================
INFO: [SYN 201-201] Setting up clock 'default' with a period of 10ns.
INFO: [HLS 200-10] Setting target device to 'xc7z020-clg484-1'
INFO: [SYN 201-201] Setting up clock 'default' with a period of 10ns.
INFO: [SCHED 204-61] Option 'relax_ii_for_timing' is enabled, will increase II to preserve clock frequency constraints.
INFO: [HLS 200-10] Analyzing design file 'SHA_new/SHA_new/sha256_impl.c' ... 
INFO: [HLS 200-10] Analyzing design file 'SHA_new/SHA_new/sha256.c' ... 
INFO: [HLS 200-111] Finished Linking Time (s): cpu = 00:00:00 ; elapsed = 00:00:08 . Memory (MB): peak = 175.527 ; gain = 84.563
INFO: [HLS 200-111] Finished Checking Pragmas Time (s): cpu = 00:00:00 ; elapsed = 00:00:08 . Memory (MB): peak = 175.527 ; gain = 84.563
INFO: [HLS 200-10] Starting code transformations ...
INFO: [HLS 200-111] Finished Standard Transforms Time (s): cpu = 00:00:00 ; elapsed = 00:00:08 . Memory (MB): peak = 175.527 ; gain = 84.563
INFO: [HLS 200-10] Checking synthesizability ...
INFO: [XFORM 203-602] Inlining function 'sha256_init' into 'sha256' (SHA_new/SHA_new/sha256.c:29) automatically.
INFO: [HLS 200-111] Finished Checking Synthesizability Time (s): cpu = 00:00:00 ; elapsed = 00:00:08 . Memory (MB): peak = 175.527 ; gain = 84.563
WARNING: [XFORM 203-561] Updating loop upper bound from 100 to 63 for loop 'Loop-0-1' (SHA_new/SHA_new/sha256.c:46:1) in function 'sha256'.
WARNING: [XFORM 203-561] Updating loop upper bound from 40 to 32 for loop 'Loop-1' (SHA_new/SHA_new/sha256.c:57:1) in function 'sha256'.
WARNING: [XFORM 203-561] Updating loop lower bound from 12 to 32 for loop 'Loop-1' (SHA_new/SHA_new/sha256.c:57:1) in function 'sha256'.
WARNING: [XFORM 203-561] Updating loop upper bound from 100 to 56 for loop 'Loop-2' (SHA_new/SHA_new/sha256_impl.c:123:1) in function 'sha256_final'.
WARNING: [XFORM 203-561] Updating loop lower bound from 12 to 56 for loop 'Loop-2' (SHA_new/SHA_new/sha256_impl.c:123:1) in function 'sha256_final'.
WARNING: [XFORM 203-561] Updating loop upper bound from 100 to 4 for loop 'Loop-3' (SHA_new/SHA_new/sha256_impl.c:144:1) in function 'sha256_final'.
WARNING: [XFORM 203-561] Updating loop lower bound from 12 to 4 for loop 'Loop-3' (SHA_new/SHA_new/sha256_impl.c:144:1) in function 'sha256_final'.
WARNING: [XFORM 203-561] Updating loop upper bound from 100 to 16 for loop 'Loop-0' (SHA_new/SHA_new/sha256_impl.c:35:1) in function 'sha256_transform'.
WARNING: [XFORM 203-561] Updating loop lower bound from 12 to 16 for loop 'Loop-0' (SHA_new/SHA_new/sha256_impl.c:35:1) in function 'sha256_transform'.
WARNING: [XFORM 203-561] Updating loop upper bound from 100 to 48 for loop 'Loop-1' (SHA_new/SHA_new/sha256_impl.c:38:1) in function 'sha256_transform'.
WARNING: [XFORM 203-561] Updating loop lower bound from 12 to 48 for loop 'Loop-1' (SHA_new/SHA_new/sha256_impl.c:38:1) in function 'sha256_transform'.
WARNING: [XFORM 203-561] Updating loop upper bound from 100 to 64 for loop 'Loop-2' (SHA_new/SHA_new/sha256_impl.c:51:1) in function 'sha256_transform'.
WARNING: [XFORM 203-561] Updating loop lower bound from 12 to 64 for loop 'Loop-2' (SHA_new/SHA_new/sha256_impl.c:51:1) in function 'sha256_transform'.
INFO: [XFORM 203-102] Partitioning array 'sha256ctx.bitlen' (SHA_new/SHA_new/sha256.c:28) automatically.
INFO: [XFORM 203-102] Partitioning array 'sha256ctx.state' (SHA_new/SHA_new/sha256.c:28) automatically.
WARNING: [XFORM 203-561] Updating loop upper bound from 100 to 64 for loop 'Loop-0' (SHA_new/SHA_new/sha256_impl.c:94:1) in function 'sha256_update'.
INFO: [XFORM 203-11] Balancing expressions in function 'sha256_transform' (SHA_new/SHA_new/sha256_impl.c:30)...10 expression(s) balanced.
INFO: [HLS 200-111] Finished Pre-synthesis Time (s): cpu = 00:00:01 ; elapsed = 00:00:09 . Memory (MB): peak = 175.527 ; gain = 84.563
INFO: [HLS 200-111] Finished Architecture Synthesis Time (s): cpu = 00:00:01 ; elapsed = 00:00:09 . Memory (MB): peak = 175.527 ; gain = 84.563
INFO: [HLS 200-10] Starting hardware synthesis ...
INFO: [HLS 200-10] Synthesizing 'sha256' ...
INFO: [HLS 200-10] ----------------------------------------------------------------
INFO: [HLS 200-42] -- Implementing module 'sha256_transform' 
INFO: [HLS 200-10] ----------------------------------------------------------------
INFO: [SCHED 204-11] Starting scheduling ...
INFO: [SCHED 204-11] Finished scheduling.
INFO: [HLS 200-111]  Elapsed time: 9.145 seconds; current allocated memory: 126.832 MB.
INFO: [HLS 200-434] Only 0 loops out of a total 3 loops have been pipelined in this design.
INFO: [BIND 205-100] Starting micro-architecture generation ...
INFO: [BIND 205-101] Performing variable lifetime analysis.
INFO: [BIND 205-101] Exploring resource sharing.
INFO: [BIND 205-101] Binding ...
INFO: [BIND 205-100] Finished micro-architecture generation.
INFO: [HLS 200-111]  Elapsed time: 0.103 seconds; current allocated memory: 127.503 MB.
INFO: [HLS 200-10] ----------------------------------------------------------------
INFO: [HLS 200-42] -- Implementing module 'sha256_update' 
INFO: [HLS 200-10] ----------------------------------------------------------------
INFO: [SCHED 204-11] Starting scheduling ...
INFO: [SCHED 204-11] Finished scheduling.
INFO: [HLS 200-111]  Elapsed time: 0.128 seconds; current allocated memory: 127.809 MB.
INFO: [BIND 205-100] Starting micro-architecture generation ...
INFO: [BIND 205-101] Performing variable lifetime analysis.
INFO: [BIND 205-101] Exploring resource sharing.
INFO: [BIND 205-101] Binding ...
INFO: [BIND 205-100] Finished micro-architecture generation.
INFO: [HLS 200-111]  Elapsed time: 0.071 seconds; current allocated memory: 128.137 MB.
INFO: [HLS 200-10] ----------------------------------------------------------------
INFO: [HLS 200-42] -- Implementing module 'sha256_final' 
INFO: [HLS 200-10] ----------------------------------------------------------------
INFO: [SCHED 204-11] Starting scheduling ...
INFO: [SCHED 204-11] Finished scheduling.
INFO: [HLS 200-111]  Elapsed time: 0.163 seconds; current allocated memory: 128.618 MB.
INFO: [BIND 205-100] Starting micro-architecture generation ...
INFO: [BIND 205-101] Performing variable lifetime analysis.
INFO: [BIND 205-101] Exploring resource sharing.
INFO: [BIND 205-101] Binding ...
INFO: [BIND 205-100] Finished micro-architecture generation.
INFO: [HLS 200-111]  Elapsed time: 0.106 seconds; current allocated memory: 129.146 MB.
INFO: [HLS 200-10] ----------------------------------------------------------------
INFO: [HLS 200-42] -- Implementing module 'sha256' 
INFO: [HLS 200-10] ----------------------------------------------------------------
INFO: [SCHED 204-11] Starting scheduling ...
INFO: [SCHED 204-11] Finished scheduling.
INFO: [HLS 200-111]  Elapsed time: 0.175 seconds; current allocated memory: 129.596 MB.
INFO: [BIND 205-100] Starting micro-architecture generation ...
INFO: [BIND 205-101] Performing variable lifetime analysis.
INFO: [BIND 205-101] Exploring resource sharing.
INFO: [BIND 205-101] Binding ...
INFO: [BIND 205-100] Finished micro-architecture generation.
INFO: [HLS 200-111]  Elapsed time: 0.184 seconds; current allocated memory: 130.221 MB.
INFO: [HLS 200-10] ----------------------------------------------------------------
INFO: [HLS 200-10] -- Generating RTL for module 'sha256_transform' 
INFO: [HLS 200-10] ----------------------------------------------------------------
INFO: [RTGEN 206-100] Finished creating RTL model for 'sha256_transform'.
INFO: [HLS 200-111]  Elapsed time: 0.217 seconds; current allocated memory: 131.415 MB.
INFO: [HLS 200-10] ----------------------------------------------------------------
INFO: [HLS 200-10] -- Generating RTL for module 'sha256_update' 
INFO: [HLS 200-10] ----------------------------------------------------------------
INFO: [RTGEN 206-100] Finished creating RTL model for 'sha256_update'.
INFO: [HLS 200-111]  Elapsed time: 0.259 seconds; current allocated memory: 132.584 MB.
INFO: [HLS 200-10] ----------------------------------------------------------------
INFO: [HLS 200-10] -- Generating RTL for module 'sha256_final' 
INFO: [HLS 200-10] ----------------------------------------------------------------
INFO: [RTGEN 206-100] Finished creating RTL model for 'sha256_final'.
INFO: [HLS 200-111]  Elapsed time: 0.192 seconds; current allocated memory: 133.710 MB.
INFO: [HLS 200-10] ----------------------------------------------------------------
INFO: [HLS 200-10] -- Generating RTL for module 'sha256' 
INFO: [HLS 200-10] ----------------------------------------------------------------
INFO: [RTGEN 206-500] Setting interface mode on port 'sha256/data' to 's_axilite & ap_memory'.
INFO: [RTGEN 206-500] Setting interface mode on port 'sha256/base_offset' to 's_axilite & ap_none'.
INFO: [RTGEN 206-500] Setting interface mode on port 'sha256/bytes' to 's_axilite & ap_none'.
INFO: [RTGEN 206-500] Setting interface mode on port 'sha256/digest' to 's_axilite & ap_memory'.
INFO: [RTGEN 206-500] Setting interface mode on function 'sha256' to 's_axilite & ap_ctrl_hs'.
INFO: [RTGEN 206-100] Bundling port 'return', 'data', 'base_offset', 'bytes' and 'digest' to AXI-Lite port AXILiteS.
INFO: [SYN 201-210] Renamed object name 'sha256_sha256ctx_data' to 'sha256_sha256ctx_bkb' due to the length limit 20
INFO: [RTGEN 206-100] Finished creating RTL model for 'sha256'.
INFO: [HLS 200-111]  Elapsed time: 0.325 seconds; current allocated memory: 135.044 MB.
INFO: [RTMG 210-279] Implementing memory 'sha256_transform_k_rom' using auto ROMs.
INFO: [RTMG 210-278] Implementing memory 'sha256_transform_m_ram (RAM)' using block RAMs.
INFO: [RTMG 210-278] Implementing memory 'sha256_seg_buf_ram (RAM)' using block RAMs.
INFO: [RTMG 210-278] Implementing memory 'sha256_sha256ctx_bkb_ram (RAM)' using block RAMs.
INFO: [HLS 200-111] Finished generating all RTL models Time (s): cpu = 00:00:03 ; elapsed = 00:00:12 . Memory (MB): peak = 203.445 ; gain = 112.480
INFO: [VHDL 208-304] Generating VHDL RTL for sha256.
INFO: [VLOG 209-307] Generating Verilog RTL for sha256.
INFO: [HLS 200-112] Total elapsed time: 12.211 seconds; peak allocated memory: 135.044 MB.
==============================================================
Vivado(TM) HLS - High-Level Synthesis from C, C++ and SystemC v2019.1 (64-bit)
Copyright 1986-2019 Xilinx, Inc. All Rights Reserved.
==============================================================
INFO: [SYN 201-201] Setting up clock 'default' with a period of 10ns.
INFO: [HLS 200-10] Setting target device to 'xc7z020-clg484-1'
INFO: [SCHED 204-61] Option 'relax_ii_for_timing' is enabled, will increase II to preserve clock frequency constraints.
INFO: [HLS 200-10] Analyzing design file 'SHA_new/SHA_new/sha256_impl.c' ... 
INFO: [HLS 200-10] Analyzing design file 'SHA_new/SHA_new/sha256.c' ... 
INFO: [HLS 200-111] Finished Linking Time (s): cpu = 00:00:01 ; elapsed = 00:00:08 . Memory (MB): peak = 175.152 ; gain = 84.285
INFO: [HLS 200-111] Finished Checking Pragmas Time (s): cpu = 00:00:01 ; elapsed = 00:00:08 . Memory (MB): peak = 175.152 ; gain = 84.285
INFO: [HLS 200-10] Starting code transformations ...
INFO: [HLS 200-111] Finished Standard Transforms Time (s): cpu = 00:00:01 ; elapsed = 00:00:08 . Memory (MB): peak = 175.152 ; gain = 84.285
INFO: [HLS 200-10] Checking synthesizability ...
INFO: [XFORM 203-602] Inlining function 'sha256_init' into 'sha256' (SHA_new/SHA_new/sha256.c:29) automatically.
INFO: [HLS 200-111] Finished Checking Synthesizability Time (s): cpu = 00:00:01 ; elapsed = 00:00:08 . Memory (MB): peak = 175.152 ; gain = 84.285
WARNING: [XFORM 203-561] Updating loop upper bound from 100 to 63 for loop 'Loop-0-1' (SHA_new/SHA_new/sha256.c:46:1) in function 'sha256'.
WARNING: [XFORM 203-561] Updating loop upper bound from 40 to 32 for loop 'Loop-1' (SHA_new/SHA_new/sha256.c:57:1) in function 'sha256'.
WARNING: [XFORM 203-561] Updating loop lower bound from 12 to 32 for loop 'Loop-1' (SHA_new/SHA_new/sha256.c:57:1) in function 'sha256'.
INFO: [XFORM 203-102] Partitioning array 'sha256ctx.bitlen' (SHA_new/SHA_new/sha256.c:28) automatically.
INFO: [XFORM 203-102] Partitioning array 'sha256ctx.state' (SHA_new/SHA_new/sha256.c:28) automatically.
INFO: [XFORM 203-11] Balancing expressions in function 'sha256_transform' (SHA_new/SHA_new/sha256_impl.c:30)...10 expression(s) balanced.
INFO: [HLS 200-111] Finished Pre-synthesis Time (s): cpu = 00:00:02 ; elapsed = 00:00:09 . Memory (MB): peak = 175.152 ; gain = 84.285
INFO: [HLS 200-111] Finished Architecture Synthesis Time (s): cpu = 00:00:02 ; elapsed = 00:00:09 . Memory (MB): peak = 175.500 ; gain = 84.633
INFO: [HLS 200-10] Starting hardware synthesis ...
INFO: [HLS 200-10] Synthesizing 'sha256' ...
INFO: [HLS 200-10] ----------------------------------------------------------------
INFO: [HLS 200-42] -- Implementing module 'sha256_transform' 
INFO: [HLS 200-10] ----------------------------------------------------------------
INFO: [SCHED 204-11] Starting scheduling ...
INFO: [SCHED 204-11] Finished scheduling.
INFO: [HLS 200-111]  Elapsed time: 9.129 seconds; current allocated memory: 126.876 MB.
INFO: [HLS 200-434] Only 0 loops out of a total 3 loops have been pipelined in this design.
INFO: [BIND 205-100] Starting micro-architecture generation ...
INFO: [BIND 205-101] Performing variable lifetime analysis.
INFO: [BIND 205-101] Exploring resource sharing.
INFO: [BIND 205-101] Binding ...
INFO: [BIND 205-100] Finished micro-architecture generation.
INFO: [HLS 200-111]  Elapsed time: 0.096 seconds; current allocated memory: 127.568 MB.
INFO: [HLS 200-10] ----------------------------------------------------------------
INFO: [HLS 200-42] -- Implementing module 'sha256_update' 
INFO: [HLS 200-10] ----------------------------------------------------------------
INFO: [SCHED 204-11] Starting scheduling ...
INFO: [SCHED 204-11] Finished scheduling.
INFO: [HLS 200-111]  Elapsed time: 0.131 seconds; current allocated memory: 127.855 MB.
INFO: [BIND 205-100] Starting micro-architecture generation ...
INFO: [BIND 205-101] Performing variable lifetime analysis.
INFO: [BIND 205-101] Exploring resource sharing.
INFO: [BIND 205-101] Binding ...
INFO: [BIND 205-100] Finished micro-architecture generation.
INFO: [HLS 200-111]  Elapsed time: 0.071 seconds; current allocated memory: 128.186 MB.
INFO: [HLS 200-10] ----------------------------------------------------------------
INFO: [HLS 200-42] -- Implementing module 'sha256_final' 
INFO: [HLS 200-10] ----------------------------------------------------------------
INFO: [SCHED 204-11] Starting scheduling ...
INFO: [SCHED 204-11] Finished scheduling.
INFO: [HLS 200-111]  Elapsed time: 0.163 seconds; current allocated memory: 128.657 MB.
INFO: [BIND 205-100] Starting micro-architecture generation ...
INFO: [BIND 205-101] Performing variable lifetime analysis.
INFO: [BIND 205-101] Exploring resource sharing.
INFO: [BIND 205-101] Binding ...
INFO: [BIND 205-100] Finished micro-architecture generation.
INFO: [HLS 200-111]  Elapsed time: 0.123 seconds; current allocated memory: 129.196 MB.
INFO: [HLS 200-10] ----------------------------------------------------------------
INFO: [HLS 200-42] -- Implementing module 'sha256' 
INFO: [HLS 200-10] ----------------------------------------------------------------
INFO: [SCHED 204-11] Starting scheduling ...
INFO: [SCHED 204-11] Finished scheduling.
INFO: [HLS 200-111]  Elapsed time: 0.175 seconds; current allocated memory: 129.646 MB.
INFO: [BIND 205-100] Starting micro-architecture generation ...
INFO: [BIND 205-101] Performing variable lifetime analysis.
INFO: [BIND 205-101] Exploring resource sharing.
INFO: [BIND 205-101] Binding ...
INFO: [BIND 205-100] Finished micro-architecture generation.
INFO: [HLS 200-111]  Elapsed time: 0.182 seconds; current allocated memory: 130.272 MB.
INFO: [HLS 200-10] ----------------------------------------------------------------
INFO: [HLS 200-10] -- Generating RTL for module 'sha256_transform' 
INFO: [HLS 200-10] ----------------------------------------------------------------
INFO: [RTGEN 206-100] Finished creating RTL model for 'sha256_transform'.
INFO: [HLS 200-111]  Elapsed time: 0.218 seconds; current allocated memory: 131.482 MB.
INFO: [HLS 200-10] ----------------------------------------------------------------
INFO: [HLS 200-10] -- Generating RTL for module 'sha256_update' 
INFO: [HLS 200-10] ----------------------------------------------------------------
INFO: [RTGEN 206-100] Finished creating RTL model for 'sha256_update'.
INFO: [HLS 200-111]  Elapsed time: 0.258 seconds; current allocated memory: 132.650 MB.
INFO: [HLS 200-10] ----------------------------------------------------------------
INFO: [HLS 200-10] -- Generating RTL for module 'sha256_final' 
INFO: [HLS 200-10] ----------------------------------------------------------------
INFO: [RTGEN 206-100] Finished creating RTL model for 'sha256_final'.
INFO: [HLS 200-111]  Elapsed time: 0.193 seconds; current allocated memory: 133.776 MB.
INFO: [HLS 200-10] ----------------------------------------------------------------
INFO: [HLS 200-10] -- Generating RTL for module 'sha256' 
INFO: [HLS 200-10] ----------------------------------------------------------------
INFO: [RTGEN 206-500] Setting interface mode on port 'sha256/data' to 's_axilite & ap_memory'.
INFO: [RTGEN 206-500] Setting interface mode on port 'sha256/base_offset' to 's_axilite & ap_none'.
INFO: [RTGEN 206-500] Setting interface mode on port 'sha256/bytes' to 's_axilite & ap_none'.
INFO: [RTGEN 206-500] Setting interface mode on port 'sha256/digest' to 's_axilite & ap_memory'.
INFO: [RTGEN 206-500] Setting interface mode on function 'sha256' to 's_axilite & ap_ctrl_hs'.
INFO: [RTGEN 206-100] Bundling port 'return', 'data', 'base_offset', 'bytes' and 'digest' to AXI-Lite port AXILiteS.
INFO: [SYN 201-210] Renamed object name 'sha256_sha256ctx_data' to 'sha256_sha256ctx_bkb' due to the length limit 20
INFO: [RTGEN 206-100] Finished creating RTL model for 'sha256'.
INFO: [HLS 200-111]  Elapsed time: 0.321 seconds; current allocated memory: 135.126 MB.
INFO: [RTMG 210-279] Implementing memory 'sha256_transform_k_rom' using auto ROMs.
INFO: [RTMG 210-278] Implementing memory 'sha256_transform_m_ram (RAM)' using block RAMs.
INFO: [RTMG 210-278] Implementing memory 'sha256_seg_buf_ram (RAM)' using block RAMs.
INFO: [RTMG 210-278] Implementing memory 'sha256_sha256ctx_bkb_ram (RAM)' using block RAMs.
INFO: [HLS 200-111] Finished generating all RTL models Time (s): cpu = 00:00:04 ; elapsed = 00:00:12 . Memory (MB): peak = 203.281 ; gain = 112.414
INFO: [VHDL 208-304] Generating VHDL RTL for sha256.
INFO: [VLOG 209-307] Generating Verilog RTL for sha256.
INFO: [HLS 200-112] Total elapsed time: 12.188 seconds; peak allocated memory: 135.126 MB.
==============================================================
Vivado(TM) HLS - High-Level Synthesis from C, C++ and SystemC v2019.1 (64-bit)
Copyright 1986-2019 Xilinx, Inc. All Rights Reserved.
==============================================================
INFO: [SYN 201-201] Setting up clock 'default' with a period of 10ns.
INFO: [HLS 200-10] Setting target device to 'xc7z020-clg484-1'
INFO: [COSIM 212-47] Using XSIM for RTL simulation.
INFO: [COSIM 212-14] Instrumenting C test bench ...
INFO: [COSIM 212-302] Starting C TB testing ... 
INFO: [COSIM 212-333] Generating C post check test bench ...
INFO: [COSIM 212-12] Generating RTL test bench ...
INFO: [COSIM 212-1] *** C/RTL co-simulation file generation completed. ***
INFO: [COSIM 212-323] Starting verilog simulation. 
INFO: [COSIM 212-15] Starting XSIM ...
INFO: [COSIM 212-316] Starting C post checking ...
ERROR: [COSIM 212-361] C TB post check failed, nonzero return value '4'.
ERROR: [COSIM 212-4] *** C/RTL co-simulation finished: FAIL ***
