

================================================================
== Vivado HLS Report for 'sha256'
================================================================
* Date:           Wed Apr  7 17:47:20 2021

* Version:        2019.1 (Build 2552052 on Fri May 24 15:28:33 MDT 2019)
* Project:        SHA
* Solution:       solution2_array_partition
* Product family: zynq
* Target device:  xc7z020-clg484-1


================================================================
== Performance Estimates
================================================================
+ Timing (ns): 
    * Summary: 
    +--------+-------+----------+------------+
    |  Clock | Target| Estimated| Uncertainty|
    +--------+-------+----------+------------+
    |ap_clk  |  10.00|     8.522|        1.25|
    +--------+-------+----------+------------+

+ Latency (clock cycles): 
    * Summary: 
    +-----+-------+-----+-------+---------+
    |   Latency   |   Interval  | Pipeline|
    | min |  max  | min |  max  |   Type  |
    +-----+-------+-----+-------+---------+
    |  843|  56491|  843|  56491|   none  |
    +-----+-------+-----+-------+---------+

    + Detail: 
        * Instance: 
        +--------------------------+---------------+-----+-----+-----+-----+---------+
        |                          |               |  Latency  |  Interval | Pipeline|
        |         Instance         |     Module    | min | max | min | max |   Type  |
        +--------------------------+---------------+-----+-----+-----+-----+---------+
        |grp_sha256_final_fu_289   |sha256_final   |  440|  924|  440|  924|   none  |
        |grp_sha256_update_fu_311  |sha256_update  |    1|  424|    1|  424|   none  |
        +--------------------------+---------------+-----+-----+-----+-----+---------+

        * Loop: 
        +-------------+-----+-------+----------+-----------+-----------+----------+----------+
        |             |   Latency   | Iteration|  Initiation Interval  |   Trip   |          |
        |  Loop Name  | min |  max  |  Latency |  achieved |   target  |   Count  | Pipelined|
        +-------------+-----+-------+----------+-----------+-----------+----------+----------+
        |- Loop 1     |  336|  55500| 28 ~ 555 |          -|          -| 12 ~ 100 |    no    |
        | + Loop 1.1  |  128|    128|         2|          -|          -|        64|    no    |
        | + Loop 1.2  |   24|    126|         2|          -|          -|  12 ~ 63 |    no    |
        |- Loop 2     |   64|     64|         2|          -|          -|        32|    no    |
        +-------------+-----+-------+----------+-----------+-----------+----------+----------+



================================================================
== Utilization Estimates
================================================================
* Summary: 
+-----------------+---------+-------+--------+-------+-----+
|       Name      | BRAM_18K| DSP48E|   FF   |  LUT  | URAM|
+-----------------+---------+-------+--------+-------+-----+
|DSP              |        -|      -|       -|      -|    -|
|Expression       |        -|      -|       0|    241|    -|
|FIFO             |        -|      -|       -|      -|    -|
|Instance         |       10|      -|    3066|   5601|    0|
|Memory           |        5|      -|       0|      0|    0|
|Multiplexer      |        -|      -|       -|    809|    -|
|Register         |        -|      -|    1229|      -|    -|
+-----------------+---------+-------+--------+-------+-----+
|Total            |       15|      0|    4295|   6651|    0|
+-----------------+---------+-------+--------+-------+-----+
|Available        |      280|    220|  106400|  53200|    0|
+-----------------+---------+-------+--------+-------+-----+
|Utilization (%)  |        5|      0|       4|     12|    0|
+-----------------+---------+-------+--------+-------+-----+

+ Detail: 
    * Instance: 
    +--------------------------+-----------------------+---------+-------+------+------+-----+
    |         Instance         |         Module        | BRAM_18K| DSP48E|  FF  |  LUT | URAM|
    +--------------------------+-----------------------+---------+-------+------+------+-----+
    |sha256_AXILiteS_s_axi_U   |sha256_AXILiteS_s_axi  |        4|      0|   272|   308|    0|
    |grp_sha256_final_fu_289   |sha256_final           |        3|      0|  1408|  3424|    0|
    |grp_sha256_update_fu_311  |sha256_update          |        3|      0|  1386|  1869|    0|
    +--------------------------+-----------------------+---------+-------+------+------+-----+
    |Total                     |                       |       10|      0|  3066|  5601|    0|
    +--------------------------+-----------------------+---------+-------+------+------+-----+

    * DSP48E: 
    N/A

    * Memory: 
    +--------------------+----------------------+---------+---+----+-----+------+-----+------+-------------+
    |       Memory       |        Module        | BRAM_18K| FF| LUT| URAM| Words| Bits| Banks| W*Bits*Banks|
    +--------------------+----------------------+---------+---+----+-----+------+-----+------+-------------+
    |seg_buf_U           |sha256_seg_buf        |        1|  0|   0|    0|    64|    8|     1|          512|
    |sha256ctx_data_0_U  |sha256_sha256ctx_bkb  |        1|  0|   0|    0|    16|    8|     1|          128|
    |sha256ctx_data_1_U  |sha256_sha256ctx_bkb  |        1|  0|   0|    0|    16|    8|     1|          128|
    |sha256ctx_data_2_U  |sha256_sha256ctx_bkb  |        1|  0|   0|    0|    16|    8|     1|          128|
    |sha256ctx_data_3_U  |sha256_sha256ctx_bkb  |        1|  0|   0|    0|    16|    8|     1|          128|
    +--------------------+----------------------+---------+---+----+-----+------+-----+------+-------------+
    |Total               |                      |        5|  0|   0|    0|   128|   40|     5|         1024|
    +--------------------+----------------------+---------+---+----+-----+------+-----+------+-------------+

    * FIFO: 
    N/A

    * Expression: 
    +---------------------------------+----------+-------+---+----+------------+------------+
    |          Variable Name          | Operation| DSP48E| FF| LUT| Bitwidth P0| Bitwidth P1|
    +---------------------------------+----------+-------+---+----+------------+------------+
    |add_ln38_1_fu_677_p2             |     +    |      0|  0|  10|          10|          10|
    |add_ln38_fu_672_p2               |     +    |      0|  0|  10|          10|          10|
    |add_ln47_1_fu_737_p2             |     +    |      0|  0|  10|          10|          10|
    |add_ln47_fu_732_p2               |     +    |      0|  0|  10|          10|          10|
    |i_7_fu_722_p2                    |     +    |      0|  0|  15|           6|           1|
    |i_8_fu_662_p2                    |     +    |      0|  0|  15|           7|           1|
    |i_fu_763_p2                      |     +    |      0|  0|  15|           6|           1|
    |n_fu_687_p2                      |     +    |      0|  0|  39|          32|           8|
    |seg_offset_fu_702_p2             |     +    |      0|  0|  39|          32|           7|
    |icmp_ln32_fu_630_p2              |   icmp   |      0|  0|  18|          32|           1|
    |icmp_ln35_fu_646_p2              |   icmp   |      0|  0|  18|          26|           1|
    |icmp_ln37_fu_656_p2              |   icmp   |      0|  0|  11|           7|           8|
    |icmp_ln45_fu_717_p2              |   icmp   |      0|  0|  18|          32|          32|
    |icmp_ln56_fu_757_p2              |   icmp   |      0|  0|  11|           6|           7|
    |ap_block_state5_on_subcall_done  |    or    |      0|  0|   2|           1|           1|
    +---------------------------------+----------+-------+---+----+------------+------------+
    |Total                            |          |      0|  0| 241|         227|         108|
    +---------------------------------+----------+-------+---+----+------------+------------+

    * Multiplexer: 
    +-------------------------------------------+----+-----------+-----+-----------+
    |                    Name                   | LUT| Input Size| Bits| Total Bits|
    +-------------------------------------------+----+-----------+-----+-----------+
    |ap_NS_fsm                                  |  50|         11|    1|         11|
    |data_address0                              |  15|          3|    8|         24|
    |grp_sha256_update_fu_311_ctx_datalen_read  |  15|          3|   32|         96|
    |grp_sha256_update_fu_311_len               |  15|          3|   32|         96|
    |grp_sha256_update_fu_311_p_read1           |  15|          3|   32|         96|
    |grp_sha256_update_fu_311_p_read10          |  15|          3|   32|         96|
    |grp_sha256_update_fu_311_p_read2           |  15|          3|   32|         96|
    |grp_sha256_update_fu_311_p_read3           |  15|          3|   32|         96|
    |grp_sha256_update_fu_311_p_read4           |  15|          3|   32|         96|
    |grp_sha256_update_fu_311_p_read5           |  15|          3|   32|         96|
    |grp_sha256_update_fu_311_p_read6           |  15|          3|   32|         96|
    |grp_sha256_update_fu_311_p_read7           |  15|          3|   32|         96|
    |grp_sha256_update_fu_311_p_read8           |  15|          3|   32|         96|
    |grp_sha256_update_fu_311_p_read9           |  15|          3|   32|         96|
    |i_0_reg_254                                |   9|          2|    7|         14|
    |i_1_reg_266                                |   9|          2|    6|         12|
    |i_2_reg_278                                |   9|          2|    6|         12|
    |n_0_fu_108                                 |  15|          3|   32|         96|
    |seg_buf_address0                           |  33|          6|    6|         36|
    |seg_buf_ce0                                |  21|          4|    1|          4|
    |seg_buf_ce1                                |   9|          2|    1|          2|
    |seg_buf_d0                                 |  15|          3|    8|         24|
    |seg_buf_we0                                |  15|          3|    1|          3|
    |seg_buf_we1                                |   9|          2|    1|          2|
    |seg_offset_1_fu_156                        |   9|          2|   32|         64|
    |sha256ctx_bitlen_0_2_fu_116                |   9|          2|   32|         64|
    |sha256ctx_bitlen_1_2_fu_120                |   9|          2|   32|         64|
    |sha256ctx_data_0_address0                  |  15|          3|    4|         12|
    |sha256ctx_data_0_ce0                       |  15|          3|    1|          3|
    |sha256ctx_data_0_ce1                       |   9|          2|    1|          2|
    |sha256ctx_data_0_d0                        |  15|          3|    8|         24|
    |sha256ctx_data_0_we0                       |  15|          3|    1|          3|
    |sha256ctx_data_0_we1                       |   9|          2|    1|          2|
    |sha256ctx_data_1_address0                  |  15|          3|    4|         12|
    |sha256ctx_data_1_ce0                       |  15|          3|    1|          3|
    |sha256ctx_data_1_ce1                       |   9|          2|    1|          2|
    |sha256ctx_data_1_d0                        |  15|          3|    8|         24|
    |sha256ctx_data_1_we0                       |  15|          3|    1|          3|
    |sha256ctx_data_1_we1                       |   9|          2|    1|          2|
    |sha256ctx_data_2_address0                  |  15|          3|    4|         12|
    |sha256ctx_data_2_ce0                       |  15|          3|    1|          3|
    |sha256ctx_data_2_ce1                       |   9|          2|    1|          2|
    |sha256ctx_data_2_d0                        |  15|          3|    8|         24|
    |sha256ctx_data_2_we0                       |  15|          3|    1|          3|
    |sha256ctx_data_2_we1                       |   9|          2|    1|          2|
    |sha256ctx_data_3_address0                  |  15|          3|    4|         12|
    |sha256ctx_data_3_ce0                       |  15|          3|    1|          3|
    |sha256ctx_data_3_ce1                       |   9|          2|    1|          2|
    |sha256ctx_data_3_d0                        |  15|          3|    8|         24|
    |sha256ctx_data_3_we0                       |  15|          3|    1|          3|
    |sha256ctx_data_3_we1                       |   9|          2|    1|          2|
    |sha256ctx_datalen_1_fu_112                 |   9|          2|   32|         64|
    |sha256ctx_state_0_2_fu_124                 |   9|          2|   32|         64|
    |sha256ctx_state_1_2_fu_128                 |   9|          2|   32|         64|
    |sha256ctx_state_2_2_fu_132                 |   9|          2|   32|         64|
    |sha256ctx_state_3_2_fu_136                 |   9|          2|   32|         64|
    |sha256ctx_state_4_2_fu_140                 |   9|          2|   32|         64|
    |sha256ctx_state_5_2_fu_144                 |   9|          2|   32|         64|
    |sha256ctx_state_6_2_fu_148                 |   9|          2|   32|         64|
    |sha256ctx_state_7_2_fu_152                 |   9|          2|   32|         64|
    +-------------------------------------------+----+-----------+-----+-----------+
    |Total                                      | 809|        167|  910|       2344|
    +-------------------------------------------+----+-----------+-----+-----------+

    * Register: 
    +---------------------------------------+----+----+-----+-----------+
    |                  Name                 | FF | LUT| Bits| Const Bits|
    +---------------------------------------+----+----+-----+-----------+
    |ap_CS_fsm                              |  10|   0|   10|          0|
    |grp_sha256_final_fu_289_ap_start_reg   |   1|   0|    1|          0|
    |grp_sha256_update_fu_311_ap_start_reg  |   1|   0|    1|          0|
    |i_0_reg_254                            |   7|   0|    7|          0|
    |i_1_reg_266                            |   6|   0|    6|          0|
    |i_2_reg_278                            |   6|   0|    6|          0|
    |i_7_reg_908                            |   6|   0|    6|          0|
    |i_8_reg_895                            |   7|   0|    7|          0|
    |i_reg_976                              |   6|   0|    6|          0|
    |icmp_ln35_reg_882                      |   1|   0|    1|          0|
    |n_0_fu_108                             |  32|   0|   32|          0|
    |n_0_load_reg_872                       |  32|   0|   32|          0|
    |reg_492                                |  32|   0|   32|          0|
    |reg_498                                |  32|   0|   32|          0|
    |reg_504                                |  32|   0|   32|          0|
    |reg_510                                |  32|   0|   32|          0|
    |reg_516                                |  32|   0|   32|          0|
    |reg_522                                |  32|   0|   32|          0|
    |reg_528                                |  32|   0|   32|          0|
    |reg_534                                |  32|   0|   32|          0|
    |reg_540                                |  32|   0|   32|          0|
    |reg_546                                |  32|   0|   32|          0|
    |reg_552                                |  32|   0|   32|          0|
    |seg_offset_1_fu_156                    |  32|   0|   32|          0|
    |sha256ctx_bitlen_0_1_reg_923           |  32|   0|   32|          0|
    |sha256ctx_bitlen_0_2_fu_116            |  32|   0|   32|          0|
    |sha256ctx_bitlen_1_1_reg_928           |  32|   0|   32|          0|
    |sha256ctx_bitlen_1_2_fu_120            |  32|   0|   32|          0|
    |sha256ctx_datalen_1_1_reg_918          |  32|   0|   32|          0|
    |sha256ctx_datalen_1_fu_112             |  32|   0|   32|          0|
    |sha256ctx_state_0_2_2_reg_933          |  32|   0|   32|          0|
    |sha256ctx_state_0_2_fu_124             |  32|   0|   32|          0|
    |sha256ctx_state_1_2_2_reg_938          |  32|   0|   32|          0|
    |sha256ctx_state_1_2_fu_128             |  32|   0|   32|          0|
    |sha256ctx_state_2_2_2_reg_943          |  32|   0|   32|          0|
    |sha256ctx_state_2_2_fu_132             |  32|   0|   32|          0|
    |sha256ctx_state_3_2_2_reg_948          |  32|   0|   32|          0|
    |sha256ctx_state_3_2_fu_136             |  32|   0|   32|          0|
    |sha256ctx_state_4_2_2_reg_953          |  32|   0|   32|          0|
    |sha256ctx_state_4_2_fu_140             |  32|   0|   32|          0|
    |sha256ctx_state_5_2_2_reg_958          |  32|   0|   32|          0|
    |sha256ctx_state_5_2_fu_144             |  32|   0|   32|          0|
    |sha256ctx_state_6_2_2_reg_963          |  32|   0|   32|          0|
    |sha256ctx_state_6_2_fu_148             |  32|   0|   32|          0|
    |sha256ctx_state_7_2_2_reg_968          |  32|   0|   32|          0|
    |sha256ctx_state_7_2_fu_152             |  32|   0|   32|          0|
    |trunc_ln32_reg_866                     |  10|   0|   10|          0|
    |trunc_ln35_reg_886                     |  10|   0|   10|          0|
    |zext_ln59_reg_981                      |   6|   0|   64|         58|
    +---------------------------------------+----+----+-----+-----------+
    |Total                                  |1229|   0| 1287|         58|
    +---------------------------------------+----+----+-----+-----------+



================================================================
== Interface
================================================================
* Summary: 
+------------------------+-----+-----+------------+--------------+--------------+
|        RTL Ports       | Dir | Bits|  Protocol  | Source Object|    C Type    |
+------------------------+-----+-----+------------+--------------+--------------+
|s_axi_AXILiteS_AWVALID  |  in |    1|    s_axi   |   AXILiteS   |     array    |
|s_axi_AXILiteS_AWREADY  | out |    1|    s_axi   |   AXILiteS   |     array    |
|s_axi_AXILiteS_AWADDR   |  in |   10|    s_axi   |   AXILiteS   |     array    |
|s_axi_AXILiteS_WVALID   |  in |    1|    s_axi   |   AXILiteS   |     array    |
|s_axi_AXILiteS_WREADY   | out |    1|    s_axi   |   AXILiteS   |     array    |
|s_axi_AXILiteS_WDATA    |  in |   32|    s_axi   |   AXILiteS   |     array    |
|s_axi_AXILiteS_WSTRB    |  in |    4|    s_axi   |   AXILiteS   |     array    |
|s_axi_AXILiteS_ARVALID  |  in |    1|    s_axi   |   AXILiteS   |     array    |
|s_axi_AXILiteS_ARREADY  | out |    1|    s_axi   |   AXILiteS   |     array    |
|s_axi_AXILiteS_ARADDR   |  in |   10|    s_axi   |   AXILiteS   |     array    |
|s_axi_AXILiteS_RVALID   | out |    1|    s_axi   |   AXILiteS   |     array    |
|s_axi_AXILiteS_RREADY   |  in |    1|    s_axi   |   AXILiteS   |     array    |
|s_axi_AXILiteS_RDATA    | out |   32|    s_axi   |   AXILiteS   |     array    |
|s_axi_AXILiteS_RRESP    | out |    2|    s_axi   |   AXILiteS   |     array    |
|s_axi_AXILiteS_BVALID   | out |    1|    s_axi   |   AXILiteS   |     array    |
|s_axi_AXILiteS_BREADY   |  in |    1|    s_axi   |   AXILiteS   |     array    |
|s_axi_AXILiteS_BRESP    | out |    2|    s_axi   |   AXILiteS   |     array    |
|ap_clk                  |  in |    1| ap_ctrl_hs |    sha256    | return value |
|ap_rst_n                |  in |    1| ap_ctrl_hs |    sha256    | return value |
|interrupt               | out |    1| ap_ctrl_hs |    sha256    | return value |
+------------------------+-----+-----+------------+--------------+--------------+

