

================================================================
== Vivado HLS Report for 'sha256_final'
================================================================
* Date:           Wed Apr  7 17:47:19 2021

* Version:        2019.1 (Build 2552052 on Fri May 24 15:28:33 MDT 2019)
* Project:        SHA
* Solution:       solution2_array_partition
* Product family: zynq
* Target device:  xc7z020-clg484-1


================================================================
== Performance Estimates
================================================================
+ Timing (ns): 
    * Summary: 
    +--------+-------+----------+------------+
    |  Clock | Target| Estimated| Uncertainty|
    +--------+-------+----------+------------+
    |ap_clk  |  10.00|     8.522|        1.25|
    +--------+-------+----------+------------+

+ Latency (clock cycles): 
    * Summary: 
    +-----+-----+-----+-----+---------+
    |  Latency  |  Interval | Pipeline|
    | min | max | min | max |   Type  |
    +-----+-----+-----+-----+---------+
    |  440|  924|  440|  924|   none  |
    +-----+-----+-----+-----+---------+

    + Detail: 
        * Instance: 
        +-----------------------------+------------------+-----+-----+-----+-----+---------+
        |                             |                  |  Latency  |  Interval | Pipeline|
        |           Instance          |      Module      | min | max | min | max |   Type  |
        +-----------------------------+------------------+-----+-----+-----+-----+---------+
        |grp_sha256_transform_fu_654  |sha256_transform  |  419|  419|  419|  419|   none  |
        +-----------------------------+------------------+-----+-----+-----+-----+---------+

        * Loop: 
        +----------+-----+-----+----------+-----------+-----------+--------+----------+
        |          |  Latency  | Iteration|  Initiation Interval  |  Trip  |          |
        | Loop Name| min | max |  Latency |  achieved |   target  |  Count | Pipelined|
        +----------+-----+-----+----------+-----------+-----------+--------+----------+
        |- Loop 1  |    0|   56|         1|          -|          -| 0 ~ 56 |    no    |
        |- Loop 2  |    0|    8|         1|          -|          -|  0 ~ 8 |    no    |
        |- Loop 3  |   56|   56|         1|          -|          -|      56|    no    |
        |- Loop 4  |   16|   16|         4|          -|          -|       4|    no    |
        +----------+-----+-----+----------+-----------+-----------+--------+----------+



================================================================
== Utilization Estimates
================================================================
* Summary: 
+-----------------+---------+-------+--------+-------+-----+
|       Name      | BRAM_18K| DSP48E|   FF   |  LUT  | URAM|
+-----------------+---------+-------+--------+-------+-----+
|DSP              |        -|      -|       -|      -|    -|
|Expression       |        -|      -|       0|   1250|    -|
|FIFO             |        -|      -|       -|      -|    -|
|Instance         |        3|      -|     750|   1389|    0|
|Memory           |        -|      -|       -|      -|    -|
|Multiplexer      |        -|      -|       -|    785|    -|
|Register         |        -|      -|     658|      -|    -|
+-----------------+---------+-------+--------+-------+-----+
|Total            |        3|      0|    1408|   3424|    0|
+-----------------+---------+-------+--------+-------+-----+
|Available        |      280|    220|  106400|  53200|    0|
+-----------------+---------+-------+--------+-------+-----+
|Utilization (%)  |        1|      0|       1|      6|    0|
+-----------------+---------+-------+--------+-------+-----+

+ Detail: 
    * Instance: 
    +-----------------------------+------------------+---------+-------+-----+------+-----+
    |           Instance          |      Module      | BRAM_18K| DSP48E|  FF |  LUT | URAM|
    +-----------------------------+------------------+---------+-------+-----+------+-----+
    |grp_sha256_transform_fu_654  |sha256_transform  |        3|      0|  750|  1389|    0|
    +-----------------------------+------------------+---------+-------+-----+------+-----+
    |Total                        |                  |        3|      0|  750|  1389|    0|
    +-----------------------------+------------------+---------+-------+-----+------+-----+

    * DSP48E: 
    N/A

    * Memory: 
    N/A

    * FIFO: 
    N/A

    * Expression: 
    +------------------------+----------+-------+---+-----+------------+------------+
    |      Variable Name     | Operation| DSP48E| FF| LUT | Bitwidth P0| Bitwidth P1|
    +------------------------+----------+-------+---+-----+------------+------------+
    |add_ln134_1_fu_932_p2   |     +    |      0|  0|   39|          32|          32|
    |add_ln134_fu_878_p2     |     +    |      0|  0|   39|           1|          32|
    |add_ln135_1_fu_937_p2   |     +    |      0|  0|   31|          24|          24|
    |add_ln135_2_fu_943_p2   |     +    |      0|  0|   23|          16|          16|
    |add_ln135_fu_949_p2     |     +    |      0|  0|   15|           8|           8|
    |add_ln154_fu_1231_p2    |     +    |      0|  0|   15|           5|           5|
    |i_4_fu_784_p2           |     +    |      0|  0|   39|          32|           1|
    |i_5_fu_834_p2           |     +    |      0|  0|   15|           6|           1|
    |i_6_fu_1071_p2          |     +    |      0|  0|   12|           3|           1|
    |i_fu_1027_p2            |     +    |      0|  0|   39|          32|           1|
    |sub_ln149_fu_1089_p2    |     -    |      0|  0|   15|           5|           5|
    |icmp_ln113_fu_756_p2    |   icmp   |      0|  0|   18|          32|           6|
    |icmp_ln115_fu_1033_p2   |   icmp   |      0|  0|   18|          32|           6|
    |icmp_ln122_fu_800_p2    |   icmp   |      0|  0|   18|          26|           1|
    |icmp_ln127_fu_828_p2    |   icmp   |      0|  0|   11|           6|           5|
    |icmp_ln134_fu_873_p2    |   icmp   |      0|  0|   18|          32|          32|
    |icmp_ln147_fu_1065_p2   |   icmp   |      0|  0|    9|           3|           4|
    |lshr_ln149_fu_1099_p2   |   lshr   |      0|  0|  101|          32|          32|
    |lshr_ln150_fu_1109_p2   |   lshr   |      0|  0|  101|          32|          32|
    |lshr_ln151_fu_1131_p2   |   lshr   |      0|  0|  101|          32|          32|
    |lshr_ln152_fu_1155_p2   |   lshr   |      0|  0|  101|          32|          32|
    |lshr_ln153_fu_1165_p2   |   lshr   |      0|  0|  101|          32|          32|
    |lshr_ln154_fu_1175_p2   |   lshr   |      0|  0|  101|          32|          32|
    |lshr_ln155_fu_1185_p2   |   lshr   |      0|  0|  101|          32|          32|
    |lshr_ln156_fu_1195_p2   |   lshr   |      0|  0|  101|          32|          32|
    |select_ln134_fu_883_p3  |  select  |      0|  0|   32|           1|          32|
    |xor_ln134_fu_867_p2     |    xor   |      0|  0|   32|          32|           2|
    |xor_ln150_fu_1120_p2    |    xor   |      0|  0|    4|           3|           4|
    +------------------------+----------+-------+---+-----+------------+------------+
    |Total                   |          |      0|  0| 1250|         587|         474|
    +------------------------+----------+-------+---+-----+------------+------------+

    * Multiplexer: 
    +----------------------------------------------+----+-----------+-----+-----------+
    |                     Name                     | LUT| Input Size| Bits| Total Bits|
    +----------------------------------------------+----+-----------+-----+-----------+
    |ap_NS_fsm                                     |  53|         12|    1|         12|
    |ctx_data_0_address0                           |  33|          6|    4|         24|
    |ctx_data_0_address1                           |  15|          3|    4|         12|
    |ctx_data_0_ce0                                |  15|          3|    1|          3|
    |ctx_data_0_d0                                 |  21|          4|    8|         32|
    |ctx_data_0_d1                                 |  15|          3|    8|         24|
    |ctx_data_1_address0                           |  33|          6|    4|         24|
    |ctx_data_1_address1                           |  15|          3|    4|         12|
    |ctx_data_1_ce0                                |  15|          3|    1|          3|
    |ctx_data_1_d0                                 |  21|          4|    8|         32|
    |ctx_data_1_d1                                 |  15|          3|    8|         24|
    |ctx_data_2_address0                           |  33|          6|    4|         24|
    |ctx_data_2_address1                           |  15|          3|    4|         12|
    |ctx_data_2_ce0                                |  15|          3|    1|          3|
    |ctx_data_2_d0                                 |  21|          4|    8|         32|
    |ctx_data_2_d1                                 |  15|          3|    8|         24|
    |ctx_data_3_address0                           |  33|          6|    4|         24|
    |ctx_data_3_address1                           |  15|          3|    4|         12|
    |ctx_data_3_ce0                                |  15|          3|    1|          3|
    |ctx_data_3_d0                                 |  21|          4|    8|         32|
    |ctx_data_3_d1                                 |  15|          3|    8|         24|
    |ctx_state_0_0_reg_562                         |   9|          2|   32|         64|
    |ctx_state_1_0_reg_572                         |   9|          2|   32|         64|
    |ctx_state_2_0_reg_582                         |   9|          2|   32|         64|
    |ctx_state_3_0_reg_592                         |   9|          2|   32|         64|
    |ctx_state_4_0_reg_602                         |   9|          2|   32|         64|
    |ctx_state_5_0_reg_612                         |   9|          2|   32|         64|
    |ctx_state_6_0_reg_622                         |   9|          2|   32|         64|
    |ctx_state_7_0_reg_632                         |   9|          2|   32|         64|
    |grp_sha256_transform_fu_654_ctx_state_0_read  |  15|          3|   32|         96|
    |grp_sha256_transform_fu_654_ctx_state_1_read  |  15|          3|   32|         96|
    |grp_sha256_transform_fu_654_ctx_state_2_read  |  15|          3|   32|         96|
    |grp_sha256_transform_fu_654_ctx_state_3_read  |  15|          3|   32|         96|
    |grp_sha256_transform_fu_654_ctx_state_4_read  |  15|          3|   32|         96|
    |grp_sha256_transform_fu_654_ctx_state_5_read  |  15|          3|   32|         96|
    |grp_sha256_transform_fu_654_ctx_state_6_read  |  15|          3|   32|         96|
    |grp_sha256_transform_fu_654_ctx_state_7_read  |  15|          3|   32|         96|
    |hash_address0                                 |  27|          5|    6|         30|
    |hash_address1                                 |  27|          5|    6|         30|
    |hash_d0                                       |  27|          5|    8|         40|
    |hash_d1                                       |  27|          5|    8|         40|
    |i_0_in_reg_553                                |   9|          2|   32|         64|
    |i_1_in_reg_533                                |   9|          2|   32|         64|
    |i_2_reg_542                                   |   9|          2|    6|         12|
    |i_3_reg_642                                   |   9|          2|    3|          6|
    +----------------------------------------------+----+-----------+-----+-----------+
    |Total                                         | 785|        156|  714|       1958|
    +----------------------------------------------+----+-----------+-----+-----------+

    * Register: 
    +------------------------------------------+----+----+-----+-----------+
    |                   Name                   | FF | LUT| Bits| Const Bits|
    +------------------------------------------+----+----+-----+-----------+
    |ap_CS_fsm                                 |  11|   0|   11|          0|
    |ctx_state_0_0_reg_562                     |  32|   0|   32|          0|
    |ctx_state_1_0_reg_572                     |  32|   0|   32|          0|
    |ctx_state_2_0_reg_582                     |  32|   0|   32|          0|
    |ctx_state_3_0_reg_592                     |  32|   0|   32|          0|
    |ctx_state_4_0_reg_602                     |  32|   0|   32|          0|
    |ctx_state_5_0_reg_612                     |  32|   0|   32|          0|
    |ctx_state_6_0_reg_622                     |  32|   0|   32|          0|
    |ctx_state_7_0_reg_632                     |  32|   0|   32|          0|
    |grp_sha256_transform_fu_654_ap_start_reg  |   1|   0|    1|          0|
    |i_0_in_reg_553                            |  32|   0|   32|          0|
    |i_1_in_reg_533                            |  32|   0|   32|          0|
    |i_2_reg_542                               |   6|   0|    6|          0|
    |i_3_reg_642                               |   3|   0|    3|          0|
    |i_6_reg_1378                              |   3|   0|    3|          0|
    |icmp_ln113_reg_1330                       |   1|   0|    1|          0|
    |or_ln_reg_1394                            |   3|   0|    4|          1|
    |reg_716                                   |  32|   0|   32|          0|
    |reg_721                                   |  32|   0|   32|          0|
    |reg_726                                   |  32|   0|   32|          0|
    |reg_731                                   |  32|   0|   32|          0|
    |reg_736                                   |  32|   0|   32|          0|
    |reg_741                                   |  32|   0|   32|          0|
    |reg_746                                   |  32|   0|   32|          0|
    |reg_751                                   |  32|   0|   32|          0|
    |trunc_ln149_1_reg_1383                    |   8|   0|    8|          0|
    |trunc_ln152_reg_1399                      |   8|   0|    8|          0|
    |trunc_ln153_reg_1404                      |   8|   0|    8|          0|
    |trunc_ln154_reg_1409                      |   8|   0|    8|          0|
    |trunc_ln155_reg_1414                      |   8|   0|    8|          0|
    |trunc_ln156_reg_1419                      |   8|   0|    8|          0|
    |xor_ln150_reg_1388                        |   3|   0|    3|          0|
    |zext_ln147_reg_1370                       |   3|   0|    5|          2|
    +------------------------------------------+----+----+-----+-----------+
    |Total                                     | 658|   0|  661|          3|
    +------------------------------------------+----+----+-----+-----------+



================================================================
== Interface
================================================================
* Summary: 
+---------------------+-----+-----+------------+-------------------+--------------+
|      RTL Ports      | Dir | Bits|  Protocol  |   Source Object   |    C Type    |
+---------------------+-----+-----+------------+-------------------+--------------+
|ap_clk               |  in |    1| ap_ctrl_hs |    sha256_final   | return value |
|ap_rst               |  in |    1| ap_ctrl_hs |    sha256_final   | return value |
|ap_start             |  in |    1| ap_ctrl_hs |    sha256_final   | return value |
|ap_done              | out |    1| ap_ctrl_hs |    sha256_final   | return value |
|ap_idle              | out |    1| ap_ctrl_hs |    sha256_final   | return value |
|ap_ready             | out |    1| ap_ctrl_hs |    sha256_final   | return value |
|ctx_data_0_address0  | out |    4|  ap_memory |     ctx_data_0    |     array    |
|ctx_data_0_ce0       | out |    1|  ap_memory |     ctx_data_0    |     array    |
|ctx_data_0_we0       | out |    1|  ap_memory |     ctx_data_0    |     array    |
|ctx_data_0_d0        | out |    8|  ap_memory |     ctx_data_0    |     array    |
|ctx_data_0_q0        |  in |    8|  ap_memory |     ctx_data_0    |     array    |
|ctx_data_0_address1  | out |    4|  ap_memory |     ctx_data_0    |     array    |
|ctx_data_0_ce1       | out |    1|  ap_memory |     ctx_data_0    |     array    |
|ctx_data_0_we1       | out |    1|  ap_memory |     ctx_data_0    |     array    |
|ctx_data_0_d1        | out |    8|  ap_memory |     ctx_data_0    |     array    |
|ctx_data_1_address0  | out |    4|  ap_memory |     ctx_data_1    |     array    |
|ctx_data_1_ce0       | out |    1|  ap_memory |     ctx_data_1    |     array    |
|ctx_data_1_we0       | out |    1|  ap_memory |     ctx_data_1    |     array    |
|ctx_data_1_d0        | out |    8|  ap_memory |     ctx_data_1    |     array    |
|ctx_data_1_q0        |  in |    8|  ap_memory |     ctx_data_1    |     array    |
|ctx_data_1_address1  | out |    4|  ap_memory |     ctx_data_1    |     array    |
|ctx_data_1_ce1       | out |    1|  ap_memory |     ctx_data_1    |     array    |
|ctx_data_1_we1       | out |    1|  ap_memory |     ctx_data_1    |     array    |
|ctx_data_1_d1        | out |    8|  ap_memory |     ctx_data_1    |     array    |
|ctx_data_2_address0  | out |    4|  ap_memory |     ctx_data_2    |     array    |
|ctx_data_2_ce0       | out |    1|  ap_memory |     ctx_data_2    |     array    |
|ctx_data_2_we0       | out |    1|  ap_memory |     ctx_data_2    |     array    |
|ctx_data_2_d0        | out |    8|  ap_memory |     ctx_data_2    |     array    |
|ctx_data_2_q0        |  in |    8|  ap_memory |     ctx_data_2    |     array    |
|ctx_data_2_address1  | out |    4|  ap_memory |     ctx_data_2    |     array    |
|ctx_data_2_ce1       | out |    1|  ap_memory |     ctx_data_2    |     array    |
|ctx_data_2_we1       | out |    1|  ap_memory |     ctx_data_2    |     array    |
|ctx_data_2_d1        | out |    8|  ap_memory |     ctx_data_2    |     array    |
|ctx_data_3_address0  | out |    4|  ap_memory |     ctx_data_3    |     array    |
|ctx_data_3_ce0       | out |    1|  ap_memory |     ctx_data_3    |     array    |
|ctx_data_3_we0       | out |    1|  ap_memory |     ctx_data_3    |     array    |
|ctx_data_3_d0        | out |    8|  ap_memory |     ctx_data_3    |     array    |
|ctx_data_3_q0        |  in |    8|  ap_memory |     ctx_data_3    |     array    |
|ctx_data_3_address1  | out |    4|  ap_memory |     ctx_data_3    |     array    |
|ctx_data_3_ce1       | out |    1|  ap_memory |     ctx_data_3    |     array    |
|ctx_data_3_we1       | out |    1|  ap_memory |     ctx_data_3    |     array    |
|ctx_data_3_d1        | out |    8|  ap_memory |     ctx_data_3    |     array    |
|ctx_datalen_read     |  in |   32|   ap_none  |  ctx_datalen_read |    scalar    |
|ctx_bitlen_0_read    |  in |   32|   ap_none  | ctx_bitlen_0_read |    scalar    |
|p_read3              |  in |   32|   ap_none  |      p_read3      |    scalar    |
|p_read2              |  in |   32|   ap_none  |      p_read2      |    scalar    |
|p_read4              |  in |   32|   ap_none  |      p_read4      |    scalar    |
|p_read5              |  in |   32|   ap_none  |      p_read5      |    scalar    |
|p_read6              |  in |   32|   ap_none  |      p_read6      |    scalar    |
|p_read7              |  in |   32|   ap_none  |      p_read7      |    scalar    |
|p_read8              |  in |   32|   ap_none  |      p_read8      |    scalar    |
|p_read9              |  in |   32|   ap_none  |      p_read9      |    scalar    |
|p_read10             |  in |   32|   ap_none  |      p_read10     |    scalar    |
|hash_address0        | out |    6|  ap_memory |        hash       |     array    |
|hash_ce0             | out |    1|  ap_memory |        hash       |     array    |
|hash_we0             | out |    1|  ap_memory |        hash       |     array    |
|hash_d0              | out |    8|  ap_memory |        hash       |     array    |
|hash_address1        | out |    6|  ap_memory |        hash       |     array    |
|hash_ce1             | out |    1|  ap_memory |        hash       |     array    |
|hash_we1             | out |    1|  ap_memory |        hash       |     array    |
|hash_d1              | out |    8|  ap_memory |        hash       |     array    |
+---------------------+-----+-----+------------+-------------------+--------------+

