

================================================================
== Vivado HLS Report for 'sha256_update'
================================================================
* Date:           Wed Apr  7 17:47:19 2021

* Version:        2019.1 (Build 2552052 on Fri May 24 15:28:33 MDT 2019)
* Project:        SHA
* Solution:       solution2_array_partition
* Product family: zynq
* Target device:  xc7z020-clg484-1


================================================================
== Performance Estimates
================================================================
+ Timing (ns): 
    * Summary: 
    +--------+-------+----------+------------+
    |  Clock | Target| Estimated| Uncertainty|
    +--------+-------+----------+------------+
    |ap_clk  |  10.00|     7.625|        1.25|
    +--------+-------+----------+------------+

+ Latency (clock cycles): 
    * Summary: 
    +-----+-----+-----+-----+---------+
    |  Latency  |  Interval | Pipeline|
    | min | max | min | max |   Type  |
    +-----+-----+-----+-----+---------+
    |    1|  424|    1|  424|   none  |
    +-----+-----+-----+-----+---------+

    + Detail: 
        * Instance: 
        +-----------------------------+------------------+-----+-----+-----+-----+---------+
        |                             |                  |  Latency  |  Interval | Pipeline|
        |           Instance          |      Module      | min | max | min | max |   Type  |
        +-----------------------------+------------------+-----+-----+-----+-----+---------+
        |grp_sha256_transform_fu_276  |sha256_transform  |  419|  419|  419|  419|   none  |
        +-----------------------------+------------------+-----+-----+-----+-----+---------+

        * Loop: 
        +----------+-----+-----+----------+-----------+-----------+-------+----------+
        |          |  Latency  | Iteration|  Initiation Interval  |  Trip |          |
        | Loop Name| min | max |  Latency |  achieved |   target  | Count | Pipelined|
        +----------+-----+-----+----------+-----------+-----------+-------+----------+
        |- Loop 1  |    0|  423|  3 ~ 423 |          -|          -| 0 ~ 1 |    no    |
        +----------+-----+-----+----------+-----------+-----------+-------+----------+



================================================================
== Utilization Estimates
================================================================
* Summary: 
+-----------------+---------+-------+--------+-------+-----+
|       Name      | BRAM_18K| DSP48E|   FF   |  LUT  | URAM|
+-----------------+---------+-------+--------+-------+-----+
|DSP              |        -|      -|       -|      -|    -|
|Expression       |        -|      -|       0|    213|    -|
|FIFO             |        -|      -|       -|      -|    -|
|Instance         |        3|      -|     750|   1389|    0|
|Memory           |        -|      -|       -|      -|    -|
|Multiplexer      |        -|      -|       -|    267|    -|
|Register         |        -|      -|     636|      -|    -|
+-----------------+---------+-------+--------+-------+-----+
|Total            |        3|      0|    1386|   1869|    0|
+-----------------+---------+-------+--------+-------+-----+
|Available        |      280|    220|  106400|  53200|    0|
+-----------------+---------+-------+--------+-------+-----+
|Utilization (%)  |        1|      0|       1|      3|    0|
+-----------------+---------+-------+--------+-------+-----+

+ Detail: 
    * Instance: 
    +-----------------------------+------------------+---------+-------+-----+------+-----+
    |           Instance          |      Module      | BRAM_18K| DSP48E|  FF |  LUT | URAM|
    +-----------------------------+------------------+---------+-------+-----+------+-----+
    |grp_sha256_transform_fu_276  |sha256_transform  |        3|      0|  750|  1389|    0|
    +-----------------------------+------------------+---------+-------+-----+------+-----+
    |Total                        |                  |        3|      0|  750|  1389|    0|
    +-----------------------------+------------------+---------+-------+-----+------+-----+

    * DSP48E: 
    N/A

    * Memory: 
    N/A

    * FIFO: 
    N/A

    * Expression: 
    +---------------------------------+----------+-------+---+----+------------+------------+
    |          Variable Name          | Operation| DSP48E| FF| LUT| Bitwidth P0| Bitwidth P1|
    +---------------------------------+----------+-------+---+----+------------+------------+
    |add_ln100_1_fu_579_p2            |     +    |      0|  0|  39|          32|          10|
    |add_ln100_fu_565_p2              |     +    |      0|  0|  39|          32|           1|
    |add_ln97_fu_505_p2               |     +    |      0|  0|  39|          32|           1|
    |i_fu_403_p2                      |     +    |      0|  0|  15|           7|           1|
    |ap_block_state5_on_subcall_done  |    and   |      0|  0|   2|           1|           1|
    |icmp_ln100_fu_559_p2             |   icmp   |      0|  0|  18|          32|          11|
    |icmp_ln94_fu_398_p2              |   icmp   |      0|  0|  11|           7|           7|
    |icmp_ln98_fu_511_p2              |   icmp   |      0|  0|  18|          32|           7|
    |select_ln100_fu_571_p3           |  select  |      0|  0|  32|           1|          32|
    +---------------------------------+----------+-------+---+----+------------+------------+
    |Total                            |          |      0|  0| 213|         176|          71|
    +---------------------------------+----------+-------+---+----+------------+------------+

    * Multiplexer: 
    +-----------------------+----+-----------+-----+-----------+
    |          Name         | LUT| Input Size| Bits| Total Bits|
    +-----------------------+----+-----------+-----+-----------+
    |ap_NS_fsm              |  33|          6|    1|          6|
    |ctx_bitlen_0_0_fu_120  |   9|          2|   32|         64|
    |ctx_bitlen_1_0_fu_116  |   9|          2|   32|         64|
    |ctx_data_0_address0    |  15|          3|    4|         12|
    |ctx_data_0_ce0         |  15|          3|    1|          3|
    |ctx_data_1_address0    |  15|          3|    4|         12|
    |ctx_data_1_ce0         |  15|          3|    1|          3|
    |ctx_data_2_address0    |  15|          3|    4|         12|
    |ctx_data_2_ce0         |  15|          3|    1|          3|
    |ctx_data_3_address0    |  15|          3|    4|         12|
    |ctx_data_3_ce0         |  15|          3|    1|          3|
    |ctx_datalen_0_fu_80    |  15|          3|   32|         96|
    |ctx_state_0_0_fu_112   |   9|          2|   32|         64|
    |ctx_state_1_0_fu_108   |   9|          2|   32|         64|
    |ctx_state_2_0_fu_104   |   9|          2|   32|         64|
    |ctx_state_3_0_fu_100   |   9|          2|   32|         64|
    |ctx_state_4_0_fu_96    |   9|          2|   32|         64|
    |ctx_state_5_0_fu_92    |   9|          2|   32|         64|
    |ctx_state_6_0_fu_88    |   9|          2|   32|         64|
    |ctx_state_7_0_fu_84    |   9|          2|   32|         64|
    |i_0_reg_265            |   9|          2|    7|         14|
    +-----------------------+----+-----------+-----+-----------+
    |Total                  | 267|         55|  380|        816|
    +-----------------------+----+-----------+-----+-----------+

    * Register: 
    +------------------------------------------+----+----+-----+-----------+
    |                   Name                   | FF | LUT| Bits| Const Bits|
    +------------------------------------------+----+----+-----+-----------+
    |ap_CS_fsm                                 |   5|   0|    5|          0|
    |ctx_bitlen_0_0_fu_120                     |  32|   0|   32|          0|
    |ctx_bitlen_1_0_fu_116                     |  32|   0|   32|          0|
    |ctx_datalen_0_fu_80                       |  32|   0|   32|          0|
    |ctx_state_0_0_fu_112                      |  32|   0|   32|          0|
    |ctx_state_0_0_load_1_reg_774              |  32|   0|   32|          0|
    |ctx_state_1_0_fu_108                      |  32|   0|   32|          0|
    |ctx_state_1_0_load_1_reg_769              |  32|   0|   32|          0|
    |ctx_state_2_0_fu_104                      |  32|   0|   32|          0|
    |ctx_state_2_0_load_1_reg_764              |  32|   0|   32|          0|
    |ctx_state_3_0_fu_100                      |  32|   0|   32|          0|
    |ctx_state_3_0_load_1_reg_759              |  32|   0|   32|          0|
    |ctx_state_4_0_fu_96                       |  32|   0|   32|          0|
    |ctx_state_4_0_load_1_reg_754              |  32|   0|   32|          0|
    |ctx_state_5_0_fu_92                       |  32|   0|   32|          0|
    |ctx_state_5_0_load_1_reg_749              |  32|   0|   32|          0|
    |ctx_state_6_0_fu_88                       |  32|   0|   32|          0|
    |ctx_state_6_0_load_1_reg_744              |  32|   0|   32|          0|
    |ctx_state_7_0_fu_84                       |  32|   0|   32|          0|
    |ctx_state_7_0_load_1_reg_739              |  32|   0|   32|          0|
    |empty_reg_714                             |   7|   0|    7|          0|
    |grp_sha256_transform_fu_276_ap_start_reg  |   1|   0|    1|          0|
    |i_0_reg_265                               |   7|   0|    7|          0|
    |i_reg_722                                 |   7|   0|    7|          0|
    |icmp_ln98_reg_735                         |   1|   0|    1|          0|
    +------------------------------------------+----+----+-----+-----------+
    |Total                                     | 636|   0|  636|          0|
    +------------------------------------------+----+----+-----+-----------+



================================================================
== Interface
================================================================
* Summary: 
+---------------------+-----+-----+------------+------------------+--------------+
|      RTL Ports      | Dir | Bits|  Protocol  |   Source Object  |    C Type    |
+---------------------+-----+-----+------------+------------------+--------------+
|ap_clk               |  in |    1| ap_ctrl_hs |   sha256_update  | return value |
|ap_rst               |  in |    1| ap_ctrl_hs |   sha256_update  | return value |
|ap_start             |  in |    1| ap_ctrl_hs |   sha256_update  | return value |
|ap_done              | out |    1| ap_ctrl_hs |   sha256_update  | return value |
|ap_idle              | out |    1| ap_ctrl_hs |   sha256_update  | return value |
|ap_ready             | out |    1| ap_ctrl_hs |   sha256_update  | return value |
|ap_return_0          | out |   32| ap_ctrl_hs |   sha256_update  | return value |
|ap_return_1          | out |   32| ap_ctrl_hs |   sha256_update  | return value |
|ap_return_2          | out |   32| ap_ctrl_hs |   sha256_update  | return value |
|ap_return_3          | out |   32| ap_ctrl_hs |   sha256_update  | return value |
|ap_return_4          | out |   32| ap_ctrl_hs |   sha256_update  | return value |
|ap_return_5          | out |   32| ap_ctrl_hs |   sha256_update  | return value |
|ap_return_6          | out |   32| ap_ctrl_hs |   sha256_update  | return value |
|ap_return_7          | out |   32| ap_ctrl_hs |   sha256_update  | return value |
|ap_return_8          | out |   32| ap_ctrl_hs |   sha256_update  | return value |
|ap_return_9          | out |   32| ap_ctrl_hs |   sha256_update  | return value |
|ap_return_10         | out |   32| ap_ctrl_hs |   sha256_update  | return value |
|ctx_data_0_address0  | out |    4|  ap_memory |    ctx_data_0    |     array    |
|ctx_data_0_ce0       | out |    1|  ap_memory |    ctx_data_0    |     array    |
|ctx_data_0_we0       | out |    1|  ap_memory |    ctx_data_0    |     array    |
|ctx_data_0_d0        | out |    8|  ap_memory |    ctx_data_0    |     array    |
|ctx_data_0_q0        |  in |    8|  ap_memory |    ctx_data_0    |     array    |
|ctx_data_1_address0  | out |    4|  ap_memory |    ctx_data_1    |     array    |
|ctx_data_1_ce0       | out |    1|  ap_memory |    ctx_data_1    |     array    |
|ctx_data_1_we0       | out |    1|  ap_memory |    ctx_data_1    |     array    |
|ctx_data_1_d0        | out |    8|  ap_memory |    ctx_data_1    |     array    |
|ctx_data_1_q0        |  in |    8|  ap_memory |    ctx_data_1    |     array    |
|ctx_data_2_address0  | out |    4|  ap_memory |    ctx_data_2    |     array    |
|ctx_data_2_ce0       | out |    1|  ap_memory |    ctx_data_2    |     array    |
|ctx_data_2_we0       | out |    1|  ap_memory |    ctx_data_2    |     array    |
|ctx_data_2_d0        | out |    8|  ap_memory |    ctx_data_2    |     array    |
|ctx_data_2_q0        |  in |    8|  ap_memory |    ctx_data_2    |     array    |
|ctx_data_3_address0  | out |    4|  ap_memory |    ctx_data_3    |     array    |
|ctx_data_3_ce0       | out |    1|  ap_memory |    ctx_data_3    |     array    |
|ctx_data_3_we0       | out |    1|  ap_memory |    ctx_data_3    |     array    |
|ctx_data_3_d0        | out |    8|  ap_memory |    ctx_data_3    |     array    |
|ctx_data_3_q0        |  in |    8|  ap_memory |    ctx_data_3    |     array    |
|ctx_datalen_read     |  in |   32|   ap_none  | ctx_datalen_read |    scalar    |
|p_read1              |  in |   32|   ap_none  |      p_read1     |    scalar    |
|p_read2              |  in |   32|   ap_none  |      p_read2     |    scalar    |
|p_read3              |  in |   32|   ap_none  |      p_read3     |    scalar    |
|p_read4              |  in |   32|   ap_none  |      p_read4     |    scalar    |
|p_read5              |  in |   32|   ap_none  |      p_read5     |    scalar    |
|p_read6              |  in |   32|   ap_none  |      p_read6     |    scalar    |
|p_read7              |  in |   32|   ap_none  |      p_read7     |    scalar    |
|p_read8              |  in |   32|   ap_none  |      p_read8     |    scalar    |
|p_read9              |  in |   32|   ap_none  |      p_read9     |    scalar    |
|p_read10             |  in |   32|   ap_none  |     p_read10     |    scalar    |
|data_address0        | out |    6|  ap_memory |       data       |     array    |
|data_ce0             | out |    1|  ap_memory |       data       |     array    |
|data_q0              |  in |    8|  ap_memory |       data       |     array    |
|len                  |  in |   32|   ap_none  |        len       |    scalar    |
+---------------------+-----+-----+------------+------------------+--------------+

