

================================================================
== Vivado HLS Report for 'sha256_final'
================================================================
* Date:           Wed Apr  7 17:44:54 2021

* Version:        2019.1 (Build 2552052 on Fri May 24 15:28:33 MDT 2019)
* Project:        SHA
* Solution:       solution1
* Product family: zynq
* Target device:  xc7z020-clg484-1


================================================================
== Performance Estimates
================================================================
+ Timing (ns): 
    * Summary: 
    +--------+-------+----------+------------+
    |  Clock | Target| Estimated| Uncertainty|
    +--------+-------+----------+------------+
    |ap_clk  |  10.00|     8.522|        1.25|
    +--------+-------+----------+------------+

+ Latency (clock cycles): 
    * Summary: 
    +-----+-----+-----+-----+---------+
    |  Latency  |  Interval | Pipeline|
    | min | max | min | max |   Type  |
    +-----+-----+-----+-----+---------+
    |  459|  959|  459|  959|   none  |
    +-----+-----+-----+-----+---------+

    + Detail: 
        * Instance: 
        +-----------------------------+------------------+-----+-----+-----+-----+---------+
        |                             |                  |  Latency  |  Interval | Pipeline|
        |           Instance          |      Module      | min | max | min | max |   Type  |
        +-----------------------------+------------------+-----+-----+-----+-----+---------+
        |grp_sha256_transform_fu_514  |sha256_transform  |  435|  435|  435|  435|   none  |
        +-----------------------------+------------------+-----+-----+-----+-----+---------+

        * Loop: 
        +----------+-----+-----+----------+-----------+-----------+--------+----------+
        |          |  Latency  | Iteration|  Initiation Interval  |  Trip  |          |
        | Loop Name| min | max |  Latency |  achieved |   target  |  Count | Pipelined|
        +----------+-----+-----+----------+-----------+-----------+--------+----------+
        |- Loop 1  |    0|   56|         1|          -|          -| 0 ~ 56 |    no    |
        |- Loop 2  |    0|    8|         1|          -|          -|  0 ~ 8 |    no    |
        |- Loop 3  |   56|   56|         1|          -|          -|      56|    no    |
        |- Loop 4  |   16|   16|         4|          -|          -|       4|    no    |
        +----------+-----+-----+----------+-----------+-----------+--------+----------+



================================================================
== Utilization Estimates
================================================================
* Summary: 
+-----------------+---------+-------+--------+-------+-----+
|       Name      | BRAM_18K| DSP48E|   FF   |  LUT  | URAM|
+-----------------+---------+-------+--------+-------+-----+
|DSP              |        -|      -|       -|      -|    -|
|Expression       |        -|      -|       0|   1250|    -|
|FIFO             |        -|      -|       -|      -|    -|
|Instance         |        3|      -|     782|   1464|    0|
|Memory           |        -|      -|       -|      -|    -|
|Multiplexer      |        -|      -|       -|    581|    -|
|Register         |        -|      -|     709|      -|    -|
+-----------------+---------+-------+--------+-------+-----+
|Total            |        3|      0|    1491|   3295|    0|
+-----------------+---------+-------+--------+-------+-----+
|Available        |      280|    220|  106400|  53200|    0|
+-----------------+---------+-------+--------+-------+-----+
|Utilization (%)  |        1|      0|       1|      6|    0|
+-----------------+---------+-------+--------+-------+-----+

+ Detail: 
    * Instance: 
    +-----------------------------+------------------+---------+-------+-----+------+-----+
    |           Instance          |      Module      | BRAM_18K| DSP48E|  FF |  LUT | URAM|
    +-----------------------------+------------------+---------+-------+-----+------+-----+
    |grp_sha256_transform_fu_514  |sha256_transform  |        3|      0|  782|  1464|    0|
    +-----------------------------+------------------+---------+-------+-----+------+-----+
    |Total                        |                  |        3|      0|  782|  1464|    0|
    +-----------------------------+------------------+---------+-------+-----+------+-----+

    * DSP48E: 
    N/A

    * Memory: 
    N/A

    * FIFO: 
    N/A

    * Expression: 
    +------------------------+----------+-------+---+-----+------------+------------+
    |      Variable Name     | Operation| DSP48E| FF| LUT | Bitwidth P0| Bitwidth P1|
    +------------------------+----------+-------+---+-----+------------+------------+
    |add_ln134_1_fu_735_p2   |     +    |      0|  0|   39|          32|          32|
    |add_ln134_fu_681_p2     |     +    |      0|  0|   39|           1|          32|
    |add_ln135_1_fu_740_p2   |     +    |      0|  0|   31|          24|          24|
    |add_ln135_2_fu_746_p2   |     +    |      0|  0|   23|          16|          16|
    |add_ln135_fu_752_p2     |     +    |      0|  0|   15|           8|           8|
    |add_ln154_fu_1011_p2    |     +    |      0|  0|   15|           5|           5|
    |i_4_fu_621_p2           |     +    |      0|  0|   39|          32|           1|
    |i_5_fu_654_p2           |     +    |      0|  0|   15|           6|           1|
    |i_6_fu_851_p2           |     +    |      0|  0|   12|           3|           1|
    |i_fu_824_p2             |     +    |      0|  0|   39|          32|           1|
    |sub_ln149_fu_869_p2     |     -    |      0|  0|   15|           5|           5|
    |icmp_ln113_fu_610_p2    |   icmp   |      0|  0|   18|          32|           6|
    |icmp_ln115_fu_830_p2    |   icmp   |      0|  0|   18|          32|           6|
    |icmp_ln122_fu_637_p2    |   icmp   |      0|  0|   18|          26|           1|
    |icmp_ln127_fu_648_p2    |   icmp   |      0|  0|   11|           6|           5|
    |icmp_ln134_fu_676_p2    |   icmp   |      0|  0|   18|          32|          32|
    |icmp_ln147_fu_845_p2    |   icmp   |      0|  0|    9|           3|           4|
    |lshr_ln149_fu_879_p2    |   lshr   |      0|  0|  101|          32|          32|
    |lshr_ln150_fu_889_p2    |   lshr   |      0|  0|  101|          32|          32|
    |lshr_ln151_fu_911_p2    |   lshr   |      0|  0|  101|          32|          32|
    |lshr_ln152_fu_935_p2    |   lshr   |      0|  0|  101|          32|          32|
    |lshr_ln153_fu_945_p2    |   lshr   |      0|  0|  101|          32|          32|
    |lshr_ln154_fu_955_p2    |   lshr   |      0|  0|  101|          32|          32|
    |lshr_ln155_fu_965_p2    |   lshr   |      0|  0|  101|          32|          32|
    |lshr_ln156_fu_975_p2    |   lshr   |      0|  0|  101|          32|          32|
    |select_ln134_fu_686_p3  |  select  |      0|  0|   32|           1|          32|
    |xor_ln134_fu_670_p2     |    xor   |      0|  0|   32|          32|           2|
    |xor_ln150_fu_900_p2     |    xor   |      0|  0|    4|           3|           4|
    +------------------------+----------+-------+---+-----+------------+------------+
    |Total                   |          |      0|  0| 1250|         587|         474|
    +------------------------+----------+-------+---+-----+------------+------------+

    * Multiplexer: 
    +----------------------------------------------+----+-----------+-----+-----------+
    |                     Name                     | LUT| Input Size| Bits| Total Bits|
    +----------------------------------------------+----+-----------+-----+-----------+
    |ap_NS_fsm                                     |  62|         15|    1|         15|
    |ctx_data_address0                             |  44|          9|    6|         54|
    |ctx_data_address1                             |  38|          7|    6|         42|
    |ctx_data_ce0                                  |  15|          3|    1|          3|
    |ctx_data_ce1                                  |  15|          3|    1|          3|
    |ctx_data_d0                                   |  38|          7|    8|         56|
    |ctx_data_d1                                   |  33|          6|    8|         48|
    |ctx_state_0_0_reg_422                         |   9|          2|   32|         64|
    |ctx_state_1_0_reg_432                         |   9|          2|   32|         64|
    |ctx_state_2_0_reg_442                         |   9|          2|   32|         64|
    |ctx_state_3_0_reg_452                         |   9|          2|   32|         64|
    |ctx_state_4_0_reg_462                         |   9|          2|   32|         64|
    |ctx_state_5_0_reg_472                         |   9|          2|   32|         64|
    |ctx_state_6_0_reg_482                         |   9|          2|   32|         64|
    |ctx_state_7_0_reg_492                         |   9|          2|   32|         64|
    |grp_sha256_transform_fu_514_ctx_state_0_read  |  15|          3|   32|         96|
    |grp_sha256_transform_fu_514_ctx_state_1_read  |  15|          3|   32|         96|
    |grp_sha256_transform_fu_514_ctx_state_2_read  |  15|          3|   32|         96|
    |grp_sha256_transform_fu_514_ctx_state_3_read  |  15|          3|   32|         96|
    |grp_sha256_transform_fu_514_ctx_state_4_read  |  15|          3|   32|         96|
    |grp_sha256_transform_fu_514_ctx_state_5_read  |  15|          3|   32|         96|
    |grp_sha256_transform_fu_514_ctx_state_6_read  |  15|          3|   32|         96|
    |grp_sha256_transform_fu_514_ctx_state_7_read  |  15|          3|   32|         96|
    |hash_address0                                 |  27|          5|    6|         30|
    |hash_address1                                 |  27|          5|    6|         30|
    |hash_d0                                       |  27|          5|    8|         40|
    |hash_d1                                       |  27|          5|    8|         40|
    |i_0_in_reg_413                                |   9|          2|   32|         64|
    |i_1_in_reg_393                                |   9|          2|   32|         64|
    |i_2_reg_402                                   |   9|          2|    6|         12|
    |i_3_reg_502                                   |   9|          2|    3|          6|
    +----------------------------------------------+----+-----------+-----+-----------+
    |Total                                         | 581|        118|  644|       1787|
    +----------------------------------------------+----+-----------+-----+-----------+

    * Register: 
    +------------------------------------------+----+----+-----+-----------+
    |                   Name                   | FF | LUT| Bits| Const Bits|
    +------------------------------------------+----+----+-----+-----------+
    |ap_CS_fsm                                 |  14|   0|   14|          0|
    |ctx_state_0_0_reg_422                     |  32|   0|   32|          0|
    |ctx_state_1_0_reg_432                     |  32|   0|   32|          0|
    |ctx_state_2_0_reg_442                     |  32|   0|   32|          0|
    |ctx_state_3_0_reg_452                     |  32|   0|   32|          0|
    |ctx_state_4_0_reg_462                     |  32|   0|   32|          0|
    |ctx_state_5_0_reg_472                     |  32|   0|   32|          0|
    |ctx_state_6_0_reg_482                     |  32|   0|   32|          0|
    |ctx_state_7_0_reg_492                     |  32|   0|   32|          0|
    |grp_sha256_transform_fu_514_ap_start_reg  |   1|   0|    1|          0|
    |i_0_in_reg_413                            |  32|   0|   32|          0|
    |i_1_in_reg_393                            |  32|   0|   32|          0|
    |i_2_reg_402                               |   6|   0|    6|          0|
    |i_3_reg_502                               |   3|   0|    3|          0|
    |i_6_reg_1176                              |   3|   0|    3|          0|
    |icmp_ln113_reg_1110                       |   1|   0|    1|          0|
    |or_ln_reg_1192                            |   3|   0|    4|          1|
    |reg_570                                   |  32|   0|   32|          0|
    |reg_575                                   |  32|   0|   32|          0|
    |reg_580                                   |  32|   0|   32|          0|
    |reg_585                                   |  32|   0|   32|          0|
    |reg_590                                   |  32|   0|   32|          0|
    |reg_595                                   |  32|   0|   32|          0|
    |reg_600                                   |  32|   0|   32|          0|
    |reg_605                                   |  32|   0|   32|          0|
    |trunc_ln139_reg_1140                      |   8|   0|    8|          0|
    |trunc_ln149_1_reg_1181                    |   8|   0|    8|          0|
    |trunc_ln152_reg_1197                      |   8|   0|    8|          0|
    |trunc_ln153_reg_1202                      |   8|   0|    8|          0|
    |trunc_ln154_reg_1207                      |   8|   0|    8|          0|
    |trunc_ln155_reg_1212                      |   8|   0|    8|          0|
    |trunc_ln156_reg_1217                      |   8|   0|    8|          0|
    |trunc_ln2_reg_1130                        |   8|   0|    8|          0|
    |trunc_ln3_reg_1135                        |   8|   0|    8|          0|
    |trunc_ln5_reg_1145                        |   8|   0|    8|          0|
    |trunc_ln6_reg_1150                        |   8|   0|    8|          0|
    |trunc_ln7_reg_1155                        |   8|   0|    8|          0|
    |xor_ln150_reg_1186                        |   3|   0|    3|          0|
    |zext_ln147_reg_1168                       |   3|   0|    5|          2|
    +------------------------------------------+----+----+-----+-----------+
    |Total                                     | 709|   0|  712|          3|
    +------------------------------------------+----+----+-----+-----------+



================================================================
== Interface
================================================================
* Summary: 
+-------------------+-----+-----+------------+-------------------+--------------+
|     RTL Ports     | Dir | Bits|  Protocol  |   Source Object   |    C Type    |
+-------------------+-----+-----+------------+-------------------+--------------+
|ap_clk             |  in |    1| ap_ctrl_hs |    sha256_final   | return value |
|ap_rst             |  in |    1| ap_ctrl_hs |    sha256_final   | return value |
|ap_start           |  in |    1| ap_ctrl_hs |    sha256_final   | return value |
|ap_done            | out |    1| ap_ctrl_hs |    sha256_final   | return value |
|ap_idle            | out |    1| ap_ctrl_hs |    sha256_final   | return value |
|ap_ready           | out |    1| ap_ctrl_hs |    sha256_final   | return value |
|ctx_data_address0  | out |    6|  ap_memory |      ctx_data     |     array    |
|ctx_data_ce0       | out |    1|  ap_memory |      ctx_data     |     array    |
|ctx_data_we0       | out |    1|  ap_memory |      ctx_data     |     array    |
|ctx_data_d0        | out |    8|  ap_memory |      ctx_data     |     array    |
|ctx_data_q0        |  in |    8|  ap_memory |      ctx_data     |     array    |
|ctx_data_address1  | out |    6|  ap_memory |      ctx_data     |     array    |
|ctx_data_ce1       | out |    1|  ap_memory |      ctx_data     |     array    |
|ctx_data_we1       | out |    1|  ap_memory |      ctx_data     |     array    |
|ctx_data_d1        | out |    8|  ap_memory |      ctx_data     |     array    |
|ctx_data_q1        |  in |    8|  ap_memory |      ctx_data     |     array    |
|ctx_datalen_read   |  in |   32|   ap_none  |  ctx_datalen_read |    scalar    |
|ctx_bitlen_0_read  |  in |   32|   ap_none  | ctx_bitlen_0_read |    scalar    |
|p_read3            |  in |   32|   ap_none  |      p_read3      |    scalar    |
|p_read2            |  in |   32|   ap_none  |      p_read2      |    scalar    |
|p_read4            |  in |   32|   ap_none  |      p_read4      |    scalar    |
|p_read5            |  in |   32|   ap_none  |      p_read5      |    scalar    |
|p_read6            |  in |   32|   ap_none  |      p_read6      |    scalar    |
|p_read7            |  in |   32|   ap_none  |      p_read7      |    scalar    |
|p_read8            |  in |   32|   ap_none  |      p_read8      |    scalar    |
|p_read9            |  in |   32|   ap_none  |      p_read9      |    scalar    |
|p_read10           |  in |   32|   ap_none  |      p_read10     |    scalar    |
|hash_address0      | out |    6|  ap_memory |        hash       |     array    |
|hash_ce0           | out |    1|  ap_memory |        hash       |     array    |
|hash_we0           | out |    1|  ap_memory |        hash       |     array    |
|hash_d0            | out |    8|  ap_memory |        hash       |     array    |
|hash_address1      | out |    6|  ap_memory |        hash       |     array    |
|hash_ce1           | out |    1|  ap_memory |        hash       |     array    |
|hash_we1           | out |    1|  ap_memory |        hash       |     array    |
|hash_d1            | out |    8|  ap_memory |        hash       |     array    |
+-------------------+-----+-----+------------+-------------------+--------------+

