

================================================================
== Vivado HLS Report for 'sha256'
================================================================
* Date:           Wed Apr  7 17:44:55 2021

* Version:        2019.1 (Build 2552052 on Fri May 24 15:28:33 MDT 2019)
* Project:        SHA
* Solution:       solution1
* Product family: zynq
* Target device:  xc7z020-clg484-1


================================================================
== Performance Estimates
================================================================
+ Timing (ns): 
    * Summary: 
    +--------+-------+----------+------------+
    |  Clock | Target| Estimated| Uncertainty|
    +--------+-------+----------+------------+
    |ap_clk  |  10.00|     8.522|        1.25|
    +--------+-------+----------+------------+

+ Latency (clock cycles): 
    * Summary: 
    +-----+-------+-----+-------+---------+
    |   Latency   |   Interval  | Pipeline|
    | min |  max  | min |  max  |   Type  |
    +-----+-------+-----+-------+---------+
    |  862|  58126|  862|  58126|   none  |
    +-----+-------+-----+-------+---------+

    + Detail: 
        * Instance: 
        +--------------------------+---------------+-----+-----+-----+-----+---------+
        |                          |               |  Latency  |  Interval | Pipeline|
        |         Instance         |     Module    | min | max | min | max |   Type  |
        +--------------------------+---------------+-----+-----+-----+-----+---------+
        |grp_sha256_final_fu_279   |sha256_final   |  459|  959|  459|  959|   none  |
        |grp_sha256_update_fu_298  |sha256_update  |    1|  440|    1|  440|   none  |
        +--------------------------+---------------+-----+-----+-----+-----+---------+

        * Loop: 
        +-------------+-----+-------+----------+-----------+-----------+----------+----------+
        |             |   Latency   | Iteration|  Initiation Interval  |   Trip   |          |
        |  Loop Name  | min |  max  |  Latency |  achieved |   target  |   Count  | Pipelined|
        +-------------+-----+-------+----------+-----------+-----------+----------+----------+
        |- Loop 1     |  336|  57100| 28 ~ 571 |          -|          -| 12 ~ 100 |    no    |
        | + Loop 1.1  |  128|    128|         2|          -|          -|        64|    no    |
        | + Loop 1.2  |   24|    126|         2|          -|          -|  12 ~ 63 |    no    |
        |- Loop 2     |   64|     64|         2|          -|          -|        32|    no    |
        +-------------+-----+-------+----------+-----------+-----------+----------+----------+



================================================================
== Utilization Estimates
================================================================
* Summary: 
+-----------------+---------+-------+--------+-------+-----+
|       Name      | BRAM_18K| DSP48E|   FF   |  LUT  | URAM|
+-----------------+---------+-------+--------+-------+-----+
|DSP              |        -|      -|       -|      -|    -|
|Expression       |        -|      -|       0|    241|    -|
|FIFO             |        -|      -|       -|      -|    -|
|Instance         |       10|      -|    3181|   5466|    0|
|Memory           |        2|      -|       0|      0|    0|
|Multiplexer      |        -|      -|       -|    596|    -|
|Register         |        -|      -|    1229|      -|    -|
+-----------------+---------+-------+--------+-------+-----+
|Total            |       12|      0|    4410|   6303|    0|
+-----------------+---------+-------+--------+-------+-----+
|Available        |      280|    220|  106400|  53200|    0|
+-----------------+---------+-------+--------+-------+-----+
|Utilization (%)  |        4|      0|       4|     11|    0|
+-----------------+---------+-------+--------+-------+-----+

+ Detail: 
    * Instance: 
    +--------------------------+-----------------------+---------+-------+------+------+-----+
    |         Instance         |         Module        | BRAM_18K| DSP48E|  FF  |  LUT | URAM|
    +--------------------------+-----------------------+---------+-------+------+------+-----+
    |sha256_AXILiteS_s_axi_U   |sha256_AXILiteS_s_axi  |        4|      0|   272|   308|    0|
    |grp_sha256_final_fu_279   |sha256_final           |        3|      0|  1491|  3295|    0|
    |grp_sha256_update_fu_298  |sha256_update          |        3|      0|  1418|  1863|    0|
    +--------------------------+-----------------------+---------+-------+------+------+-----+
    |Total                     |                       |       10|      0|  3181|  5466|    0|
    +--------------------------+-----------------------+---------+-------+------+------+-----+

    * DSP48E: 
    N/A

    * Memory: 
    +------------------+----------------------+---------+---+----+-----+------+-----+------+-------------+
    |      Memory      |        Module        | BRAM_18K| FF| LUT| URAM| Words| Bits| Banks| W*Bits*Banks|
    +------------------+----------------------+---------+---+----+-----+------+-----+------+-------------+
    |seg_buf_U         |sha256_seg_buf        |        1|  0|   0|    0|    64|    8|     1|          512|
    |sha256ctx_data_U  |sha256_sha256ctx_bkb  |        1|  0|   0|    0|    64|    8|     1|          512|
    +------------------+----------------------+---------+---+----+-----+------+-----+------+-------------+
    |Total             |                      |        2|  0|   0|    0|   128|   16|     2|         1024|
    +------------------+----------------------+---------+---+----+-----+------+-----+------+-------------+

    * FIFO: 
    N/A

    * Expression: 
    +---------------------------------+----------+-------+---+----+------------+------------+
    |          Variable Name          | Operation| DSP48E| FF| LUT| Bitwidth P0| Bitwidth P1|
    +---------------------------------+----------+-------+---+----+------------+------------+
    |add_ln38_1_fu_661_p2             |     +    |      0|  0|  10|          10|          10|
    |add_ln38_fu_656_p2               |     +    |      0|  0|  10|          10|          10|
    |add_ln47_1_fu_721_p2             |     +    |      0|  0|  10|          10|          10|
    |add_ln47_fu_716_p2               |     +    |      0|  0|  10|          10|          10|
    |i_7_fu_706_p2                    |     +    |      0|  0|  15|           6|           1|
    |i_8_fu_646_p2                    |     +    |      0|  0|  15|           7|           1|
    |i_fu_747_p2                      |     +    |      0|  0|  15|           6|           1|
    |n_fu_671_p2                      |     +    |      0|  0|  39|          32|           8|
    |seg_offset_fu_686_p2             |     +    |      0|  0|  39|          32|           7|
    |icmp_ln32_fu_614_p2              |   icmp   |      0|  0|  18|          32|           1|
    |icmp_ln35_fu_630_p2              |   icmp   |      0|  0|  18|          26|           1|
    |icmp_ln37_fu_640_p2              |   icmp   |      0|  0|  11|           7|           8|
    |icmp_ln45_fu_701_p2              |   icmp   |      0|  0|  18|          32|          32|
    |icmp_ln56_fu_741_p2              |   icmp   |      0|  0|  11|           6|           7|
    |ap_block_state5_on_subcall_done  |    or    |      0|  0|   2|           1|           1|
    +---------------------------------+----------+-------+---+----+------------+------------+
    |Total                            |          |      0|  0| 241|         227|         108|
    +---------------------------------+----------+-------+---+----+------------+------------+

    * Multiplexer: 
    +-------------------------------------------+----+-----------+-----+-----------+
    |                    Name                   | LUT| Input Size| Bits| Total Bits|
    +-------------------------------------------+----+-----------+-----+-----------+
    |ap_NS_fsm                                  |  50|         11|    1|         11|
    |data_address0                              |  15|          3|    8|         24|
    |grp_sha256_update_fu_298_ctx_datalen_read  |  15|          3|   32|         96|
    |grp_sha256_update_fu_298_len               |  15|          3|   32|         96|
    |grp_sha256_update_fu_298_p_read1           |  15|          3|   32|         96|
    |grp_sha256_update_fu_298_p_read10          |  15|          3|   32|         96|
    |grp_sha256_update_fu_298_p_read2           |  15|          3|   32|         96|
    |grp_sha256_update_fu_298_p_read3           |  15|          3|   32|         96|
    |grp_sha256_update_fu_298_p_read4           |  15|          3|   32|         96|
    |grp_sha256_update_fu_298_p_read5           |  15|          3|   32|         96|
    |grp_sha256_update_fu_298_p_read6           |  15|          3|   32|         96|
    |grp_sha256_update_fu_298_p_read7           |  15|          3|   32|         96|
    |grp_sha256_update_fu_298_p_read8           |  15|          3|   32|         96|
    |grp_sha256_update_fu_298_p_read9           |  15|          3|   32|         96|
    |i_0_reg_244                                |   9|          2|    7|         14|
    |i_1_reg_256                                |   9|          2|    6|         12|
    |i_2_reg_268                                |   9|          2|    6|         12|
    |n_0_fu_110                                 |  15|          3|   32|         96|
    |seg_buf_address0                           |  33|          6|    6|         36|
    |seg_buf_ce0                                |  21|          4|    1|          4|
    |seg_buf_ce1                                |   9|          2|    1|          2|
    |seg_buf_d0                                 |  15|          3|    8|         24|
    |seg_buf_we0                                |  15|          3|    1|          3|
    |seg_buf_we1                                |   9|          2|    1|          2|
    |seg_offset_1_fu_158                        |   9|          2|   32|         64|
    |sha256ctx_bitlen_0_2_fu_118                |   9|          2|   32|         64|
    |sha256ctx_bitlen_1_2_fu_122                |   9|          2|   32|         64|
    |sha256ctx_data_address0                    |  15|          3|    6|         18|
    |sha256ctx_data_address1                    |  15|          3|    6|         18|
    |sha256ctx_data_ce0                         |  15|          3|    1|          3|
    |sha256ctx_data_ce1                         |  15|          3|    1|          3|
    |sha256ctx_data_d0                          |  15|          3|    8|         24|
    |sha256ctx_data_we0                         |  15|          3|    1|          3|
    |sha256ctx_data_we1                         |   9|          2|    1|          2|
    |sha256ctx_datalen_1_fu_114                 |   9|          2|   32|         64|
    |sha256ctx_state_0_2_fu_126                 |   9|          2|   32|         64|
    |sha256ctx_state_1_2_fu_130                 |   9|          2|   32|         64|
    |sha256ctx_state_2_2_fu_134                 |   9|          2|   32|         64|
    |sha256ctx_state_3_2_fu_138                 |   9|          2|   32|         64|
    |sha256ctx_state_4_2_fu_142                 |   9|          2|   32|         64|
    |sha256ctx_state_5_2_fu_146                 |   9|          2|   32|         64|
    |sha256ctx_state_6_2_fu_150                 |   9|          2|   32|         64|
    |sha256ctx_state_7_2_fu_154                 |   9|          2|   32|         64|
    +-------------------------------------------+----+-----------+-----+-----------+
    |Total                                      | 596|        123|  870|       2231|
    +-------------------------------------------+----+-----------+-----+-----------+

    * Register: 
    +---------------------------------------+----+----+-----+-----------+
    |                  Name                 | FF | LUT| Bits| Const Bits|
    +---------------------------------------+----+----+-----+-----------+
    |ap_CS_fsm                              |  10|   0|   10|          0|
    |grp_sha256_final_fu_279_ap_start_reg   |   1|   0|    1|          0|
    |grp_sha256_update_fu_298_ap_start_reg  |   1|   0|    1|          0|
    |i_0_reg_244                            |   7|   0|    7|          0|
    |i_1_reg_256                            |   6|   0|    6|          0|
    |i_2_reg_268                            |   6|   0|    6|          0|
    |i_7_reg_892                            |   6|   0|    6|          0|
    |i_8_reg_879                            |   7|   0|    7|          0|
    |i_reg_960                              |   6|   0|    6|          0|
    |icmp_ln35_reg_866                      |   1|   0|    1|          0|
    |n_0_fu_110                             |  32|   0|   32|          0|
    |n_0_load_reg_856                       |  32|   0|   32|          0|
    |reg_476                                |  32|   0|   32|          0|
    |reg_482                                |  32|   0|   32|          0|
    |reg_488                                |  32|   0|   32|          0|
    |reg_494                                |  32|   0|   32|          0|
    |reg_500                                |  32|   0|   32|          0|
    |reg_506                                |  32|   0|   32|          0|
    |reg_512                                |  32|   0|   32|          0|
    |reg_518                                |  32|   0|   32|          0|
    |reg_524                                |  32|   0|   32|          0|
    |reg_530                                |  32|   0|   32|          0|
    |reg_536                                |  32|   0|   32|          0|
    |seg_offset_1_fu_158                    |  32|   0|   32|          0|
    |sha256ctx_bitlen_0_1_reg_907           |  32|   0|   32|          0|
    |sha256ctx_bitlen_0_2_fu_118            |  32|   0|   32|          0|
    |sha256ctx_bitlen_1_1_reg_912           |  32|   0|   32|          0|
    |sha256ctx_bitlen_1_2_fu_122            |  32|   0|   32|          0|
    |sha256ctx_datalen_1_1_reg_902          |  32|   0|   32|          0|
    |sha256ctx_datalen_1_fu_114             |  32|   0|   32|          0|
    |sha256ctx_state_0_2_2_reg_917          |  32|   0|   32|          0|
    |sha256ctx_state_0_2_fu_126             |  32|   0|   32|          0|
    |sha256ctx_state_1_2_2_reg_922          |  32|   0|   32|          0|
    |sha256ctx_state_1_2_fu_130             |  32|   0|   32|          0|
    |sha256ctx_state_2_2_2_reg_927          |  32|   0|   32|          0|
    |sha256ctx_state_2_2_fu_134             |  32|   0|   32|          0|
    |sha256ctx_state_3_2_2_reg_932          |  32|   0|   32|          0|
    |sha256ctx_state_3_2_fu_138             |  32|   0|   32|          0|
    |sha256ctx_state_4_2_2_reg_937          |  32|   0|   32|          0|
    |sha256ctx_state_4_2_fu_142             |  32|   0|   32|          0|
    |sha256ctx_state_5_2_2_reg_942          |  32|   0|   32|          0|
    |sha256ctx_state_5_2_fu_146             |  32|   0|   32|          0|
    |sha256ctx_state_6_2_2_reg_947          |  32|   0|   32|          0|
    |sha256ctx_state_6_2_fu_150             |  32|   0|   32|          0|
    |sha256ctx_state_7_2_2_reg_952          |  32|   0|   32|          0|
    |sha256ctx_state_7_2_fu_154             |  32|   0|   32|          0|
    |trunc_ln32_reg_850                     |  10|   0|   10|          0|
    |trunc_ln35_reg_870                     |  10|   0|   10|          0|
    |zext_ln59_reg_965                      |   6|   0|   64|         58|
    +---------------------------------------+----+----+-----+-----------+
    |Total                                  |1229|   0| 1287|         58|
    +---------------------------------------+----+----+-----+-----------+



================================================================
== Interface
================================================================
* Summary: 
+------------------------+-----+-----+------------+--------------+--------------+
|        RTL Ports       | Dir | Bits|  Protocol  | Source Object|    C Type    |
+------------------------+-----+-----+------------+--------------+--------------+
|s_axi_AXILiteS_AWVALID  |  in |    1|    s_axi   |   AXILiteS   |     array    |
|s_axi_AXILiteS_AWREADY  | out |    1|    s_axi   |   AXILiteS   |     array    |
|s_axi_AXILiteS_AWADDR   |  in |   10|    s_axi   |   AXILiteS   |     array    |
|s_axi_AXILiteS_WVALID   |  in |    1|    s_axi   |   AXILiteS   |     array    |
|s_axi_AXILiteS_WREADY   | out |    1|    s_axi   |   AXILiteS   |     array    |
|s_axi_AXILiteS_WDATA    |  in |   32|    s_axi   |   AXILiteS   |     array    |
|s_axi_AXILiteS_WSTRB    |  in |    4|    s_axi   |   AXILiteS   |     array    |
|s_axi_AXILiteS_ARVALID  |  in |    1|    s_axi   |   AXILiteS   |     array    |
|s_axi_AXILiteS_ARREADY  | out |    1|    s_axi   |   AXILiteS   |     array    |
|s_axi_AXILiteS_ARADDR   |  in |   10|    s_axi   |   AXILiteS   |     array    |
|s_axi_AXILiteS_RVALID   | out |    1|    s_axi   |   AXILiteS   |     array    |
|s_axi_AXILiteS_RREADY   |  in |    1|    s_axi   |   AXILiteS   |     array    |
|s_axi_AXILiteS_RDATA    | out |   32|    s_axi   |   AXILiteS   |     array    |
|s_axi_AXILiteS_RRESP    | out |    2|    s_axi   |   AXILiteS   |     array    |
|s_axi_AXILiteS_BVALID   | out |    1|    s_axi   |   AXILiteS   |     array    |
|s_axi_AXILiteS_BREADY   |  in |    1|    s_axi   |   AXILiteS   |     array    |
|s_axi_AXILiteS_BRESP    | out |    2|    s_axi   |   AXILiteS   |     array    |
|ap_clk                  |  in |    1| ap_ctrl_hs |    sha256    | return value |
|ap_rst_n                |  in |    1| ap_ctrl_hs |    sha256    | return value |
|interrupt               | out |    1| ap_ctrl_hs |    sha256    | return value |
+------------------------+-----+-----+------------+--------------+--------------+

