INFO: [SIM 2] *************** CSIM start ***************
INFO: [SIM 4] CSIM will launch GCC as the compiler.
   Compiling(apcc) ../../../../SHA_new/SHA_new/sha256_impl.c in debug mode
INFO: [HLS 200-10] Running 'C:/Xilinx/Vivado/2019.1/bin/unwrapped/win64.o/apcc.exe'
INFO: [HLS 200-10] For user 'Pratik Kulkar' on host 'desktop-tbolbcj' (Windows NT_amd64 version 6.2) on Wed Apr 07 17:08:10 +0530 2021
INFO: [HLS 200-10] In directory 'D:/VLSINew/SHA/solution2_array_partition_pipeline/csim/build'
INFO: [APCC 202-3] Tmp directory is apcc_db
INFO: [APCC 202-1] APCC is done.
   Generating csim.exe
Data to hash: ABCDEFGHIJKLMNOPQRSTUVWXYZABCDEFGHIJKLMNOPQRSTUVWXYZABCDEFGHIJKLMNOPQRSTUVWXYZABCDEFGHIJKLMNOPQRSTUVWXYZABCDEFGHIJKLMNOPQRSTUVWXYZABCDEFGHIJKLMNOPQRSTUVWXYZABCDEFGHIJKLMNOPQRSTUVWXYZABCDEFGHIJKLMNOPQRSTUVWXYZABCDEFGHIJKLMNOPQRSTUVWXYZABCDEFGHIJKLMNOPQRSTUV

Test 0, base: 0 length 0:
SHA256_SW: E3 B0 C4 42 98 FC 1C 14 9A FB F4 C8 99 6F B9 24 27 AE 41 E4 64 9B 93 4C A4 95 99 1B 78 52 B8 55 
SHA256_HW: E3 B0 C4 42 98 FC 1C 14 9A FB F4 C8 99 6F B9 24 27 AE 41 E4 64 9B 93 4C A4 95 99 1B 78 52 B8 55 
PASSED

Test 1, base: 1 length 1:
SHA256_SW: DF 7E 70 E5 02 15 44 F4 83 4B BE E6 4A 9E 37 89 FE BC 4B E8 14 70 DF 62 9C AD 6D DB 03 32 0A 5C 
SHA256_HW: DF 7E 70 E5 02 15 44 F4 83 4B BE E6 4A 9E 37 89 FE BC 4B E8 14 70 DF 62 9C AD 6D DB 03 32 0A 5C 
PASSED

Test 2, base: 0 length 64:
SHA256_SW: 9B 0C 35 67 68 3F 6D 51 98 D7 14 B0 0C 40 DF 30 39 F7 71 7B A5 CA 65 C2 B6 61 76 88 B6 3B 42 FA 
SHA256_HW: 9B 0C 35 67 68 3F 6D 51 98 D7 14 B0 0C 40 DF 30 39 F7 71 7B A5 CA 65 C2 B6 61 76 88 B6 3B 42 FA 
PASSED

Test 3, base: 3 length 127:
SHA256_SW: A2 23 36 C2 73 7D D7 47 79 DF DB 12 3C 07 3A 04 47 5B 9C 4F 5E F2 E0 F7 A5 CB 27 09 DF 85 31 CE 
SHA256_HW: A2 23 36 C2 73 7D D7 47 79 DF DB 12 3C 07 3A 04 47 5B 9C 4F 5E F2 E0 F7 A5 CB 27 09 DF 85 31 CE 
PASSED

Test 4, base: 0 length 256:
SHA256_SW: 6C 50 76 06 1B 0C C3 1F 39 87 76 7C 06 2C D1 33 AB 13 07 34 A0 B8 18 4C 65 D0 65 88 18 23 B9 92 
SHA256_HW: 6C 50 76 06 1B 0C C3 1F 39 87 76 7C 06 2C D1 33 AB 13 07 34 A0 B8 18 4C 65 D0 65 88 18 23 B9 92 
PASSED

INFO: [SIM 1] CSim done with 0 errors.
INFO: [SIM 3] *************** CSIM finish ***************
