INFO-FLOW: Workspace D:/VLSINew/SHA/solution1 opened at Wed Apr 07 17:44:44 +0530 2021
Execute     config_clock -quiet -name default -period 10 -default=false 
INFO: [SYN 201-201] Setting up clock 'default' with a period of 10ns.
Execute     open_platform DefaultPlatform 
Execute     import_lib C:/Xilinx/Vivado/2019.1/common/technology/xilinx/zynq/zynq 
Execute       source C:/Xilinx/Vivado/2019.1/common/technology/xilinx/common/xilinx.lib 
Execute         source C:/Xilinx/Vivado/2019.1/common/technology/xilinx/interface/xilinx_interface.lib 
Execute           source C:/Xilinx/Vivado/2019.1/common/technology/xilinx/interface/plb46.lib 
Execute           source C:/Xilinx/Vivado/2019.1/common/technology/xilinx/interface/fsl.lib 
Execute           source C:/Xilinx/Vivado/2019.1/common/technology/xilinx/interface/axi4.lib 
Execute           source C:/Xilinx/Vivado/2019.1/common/technology/xilinx/interface/maxi.lib 
Execute           source C:/Xilinx/Vivado/2019.1/common/technology/xilinx/interface/saxilite.lib 
Execute         source C:/Xilinx/Vivado/2019.1/common/technology/xilinx/common/dsp48.lib 
Execute         source C:/Xilinx/Vivado/2019.1/common/technology/xilinx/ip/dds_compiler.lib 
Execute         source C:/Xilinx/Vivado/2019.1/common/technology/xilinx/ip/xfft.lib 
Execute         source C:/Xilinx/Vivado/2019.1/common/technology/xilinx/ip/xfir.lib 
Execute       source C:/Xilinx/Vivado/2019.1/common/technology/xilinx/common/xilinx.hlp 
Execute         source C:/Xilinx/Vivado/2019.1/common/technology/xilinx/common/target_info.tcl 
Execute         source C:/Xilinx/Vivado/2019.1/common/technology/xilinx/interface/xilinx_interface.hlp 
Execute           source C:/Xilinx/Vivado/2019.1/common/technology/xilinx/interface/maxi.hlp 
Execute           source C:/Xilinx/Vivado/2019.1/common/technology/xilinx/interface/saxilite.hlp 
Execute         source C:/Xilinx/Vivado/2019.1/common/technology/xilinx/common/dsp48.hlp 
Execute       source C:/Xilinx/Vivado/2019.1/common/technology/xilinx/zynq/dsp48e1.hlp 
Execute       source C:/Xilinx/Vivado/2019.1/common/technology/xilinx/common/xilinx.hlp 
Execute         source C:/Xilinx/Vivado/2019.1/common/technology/xilinx/common/target_info.tcl 
Execute         source C:/Xilinx/Vivado/2019.1/common/technology/xilinx/interface/xilinx_interface.hlp 
Execute           source C:/Xilinx/Vivado/2019.1/common/technology/xilinx/interface/maxi.hlp 
Execute           source C:/Xilinx/Vivado/2019.1/common/technology/xilinx/interface/saxilite.hlp 
Execute         source C:/Xilinx/Vivado/2019.1/common/technology/xilinx/common/dsp48.hlp 
Execute     source C:/Xilinx/Vivado/2019.1/common/technology/xilinx/zynq/zynq.gen 
Execute       source C:/Xilinx/Vivado/2019.1/common/technology/xilinx/common/xilinx.gen 
Execute         source C:/Xilinx/Vivado/2019.1/common/technology/xilinx/interface/plb46.gen 
Execute         source C:/Xilinx/Vivado/2019.1/common/technology/xilinx/interface/fsl.gen 
Execute         source C:/Xilinx/Vivado/2019.1/common/technology/xilinx/interface/axi4.gen 
Execute         source C:/Xilinx/Vivado/2019.1/common/technology/xilinx/interface/nativeAXI4.gen 
Execute           source C:/Xilinx/Vivado/2019.1/common/technology/xilinx/interface/saxilite.gen 
Execute           source C:/Xilinx/Vivado/2019.1/common/technology/xilinx/interface/maxi.gen 
Execute         source C:/Xilinx/Vivado/2019.1/common/technology/xilinx/scripts/xilinxcoregen.gen 
Execute         source C:/Xilinx/Vivado/2019.1/common/technology/xilinx/interface/XilEDKCoreGen.gen 
Execute         source C:/Xilinx/Vivado/2019.1/common/technology/xilinx/ip/dds_compiler.gen 
Execute         source C:/Xilinx/Vivado/2019.1/common/technology/xilinx/ip/util.gen 
Execute         source C:/Xilinx/Vivado/2019.1/common/technology/xilinx/ip/xfft.gen 
Execute         source C:/Xilinx/Vivado/2019.1/common/technology/xilinx/ip/xfir.gen 
Execute         source C:/Xilinx/Vivado/2019.1/common/technology/xilinx/common/dsp48.gen 
Command       ap_source done; 0.101 sec.
Command     ap_source done; 0.102 sec.
Execute     open_platform DefaultPlatform 
Execute     import_lib C:/Xilinx/Vivado/2019.1/common/technology/xilinx/zynq/zynq_fpv6 
Execute       source C:/Xilinx/Vivado/2019.1/common/technology/xilinx/common/xilinx_fp.lib 
Execute       source C:/Xilinx/Vivado/2019.1/common/technology/xilinx/common/xilinx_fp.hlp 
Execute         source C:/Xilinx/Vivado/2019.1/common/technology/xilinx/common/xilinx.hlp 
Execute           source C:/Xilinx/Vivado/2019.1/common/technology/xilinx/common/target_info.tcl 
Execute           source C:/Xilinx/Vivado/2019.1/common/technology/xilinx/interface/xilinx_interface.hlp 
Execute             source C:/Xilinx/Vivado/2019.1/common/technology/xilinx/interface/maxi.hlp 
Execute             source C:/Xilinx/Vivado/2019.1/common/technology/xilinx/interface/saxilite.hlp 
Execute           source C:/Xilinx/Vivado/2019.1/common/technology/xilinx/common/dsp48.hlp 
Execute     source C:/Xilinx/Vivado/2019.1/common/technology/xilinx/zynq/zynq_fpv6.gen 
Execute       source C:/Xilinx/Vivado/2019.1/common/technology/xilinx/common/xilinx_fp.gen 
Execute     set_part xc7z020-clg484-1 
Execute       ap_part_info -name xc7z020-clg484-1 -data single -quiet 
Command       ap_part_info done; 0.383 sec.
Execute       ap_part_info -name xc7z020-clg484-1 -data info 
Execute       add_library xilinx/zynq/zynq:xc7z020:-clg484:-1 
Execute         get_default_platform 
Execute         license_isbetapart xc7z020 
Command         license_isbetapart done; error code: 1; 
Execute         ap_part_info -data single -name xc7z020-clg484-1 
Execute         ap_part_info -name xc7z020-clg484-1 -data resources 
Execute         ap_part_info -name xc7z020-clg484-1 -data info 
Execute         ap_part_info -name xc7z020-clg484-1 -data info 
Execute         config_chip_info -quiet -resource {SLICE 13300} {LUT 53200} {FF 106400} {DSP48E 220} {BRAM 280} {URAM 0} 
Execute         ap_part_info -name xc7z020-clg484-1 -data info 
Execute         config_chip_info -quiet -speed slow 
Execute       add_library xilinx/zynq/zynq_fpv6 
Execute         get_default_platform 
Execute         open_platform DefaultPlatform 
Execute         import_lib C:/Xilinx/Vivado/2019.1/common/technology/xilinx/zynq/zynq_fpv6 
Execute           source C:/Xilinx/Vivado/2019.1/common/technology/xilinx/common/xilinx_fp.lib 
Execute           source C:/Xilinx/Vivado/2019.1/common/technology/xilinx/common/xilinx_fp.hlp 
Execute             source C:/Xilinx/Vivado/2019.1/common/technology/xilinx/common/xilinx.hlp 
Execute               source C:/Xilinx/Vivado/2019.1/common/technology/xilinx/common/target_info.tcl 
Execute               source C:/Xilinx/Vivado/2019.1/common/technology/xilinx/interface/xilinx_interface.hlp 
Execute                 source C:/Xilinx/Vivado/2019.1/common/technology/xilinx/interface/maxi.hlp 
Execute                 source C:/Xilinx/Vivado/2019.1/common/technology/xilinx/interface/saxilite.hlp 
Execute               source C:/Xilinx/Vivado/2019.1/common/technology/xilinx/common/dsp48.hlp 
Execute         source C:/Xilinx/Vivado/2019.1/common/technology/xilinx/zynq/zynq_fpv6.gen 
Execute           source C:/Xilinx/Vivado/2019.1/common/technology/xilinx/common/xilinx_fp.gen 
INFO: [HLS 200-10] Setting target device to 'xc7z020-clg484-1'
Execute       ap_part_info -name xc7z020-clg484-1 -data info 
Execute       get_default_platform 
Command     set_part done; 0.519 sec.
Execute     ap_part_info -data single -name xc7z020-clg484-1 
Execute     ap_part_info -name xc7z020-clg484-1 -data resources 
Execute     ap_part_info -name xc7z020-clg484-1 -data info 
Execute     ap_part_info -name xc7z020-clg484-1 -data info 
Execute     config_chip_info -quiet -resource {SLICE 13300} {LUT 53200} {FF 106400} {DSP48E 220} {BRAM 280} {URAM 0} 
Execute     ap_part_info -name xc7z020-clg484-1 -data info 
Execute     config_chip_info -quiet -speed slow 
Command   open_solution done; 0.661 sec.
Execute   set_part xc7z020clg484-1 -tool vivado 
Execute     ap_part_info -name xc7z020clg484-1 -data single -quiet 
Execute     ap_part_info -name xc7z020clg484-1 -data info 
Execute     add_library xilinx/zynq/zynq:xc7z020:-clg484:-1 
Execute       get_default_platform 
Execute       license_isbetapart xc7z020 
Command       license_isbetapart done; error code: 1; 
Execute       ap_part_info -data single -name xc7z020-clg484-1 
Execute       ap_part_info -name xc7z020-clg484-1 -data resources 
Execute       ap_part_info -name xc7z020-clg484-1 -data info 
Execute       ap_part_info -name xc7z020-clg484-1 -data info 
Execute       config_chip_info -quiet -resource {SLICE 13300} {LUT 53200} {FF 106400} {DSP48E 220} {BRAM 280} {URAM 0} 
Execute       ap_part_info -name xc7z020-clg484-1 -data info 
Execute       config_chip_info -quiet -speed slow 
Execute     add_library xilinx/zynq/zynq_fpv6 
Execute       get_default_platform 
Execute       open_platform DefaultPlatform 
Execute       import_lib C:/Xilinx/Vivado/2019.1/common/technology/xilinx/zynq/zynq_fpv6 
Execute         source C:/Xilinx/Vivado/2019.1/common/technology/xilinx/common/xilinx_fp.lib 
Execute         source C:/Xilinx/Vivado/2019.1/common/technology/xilinx/common/xilinx_fp.hlp 
Execute           source C:/Xilinx/Vivado/2019.1/common/technology/xilinx/common/xilinx.hlp 
Execute             source C:/Xilinx/Vivado/2019.1/common/technology/xilinx/common/target_info.tcl 
Execute             source C:/Xilinx/Vivado/2019.1/common/technology/xilinx/interface/xilinx_interface.hlp 
Execute               source C:/Xilinx/Vivado/2019.1/common/technology/xilinx/interface/maxi.hlp 
Execute               source C:/Xilinx/Vivado/2019.1/common/technology/xilinx/interface/saxilite.hlp 
Execute             source C:/Xilinx/Vivado/2019.1/common/technology/xilinx/common/dsp48.hlp 
Execute       source C:/Xilinx/Vivado/2019.1/common/technology/xilinx/zynq/zynq_fpv6.gen 
Execute         source C:/Xilinx/Vivado/2019.1/common/technology/xilinx/common/xilinx_fp.gen 
Execute     ap_part_info -name xc7z020-clg484-1 -data info 
Execute     get_default_platform 
Execute   create_clock -period 10 -name default 
Execute   csynth_design 
Execute     get_config_compile -dump_cfg 
Execute     get_config_compile -effort 
Execute     get_config_compile -enable_clang39 
Execute     get_config_compile -g 
Execute     get_config_compile -ng 
Execute     get_config_compile -opt_fp 
Execute     get_config_compile -skip_cdt 
Execute     get_config_compile -skip_syncheck 
Execute     get_config_compile -skip_transform 
Execute     get_config_compile -keep_printf 
Execute     elaborate -effort=medium -skip_syncheck=0 -keep_printf=0 -skip_cdt=0 -skip_transform=0 -ng=0 -g=0 -opt_fp=0 -from_csynth_design=1 
Execute       get_config_schedule -relax_ii_for_timing 
INFO: [SCHED 204-61] Option 'relax_ii_for_timing' is enabled, will increase II to preserve clock frequency constraints.
Execute       get_config_schedule -suppress_dependence_error_break 
INFO: [HLS 200-10] Analyzing design file 'SHA_new/SHA_new/sha256_impl.c' ... 
INFO-FLOW: Compiling one TU...
Execute       is_m_axi_addr64 
INFO-FLOW: Handling SHA_new/SHA_new/sha256_impl.c as C
Execute       ap_part_info -name xc7z020-clg484-1 -data info 
Execute       is_encrypted SHA_new/SHA_new/sha256_impl.c 
INFO-FLOW: Running: GCC PP
INFO-FLOW: Source preprocessing
Execute       clang  -fno-limit-debug-info -gcc-toolchain "C:/Xilinx/Vivado/2019.1/msys" -hls  -fno-exceptions  -D__llvm__  -E "SHA_new/SHA_new/sha256_impl.c"     -fno-math-errno -c -emit-llvm -O0  -mllvm -disable-llvm-optzns -std=gnu89   -DAESL_SYN -D__SYNTHESIS__ -D__HLS_SYN__ -I "C:/Xilinx/Vivado/2019.1/common/technology/autopilot" -I "C:/Xilinx/Vivado/2019.1/common/technology/autopilot/ap_sysc" -include etc/autopilot_ssdm_op.h -D__DSP48E1__ -D__cdecl=  -o "D:/VLSINew/SHA/solution1/.autopilot/db/sha256_impl.pp.0.c" 
INFO-FLOW: exec C:/Xilinx/Vivado/2019.1/win64/tools/clang/bin/clang -fno-limit-debug-info -gcc-toolchain C:/Xilinx/Vivado/2019.1/msys -hls -fno-exceptions -D__llvm__ -E SHA_new/SHA_new/sha256_impl.c -fno-math-errno -c -emit-llvm -O0 -mllvm -disable-llvm-optzns -std=gnu89 -DAESL_SYN -D__SYNTHESIS__ -D__HLS_SYN__ -I C:/Xilinx/Vivado/2019.1/common/technology/autopilot -I C:/Xilinx/Vivado/2019.1/common/technology/autopilot/ap_sysc -include etc/autopilot_ssdm_op.h -D__DSP48E1__ -D__cdecl= -o D:/VLSINew/SHA/solution1/.autopilot/db/sha256_impl.pp.0.c
Command       clang done; 0.871 sec.
Execute       tidy_31 xilinx-xfmat-array-geometry D:/VLSINew/SHA/solution1/.autopilot/db/sha256_impl.pp.0.c std=gnu89 
INFO-FLOW: exec C:/Xilinx/Vivado/2019.1/win64/tools/clang-3.9-csynth/bin/tidy-3.1 -header-filter=.* -checks=-*,xilinx-xfmat-array-geometry -quiet -fix D:/VLSINew/SHA/solution1/.autopilot/db/sha256_impl.pp.0.c -- -std=gnu89 -fhls -ferror-limit=0
INFO-FLOW: Syntax Checking before pre-processing...
Execute       clang -syntaxcheck -src D:/VLSINew/SHA/solution1/.autopilot/db/sha256_impl.pp.0.c  -fno-limit-debug-info -gcc-toolchain "C:/Xilinx/Vivado/2019.1/msys" -hls    -fno-math-errno -c -emit-llvm -O0  -mllvm -disable-llvm-optzns -std=gnu89   -DAESL_SYN -D__SYNTHESIS__ -D__HLS_SYN__ -I "C:/Xilinx/Vivado/2019.1/common/technology/autopilot" -I "C:/Xilinx/Vivado/2019.1/common/technology/autopilot/ap_sysc" -include etc/autopilot_ssdm_op.h -D__DSP48E1__ -D__cdecl=  "D:/VLSINew/SHA/solution1/.autopilot/db/sha256_impl.pp.0.c"  -o "D:/VLSINew/SHA/solution1/.autopilot/db/useless.bc"  
INFO-FLOW: exec C:/Xilinx/Vivado/2019.1/win64/tools/clang/bin/clang -fno-limit-debug-info -gcc-toolchain C:/Xilinx/Vivado/2019.1/msys -hls -fno-math-errno -c -emit-llvm -O0 -mllvm -disable-llvm-optzns -std=gnu89 -DAESL_SYN -D__SYNTHESIS__ -D__HLS_SYN__ -I C:/Xilinx/Vivado/2019.1/common/technology/autopilot -I C:/Xilinx/Vivado/2019.1/common/technology/autopilot/ap_sysc -include etc/autopilot_ssdm_op.h -D__DSP48E1__ -D__cdecl= D:/VLSINew/SHA/solution1/.autopilot/db/sha256_impl.pp.0.c -o D:/VLSINew/SHA/solution1/.autopilot/db/useless.bc
Command       clang done; 0.869 sec.
INFO-FLOW: Done: GCC PP time: 1.8 seconds per iteration
Execute       source C:/Xilinx/Vivado/2019.1/tps/tcl/tcllib1.11.1/yaml/huddle.tcl 
Execute       source C:/Xilinx/Vivado/2019.1/tps/tcl/tcllib1.11.1/yaml/json2huddle.tcl 
Execute         source C:/Xilinx/Vivado/2019.1/tps/tcl/tcllib1.11.1/try/try.tcl 
Execute       list_core -type functional_unit 
Execute       tidy_31 xilinx-systemc-detector D:/VLSINew/SHA/solution1/.autopilot/db/sha256_impl.pp.0.c std=gnu89 -directive=D:/VLSINew/SHA/solution1/.autopilot/db/.systemc_flag 
INFO-FLOW: exec C:/Xilinx/Vivado/2019.1/win64/tools/clang-3.9-csynth/bin/tidy-3.1 -header-filter=.* -checks=-*,xilinx-systemc-detector -import-directive=D:/VLSINew/SHA/solution1/.autopilot/db/.systemc_flag -quiet -fix-errors D:/VLSINew/SHA/solution1/.autopilot/db/sha256_impl.pp.0.c -- -std=gnu89 -fhls -ferror-limit=0
INFO-FLOW: Running: tidy-3.1 CDT preprocess
Execute       tidy_31 xilinx-directive2pragma D:/VLSINew/SHA/solution1/.autopilot/db/sha256_impl.pp.0.c std=gnu89 -directive=D:/VLSINew/SHA/solution1/.autopilot/db/all.directive.json 
INFO-FLOW: exec C:/Xilinx/Vivado/2019.1/win64/tools/clang-3.9-csynth/bin/tidy-3.1 -header-filter=.* -checks=-*,xilinx-directive2pragma -import-directive=D:/VLSINew/SHA/solution1/.autopilot/db/all.directive.json -quiet -fix-errors D:/VLSINew/SHA/solution1/.autopilot/db/sha256_impl.pp.0.c -- -std=gnu89 -fhls -ferror-limit=0
Execute       get_config_dataflow -strict_mode 
Execute       ap_eval exec -ignorestderr C:/Xilinx/Vivado/2019.1/win64/tools/clang-3.9-csynth/bin/xilinx-dataflow-lawyer -export-fixes=D:/VLSINew/SHA/solution1/.autopilot/db/xilinx-dataflow-lawyer.sha256_impl.pp.0.c.diag.yml D:/VLSINew/SHA/solution1/.autopilot/db/sha256_impl.pp.0.c -- -std=gnu99 -fhls -ferror-limit=0 -fstrict-dataflow > D:/VLSINew/SHA/solution1/.autopilot/db/xilinx-dataflow-lawyer.sha256_impl.pp.0.c.out.log 2> D:/VLSINew/SHA/solution1/.autopilot/db/xilinx-dataflow-lawyer.sha256_impl.pp.0.c.err.log 
Execute       tidy_31 -errorcheck xilinx-constantarray-param,xilinx-resource-pragma-transformer,xilinx-xfmat-array-geometry D:/VLSINew/SHA/solution1/.autopilot/db/sha256_impl.pp.0.c std=gnu89 
Execute         ap_eval exec -ignorestderr C:/Xilinx/Vivado/2019.1/win64/tools/clang-3.9-csynth/bin/tidy-3.1 -export-fixes=D:/VLSINew/SHA/solution1/.autopilot/db/tidy-3.1.sha256_impl.pp.0.c.diag.yml -header-filter=.* -checks=-*,xilinx-constantarray-param,xilinx-resource-pragma-transformer,xilinx-xfmat-array-geometry -quiet -fix-errors D:/VLSINew/SHA/solution1/.autopilot/db/sha256_impl.pp.0.c -- -std=gnu89 -fhls -ferror-limit=0 > D:/VLSINew/SHA/solution1/.autopilot/db/tidy-3.1.sha256_impl.pp.0.c.out.log 2> D:/VLSINew/SHA/solution1/.autopilot/db/tidy-3.1.sha256_impl.pp.0.c.err.log 
Execute         ap_eval exec -ignorestderr C:/Xilinx/Vivado/2019.1/win64/tools/clang-3.9-csynth/bin/xilinx-legacy-rewriter D:/VLSINew/SHA/solution1/.autopilot/db/sha256_impl.pp.0.c -- -std=gnu89 -fhls -ferror-limit=0 > D:/VLSINew/SHA/solution1/.autopilot/db/xilinx-legacy-rewriter.sha256_impl.pp.0.c.out.log 2> D:/VLSINew/SHA/solution1/.autopilot/db/xilinx-legacy-rewriter.sha256_impl.pp.0.c.err.log 
INFO-FLOW: Done: tidy-3.1 CDT preprocess time: 0.1 seconds per iteration
INFO-FLOW: Pragma Handling...
Execute       tidy_31 xilinx-ssdm-intrinsics-arguments D:/VLSINew/SHA/solution1/.autopilot/db/sha256_impl.pragma.1.c std=gnu89 
INFO-FLOW: exec C:/Xilinx/Vivado/2019.1/win64/tools/clang-3.9-csynth/bin/tidy-3.1 -header-filter=.* -checks=-*,xilinx-ssdm-intrinsics-arguments -quiet -fix-errors D:/VLSINew/SHA/solution1/.autopilot/db/sha256_impl.pragma.1.c -- -std=gnu89 -fhls -ferror-limit=0
Execute       ap_part_info -name xc7z020-clg484-1 -data info 
INFO-FLOW: Processing labels
Execute       clang -src D:/VLSINew/SHA/solution1/.autopilot/db/sha256_impl.pragma.2.c  -fno-limit-debug-info -gcc-toolchain C:/Xilinx/Vivado/2019.1/msys -hls -hls-analyze-label -hls-analyze-pragma -fno-exceptions  -D__llvm__  -w  "D:/VLSINew/SHA/solution1/.autopilot/db/sha256_impl.pragma.2.c"    -fno-math-errno -c -emit-llvm -O0  -mllvm -disable-llvm-optzns -std=gnu89  -DAESL_SYN -D__SYNTHESIS__ -D__HLS_SYN__ -I "C:/Xilinx/Vivado/2019.1/common/technology/autopilot" -I "C:/Xilinx/Vivado/2019.1/common/technology/autopilot/ap_sysc" -include etc/autopilot_ssdm_op.h -D__DSP48E1__ -g -o "D:/VLSINew/SHA/solution1/.autopilot/db/sha256_impl.bc" 
INFO-FLOW: exec C:/Xilinx/Vivado/2019.1/win64/tools/clang/bin/clang -fno-limit-debug-info -gcc-toolchain C:/Xilinx/Vivado/2019.1/msys -hls -hls-analyze-label -hls-analyze-pragma -fno-exceptions -D__llvm__ -w D:/VLSINew/SHA/solution1/.autopilot/db/sha256_impl.pragma.2.c -fno-math-errno -c -emit-llvm -O0 -mllvm -disable-llvm-optzns -std=gnu89 -DAESL_SYN -D__SYNTHESIS__ -D__HLS_SYN__ -I C:/Xilinx/Vivado/2019.1/common/technology/autopilot -I C:/Xilinx/Vivado/2019.1/common/technology/autopilot/ap_sysc -include etc/autopilot_ssdm_op.h -D__DSP48E1__ -g -o D:/VLSINew/SHA/solution1/.autopilot/db/sha256_impl.bc
Command       clang done; 0.874 sec.
INFO: [HLS 200-10] Analyzing design file 'SHA_new/SHA_new/sha256.c' ... 
INFO-FLOW: Compiling one TU...
Execute       is_m_axi_addr64 
INFO-FLOW: Handling SHA_new/SHA_new/sha256.c as C
Execute       ap_part_info -name xc7z020-clg484-1 -data info 
Execute       is_encrypted SHA_new/SHA_new/sha256.c 
INFO-FLOW: Running: GCC PP
INFO-FLOW: Source preprocessing
Execute       clang  -fno-limit-debug-info -gcc-toolchain "C:/Xilinx/Vivado/2019.1/msys" -hls  -fno-exceptions  -D__llvm__  -E "SHA_new/SHA_new/sha256.c"     -fno-math-errno -c -emit-llvm -O0  -mllvm -disable-llvm-optzns -std=gnu89   -DAESL_SYN -D__SYNTHESIS__ -D__HLS_SYN__ -I "C:/Xilinx/Vivado/2019.1/common/technology/autopilot" -I "C:/Xilinx/Vivado/2019.1/common/technology/autopilot/ap_sysc" -include etc/autopilot_ssdm_op.h -D__DSP48E1__ -D__cdecl=  -o "D:/VLSINew/SHA/solution1/.autopilot/db/sha256.pp.0.c" 
INFO-FLOW: exec C:/Xilinx/Vivado/2019.1/win64/tools/clang/bin/clang -fno-limit-debug-info -gcc-toolchain C:/Xilinx/Vivado/2019.1/msys -hls -fno-exceptions -D__llvm__ -E SHA_new/SHA_new/sha256.c -fno-math-errno -c -emit-llvm -O0 -mllvm -disable-llvm-optzns -std=gnu89 -DAESL_SYN -D__SYNTHESIS__ -D__HLS_SYN__ -I C:/Xilinx/Vivado/2019.1/common/technology/autopilot -I C:/Xilinx/Vivado/2019.1/common/technology/autopilot/ap_sysc -include etc/autopilot_ssdm_op.h -D__DSP48E1__ -D__cdecl= -o D:/VLSINew/SHA/solution1/.autopilot/db/sha256.pp.0.c
Command       clang done; 0.872 sec.
Execute       tidy_31 xilinx-xfmat-array-geometry D:/VLSINew/SHA/solution1/.autopilot/db/sha256.pp.0.c std=gnu89 
INFO-FLOW: exec C:/Xilinx/Vivado/2019.1/win64/tools/clang-3.9-csynth/bin/tidy-3.1 -header-filter=.* -checks=-*,xilinx-xfmat-array-geometry -quiet -fix D:/VLSINew/SHA/solution1/.autopilot/db/sha256.pp.0.c -- -std=gnu89 -fhls -ferror-limit=0
INFO-FLOW: Syntax Checking before pre-processing...
Execute       clang -syntaxcheck -src D:/VLSINew/SHA/solution1/.autopilot/db/sha256.pp.0.c  -fno-limit-debug-info -gcc-toolchain "C:/Xilinx/Vivado/2019.1/msys" -hls    -fno-math-errno -c -emit-llvm -O0  -mllvm -disable-llvm-optzns -std=gnu89   -DAESL_SYN -D__SYNTHESIS__ -D__HLS_SYN__ -I "C:/Xilinx/Vivado/2019.1/common/technology/autopilot" -I "C:/Xilinx/Vivado/2019.1/common/technology/autopilot/ap_sysc" -include etc/autopilot_ssdm_op.h -D__DSP48E1__ -D__cdecl=  "D:/VLSINew/SHA/solution1/.autopilot/db/sha256.pp.0.c"  -o "D:/VLSINew/SHA/solution1/.autopilot/db/useless.bc"  
INFO-FLOW: exec C:/Xilinx/Vivado/2019.1/win64/tools/clang/bin/clang -fno-limit-debug-info -gcc-toolchain C:/Xilinx/Vivado/2019.1/msys -hls -fno-math-errno -c -emit-llvm -O0 -mllvm -disable-llvm-optzns -std=gnu89 -DAESL_SYN -D__SYNTHESIS__ -D__HLS_SYN__ -I C:/Xilinx/Vivado/2019.1/common/technology/autopilot -I C:/Xilinx/Vivado/2019.1/common/technology/autopilot/ap_sysc -include etc/autopilot_ssdm_op.h -D__DSP48E1__ -D__cdecl= D:/VLSINew/SHA/solution1/.autopilot/db/sha256.pp.0.c -o D:/VLSINew/SHA/solution1/.autopilot/db/useless.bc
Command       clang done; 0.868 sec.
INFO-FLOW: Done: GCC PP time: 1.8 seconds per iteration
Execute       list_core -type functional_unit 
Execute       tidy_31 xilinx-systemc-detector D:/VLSINew/SHA/solution1/.autopilot/db/sha256.pp.0.c std=gnu89 -directive=D:/VLSINew/SHA/solution1/.autopilot/db/.systemc_flag 
INFO-FLOW: exec C:/Xilinx/Vivado/2019.1/win64/tools/clang-3.9-csynth/bin/tidy-3.1 -header-filter=.* -checks=-*,xilinx-systemc-detector -import-directive=D:/VLSINew/SHA/solution1/.autopilot/db/.systemc_flag -quiet -fix-errors D:/VLSINew/SHA/solution1/.autopilot/db/sha256.pp.0.c -- -std=gnu89 -fhls -ferror-limit=0
INFO-FLOW: Running: tidy-3.1 CDT preprocess
Execute       tidy_31 xilinx-directive2pragma D:/VLSINew/SHA/solution1/.autopilot/db/sha256.pp.0.c std=gnu89 -directive=D:/VLSINew/SHA/solution1/.autopilot/db/all.directive.json 
INFO-FLOW: exec C:/Xilinx/Vivado/2019.1/win64/tools/clang-3.9-csynth/bin/tidy-3.1 -header-filter=.* -checks=-*,xilinx-directive2pragma -import-directive=D:/VLSINew/SHA/solution1/.autopilot/db/all.directive.json -quiet -fix-errors D:/VLSINew/SHA/solution1/.autopilot/db/sha256.pp.0.c -- -std=gnu89 -fhls -ferror-limit=0
Execute       get_config_dataflow -strict_mode 
Execute       ap_eval exec -ignorestderr C:/Xilinx/Vivado/2019.1/win64/tools/clang-3.9-csynth/bin/xilinx-dataflow-lawyer -export-fixes=D:/VLSINew/SHA/solution1/.autopilot/db/xilinx-dataflow-lawyer.sha256.pp.0.c.diag.yml D:/VLSINew/SHA/solution1/.autopilot/db/sha256.pp.0.c -- -std=gnu99 -fhls -ferror-limit=0 -fstrict-dataflow > D:/VLSINew/SHA/solution1/.autopilot/db/xilinx-dataflow-lawyer.sha256.pp.0.c.out.log 2> D:/VLSINew/SHA/solution1/.autopilot/db/xilinx-dataflow-lawyer.sha256.pp.0.c.err.log 
Execute       tidy_31 -errorcheck xilinx-constantarray-param,xilinx-resource-pragma-transformer,xilinx-xfmat-array-geometry D:/VLSINew/SHA/solution1/.autopilot/db/sha256.pp.0.c std=gnu89 
Execute         ap_eval exec -ignorestderr C:/Xilinx/Vivado/2019.1/win64/tools/clang-3.9-csynth/bin/tidy-3.1 -export-fixes=D:/VLSINew/SHA/solution1/.autopilot/db/tidy-3.1.sha256.pp.0.c.diag.yml -header-filter=.* -checks=-*,xilinx-constantarray-param,xilinx-resource-pragma-transformer,xilinx-xfmat-array-geometry -quiet -fix-errors D:/VLSINew/SHA/solution1/.autopilot/db/sha256.pp.0.c -- -std=gnu89 -fhls -ferror-limit=0 > D:/VLSINew/SHA/solution1/.autopilot/db/tidy-3.1.sha256.pp.0.c.out.log 2> D:/VLSINew/SHA/solution1/.autopilot/db/tidy-3.1.sha256.pp.0.c.err.log 
Execute         source C:/Xilinx/Vivado/2019.1/tps/tcl/tcllib1.11.1/yaml/yaml.tcl 
Execute           source C:/Xilinx/Vivado/2019.1/tps/tcl/tcllib1.11.1/cmdline/cmdline.tcl 
Execute         ap_eval exec -ignorestderr C:/Xilinx/Vivado/2019.1/win64/tools/clang-3.9-csynth/bin/xilinx-legacy-rewriter D:/VLSINew/SHA/solution1/.autopilot/db/sha256.pp.0.c -- -std=gnu89 -fhls -ferror-limit=0 > D:/VLSINew/SHA/solution1/.autopilot/db/xilinx-legacy-rewriter.sha256.pp.0.c.out.log 2> D:/VLSINew/SHA/solution1/.autopilot/db/xilinx-legacy-rewriter.sha256.pp.0.c.err.log 
Command       tidy_31 done; 0.113 sec.
INFO-FLOW: Done: tidy-3.1 CDT preprocess time: 0.2 seconds per iteration
INFO-FLOW: Pragma Handling...
Execute       tidy_31 xilinx-ssdm-intrinsics-arguments D:/VLSINew/SHA/solution1/.autopilot/db/sha256.pragma.1.c std=gnu89 
INFO-FLOW: exec C:/Xilinx/Vivado/2019.1/win64/tools/clang-3.9-csynth/bin/tidy-3.1 -header-filter=.* -checks=-*,xilinx-ssdm-intrinsics-arguments -quiet -fix-errors D:/VLSINew/SHA/solution1/.autopilot/db/sha256.pragma.1.c -- -std=gnu89 -fhls -ferror-limit=0
Execute       ap_part_info -name xc7z020-clg484-1 -data info 
INFO-FLOW: Processing labels
Execute       clang -src D:/VLSINew/SHA/solution1/.autopilot/db/sha256.pragma.2.c  -fno-limit-debug-info -gcc-toolchain C:/Xilinx/Vivado/2019.1/msys -hls -hls-analyze-label -hls-analyze-pragma -fno-exceptions  -D__llvm__  -w  "D:/VLSINew/SHA/solution1/.autopilot/db/sha256.pragma.2.c"    -fno-math-errno -c -emit-llvm -O0  -mllvm -disable-llvm-optzns -std=gnu89  -DAESL_SYN -D__SYNTHESIS__ -D__HLS_SYN__ -I "C:/Xilinx/Vivado/2019.1/common/technology/autopilot" -I "C:/Xilinx/Vivado/2019.1/common/technology/autopilot/ap_sysc" -include etc/autopilot_ssdm_op.h -D__DSP48E1__ -g -o "D:/VLSINew/SHA/solution1/.autopilot/db/sha256.bc" 
INFO-FLOW: exec C:/Xilinx/Vivado/2019.1/win64/tools/clang/bin/clang -fno-limit-debug-info -gcc-toolchain C:/Xilinx/Vivado/2019.1/msys -hls -hls-analyze-label -hls-analyze-pragma -fno-exceptions -D__llvm__ -w D:/VLSINew/SHA/solution1/.autopilot/db/sha256.pragma.2.c -fno-math-errno -c -emit-llvm -O0 -mllvm -disable-llvm-optzns -std=gnu89 -DAESL_SYN -D__SYNTHESIS__ -D__HLS_SYN__ -I C:/Xilinx/Vivado/2019.1/common/technology/autopilot -I C:/Xilinx/Vivado/2019.1/common/technology/autopilot/ap_sysc -include etc/autopilot_ssdm_op.h -D__DSP48E1__ -g -o D:/VLSINew/SHA/solution1/.autopilot/db/sha256.bc
Command       clang done; 0.875 sec.
INFO-FLOW: Linking Debug ...
Execute       llvm-ld D:/VLSINew/SHA/solution1/.autopilot/db/sha256_impl.g.bc D:/VLSINew/SHA/solution1/.autopilot/db/sha256.g.bc -hls-opt -except-internalize sha256 -LC:/Xilinx/Vivado/2019.1/win64/lib -lhlsm -lhlsmc++ -o D:/VLSINew/SHA/solution1/.autopilot/db/a.g 
Command       llvm-ld done; 0.863 sec.
INFO: [HLS 200-111] Finished Linking Time (s): cpu = 00:00:01 ; elapsed = 00:00:08 . Memory (MB): peak = 175.152 ; gain = 84.285
INFO: [HLS 200-111] Finished Checking Pragmas Time (s): cpu = 00:00:01 ; elapsed = 00:00:08 . Memory (MB): peak = 175.152 ; gain = 84.285
Execute       get_config_sdx -target 
Execute       opt_and_import_c a -opt_level=2 -skip_syncheck=0 -ng=0 -keep_printf=0 
Execute         cleanup_all_models 
INFO: [HLS 200-10] Starting code transformations ...
Execute         transform -promote-dbg-pointer D:/VLSINew/SHA/solution1/.autopilot/db/a.pp.bc -o D:/VLSINew/SHA/solution1/.autopilot/db/a.pp.0.bc -f 
Execute         llvm-ld D:/VLSINew/SHA/solution1/.autopilot/db/a.pp.0.bc -disable-opt -LC:/Xilinx/Vivado/2019.1/win64/lib -lfloatconversion -o D:/VLSINew/SHA/solution1/.autopilot/db/a.g.0 
Command         llvm-ld done; 0.439 sec.
INFO-FLOW: Running Standard Transforms...
Execute         transform -hls -share-std-xform -demangle-name -inline-byval-memcpy -always-inline -promote-dbg-pointer -interface-preproc -mem2reg -scalarrepl -mem2reg -keep-read-access -instcombine -dce -promote-dbg-pointer -bitop-raise -loop-simplify -indvarspre -indvars -loop-simplify -xunroll -constprop -instcombine -simplifycfg -indvars -simplifycfg -dce -globaldce -basicaa -simplifycfg -mem2reg -globalopt -global-constprop -deadargelim -instcombine -simplifycfg -prune-eh -simplifycfg -scalarrepl -instcombine -reassociate -licm -simplifycfg -loop-simplify -indvars -instcombine -simplifycfg -mem2reg -loop-simplify -indvars -instcombine -gvn -gvn -instcombine -adce -break-crit-edges -simplifycfg -loop-delete -global-array-opt -dce -dse -adce -find-syn-modules -top sha256 -deadargelim -mem2reg -instcombine -dce -presyn-prepare -auto-rom-infer -interface-preproc -syn-check -check-rec-only -find-region -simplifycfg -func-extr -function-inline -globaldce -mem2reg -instcombine -dce -gvn -globaldce -adce -adse -constprop -instcombine -bit-constprop -instcombine -dce -simplifycfg -bitop-raise -simplifycfg -dce -loop-delete -reassociate -globalopt -global-privatize -mem2reg -dce -global-constprop -pointer-simplify -constprop -dce -func-inst -deadargelim -auto-shift-reg-idiom -promote-dbg-pointer -norm-name D:/VLSINew/SHA/solution1/.autopilot/db/a.g.0.bc -o D:/VLSINew/SHA/solution1/.autopilot/db/a.g.1.bc -f -phase std-opt 
INFO: [HLS 200-111] Finished Standard Transforms Time (s): cpu = 00:00:01 ; elapsed = 00:00:08 . Memory (MB): peak = 175.152 ; gain = 84.285
INFO: [HLS 200-10] Checking synthesizability ...
INFO-FLOW: Checking Synthesizability 1/2..
Execute         transform -hls -syn-check -check-rec-only -disaggr -scalarrepl -norm-name -dce -mem2reg -instcombine -function-uniquify -directive-preproc -mem2reg -dse -dce -auto-rom-infer -dce -pag -array-normalize -instcombine -dce -warn-fifo-pointer -array-seg-normalize -instcombine -dce -array-flatten -instcombine -dce -array-burst -dce -deadargelim -promote-global-argument -simplifycfg -mem2reg -globaldce -dce -deadargelim -dce -instcombine -function-inline -globaldce -dce -doublePtrSimplify -doublePtrElim -dce -doublePtrSimplify -promote-dbg-pointer -dce -scalarrepl -dse -adse -instcombine -ptrLegalization -simplifycfg -dce -instcombine -pointer-simplify -ptrArgReplace -dce -instcombine -resolve-double-ptr -disaggr -scalarrepl -norm-name -dce -mem2reg -instcombine -ptrLegalization -simplifycfg -deadargelim -instcombine -dce -inst-simplify -function-uniquify -directive-preproc -mem2reg -dse -dce -globaldce -check-dspbuiltin D:/VLSINew/SHA/solution1/.autopilot/db/a.g.1.bc -o D:/VLSINew/SHA/solution1/.autopilot/db/a.g.2.prechk.bc -f 
INFO: [XFORM 203-602] Inlining function 'sha256_init' into 'sha256' (SHA_new/SHA_new/sha256.c:29) automatically.
INFO-FLOW: Checking Synthesizability 2/2..
Execute         transform -syn-check D:/VLSINew/SHA/solution1/.autopilot/db/a.g.2.prechk.bc -o D:/VLSINew/SHA/solution1/.autopilot/db/a.g.2.bc -f -phase syn-check 
INFO: [HLS 200-111] Finished Checking Synthesizability Time (s): cpu = 00:00:01 ; elapsed = 00:00:08 . Memory (MB): peak = 175.152 ; gain = 84.285
INFO-FLOW: Compiler optimizing ...
INFO-FLOW: Share syncheck's 1.bc for syn flow: copy D:/VLSINew/SHA/solution1/.autopilot/db/a.g.1.bc to D:/VLSINew/SHA/solution1/.autopilot/db/a.o.1.bc
INFO-FLOW: Presyn 1...
Execute         transform -hls -tmp D:/VLSINew/SHA/solution1/.autopilot/db -interface-port-rename -type-info -function-uniquify -directive-preproc -mem2reg -dse -dce -disaggr -scalarrepl -norm-name -deadargelim -mem2reg -instcombine -dce -simplifycfg -auto-rom-infer -dce -function-uniquify -resource-proc -clib-intrinsic-prepare -dce -func-buffer -dce -pag -array-normalize -func-legal -instcombine -gvn -constprop -dce -simplifycfg -mem2reg -globaldce -resolve-double-ptr -dce -deadargelim -dce -instcombine -ptrArgReplace -mem2reg -dce -array-seg-normalize -deadargelim -instcombine -dce -pointer-simplify -dce -port-alignment -dce -interface-preproc -data-pack -instcombine -dce -basicaa -aggr-aa -aggrmodref-aa -aggr-aa -gvn -gvn -basicaa -aggr-aa -aggrmodref-aa -aggr-aa -dse -adse -adce -loop-simplify -indvars -instcombine -gvn -loop-simplify -mem2reg -dce -find-region -instcombine -auto-loop-pipeline -inst-simplify -interface-preproc -cfgopt -instcombine -indvars -auto-loop-unroll -loop-simplify -loop-bound -xunroll -constprop -instcombine -simplifycfg -indvars -simplifycfg -dce -globaldce -clean-region -attach-range -gvn -inst-simplify -constprop -simplifycfg -dce -pointer-simplify -dce -globalopt -constprop -dce -array-promote -constprop -dce -ptrArgReplace -mem2reg -simplifycfg -dce -auto-par -instcombine -dce -array-transform-check -array-reshape -instcombine -simplifycfg -dce -ptrArgReplace -deadargelim -mem2reg -instcombine -simplifycfg -dce -indvars -loop-simplify -loop-bound -xunroll -constprop -instcombine -simplifycfg -indvars -simplifycfg -dce -globaldce -basicaa -aggr-aa -aggrmodref-aa -aggr-aa -dse -duplicate-dataflow-processes -globaldce -instcombine -array-partition -instcombine -simplifycfg -dce -ptrArgReplace -global-constprop -deadargelim -mem2reg -func-legal -dce -global-constprop -deadargelim -mem2reg -simplifycfg -dce -merge-param -deadargelim -globalopt -constprop -dce -array-promote -constprop -dce -ptrArgReplace -mem2reg -simplifycfg -dce -mem-intrinsic-preproc -dce -global-internalize -global-privatize -mem2reg -globaldce -promote-global-argument -ptrArgReplace -mem2reg -dce -globalopt -mergereturn -simplify-global-access -mem2reg -dce -pointer-simplify -dce -functionattrs -basicaa -aggr-aa -aggrmodref-aa -aggr-aa -gvn -gvn -basicaa -aggr-aa -aggrmodref-aa -aggr-aa -dse -adse -adce -dce -norm-name -function-inline -complex-op-raise -inst-simplify -globaldce -func-inst -constprop -instcombine -simplifycfg -dce -func-legal -dce -loop-bound -arraycheck -bitwidthmin -on-by-dataflow -loop-delete -instcombine -simplifycfg -globaldce -dce -gvn -deadargelim -dce -loop-simplify -clean-region -simplifycfg -propagate-stable-arguments -loop-stream -instcombine -simplifycfg -dce -globaldce -duplicate-dataflow-processes -stream-intrinsic-preproc -dce -check-ap-stream -loop-simplify -eliminate-keepreads -extract-dataflow-in-loop -loop-simplify -dce -gvn -deadargelim -dse -check-dataflow-syntax -legalize-stream-variable -legalize-global -extract-subproc -dce -dead-channel-elimination -canonicalize-gep -globaldce -dce -gvn -deadargelim -annotate-dataflow-channels -scalar-propagation -deadargelim -globaldce -mem2reg -check-dataflow-channels -function-stream -dce -globaldce -prop-fifo-spec -internal-stream-gen -canonicalize-gep -globaldce -dce -gvn -deadargelim -mergereturn -indvars -loop-simplify -instcombine -array-stream -array-seg-normalize -array-partition -func-legal -instcombine -simplifycfg -dce -bundle-memfifo-ops -deadargelim -function-uniquify -directive-preproc -mem2reg -dse -dce -group-axi-access -licm -simplifycfg -dce -loop-delete -norm-name D:/VLSINew/SHA/solution1/.autopilot/db/a.o.1.bc -o D:/VLSINew/SHA/solution1/.autopilot/db/a.o.1.tmp.bc -f 
WARNING: [XFORM 203-561] Updating loop upper bound from 100 to 63 for loop 'Loop-0-1' (SHA_new/SHA_new/sha256.c:46:1) in function 'sha256'.
WARNING: [XFORM 203-561] Updating loop upper bound from 40 to 32 for loop 'Loop-1' (SHA_new/SHA_new/sha256.c:57:1) in function 'sha256'.
WARNING: [XFORM 203-561] Updating loop lower bound from 12 to 32 for loop 'Loop-1' (SHA_new/SHA_new/sha256.c:57:1) in function 'sha256'.
INFO: [XFORM 203-102] Partitioning array 'sha256ctx.bitlen' (SHA_new/SHA_new/sha256.c:28) automatically.
INFO: [XFORM 203-102] Partitioning array 'sha256ctx.state' (SHA_new/SHA_new/sha256.c:28) automatically.
Command         transform done; 0.217 sec.
INFO-FLOW: Presyn 2...
Execute         transform -hls -keep-callgraph -scalarrepl -mem2reg -port-alignment -attach-range -dce -pipe-mux-gen -indvars -loop-bound -inst-simplify -instcombine -dce -merge-array-access -mem2reg -dce -clean-region -mergereturn -if-conv -instcombine -dce -constprop -basicaa -aggr-aa -aggrmodref-aa -aggr-aa -gvn -gvn -basicaa -aggr-aa -aggrmodref-aa -aggr-aa -dse -adse -adce -scalarrepl -mem2reg -global-constprop -deadargelim -deadargelim -instcombine -dce -simplifycfg -ptrArgReplace -mem2reg -function-inline -globaldce -mem2reg -instcombine -dce -expr-balance -instcombine -dce -bitwidthmin -interface-preproc -directive-preproc -inst-rectify -instcombine -dce -functionattrs -constprop -instcombine -bit-constprop -simplify-global-access -globalopt -globaldce -inst-simplify -instcombine -elimdeaddata -dce -loop-delete -simplifycfg -loop-simplify -auto-burst -norm-name D:/VLSINew/SHA/solution1/.autopilot/db/a.o.1.tmp.bc -o D:/VLSINew/SHA/solution1/.autopilot/db/a.o.2.bc -f -phase presyn 
INFO: [XFORM 203-11] Balancing expressions in function 'sha256_transform' (SHA_new/SHA_new/sha256_impl.c:30)...10 expression(s) balanced.
Command         transform done; 0.104 sec.
INFO: [HLS 200-111] Finished Pre-synthesis Time (s): cpu = 00:00:02 ; elapsed = 00:00:09 . Memory (MB): peak = 175.152 ; gain = 84.285
INFO-FLOW: Building ssdm...
Execute         transform -hls -function-uniquify -auto-function-inline -globaldce -ptrArgReplace -mem2reg -dce -reset-lda -loop-simplify -indvars -licm -loop-dep -loop-bound -licm -loop-simplify -flattenloopnest -array-flatten -gvn -instcombine -dce -array-map -dce -func-legal -gvn -adce -instcombine -cfgopt -simplifycfg -loop-simplify -array-burst -promote-global-argument -dce -ptrLegalization -axi4-lower -array-seg-normalize -basicaa -aggrmodref-aa -globalsmodref-aa -aggr-aa -gvn -gvn -basicaa -aggrmodref-aa -globalsmodref-aa -aggr-aa -dse -adse -adce -licm -inst-simplify -dce -globaldce -instcombine -array-stream -eliminate-keepreads -instcombine -dce -deadargelim -doublePtrSimplify -doublePtrElim -dce -doublePtrSimplify -promote-dbg-pointer -dce -scalarrepl -mem2reg -disaggr -norm-name -mem2reg -instcombine -dse -adse -adce -ptrLegalization -dce -auto-rom-infer -array-flatten -dce -instcombine -check-doubleptr -loop-rot -constprop -cfgopt -simplifycfg -loop-simplify -indvars -pointer-simplify -dce -loop-bound -loop-simplify -loop-preproc -constprop -global-constprop -gvn -mem2reg -instcombine -dce -loop-bound -loop-merge -dce -bitwidthmin -deadargelim -dce -canonicalize-dataflow -dce -scalar-propagation -deadargelim -globaldce -mem2reg -read-loop-dep -interface-preproc -directive-preproc -interface-gen -bram-byte-enable -deadargelim -inst-simplify -dce -gvn -mem2reg -instcombine -dce -adse -loop-bound -instcombine -cfgopt -simplifycfg -loop-simplify -clean-region -io-protocol -find-region -mem2reg -bitop-raise -complex-op-raise -inst-simplify -inst-rectify -instcombine -adce -deadargelim -loop-simplify -phi-opt -bitop-raise -cfgopt -simplifycfg -strip-dead-prototypes -interface-lower -bitop-lower -intrinsic-lower -auto-function-inline -basicaa -aggrmodref-aa -globalsmodref-aa -aggr-aa -inst-simplify -simplifycfg -loop-simplify -mergereturn -inst-simplify -inst-rectify -dce -load-elim -bitop-lower -loop-rewind -pointer-simplify -dce -cfgopt -dce -loop-bound -loop-dep -read-loop-dep -dce -check-stream -norm-name -legalize -validate-dataflow -inst-clarity -bitwidth -dump-loop-dep-to-ir -check-all-ssdm -cdfg-build D:/VLSINew/SHA/solution1/.autopilot/db/a.o.2.bc -o D:/VLSINew/SHA/solution1/.autopilot/db/a.o.3.bc -f -phase build-ssdm 
Command         transform done; 0.364 sec.
INFO: [HLS 200-111] Finished Architecture Synthesis Time (s): cpu = 00:00:02 ; elapsed = 00:00:09 . Memory (MB): peak = 175.500 ; gain = 84.633
INFO-FLOW: Finish building internal data model.
Command       opt_and_import_c done; 1.246 sec.
Command     elaborate done; 7.959 sec.
Execute     autosyn -from_csynth_design=1 
INFO: [HLS 200-10] Starting hardware synthesis ...
INFO-FLOW: Synthesizing C/C++ design ...
INFO: [HLS 200-10] Synthesizing 'sha256' ...
Execute       ap_set_top_model sha256 
Execute       get_model_list sha256 -filter all-wo-channel -topdown 
Execute       preproc_iomode -model sha256 
Execute       preproc_iomode -model sha256_final 
Execute       preproc_iomode -model sha256_update 
Execute       preproc_iomode -model sha256_transform 
Execute       get_model_list sha256 -filter all-wo-channel 
INFO-FLOW: Model list for configure: sha256_transform sha256_update sha256_final sha256
INFO-FLOW: Configuring Module : sha256_transform ...
Execute       set_default_model sha256_transform 
Execute       apply_spec_resource_limit sha256_transform 
INFO-FLOW: Configuring Module : sha256_update ...
Execute       set_default_model sha256_update 
Execute       apply_spec_resource_limit sha256_update 
INFO-FLOW: Configuring Module : sha256_final ...
Execute       set_default_model sha256_final 
Execute       apply_spec_resource_limit sha256_final 
INFO-FLOW: Configuring Module : sha256 ...
Execute       set_default_model sha256 
Execute       apply_spec_resource_limit sha256 
INFO-FLOW: Model list for preprocess: sha256_transform sha256_update sha256_final sha256
INFO-FLOW: Preprocessing Module: sha256_transform ...
Execute       set_default_model sha256_transform 
Execute       cdfg_preprocess -model sha256_transform 
Execute       rtl_gen_preprocess sha256_transform 
INFO-FLOW: Preprocessing Module: sha256_update ...
Execute       set_default_model sha256_update 
Execute       cdfg_preprocess -model sha256_update 
Execute       rtl_gen_preprocess sha256_update 
INFO-FLOW: Preprocessing Module: sha256_final ...
Execute       set_default_model sha256_final 
Execute       cdfg_preprocess -model sha256_final 
Execute       rtl_gen_preprocess sha256_final 
INFO-FLOW: Preprocessing Module: sha256 ...
Execute       set_default_model sha256 
Execute       cdfg_preprocess -model sha256 
Execute       rtl_gen_preprocess sha256 
INFO-FLOW: Model list for synthesis: sha256_transform sha256_update sha256_final sha256
INFO: [HLS 200-10] ----------------------------------------------------------------
INFO: [HLS 200-42] -- Implementing module 'sha256_transform' 
INFO: [HLS 200-10] ----------------------------------------------------------------
Execute       set_default_model sha256_transform 
Execute       schedule -model sha256_transform 
INFO: [SCHED 204-11] Starting scheduling ...
INFO: [SCHED 204-11] Finished scheduling.
INFO: [HLS 200-111]  Elapsed time: 9.129 seconds; current allocated memory: 126.876 MB.
Execute       syn_report -verbosereport -o D:/VLSINew/SHA/solution1/.autopilot/db/sha256_transform.verbose.sched.rpt 
INFO: [HLS 200-434] Only 0 loops out of a total 3 loops have been pipelined in this design.
Execute       db_write -o D:/VLSINew/SHA/solution1/.autopilot/db/sha256_transform.sched.adb -f 
INFO-FLOW: Finish scheduling sha256_transform.
Execute       set_default_model sha256_transform 
Execute       bind -model sha256_transform 
BIND OPTION: model=sha256_transform
INFO: [BIND 205-100] Starting micro-architecture generation ...
INFO: [BIND 205-101] Performing variable lifetime analysis.
INFO: [BIND 205-101] Exploring resource sharing.
INFO: [BIND 205-101] Binding ...
INFO: [BIND 205-100] Finished micro-architecture generation.
INFO: [HLS 200-111]  Elapsed time: 0.096 seconds; current allocated memory: 127.568 MB.
Execute       syn_report -verbosereport -o D:/VLSINew/SHA/solution1/.autopilot/db/sha256_transform.verbose.bind.rpt 
Execute       db_write -o D:/VLSINew/SHA/solution1/.autopilot/db/sha256_transform.bind.adb -f 
INFO-FLOW: Finish binding sha256_transform.
INFO: [HLS 200-10] ----------------------------------------------------------------
INFO: [HLS 200-42] -- Implementing module 'sha256_update' 
INFO: [HLS 200-10] ----------------------------------------------------------------
Execute       set_default_model sha256_update 
Execute       schedule -model sha256_update 
INFO: [SCHED 204-11] Starting scheduling ...
INFO: [SCHED 204-11] Finished scheduling.
INFO: [HLS 200-111]  Elapsed time: 0.131 seconds; current allocated memory: 127.855 MB.
Execute       syn_report -verbosereport -o D:/VLSINew/SHA/solution1/.autopilot/db/sha256_update.verbose.sched.rpt 
Execute       db_write -o D:/VLSINew/SHA/solution1/.autopilot/db/sha256_update.sched.adb -f 
INFO-FLOW: Finish scheduling sha256_update.
Execute       set_default_model sha256_update 
Execute       bind -model sha256_update 
BIND OPTION: model=sha256_update
INFO: [BIND 205-100] Starting micro-architecture generation ...
INFO: [BIND 205-101] Performing variable lifetime analysis.
INFO: [BIND 205-101] Exploring resource sharing.
INFO: [BIND 205-101] Binding ...
INFO: [BIND 205-100] Finished micro-architecture generation.
INFO: [HLS 200-111]  Elapsed time: 0.071 seconds; current allocated memory: 128.186 MB.
Execute       syn_report -verbosereport -o D:/VLSINew/SHA/solution1/.autopilot/db/sha256_update.verbose.bind.rpt 
Execute       db_write -o D:/VLSINew/SHA/solution1/.autopilot/db/sha256_update.bind.adb -f 
INFO-FLOW: Finish binding sha256_update.
INFO: [HLS 200-10] ----------------------------------------------------------------
INFO: [HLS 200-42] -- Implementing module 'sha256_final' 
INFO: [HLS 200-10] ----------------------------------------------------------------
Execute       set_default_model sha256_final 
Execute       schedule -model sha256_final 
INFO: [SCHED 204-11] Starting scheduling ...
INFO: [SCHED 204-11] Finished scheduling.
INFO: [HLS 200-111]  Elapsed time: 0.163 seconds; current allocated memory: 128.657 MB.
Execute       syn_report -verbosereport -o D:/VLSINew/SHA/solution1/.autopilot/db/sha256_final.verbose.sched.rpt 
Execute       db_write -o D:/VLSINew/SHA/solution1/.autopilot/db/sha256_final.sched.adb -f 
INFO-FLOW: Finish scheduling sha256_final.
Execute       set_default_model sha256_final 
Execute       bind -model sha256_final 
BIND OPTION: model=sha256_final
INFO: [BIND 205-100] Starting micro-architecture generation ...
INFO: [BIND 205-101] Performing variable lifetime analysis.
INFO: [BIND 205-101] Exploring resource sharing.
INFO: [BIND 205-101] Binding ...
INFO: [BIND 205-100] Finished micro-architecture generation.
INFO: [HLS 200-111]  Elapsed time: 0.123 seconds; current allocated memory: 129.196 MB.
Execute       syn_report -verbosereport -o D:/VLSINew/SHA/solution1/.autopilot/db/sha256_final.verbose.bind.rpt 
Execute       db_write -o D:/VLSINew/SHA/solution1/.autopilot/db/sha256_final.bind.adb -f 
INFO-FLOW: Finish binding sha256_final.
INFO: [HLS 200-10] ----------------------------------------------------------------
INFO: [HLS 200-42] -- Implementing module 'sha256' 
INFO: [HLS 200-10] ----------------------------------------------------------------
Execute       set_default_model sha256 
Execute       schedule -model sha256 
INFO: [SCHED 204-11] Starting scheduling ...
INFO: [SCHED 204-11] Finished scheduling.
INFO: [HLS 200-111]  Elapsed time: 0.175 seconds; current allocated memory: 129.646 MB.
Execute       syn_report -verbosereport -o D:/VLSINew/SHA/solution1/.autopilot/db/sha256.verbose.sched.rpt 
Execute       db_write -o D:/VLSINew/SHA/solution1/.autopilot/db/sha256.sched.adb -f 
INFO-FLOW: Finish scheduling sha256.
Execute       set_default_model sha256 
Execute       bind -model sha256 
BIND OPTION: model=sha256
INFO: [BIND 205-100] Starting micro-architecture generation ...
INFO: [BIND 205-101] Performing variable lifetime analysis.
INFO: [BIND 205-101] Exploring resource sharing.
INFO: [BIND 205-101] Binding ...
INFO: [BIND 205-100] Finished micro-architecture generation.
Command       bind done; 0.118 sec.
INFO: [HLS 200-111]  Elapsed time: 0.182 seconds; current allocated memory: 130.272 MB.
Execute       syn_report -verbosereport -o D:/VLSINew/SHA/solution1/.autopilot/db/sha256.verbose.bind.rpt 
Command       syn_report done; 0.126 sec.
Execute       db_write -o D:/VLSINew/SHA/solution1/.autopilot/db/sha256.bind.adb -f 
INFO-FLOW: Finish binding sha256.
Execute       get_model_list sha256 -filter all-wo-channel 
INFO-FLOW: Preprocessing for RTLGen ...
Execute       rtl_gen_preprocess sha256_transform 
Execute       rtl_gen_preprocess sha256_update 
Execute       rtl_gen_preprocess sha256_final 
Execute       rtl_gen_preprocess sha256 
INFO-FLOW: Model list for RTL generation: sha256_transform sha256_update sha256_final sha256
INFO: [HLS 200-10] ----------------------------------------------------------------
INFO: [HLS 200-10] -- Generating RTL for module 'sha256_transform' 
INFO: [HLS 200-10] ----------------------------------------------------------------
Execute       get_config_rtl -module_prefix 
Execute       get_config_rtl -module_auto_prefix 
Execute       create_rtl_model sha256_transform -vendor xilinx -mg_file D:/VLSINew/SHA/solution1/.autopilot/db/sha256_transform.compgen.tcl 
INFO: [RTGEN 206-100] Finished creating RTL model for 'sha256_transform'.
INFO: [HLS 200-111]  Elapsed time: 0.218 seconds; current allocated memory: 131.482 MB.
Execute       source D:/VLSINew/SHA/solution1/.autopilot/db/sha256.rtl_wrap.cfg.tcl 
Execute       gen_rtl sha256_transform -style xilinx -tracefl mytrace -tracefmt vcd -traceopt all -f -lang sc -o D:/VLSINew/SHA/solution1/syn/systemc/sha256_transform -synmodules sha256_transform sha256_update sha256_final sha256 
Execute       gen_rtl sha256_transform -style xilinx -f -lang vhdl -o D:/VLSINew/SHA/solution1/syn/vhdl/sha256_transform 
Execute       gen_rtl sha256_transform -style xilinx -f -lang vlog -o D:/VLSINew/SHA/solution1/syn/verilog/sha256_transform 
Execute       syn_report -csynth -model sha256_transform -o D:/VLSINew/SHA/solution1/syn/report/sha256_transform_csynth.rpt 
Execute       syn_report -rtlxml -model sha256_transform -o D:/VLSINew/SHA/solution1/syn/report/sha256_transform_csynth.xml 
Execute       syn_report -verbosereport -model sha256_transform -o D:/VLSINew/SHA/solution1/.autopilot/db/sha256_transform.verbose.rpt 
Execute       db_write -model sha256_transform -f -o D:/VLSINew/SHA/solution1/.autopilot/db/sha256_transform.adb 
Execute       gen_tb_info sha256_transform -p D:/VLSINew/SHA/solution1/.autopilot/db -o D:/VLSINew/SHA/solution1/.autopilot/db/sha256_transform 
INFO: [HLS 200-10] ----------------------------------------------------------------
INFO: [HLS 200-10] -- Generating RTL for module 'sha256_update' 
INFO: [HLS 200-10] ----------------------------------------------------------------
Execute       get_config_rtl -module_prefix 
Execute       get_config_rtl -module_auto_prefix 
Execute       create_rtl_model sha256_update -vendor xilinx -mg_file D:/VLSINew/SHA/solution1/.autopilot/db/sha256_update.compgen.tcl 
INFO: [RTGEN 206-100] Finished creating RTL model for 'sha256_update'.
INFO: [HLS 200-111]  Elapsed time: 0.258 seconds; current allocated memory: 132.650 MB.
Execute       source D:/VLSINew/SHA/solution1/.autopilot/db/sha256.rtl_wrap.cfg.tcl 
Execute       gen_rtl sha256_update -style xilinx -tracefl mytrace -tracefmt vcd -traceopt all -f -lang sc -o D:/VLSINew/SHA/solution1/syn/systemc/sha256_update -synmodules sha256_transform sha256_update sha256_final sha256 
Execute       gen_rtl sha256_update -style xilinx -f -lang vhdl -o D:/VLSINew/SHA/solution1/syn/vhdl/sha256_update 
Execute       gen_rtl sha256_update -style xilinx -f -lang vlog -o D:/VLSINew/SHA/solution1/syn/verilog/sha256_update 
Execute       syn_report -csynth -model sha256_update -o D:/VLSINew/SHA/solution1/syn/report/sha256_update_csynth.rpt 
Execute       syn_report -rtlxml -model sha256_update -o D:/VLSINew/SHA/solution1/syn/report/sha256_update_csynth.xml 
Execute       syn_report -verbosereport -model sha256_update -o D:/VLSINew/SHA/solution1/.autopilot/db/sha256_update.verbose.rpt 
Execute       db_write -model sha256_update -f -o D:/VLSINew/SHA/solution1/.autopilot/db/sha256_update.adb 
Execute       gen_tb_info sha256_update -p D:/VLSINew/SHA/solution1/.autopilot/db -o D:/VLSINew/SHA/solution1/.autopilot/db/sha256_update 
INFO: [HLS 200-10] ----------------------------------------------------------------
INFO: [HLS 200-10] -- Generating RTL for module 'sha256_final' 
INFO: [HLS 200-10] ----------------------------------------------------------------
Execute       get_config_rtl -module_prefix 
Execute       get_config_rtl -module_auto_prefix 
Execute       create_rtl_model sha256_final -vendor xilinx -mg_file D:/VLSINew/SHA/solution1/.autopilot/db/sha256_final.compgen.tcl 
INFO: [RTGEN 206-100] Finished creating RTL model for 'sha256_final'.
INFO: [HLS 200-111]  Elapsed time: 0.193 seconds; current allocated memory: 133.776 MB.
Execute       source D:/VLSINew/SHA/solution1/.autopilot/db/sha256.rtl_wrap.cfg.tcl 
Execute       gen_rtl sha256_final -style xilinx -tracefl mytrace -tracefmt vcd -traceopt all -f -lang sc -o D:/VLSINew/SHA/solution1/syn/systemc/sha256_final -synmodules sha256_transform sha256_update sha256_final sha256 
Execute       gen_rtl sha256_final -style xilinx -f -lang vhdl -o D:/VLSINew/SHA/solution1/syn/vhdl/sha256_final 
Execute       gen_rtl sha256_final -style xilinx -f -lang vlog -o D:/VLSINew/SHA/solution1/syn/verilog/sha256_final 
Execute       syn_report -csynth -model sha256_final -o D:/VLSINew/SHA/solution1/syn/report/sha256_final_csynth.rpt 
Execute       syn_report -rtlxml -model sha256_final -o D:/VLSINew/SHA/solution1/syn/report/sha256_final_csynth.xml 
Execute       syn_report -verbosereport -model sha256_final -o D:/VLSINew/SHA/solution1/.autopilot/db/sha256_final.verbose.rpt 
Execute       db_write -model sha256_final -f -o D:/VLSINew/SHA/solution1/.autopilot/db/sha256_final.adb 
Execute       gen_tb_info sha256_final -p D:/VLSINew/SHA/solution1/.autopilot/db -o D:/VLSINew/SHA/solution1/.autopilot/db/sha256_final 
INFO: [HLS 200-10] ----------------------------------------------------------------
INFO: [HLS 200-10] -- Generating RTL for module 'sha256' 
INFO: [HLS 200-10] ----------------------------------------------------------------
Execute       get_config_rtl -module_prefix 
Execute       get_config_rtl -module_auto_prefix 
Execute       create_rtl_model sha256 -vendor xilinx -mg_file D:/VLSINew/SHA/solution1/.autopilot/db/sha256.compgen.tcl 
INFO: [RTGEN 206-500] Setting interface mode on port 'sha256/data' to 's_axilite & ap_memory'.
INFO: [RTGEN 206-500] Setting interface mode on port 'sha256/base_offset' to 's_axilite & ap_none'.
INFO: [RTGEN 206-500] Setting interface mode on port 'sha256/bytes' to 's_axilite & ap_none'.
INFO: [RTGEN 206-500] Setting interface mode on port 'sha256/digest' to 's_axilite & ap_memory'.
INFO: [RTGEN 206-500] Setting interface mode on function 'sha256' to 's_axilite & ap_ctrl_hs'.
INFO: [RTGEN 206-100] Bundling port 'return', 'data', 'base_offset', 'bytes' and 'digest' to AXI-Lite port AXILiteS.
INFO: [SYN 201-210] Renamed object name 'sha256_sha256ctx_data' to 'sha256_sha256ctx_bkb' due to the length limit 20
INFO: [RTGEN 206-100] Finished creating RTL model for 'sha256'.
INFO: [HLS 200-111]  Elapsed time: 0.321 seconds; current allocated memory: 135.126 MB.
Execute       source D:/VLSINew/SHA/solution1/.autopilot/db/sha256.rtl_wrap.cfg.tcl 
Execute       gen_rtl sha256 -istop -style xilinx -tracefl mytrace -tracefmt vcd -traceopt all -f -lang sc -o D:/VLSINew/SHA/solution1/syn/systemc/sha256 -synmodules sha256_transform sha256_update sha256_final sha256 
Execute       gen_rtl sha256 -istop -style xilinx -f -lang vhdl -o D:/VLSINew/SHA/solution1/syn/vhdl/sha256 
Execute       gen_rtl sha256 -istop -style xilinx -f -lang vlog -o D:/VLSINew/SHA/solution1/syn/verilog/sha256 
Execute       syn_report -csynth -model sha256 -o D:/VLSINew/SHA/solution1/syn/report/sha256_csynth.rpt 
Execute       syn_report -rtlxml -model sha256 -o D:/VLSINew/SHA/solution1/syn/report/sha256_csynth.xml 
Execute       syn_report -verbosereport -model sha256 -o D:/VLSINew/SHA/solution1/.autopilot/db/sha256.verbose.rpt 
Command       syn_report done; 0.138 sec.
Execute       db_write -model sha256 -f -o D:/VLSINew/SHA/solution1/.autopilot/db/sha256.adb 
Execute       gen_tb_info sha256 -p D:/VLSINew/SHA/solution1/.autopilot/db -o D:/VLSINew/SHA/solution1/.autopilot/db/sha256 
Execute       export_constraint_db -f -tool general -o D:/VLSINew/SHA/solution1/.autopilot/db/sha256.constraint.tcl 
Execute       syn_report -designview -model sha256 -o D:/VLSINew/SHA/solution1/.autopilot/db/sha256.design.xml 
Execute       get_config_rtl -disable_wave_debug 
Execute       syn_report -wcfg -model sha256 -o D:/VLSINew/SHA/solution1/.autopilot/db/sha256_dataflow_ana.wcfg 
Execute       syn_report -protoinst -model sha256 -o D:/VLSINew/SHA/solution1/.autopilot/db/sha256.protoinst 
Execute       get_config_debug -directory 
Execute       sc_get_clocks sha256 
Execute       get_config_export -vivado_clock 
Execute       sc_get_portdomain sha256 
INFO-FLOW: Model list for RTL component generation: sha256_transform sha256_update sha256_final sha256
INFO-FLOW: Handling components in module [sha256_transform] ... 
Execute       source D:/VLSINew/SHA/solution1/.autopilot/db/sha256_transform.compgen.tcl 
INFO-FLOW: Found component sha256_transform_k.
INFO-FLOW: Append model sha256_transform_k
INFO-FLOW: Found component sha256_transform_m.
INFO-FLOW: Append model sha256_transform_m
INFO-FLOW: Handling components in module [sha256_update] ... 
Execute       source D:/VLSINew/SHA/solution1/.autopilot/db/sha256_update.compgen.tcl 
INFO-FLOW: Handling components in module [sha256_final] ... 
Execute       source D:/VLSINew/SHA/solution1/.autopilot/db/sha256_final.compgen.tcl 
INFO-FLOW: Handling components in module [sha256] ... 
Execute       source D:/VLSINew/SHA/solution1/.autopilot/db/sha256.compgen.tcl 
INFO-FLOW: Found component sha256_seg_buf.
INFO-FLOW: Append model sha256_seg_buf
INFO-FLOW: Found component sha256_sha256ctx_bkb.
INFO-FLOW: Append model sha256_sha256ctx_bkb
INFO-FLOW: Found component sha256_AXILiteS_s_axi.
INFO-FLOW: Append model sha256_AXILiteS_s_axi
INFO-FLOW: Append model sha256_transform
INFO-FLOW: Append model sha256_update
INFO-FLOW: Append model sha256_final
INFO-FLOW: Append model sha256
INFO-FLOW: Generating RTL model list ...
INFO-FLOW: All models in this session: sha256_transform_k sha256_transform_m sha256_seg_buf sha256_sha256ctx_bkb sha256_AXILiteS_s_axi sha256_transform sha256_update sha256_final sha256
INFO-FLOW: To file: write model sha256_transform_k
INFO-FLOW: To file: write model sha256_transform_m
INFO-FLOW: To file: write model sha256_seg_buf
INFO-FLOW: To file: write model sha256_sha256ctx_bkb
INFO-FLOW: To file: write model sha256_AXILiteS_s_axi
INFO-FLOW: To file: write model sha256_transform
INFO-FLOW: To file: write model sha256_update
INFO-FLOW: To file: write model sha256_final
INFO-FLOW: To file: write model sha256
INFO-FLOW: Finished generating RTL model list.


INFO-FLOW: RTL Generation done.
INFO-FLOW: CAS Generation done.
INFO-FLOW: CBC Generation done.
INFO-FLOW: DBG:CMD: auto_generate_csynth_design
INFO-FLOW: DBG:CMD:     auto_generate --sim-model -phase csynth_design -d D:/VLSINew/SHA/solution1
Execute       source D:/VLSINew/SHA/solution1/.autopilot/db/global.setting.tcl 
INFO-FLOW: DBG:CMD: read_platform_lib D:/VLSINew/SHA/solution1/.autopilot/db/global.setting.tcl
Execute       source C:/Xilinx/Vivado/2019.1/common/technology/generic/autopilot/common.gen 
Execute         source C:/Xilinx/Vivado/2019.1/common/technology/generic/autopilot/APCoreGen.gen 
Execute       source C:/Xilinx/Vivado/2019.1/common/technology/generic/autopilot/op.gen 
Execute       source C:/Xilinx/Vivado/2019.1/common/technology/generic/autopilot/op_simcore.gen 
Execute       source C:/Xilinx/Vivado/2019.1/common/technology/generic/autopilot/interface.gen 
Execute       source D:/VLSINew/SHA/solution1/.autopilot/db/global.setting.tcl 
Execute       source C:/Xilinx/Vivado/2019.1/common/technology/xilinx/zynq/zynq.gen 
Execute         source C:/Xilinx/Vivado/2019.1/common/technology/xilinx/common/xilinx.gen 
Execute           source C:/Xilinx/Vivado/2019.1/common/technology/xilinx/interface/plb46.gen 
Execute           source C:/Xilinx/Vivado/2019.1/common/technology/xilinx/interface/fsl.gen 
Execute           source C:/Xilinx/Vivado/2019.1/common/technology/xilinx/interface/axi4.gen 
Execute           source C:/Xilinx/Vivado/2019.1/common/technology/xilinx/interface/nativeAXI4.gen 
Execute             source C:/Xilinx/Vivado/2019.1/common/technology/xilinx/interface/saxilite.gen 
Execute             source C:/Xilinx/Vivado/2019.1/common/technology/xilinx/interface/maxi.gen 
Execute           source C:/Xilinx/Vivado/2019.1/common/technology/xilinx/scripts/xilinxcoregen.gen 
Execute           source C:/Xilinx/Vivado/2019.1/common/technology/xilinx/interface/XilEDKCoreGen.gen 
Execute           source C:/Xilinx/Vivado/2019.1/common/technology/xilinx/ip/dds_compiler.gen 
Execute           source C:/Xilinx/Vivado/2019.1/common/technology/xilinx/ip/util.gen 
Execute           source C:/Xilinx/Vivado/2019.1/common/technology/xilinx/ip/xfft.gen 
Execute           source C:/Xilinx/Vivado/2019.1/common/technology/xilinx/ip/xfir.gen 
Execute           source C:/Xilinx/Vivado/2019.1/common/technology/xilinx/common/dsp48.gen 
Execute       source C:/Xilinx/Vivado/2019.1/common/technology/xilinx/zynq/zynq_fpv6.gen 
Execute         source C:/Xilinx/Vivado/2019.1/common/technology/xilinx/common/xilinx_fp.gen 
INFO-FLOW: DBG:CMD:   using AESL_AUTOCG::g_clock_period=10.000 (was NA)
INFO-FLOW: DBG:CMD:       generate_ip_cores sim=1 export=0 expOnly=0 dstVlogDir=syn/verilog
Execute       source D:/VLSINew/SHA/solution1/.autopilot/db/global.setting.tcl 
Execute       ap_part_info -name xc7z020-clg484-1 -data names -quiet 
Execute       ap_part_info -name xc7z020-clg484-1 -data info -quiet 
Execute       source D:/VLSINew/SHA/solution1/.autopilot/db/global.setting.tcl 
Execute       source D:/VLSINew/SHA/solution1/.autopilot/db/global.setting.tcl 
Execute       source D:/VLSINew/SHA/solution1/.autopilot/db/sha256_transform.compgen.tcl 
Execute         ap_part_info -name xc7z020-clg484-1 -data names -quiet 
Execute         ap_part_info -name xc7z020-clg484-1 -data info -quiet 
INFO: [RTMG 210-279] Implementing memory 'sha256_transform_k_rom' using auto ROMs.
Execute         ap_part_info -name xc7z020-clg484-1 -data names -quiet 
Execute         ap_part_info -name xc7z020-clg484-1 -data info -quiet 
Execute         ap_part_info -name xc7z020-clg484-1 -data names -quiet 
Execute         ap_part_info -name xc7z020-clg484-1 -data info -quiet 
INFO: [RTMG 210-278] Implementing memory 'sha256_transform_m_ram (RAM)' using block RAMs.
Execute         ap_part_info -name xc7z020-clg484-1 -data names -quiet 
Execute         ap_part_info -name xc7z020-clg484-1 -data info -quiet 
Execute       source D:/VLSINew/SHA/solution1/.autopilot/db/sha256_update.compgen.tcl 
Execute       source D:/VLSINew/SHA/solution1/.autopilot/db/sha256_final.compgen.tcl 
Execute       source D:/VLSINew/SHA/solution1/.autopilot/db/sha256.compgen.tcl 
INFO: [RTMG 210-278] Implementing memory 'sha256_seg_buf_ram (RAM)' using block RAMs.
Execute         ap_part_info -name xc7z020-clg484-1 -data names -quiet 
Execute         ap_part_info -name xc7z020-clg484-1 -data info -quiet 
INFO: [RTMG 210-278] Implementing memory 'sha256_sha256ctx_bkb_ram (RAM)' using block RAMs.
Execute         ap_part_info -name xc7z020-clg484-1 -data names -quiet 
Execute         ap_part_info -name xc7z020-clg484-1 -data info -quiet 
Execute         source ./AXILiteS.slave.tcl 
Execute         is_m_axi_addr64 
INFO-FLOW: DBG:CMD:     auto_generate -export -impltomg_flag -rtl both -tool Vivado -pcore_version 1.00.a -phase csynth_design -d D:/VLSINew/SHA/solution1
Execute       source D:/VLSINew/SHA/solution1/.autopilot/db/global.setting.tcl 
INFO-FLOW: DBG:CMD: read_platform_lib D:/VLSINew/SHA/solution1/.autopilot/db/global.setting.tcl
Execute       source C:/Xilinx/Vivado/2019.1/common/technology/generic/autopilot/common.gen 
Execute         source C:/Xilinx/Vivado/2019.1/common/technology/generic/autopilot/APCoreGen.gen 
Execute       source C:/Xilinx/Vivado/2019.1/common/technology/generic/autopilot/op.gen 
Execute       source C:/Xilinx/Vivado/2019.1/common/technology/generic/autopilot/op_simcore.gen 
Execute       source C:/Xilinx/Vivado/2019.1/common/technology/generic/autopilot/interface.gen 
Execute       source D:/VLSINew/SHA/solution1/.autopilot/db/global.setting.tcl 
Execute       source C:/Xilinx/Vivado/2019.1/common/technology/xilinx/zynq/zynq.gen 
Execute         source C:/Xilinx/Vivado/2019.1/common/technology/xilinx/common/xilinx.gen 
Execute           source C:/Xilinx/Vivado/2019.1/common/technology/xilinx/interface/plb46.gen 
Execute           source C:/Xilinx/Vivado/2019.1/common/technology/xilinx/interface/fsl.gen 
Execute           source C:/Xilinx/Vivado/2019.1/common/technology/xilinx/interface/axi4.gen 
Execute           source C:/Xilinx/Vivado/2019.1/common/technology/xilinx/interface/nativeAXI4.gen 
Execute             source C:/Xilinx/Vivado/2019.1/common/technology/xilinx/interface/saxilite.gen 
Execute             source C:/Xilinx/Vivado/2019.1/common/technology/xilinx/interface/maxi.gen 
Execute           source C:/Xilinx/Vivado/2019.1/common/technology/xilinx/scripts/xilinxcoregen.gen 
Execute           source C:/Xilinx/Vivado/2019.1/common/technology/xilinx/interface/XilEDKCoreGen.gen 
Execute           source C:/Xilinx/Vivado/2019.1/common/technology/xilinx/ip/dds_compiler.gen 
Execute           source C:/Xilinx/Vivado/2019.1/common/technology/xilinx/ip/util.gen 
Execute           source C:/Xilinx/Vivado/2019.1/common/technology/xilinx/ip/xfft.gen 
Execute           source C:/Xilinx/Vivado/2019.1/common/technology/xilinx/ip/xfir.gen 
Execute           source C:/Xilinx/Vivado/2019.1/common/technology/xilinx/common/dsp48.gen 
Execute       source C:/Xilinx/Vivado/2019.1/common/technology/xilinx/zynq/zynq_fpv6.gen 
Execute         source C:/Xilinx/Vivado/2019.1/common/technology/xilinx/common/xilinx_fp.gen 
INFO-FLOW: DBG:CMD:       initCTypeInfo top_module=sha256 xml_exists=0
Execute       source D:/VLSINew/SHA/solution1/.autopilot/db/sha256.rtl_wrap.cfg.tcl 
Execute       source D:/VLSINew/SHA/solution1/.autopilot/db/sha256.rtl_wrap.cfg.tcl 
Execute       source D:/VLSINew/SHA/solution1/.autopilot/db/sha256.rtl_wrap.cfg.tcl 
Execute       source D:/VLSINew/SHA/solution1/.autopilot/db/sha256.tbgen.tcl 
Execute       source D:/VLSINew/SHA/solution1/.autopilot/db/sha256.tbgen.tcl 
INFO-FLOW: DBG:CMD:       export_impl_rtl
INFO-FLOW: DBG:CMD:       generate_ip_cores sim=0 export=0 expOnly=0 dstVlogDir=impl/.verilog
Execute       source D:/VLSINew/SHA/solution1/.autopilot/db/global.setting.tcl 
Execute       source D:/VLSINew/SHA/solution1/.autopilot/db/sha256_transform.compgen.tcl 
Execute       source D:/VLSINew/SHA/solution1/.autopilot/db/sha256_update.compgen.tcl 
Execute       source D:/VLSINew/SHA/solution1/.autopilot/db/sha256_final.compgen.tcl 
Execute       source D:/VLSINew/SHA/solution1/.autopilot/db/sha256.compgen.tcl 
INFO-FLOW: DBG:CMD:       generate_ip_cores sim=0 export=1 expOnly=1 dstVlogDir=impl/.pcores/verilog
Execute       source D:/VLSINew/SHA/solution1/.autopilot/db/global.setting.tcl 
Execute       source D:/VLSINew/SHA/solution1/.autopilot/db/sha256_transform.compgen.tcl 
Execute       source D:/VLSINew/SHA/solution1/.autopilot/db/sha256_update.compgen.tcl 
Execute       source D:/VLSINew/SHA/solution1/.autopilot/db/sha256_final.compgen.tcl 
Execute       source D:/VLSINew/SHA/solution1/.autopilot/db/sha256.compgen.tcl 
Execute         ap_part_info -name xc7z020-clg484-1 -data names -quiet 
Execute         ap_part_info -name xc7z020-clg484-1 -data info -quiet 
Execute         ap_part_info -name xc7z020-clg484-1 -data names -quiet 
Execute         ap_part_info -name xc7z020-clg484-1 -data info -quiet 
Execute         ap_part_info -name xc7z020-clg484-1 -data names -quiet 
Execute         ap_part_info -name xc7z020-clg484-1 -data info -quiet 
Execute         ap_part_info -name xc7z020-clg484-1 -data names -quiet 
Execute         ap_part_info -name xc7z020-clg484-1 -data info -quiet 
Execute         ap_part_info -name xc7z020-clg484-1 -data names -quiet 
Execute         ap_part_info -name xc7z020-clg484-1 -data info -quiet 
Execute         ap_part_info -name xc7z020-clg484-1 -data names -quiet 
Execute         ap_part_info -name xc7z020-clg484-1 -data info -quiet 
Execute       ap_part_info -name xc7z020-clg484-1 -data names -quiet 
Execute       ap_part_info -name xc7z020-clg484-1 -data info -quiet 
INFO-FLOW: DBG:CMD:       generate_ip_cores sim=0 export=0 expOnly=0 dstVlogDir=impl/.pcores/verilog_sim
Execute       source D:/VLSINew/SHA/solution1/.autopilot/db/global.setting.tcl 
Execute       source D:/VLSINew/SHA/solution1/.autopilot/db/sha256_transform.compgen.tcl 
Execute       source D:/VLSINew/SHA/solution1/.autopilot/db/sha256_update.compgen.tcl 
Execute       source D:/VLSINew/SHA/solution1/.autopilot/db/sha256_final.compgen.tcl 
Execute       source D:/VLSINew/SHA/solution1/.autopilot/db/sha256.compgen.tcl 
Execute       ap_part_info -name xc7z020-clg484-1 -data names -quiet 
Execute       ap_part_info -name xc7z020-clg484-1 -data info -quiet 
Execute       ap_part_info -name xc7z020-clg484-1 -data names -quiet 
Execute       ap_part_info -name xc7z020-clg484-1 -data info -quiet 
Execute       source D:/VLSINew/SHA/solution1/.autopilot/db/global.setting.tcl 
Execute       ap_part_info -name xc7z020-clg484-1 -data names -quiet 
Execute       ap_part_info -name xc7z020-clg484-1 -data info -quiet 
Execute       source D:/VLSINew/SHA/solution1/.autopilot/db/sha256.constraint.tcl 
Execute       source D:/VLSINew/SHA/solution1/.autopilot/db/sha256.tbgen.tcl 
INFO-FLOW: DBG:CMD:       hasPcoreIpAdapter=false #gSsdmPorts=0
INFO-FLOW: DBG:CMD: Skipping loadAnalyze_DB, #g_database=4
INFO-FLOW: DBG:CMD:       generate_json is_phase_csynth=1 g_has_adaptors=false generate_bd_files=0 #modelList=9 #gSsdmPorts=0
Execute       source C:/Xilinx/Vivado/2019.1/tps/tcl/tcllib1.11.1/fileutil/fileutil.tcl 
Execute       source D:/VLSINew/SHA/solution1/.autopilot/db/global.setting.tcl 
Execute       source D:/VLSINew/SHA/solution1/.autopilot/db/global.setting.tcl 
Execute       get_config_export -xo 
Execute       source D:/VLSINew/SHA/solution1/.autopilot/db/sha256.tbgen.tcl 
Execute       source D:/VLSINew/SHA/solution1/.autopilot/db/sha256.compgen.dataonly.tcl 
Execute       source D:/VLSINew/SHA/solution1/.autopilot/db/sha256.compgen.dataonly.tcl 
Execute       source D:/VLSINew/SHA/solution1/.autopilot/db/sha256.tbgen.tcl 
Execute       source D:/VLSINew/SHA/solution1/.autopilot/db/global.setting.tcl 
Execute       get_config_sdx -target 
Execute       source D:/VLSINew/SHA/solution1/.autopilot/db/sha256.rtl_wrap.cfg.tcl 
Execute       source D:/VLSINew/SHA/solution1/.autopilot/db/sha256.compgen.dataonly.tcl 
Execute       source D:/VLSINew/SHA/solution1/.autopilot/db/global.setting.tcl 
Execute       ap_part_info -name xc7z020-clg484-1 -data names -quiet 
Execute       ap_part_info -name xc7z020-clg484-1 -data info -quiet 
Execute       source D:/VLSINew/SHA/solution1/.autopilot/db/sha256.constraint.tcl 
Execute       sc_get_clocks sha256 
Execute       ap_part_info -name xc7z020-clg484-1 -data names -quiet 
Execute       ap_part_info -name xc7z020-clg484-1 -data info -quiet 
Execute       source D:/VLSINew/SHA/solution1/.autopilot/db/global.setting.tcl 
Execute       get_config_debug -directory 
Execute       source D:/VLSINew/SHA/solution1/.autopilot/db/sha256_transform.tbgen.tcl 
Execute       source D:/VLSINew/SHA/solution1/.autopilot/db/sha256_update.tbgen.tcl 
Execute       source D:/VLSINew/SHA/solution1/.autopilot/db/sha256_final.tbgen.tcl 
Execute       source D:/VLSINew/SHA/solution1/.autopilot/db/sha256.tbgen.tcl 
Execute       get_config_sdx -target 
Execute       get_config_sdx -profile 
Execute       get_config_rtl -kernel_profile 
Execute       get_config_rtl -stall_sig_gen 
Execute       get_config_rtl -profile 
INFO-FLOW: DBG:CMD: add_json_sdx_info kernel file does not exist, skipping opencl info: D:/VLSINew/SHA/solution1/.autopilot/db/kernel.internal.xml
INFO-FLOW: DBG:CMD:       delete-temp-dirs (skipped for debug)
INFO: [HLS 200-111] Finished generating all RTL models Time (s): cpu = 00:00:04 ; elapsed = 00:00:12 . Memory (MB): peak = 203.281 ; gain = 112.414
INFO: [VHDL 208-304] Generating VHDL RTL for sha256.
INFO: [VLOG 209-307] Generating Verilog RTL for sha256.
Command     autosyn done; 3.115 sec.
Command   csynth_design done; 11.082 sec.
Command ap_source done; 11.838 sec.
Execute cleanup_all 
INFO-FLOW: Workspace D:/VLSINew/SHA/solution1 opened at Wed Apr 14 11:37:26 +0530 2021
Execute     config_clock -quiet -name default -period 10 -default=false 
INFO: [SYN 201-201] Setting up clock 'default' with a period of 10ns.
Execute     open_platform DefaultPlatform 
Execute     import_lib C:/Xilinx/Vivado/2019.1/common/technology/xilinx/zynq/zynq 
Execute       source C:/Xilinx/Vivado/2019.1/common/technology/xilinx/common/xilinx.lib 
Execute         source C:/Xilinx/Vivado/2019.1/common/technology/xilinx/interface/xilinx_interface.lib 
Execute           source C:/Xilinx/Vivado/2019.1/common/technology/xilinx/interface/plb46.lib 
Execute           source C:/Xilinx/Vivado/2019.1/common/technology/xilinx/interface/fsl.lib 
Execute           source C:/Xilinx/Vivado/2019.1/common/technology/xilinx/interface/axi4.lib 
Execute           source C:/Xilinx/Vivado/2019.1/common/technology/xilinx/interface/maxi.lib 
Execute           source C:/Xilinx/Vivado/2019.1/common/technology/xilinx/interface/saxilite.lib 
Execute         source C:/Xilinx/Vivado/2019.1/common/technology/xilinx/common/dsp48.lib 
Execute         source C:/Xilinx/Vivado/2019.1/common/technology/xilinx/ip/dds_compiler.lib 
Execute         source C:/Xilinx/Vivado/2019.1/common/technology/xilinx/ip/xfft.lib 
Execute         source C:/Xilinx/Vivado/2019.1/common/technology/xilinx/ip/xfir.lib 
Execute       source C:/Xilinx/Vivado/2019.1/common/technology/xilinx/common/xilinx.hlp 
Execute         source C:/Xilinx/Vivado/2019.1/common/technology/xilinx/common/target_info.tcl 
Execute         source C:/Xilinx/Vivado/2019.1/common/technology/xilinx/interface/xilinx_interface.hlp 
Execute           source C:/Xilinx/Vivado/2019.1/common/technology/xilinx/interface/maxi.hlp 
Execute           source C:/Xilinx/Vivado/2019.1/common/technology/xilinx/interface/saxilite.hlp 
Execute         source C:/Xilinx/Vivado/2019.1/common/technology/xilinx/common/dsp48.hlp 
Execute       source C:/Xilinx/Vivado/2019.1/common/technology/xilinx/zynq/dsp48e1.hlp 
Execute       source C:/Xilinx/Vivado/2019.1/common/technology/xilinx/common/xilinx.hlp 
Execute         source C:/Xilinx/Vivado/2019.1/common/technology/xilinx/common/target_info.tcl 
Execute         source C:/Xilinx/Vivado/2019.1/common/technology/xilinx/interface/xilinx_interface.hlp 
Execute           source C:/Xilinx/Vivado/2019.1/common/technology/xilinx/interface/maxi.hlp 
Execute           source C:/Xilinx/Vivado/2019.1/common/technology/xilinx/interface/saxilite.hlp 
Execute         source C:/Xilinx/Vivado/2019.1/common/technology/xilinx/common/dsp48.hlp 
Command     import_lib done; 0.104 sec.
Execute     source C:/Xilinx/Vivado/2019.1/common/technology/xilinx/zynq/zynq.gen 
Execute       source C:/Xilinx/Vivado/2019.1/common/technology/xilinx/common/xilinx.gen 
Execute         source C:/Xilinx/Vivado/2019.1/common/technology/xilinx/interface/plb46.gen 
Execute         source C:/Xilinx/Vivado/2019.1/common/technology/xilinx/interface/fsl.gen 
Execute         source C:/Xilinx/Vivado/2019.1/common/technology/xilinx/interface/axi4.gen 
Execute         source C:/Xilinx/Vivado/2019.1/common/technology/xilinx/interface/nativeAXI4.gen 
Execute           source C:/Xilinx/Vivado/2019.1/common/technology/xilinx/interface/saxilite.gen 
Execute           source C:/Xilinx/Vivado/2019.1/common/technology/xilinx/interface/maxi.gen 
Execute         source C:/Xilinx/Vivado/2019.1/common/technology/xilinx/scripts/xilinxcoregen.gen 
Execute         source C:/Xilinx/Vivado/2019.1/common/technology/xilinx/interface/XilEDKCoreGen.gen 
Execute         source C:/Xilinx/Vivado/2019.1/common/technology/xilinx/ip/dds_compiler.gen 
Execute         source C:/Xilinx/Vivado/2019.1/common/technology/xilinx/ip/util.gen 
Execute         source C:/Xilinx/Vivado/2019.1/common/technology/xilinx/ip/xfft.gen 
Execute         source C:/Xilinx/Vivado/2019.1/common/technology/xilinx/ip/xfir.gen 
Execute         source C:/Xilinx/Vivado/2019.1/common/technology/xilinx/common/dsp48.gen 
Command       ap_source done; 0.162 sec.
Command     ap_source done; 0.166 sec.
Execute     open_platform DefaultPlatform 
Execute     import_lib C:/Xilinx/Vivado/2019.1/common/technology/xilinx/zynq/zynq_fpv6 
Execute       source C:/Xilinx/Vivado/2019.1/common/technology/xilinx/common/xilinx_fp.lib 
Execute       source C:/Xilinx/Vivado/2019.1/common/technology/xilinx/common/xilinx_fp.hlp 
Execute         source C:/Xilinx/Vivado/2019.1/common/technology/xilinx/common/xilinx.hlp 
Execute           source C:/Xilinx/Vivado/2019.1/common/technology/xilinx/common/target_info.tcl 
Execute           source C:/Xilinx/Vivado/2019.1/common/technology/xilinx/interface/xilinx_interface.hlp 
Execute             source C:/Xilinx/Vivado/2019.1/common/technology/xilinx/interface/maxi.hlp 
Execute             source C:/Xilinx/Vivado/2019.1/common/technology/xilinx/interface/saxilite.hlp 
Execute           source C:/Xilinx/Vivado/2019.1/common/technology/xilinx/common/dsp48.hlp 
Execute     source C:/Xilinx/Vivado/2019.1/common/technology/xilinx/zynq/zynq_fpv6.gen 
Execute       source C:/Xilinx/Vivado/2019.1/common/technology/xilinx/common/xilinx_fp.gen 
Execute     set_part xc7z020-clg484-1 
Execute       ap_part_info -name xc7z020-clg484-1 -data single -quiet 
Command       ap_part_info done; 0.697 sec.
Execute       ap_part_info -name xc7z020-clg484-1 -data info 
Execute       add_library xilinx/zynq/zynq:xc7z020:-clg484:-1 
Execute         get_default_platform 
Execute         license_isbetapart xc7z020 
Command         license_isbetapart done; error code: 1; 
Execute         ap_part_info -data single -name xc7z020-clg484-1 
Execute         ap_part_info -name xc7z020-clg484-1 -data resources 
Execute         ap_part_info -name xc7z020-clg484-1 -data info 
Execute         ap_part_info -name xc7z020-clg484-1 -data info 
Execute         config_chip_info -quiet -resource {SLICE 13300} {LUT 53200} {FF 106400} {DSP48E 220} {BRAM 280} {URAM 0} 
Execute         ap_part_info -name xc7z020-clg484-1 -data info 
Execute         config_chip_info -quiet -speed slow 
Execute       add_library xilinx/zynq/zynq_fpv6 
Execute         get_default_platform 
INFO: [HLS 200-10] Setting target device to 'xc7z020-clg484-1'
Execute       ap_part_info -name xc7z020-clg484-1 -data info 
Execute       get_default_platform 
Command     set_part done; 0.803 sec.
Execute     ap_part_info -data single -name xc7z020-clg484-1 
Execute     ap_part_info -name xc7z020-clg484-1 -data resources 
Execute     ap_part_info -name xc7z020-clg484-1 -data info 
Execute     ap_part_info -name xc7z020-clg484-1 -data info 
Execute     config_chip_info -quiet -resource {SLICE 13300} {LUT 53200} {FF 106400} {DSP48E 220} {BRAM 280} {URAM 0} 
Execute     ap_part_info -name xc7z020-clg484-1 -data info 
Execute     config_chip_info -quiet -speed slow 
Command   open_solution done; 1.156 sec.
Execute   cosim_design -trace_level all 
Execute     source D:/VLSINew/SHA/solution1/.autopilot/db/global.setting.tcl 
Execute     source D:/VLSINew/SHA/solution1/.autopilot/db/global.setting.tcl 
Execute     source D:/VLSINew/SHA/solution1/.autopilot/db/global.setting.tcl 
INFO-FLOW: DBG:CMD: read_platform_lib D:/VLSINew/SHA/solution1/.autopilot/db/global.setting.tcl
Execute     source C:/Xilinx/Vivado/2019.1/common/technology/generic/autopilot/common.gen 
Execute       source C:/Xilinx/Vivado/2019.1/common/technology/generic/autopilot/APCoreGen.gen 
Execute     source C:/Xilinx/Vivado/2019.1/common/technology/generic/autopilot/op.gen 
Execute     source C:/Xilinx/Vivado/2019.1/common/technology/generic/autopilot/op_simcore.gen 
Execute     source C:/Xilinx/Vivado/2019.1/common/technology/generic/autopilot/interface.gen 
Execute     source D:/VLSINew/SHA/solution1/.autopilot/db/global.setting.tcl 
Execute     source C:/Xilinx/Vivado/2019.1/common/technology/xilinx/zynq/zynq.gen 
Execute       source C:/Xilinx/Vivado/2019.1/common/technology/xilinx/common/xilinx.gen 
Execute         source C:/Xilinx/Vivado/2019.1/common/technology/xilinx/interface/plb46.gen 
Execute         source C:/Xilinx/Vivado/2019.1/common/technology/xilinx/interface/fsl.gen 
Execute         source C:/Xilinx/Vivado/2019.1/common/technology/xilinx/interface/axi4.gen 
Execute         source C:/Xilinx/Vivado/2019.1/common/technology/xilinx/interface/nativeAXI4.gen 
Execute           source C:/Xilinx/Vivado/2019.1/common/technology/xilinx/interface/saxilite.gen 
Execute           source C:/Xilinx/Vivado/2019.1/common/technology/xilinx/interface/maxi.gen 
Execute         source C:/Xilinx/Vivado/2019.1/common/technology/xilinx/scripts/xilinxcoregen.gen 
Execute         source C:/Xilinx/Vivado/2019.1/common/technology/xilinx/interface/XilEDKCoreGen.gen 
Execute         source C:/Xilinx/Vivado/2019.1/common/technology/xilinx/ip/dds_compiler.gen 
Execute         source C:/Xilinx/Vivado/2019.1/common/technology/xilinx/ip/util.gen 
Execute         source C:/Xilinx/Vivado/2019.1/common/technology/xilinx/ip/xfft.gen 
Execute         source C:/Xilinx/Vivado/2019.1/common/technology/xilinx/ip/xfir.gen 
Execute         source C:/Xilinx/Vivado/2019.1/common/technology/xilinx/common/dsp48.gen 
Execute     source C:/Xilinx/Vivado/2019.1/common/technology/xilinx/zynq/zynq_fpv6.gen 
Execute       source C:/Xilinx/Vivado/2019.1/common/technology/xilinx/common/xilinx_fp.gen 
INFO-FLOW: DBG:CMD:   using AESL_AUTOCG::g_clock_period=10.000 (was NA)
Execute     ap_part_info -name xc7z020-clg484-1 -data names -quiet 
Execute     ap_part_info -name xc7z020-clg484-1 -data info -quiet 
Execute     source D:/VLSINew/SHA/solution1/.autopilot/db/global.setting.tcl 
Execute     source D:/VLSINew/SHA/solution1/.autopilot/db/sha256.rtl_wrap.cfg.tcl 
Execute     source D:/VLSINew/SHA/solution1/.autopilot/db/sha256.tbgen.tcl 
Execute     is_encrypted D:/VLSINew/SHA_new/SHA_new/sha256_tb.c 
Execute     is_encrypted D:/VLSINew/SHA_new/SHA_new/sha256_impl.c 
Execute     is_encrypted D:/VLSINew/SHA_new/SHA_new/sha256.c 
Execute     source D:/VLSINew/SHA/solution1/.autopilot/db/sha256.tbgen.tcl 
Execute     source D:/VLSINew/SHA/solution1/.autopilot/db/sha256.tbgen.tcl 
INFO: [COSIM 212-47] Using XSIM for RTL simulation.
INFO: [COSIM 212-14] Instrumenting C test bench ...
Execute     ap_part_info -name xc7z020-clg484-1 -data info 
INFO-FLOW: TB processing: D:/VLSINew/SHA_new/SHA_new/sha256_tb.c D:/VLSINew/SHA/solution1/./sim/autowrap/testbench/sha256_tb.c_pre.c
Execute     tidy_31 xilinx-tb-xfmat D:/VLSINew/SHA/solution1/./sim/autowrap/testbench/sha256_tb.c_pre.c std=gnu89 
INFO-FLOW: exec C:/Xilinx/Vivado/2019.1/win64/tools/clang-3.9-csynth/bin/tidy-3.1 -header-filter=.* -checks=-*,xilinx-tb-xfmat -quiet -fix-errors D:/VLSINew/SHA/solution1/./sim/autowrap/testbench/sha256_tb.c_pre.c -- -std=gnu89 -fhls -ferror-limit=0
Execute     tidy_31 xilinx-tb31-process D:/VLSINew/SHA/solution1/./sim/autowrap/testbench/sha256_tb.c_pre.c.tb.c std=gnu89 
INFO-FLOW: exec C:/Xilinx/Vivado/2019.1/win64/tools/clang-3.9-csynth/bin/tidy-3.1 -header-filter=.* -checks=-*,xilinx-tb31-process -quiet -fix-errors D:/VLSINew/SHA/solution1/./sim/autowrap/testbench/sha256_tb.c_pre.c.tb.c -- -std=gnu89 -fhls -ferror-limit=0
Execute     ap_part_info -name xc7z020-clg484-1 -data info 
INFO-FLOW: TB processing: D:/VLSINew/SHA_new/SHA_new/sha256_impl.c D:/VLSINew/SHA/solution1/./sim/autowrap/testbench/sha256_impl.c_pre.c
Execute     tidy_31 xilinx-tb-xfmat D:/VLSINew/SHA/solution1/./sim/autowrap/testbench/sha256_impl.c_pre.c std=gnu89 
INFO-FLOW: exec C:/Xilinx/Vivado/2019.1/win64/tools/clang-3.9-csynth/bin/tidy-3.1 -header-filter=.* -checks=-*,xilinx-tb-xfmat -quiet -fix-errors D:/VLSINew/SHA/solution1/./sim/autowrap/testbench/sha256_impl.c_pre.c -- -std=gnu89 -fhls -ferror-limit=0
Execute     tidy_31 xilinx-tb31-process D:/VLSINew/SHA/solution1/./sim/autowrap/testbench/sha256_impl.c_pre.c.tb.c std=gnu89 
INFO-FLOW: exec C:/Xilinx/Vivado/2019.1/win64/tools/clang-3.9-csynth/bin/tidy-3.1 -header-filter=.* -checks=-*,xilinx-tb31-process -quiet -fix-errors D:/VLSINew/SHA/solution1/./sim/autowrap/testbench/sha256_impl.c_pre.c.tb.c -- -std=gnu89 -fhls -ferror-limit=0
Execute     ap_part_info -name xc7z020-clg484-1 -data info 
INFO-FLOW: TB processing: D:/VLSINew/SHA_new/SHA_new/sha256.c D:/VLSINew/SHA/solution1/./sim/autowrap/testbench/sha256.c_pre.c
Execute     tidy_31 xilinx-tb-xfmat D:/VLSINew/SHA/solution1/./sim/autowrap/testbench/sha256.c_pre.c std=gnu89 
INFO-FLOW: exec C:/Xilinx/Vivado/2019.1/win64/tools/clang-3.9-csynth/bin/tidy-3.1 -header-filter=.* -checks=-*,xilinx-tb-xfmat -quiet -fix-errors D:/VLSINew/SHA/solution1/./sim/autowrap/testbench/sha256.c_pre.c -- -std=gnu89 -fhls -ferror-limit=0
Execute     tidy_31 xilinx-tb31-process D:/VLSINew/SHA/solution1/./sim/autowrap/testbench/sha256.c_pre.c.tb.c std=gnu89 
INFO-FLOW: exec C:/Xilinx/Vivado/2019.1/win64/tools/clang-3.9-csynth/bin/tidy-3.1 -header-filter=.* -checks=-*,xilinx-tb31-process -quiet -fix-errors D:/VLSINew/SHA/solution1/./sim/autowrap/testbench/sha256.c_pre.c.tb.c -- -std=gnu89 -fhls -ferror-limit=0
Execute     source D:/VLSINew/SHA/solution1/.autopilot/db/global.setting.tcl 
Execute     source D:/VLSINew/SHA/solution1/.autopilot/db/sha256.rtl_wrap.cfg.tcl 
Execute     source D:/VLSINew/SHA/solution1/.autopilot/db/sha256.rtl_wrap.cfg.tcl 
Execute     source D:/VLSINew/SHA/solution1/.autopilot/db/sha256.rtl_wrap.cfg.tcl 
Execute     source D:/VLSINew/SHA/solution1/.autopilot/db/sha256.tbgen.tcl 
Execute     source D:/VLSINew/SHA/solution1/.autopilot/db/sha256.tbgen.tcl 
Execute     ap_part_info -name xc7z020-clg484-1 -data info 
Execute     source D:/VLSINew/SHA/solution1/.autopilot/db/sha256.rtl_wrap.cfg.tcl 
Execute     source .run_sim.tcl 
INFO: [COSIM 212-302] Starting C TB testing ... 
Command     ap_source done; 0.492 sec.
INFO: [COSIM 212-333] Generating C post check test bench ...
Execute     ap_part_info -name xc7z020-clg484-1 -data info 
Execute     source D:/VLSINew/SHA/solution1/.autopilot/db/sha256.rtl_wrap.cfg.tcl 
INFO: [COSIM 212-12] Generating RTL test bench ...
Execute     source D:/VLSINew/SHA/solution1/.autopilot/db/sha256.tbgen.tcl 
Execute     source D:/VLSINew/SHA/solution1/.autopilot/db/sha256.tbgen.tcl 
Execute     source D:/VLSINew/SHA/solution1/.autopilot/db/sha256.tbgen.tcl 
Execute     source D:/VLSINew/SHA/solution1/.autopilot/db/sha256.tbgen.tcl 
Execute     source ../tv/cdatafile/ref.tcl 
Execute     source D:/VLSINew/SHA/solution1/.autopilot/db/sha256.tbgen.tcl 
Execute     source D:/VLSINew/SHA/solution1/.autopilot/db/sha256.tbgen.tcl 
Execute     source D:/VLSINew/SHA/solution1/.autopilot/db/sha256.tbgen.tcl 
Execute     source D:/VLSINew/SHA/solution1/.autopilot/db/sha256.tbgen.tcl 
Execute     source D:/VLSINew/SHA/solution1/.autopilot/db/sha256.tbgen.tcl 
Execute     source D:/VLSINew/SHA/solution1/.autopilot/db/sha256.tbgen.tcl 
Execute     source D:/VLSINew/SHA/solution1/.autopilot/db/sha256.tbgen.tcl 
Execute     source D:/VLSINew/SHA/solution1/.autopilot/db/sha256.tbgen.tcl 
Execute     source D:/VLSINew/SHA/solution1/.autopilot/db/sha256.tbgen.tcl 
Execute     source D:/VLSINew/SHA/solution1/.autopilot/db/sha256.tbgen.tcl 
Execute     source D:/VLSINew/SHA/solution1/.autopilot/db/sha256.tbgen.tcl 
Execute     source D:/VLSINew/SHA/solution1/.autopilot/db/sha256.tbgen.tcl 
Execute     source D:/VLSINew/SHA/solution1/.autopilot/db/sha256.tbgen.tcl 
Execute     source D:/VLSINew/SHA/solution1/.autopilot/db/sha256.tbgen.tcl 
Execute     source D:/VLSINew/SHA/solution1/.autopilot/db/sha256.tbgen.tcl 
Execute     source D:/VLSINew/SHA/solution1/.autopilot/db/sha256.tbgen.tcl 
Execute     source ../tv/cdatafile/ref.tcl 
Execute     source D:/VLSINew/SHA/solution1/.autopilot/db/sha256.tbgen.tcl 
Execute     source D:/VLSINew/SHA/solution1/.autopilot/db/sha256.tbgen.tcl 
Execute     source D:/VLSINew/SHA/solution1/.autopilot/db/sha256.tbgen.tcl 
Execute     source D:/VLSINew/SHA/solution1/.autopilot/db/sha256.tbgen.tcl 
Execute     source D:/VLSINew/SHA/solution1/.autopilot/db/sha256.tbgen.tcl 
Execute     source D:/VLSINew/SHA/solution1/.autopilot/db/sha256.tbgen.tcl 
Execute     source D:/VLSINew/SHA/solution1/.autopilot/db/sha256.tbgen.tcl 
Execute     source D:/VLSINew/SHA/solution1/.autopilot/db/sha256.tbgen.tcl 
Execute     source D:/VLSINew/SHA/solution1/.autopilot/db/sha256.tbgen.tcl 
Execute     source D:/VLSINew/SHA/solution1/.autopilot/db/sha256.tbgen.tcl 
Execute     source D:/VLSINew/SHA/solution1/.autopilot/db/sha256.tbgen.tcl 
Execute     source D:/VLSINew/SHA/solution1/.autopilot/db/sha256.tbgen.tcl 
INFO: [COSIM 212-1] *** C/RTL co-simulation file generation completed. ***
Execute     source .run_sim.tcl 
Execute       source check_sim.tcl 
Execute       source .sim.status.tcl 
INFO: [COSIM 212-323] Starting verilog simulation. 
INFO: [COSIM 212-15] Starting XSIM ...
INFO: [COSIM 212-316] Starting C post checking ...
ERROR: [COSIM 212-361] C TB post check failed, nonzero return value '4'.
Command     ap_source done; error code: 1; 19.762 sec.
ERROR: [COSIM 212-4] *** C/RTL co-simulation finished: FAIL ***
Command   cosim_design done; error code: 2; 41.593 sec.
Command ap_source done; error code: 1; 42.772 sec.
Execute cleanup_all 
