

================================================================
== Vivado HLS Report for 'sha256_final'
================================================================
* Date:           Wed Apr  7 17:44:53 2021

* Version:        2019.1 (Build 2552052 on Fri May 24 15:28:33 MDT 2019)
* Project:        SHA
* Solution:       solution1
* Product family: zynq
* Target device:  xc7z020-clg484-1


================================================================
== Performance Estimates
================================================================
+ Timing (ns): 
    * Summary: 
    +--------+-------+----------+------------+
    |  Clock | Target| Estimated| Uncertainty|
    +--------+-------+----------+------------+
    |ap_clk  |  10.00|     8.522|        1.25|
    +--------+-------+----------+------------+

+ Latency (clock cycles): 
    * Summary: 
    +-----+-----+-----+-----+---------+
    |  Latency  |  Interval | Pipeline|
    | min | max | min | max |   Type  |
    +-----+-----+-----+-----+---------+
    |  459|  959|  459|  959|   none  |
    +-----+-----+-----+-----+---------+

    + Detail: 
        * Instance: 
        N/A

        * Loop: 
        +----------+-----+-----+----------+-----------+-----------+--------+----------+
        |          |  Latency  | Iteration|  Initiation Interval  |  Trip  |          |
        | Loop Name| min | max |  Latency |  achieved |   target  |  Count | Pipelined|
        +----------+-----+-----+----------+-----------+-----------+--------+----------+
        |- Loop 1  |    0|   56|         1|          -|          -| 0 ~ 56 |    no    |
        |- Loop 2  |    0|    8|         1|          -|          -|  0 ~ 8 |    no    |
        |- Loop 3  |   56|   56|         1|          -|          -|      56|    no    |
        |- Loop 4  |   16|   16|         4|          -|          -|       4|    no    |
        +----------+-----+-----+----------+-----------+-----------+--------+----------+

============================================================
+ Verbose Summary: Synthesis Manager
============================================================
InlineROM: 1
ExposeGlobal: 0
============================================================
+ Verbose Summary: CDFG Model
============================================================
IsTopModel: 0
ResetActiveHigh: 1
IsCombinational: 0
IsDatapathOnly: 0
HasWiredReturn: 1
HasMFsm: 0
HasVarLatency: 1
IsPipeline: 0
IsRtlPipelined: 0
IsInstanceOverlapped: 0
IsDontTouch: 0
HasImplIP: 0
IsGatedGlobalClock: 0


============================================================
+ Verbose Summary: Schedule
============================================================
* Number of FSM states : 14
* Pipeline : 0
* Dataflow Pipeline: 0

* FSM state transitions: 
1 --> 2 5 
2 --> 3 2 
3 --> 4 
4 --> 4 6 
5 --> 5 4 
6 --> 7 
7 --> 8 
8 --> 9 
9 --> 10 
10 --> 11 
11 --> 12 
12 --> 13 
13 --> 14 
14 --> 11 

* FSM state operations: 

State 1 <SV = 0> <Delay = 2.47>
ST_1 : Operation 15 [1/1] (0.00ns)   --->   "%p_read = call i32 @_ssdm_op_Read.ap_auto.i32(i32 %p_read10)" [SHA_new/SHA_new/sha256_impl.c:106]   --->   Operation 15 'read' 'p_read' <Predicate = true> <Delay = 0.00>
ST_1 : Operation 16 [1/1] (0.00ns)   --->   "%p_read_6 = call i32 @_ssdm_op_Read.ap_auto.i32(i32 %p_read9)" [SHA_new/SHA_new/sha256_impl.c:106]   --->   Operation 16 'read' 'p_read_6' <Predicate = true> <Delay = 0.00>
ST_1 : Operation 17 [1/1] (0.00ns)   --->   "%p_read_7 = call i32 @_ssdm_op_Read.ap_auto.i32(i32 %p_read8)" [SHA_new/SHA_new/sha256_impl.c:106]   --->   Operation 17 'read' 'p_read_7' <Predicate = true> <Delay = 0.00>
ST_1 : Operation 18 [1/1] (0.00ns)   --->   "%p_read_8 = call i32 @_ssdm_op_Read.ap_auto.i32(i32 %p_read7)" [SHA_new/SHA_new/sha256_impl.c:106]   --->   Operation 18 'read' 'p_read_8' <Predicate = true> <Delay = 0.00>
ST_1 : Operation 19 [1/1] (0.00ns)   --->   "%p_read_9 = call i32 @_ssdm_op_Read.ap_auto.i32(i32 %p_read6)" [SHA_new/SHA_new/sha256_impl.c:106]   --->   Operation 19 'read' 'p_read_9' <Predicate = true> <Delay = 0.00>
ST_1 : Operation 20 [1/1] (0.00ns)   --->   "%p_read58 = call i32 @_ssdm_op_Read.ap_auto.i32(i32 %p_read5)" [SHA_new/SHA_new/sha256_impl.c:106]   --->   Operation 20 'read' 'p_read58' <Predicate = true> <Delay = 0.00>
ST_1 : Operation 21 [1/1] (0.00ns)   --->   "%p_read47 = call i32 @_ssdm_op_Read.ap_auto.i32(i32 %p_read4)" [SHA_new/SHA_new/sha256_impl.c:106]   --->   Operation 21 'read' 'p_read47' <Predicate = true> <Delay = 0.00>
ST_1 : Operation 22 [1/1] (0.00ns)   --->   "%p_read26 = call i32 @_ssdm_op_Read.ap_auto.i32(i32 %p_read2)" [SHA_new/SHA_new/sha256_impl.c:106]   --->   Operation 22 'read' 'p_read26' <Predicate = true> <Delay = 0.00>
ST_1 : Operation 23 [1/1] (0.00ns)   --->   "%p_read35 = call i32 @_ssdm_op_Read.ap_auto.i32(i32 %p_read3)" [SHA_new/SHA_new/sha256_impl.c:106]   --->   Operation 23 'read' 'p_read35' <Predicate = true> <Delay = 0.00>
ST_1 : Operation 24 [1/1] (0.00ns)   --->   "%ctx_bitlen_0_read_1 = call i32 @_ssdm_op_Read.ap_auto.i32(i32 %ctx_bitlen_0_read)" [SHA_new/SHA_new/sha256_impl.c:106]   --->   Operation 24 'read' 'ctx_bitlen_0_read_1' <Predicate = true> <Delay = 0.00>
ST_1 : Operation 25 [1/1] (0.00ns)   --->   "%ctx_datalen_read_2 = call i32 @_ssdm_op_Read.ap_auto.i32(i32 %ctx_datalen_read)" [SHA_new/SHA_new/sha256_impl.c:106]   --->   Operation 25 'read' 'ctx_datalen_read_2' <Predicate = true> <Delay = 0.00>
ST_1 : Operation 26 [1/1] (2.47ns)   --->   "%icmp_ln113 = icmp ult i32 %ctx_datalen_read_2, 56" [SHA_new/SHA_new/sha256_impl.c:113]   --->   Operation 26 'icmp' 'icmp_ln113' <Predicate = true> <Delay = 2.47> <Core = "Cmp">   --->   Core 25 'Cmp' <Latency = 0> <II = 1> <Delay = 1.13> <FuncUnit> <Opcode : 'icmp'> <InPorts = 2> <OutPorts = 1>
ST_1 : Operation 27 [1/1] (0.00ns)   --->   "%zext_ln114 = zext i32 %ctx_datalen_read_2 to i64" [SHA_new/SHA_new/sha256_impl.c:114]   --->   Operation 27 'zext' 'zext_ln114' <Predicate = true> <Delay = 0.00>
ST_1 : Operation 28 [1/1] (0.00ns)   --->   "%ctx_data_addr = getelementptr [64 x i8]* %ctx_data, i64 0, i64 %zext_ln114" [SHA_new/SHA_new/sha256_impl.c:114]   --->   Operation 28 'getelementptr' 'ctx_data_addr' <Predicate = true> <Delay = 0.00>
ST_1 : Operation 29 [1/1] (2.32ns)   --->   "store i8 -128, i8* %ctx_data_addr, align 1" [SHA_new/SHA_new/sha256_impl.c:114]   --->   Operation 29 'store' <Predicate = true> <Delay = 2.32> <Core = "RAM">   --->   Core 37 'RAM' <Latency = 1> <II = 1> <Delay = 2.32> <Storage> <Opcode : 'load' 'store'> <Ports = 2> <Width = 8> <Depth = 64> <RAM>
ST_1 : Operation 30 [1/1] (0.00ns)   --->   "br i1 %icmp_ln113, label %.preheader2.preheader, label %.preheader.preheader" [SHA_new/SHA_new/sha256_impl.c:113]   --->   Operation 30 'br' <Predicate = true> <Delay = 0.00>
ST_1 : Operation 31 [1/1] (1.76ns)   --->   "br label %.preheader" [SHA_new/SHA_new/sha256_impl.c:121]   --->   Operation 31 'br' <Predicate = (!icmp_ln113)> <Delay = 1.76>
ST_1 : Operation 32 [1/1] (1.76ns)   --->   "br label %.preheader2" [SHA_new/SHA_new/sha256_impl.c:114]   --->   Operation 32 'br' <Predicate = (icmp_ln113)> <Delay = 1.76>

State 2 <SV = 1> <Delay = 5.00>
ST_2 : Operation 33 [1/1] (0.00ns)   --->   "%i_1_in = phi i32 [ %i_4, %hls_label_2 ], [ %ctx_datalen_read_2, %.preheader.preheader ]"   --->   Operation 33 'phi' 'i_1_in' <Predicate = true> <Delay = 0.00>
ST_2 : Operation 34 [1/1] (2.55ns)   --->   "%i_4 = add i32 %i_1_in, 1" [SHA_new/SHA_new/sha256_impl.c:121]   --->   Operation 34 'add' 'i_4' <Predicate = true> <Delay = 2.55> <Core = "AddSub">   --->   Core 14 'AddSub' <Latency = 0> <II = 1> <Delay = 1.78> <FuncUnit> <Opcode : 'add' 'sub'> <InPorts = 2> <OutPorts = 1>
ST_2 : Operation 35 [1/1] (0.00ns)   --->   "%tmp_2 = call i26 @_ssdm_op_PartSelect.i26.i32.i32.i32(i32 %i_4, i32 6, i32 31)" [SHA_new/SHA_new/sha256_impl.c:122]   --->   Operation 35 'partselect' 'tmp_2' <Predicate = true> <Delay = 0.00>
ST_2 : Operation 36 [1/1] (2.45ns)   --->   "%icmp_ln122 = icmp eq i26 %tmp_2, 0" [SHA_new/SHA_new/sha256_impl.c:122]   --->   Operation 36 'icmp' 'icmp_ln122' <Predicate = true> <Delay = 2.45> <Core = "Cmp">   --->   Core 25 'Cmp' <Latency = 0> <II = 1> <Delay = 1.13> <FuncUnit> <Opcode : 'icmp'> <InPorts = 2> <OutPorts = 1>
ST_2 : Operation 37 [1/1] (0.00ns)   --->   "br i1 %icmp_ln122, label %hls_label_2, label %1" [SHA_new/SHA_new/sha256_impl.c:122]   --->   Operation 37 'br' <Predicate = true> <Delay = 0.00>
ST_2 : Operation 38 [1/1] (0.00ns)   --->   "%tmp_1 = call i32 (...)* @_ssdm_op_SpecRegionBegin([12 x i8]* @p_str3)" [SHA_new/SHA_new/sha256_impl.c:122]   --->   Operation 38 'specregionbegin' 'tmp_1' <Predicate = (icmp_ln122)> <Delay = 0.00>
ST_2 : Operation 39 [1/1] (0.00ns)   --->   "call void (...)* @_ssdm_op_SpecLoopTripCount(i32 0, i32 8, i32 4, [1 x i8]* @p_str1) nounwind" [SHA_new/SHA_new/sha256_impl.c:123]   --->   Operation 39 'speclooptripcount' <Predicate = (icmp_ln122)> <Delay = 0.00>
ST_2 : Operation 40 [1/1] (0.00ns)   --->   "%zext_ln124 = zext i32 %i_4 to i64" [SHA_new/SHA_new/sha256_impl.c:124]   --->   Operation 40 'zext' 'zext_ln124' <Predicate = (icmp_ln122)> <Delay = 0.00>
ST_2 : Operation 41 [1/1] (0.00ns)   --->   "%ctx_data_addr_2 = getelementptr [64 x i8]* %ctx_data, i64 0, i64 %zext_ln124" [SHA_new/SHA_new/sha256_impl.c:124]   --->   Operation 41 'getelementptr' 'ctx_data_addr_2' <Predicate = (icmp_ln122)> <Delay = 0.00>
ST_2 : Operation 42 [1/1] (2.32ns)   --->   "store i8 0, i8* %ctx_data_addr_2, align 1" [SHA_new/SHA_new/sha256_impl.c:124]   --->   Operation 42 'store' <Predicate = (icmp_ln122)> <Delay = 2.32> <Core = "RAM">   --->   Core 37 'RAM' <Latency = 1> <II = 1> <Delay = 2.32> <Storage> <Opcode : 'load' 'store'> <Ports = 2> <Width = 8> <Depth = 64> <RAM>
ST_2 : Operation 43 [1/1] (0.00ns)   --->   "%empty_10 = call i32 (...)* @_ssdm_op_SpecRegionEnd([12 x i8]* @p_str3, i32 %tmp_1)" [SHA_new/SHA_new/sha256_impl.c:125]   --->   Operation 43 'specregionend' 'empty_10' <Predicate = (icmp_ln122)> <Delay = 0.00>
ST_2 : Operation 44 [1/1] (0.00ns)   --->   "br label %.preheader" [SHA_new/SHA_new/sha256_impl.c:125]   --->   Operation 44 'br' <Predicate = (icmp_ln122)> <Delay = 0.00>
ST_2 : Operation 45 [2/2] (1.76ns)   --->   "%call_ret1 = call fastcc { i32, i32, i32, i32, i32, i32, i32, i32 } @sha256_transform(i32 %p_read26, i32 %p_read47, i32 %p_read58, i32 %p_read_9, i32 %p_read_8, i32 %p_read_7, i32 %p_read_6, i32 %p_read, [64 x i8]* %ctx_data)" [SHA_new/SHA_new/sha256_impl.c:126]   --->   Operation 45 'call' 'call_ret1' <Predicate = (!icmp_ln122)> <Delay = 1.76> <CoreType = "Generic">   --->   Core 0 '' <Latency = 0> <II = 1> <Delay = 1.00> <Generic> <Opcode : >

State 3 <SV = 2> <Delay = 2.55>
ST_3 : Operation 46 [1/2] (2.55ns)   --->   "%call_ret1 = call fastcc { i32, i32, i32, i32, i32, i32, i32, i32 } @sha256_transform(i32 %p_read26, i32 %p_read47, i32 %p_read58, i32 %p_read_9, i32 %p_read_8, i32 %p_read_7, i32 %p_read_6, i32 %p_read, [64 x i8]* %ctx_data)" [SHA_new/SHA_new/sha256_impl.c:126]   --->   Operation 46 'call' 'call_ret1' <Predicate = true> <Delay = 2.55> <CoreType = "Generic">   --->   Core 0 '' <Latency = 0> <II = 1> <Delay = 1.00> <Generic> <Opcode : >
ST_3 : Operation 47 [1/1] (0.00ns)   --->   "%ctx_state_0_ret4 = extractvalue { i32, i32, i32, i32, i32, i32, i32, i32 } %call_ret1, 0" [SHA_new/SHA_new/sha256_impl.c:126]   --->   Operation 47 'extractvalue' 'ctx_state_0_ret4' <Predicate = true> <Delay = 0.00>
ST_3 : Operation 48 [1/1] (0.00ns)   --->   "%ctx_state_1_ret5 = extractvalue { i32, i32, i32, i32, i32, i32, i32, i32 } %call_ret1, 1" [SHA_new/SHA_new/sha256_impl.c:126]   --->   Operation 48 'extractvalue' 'ctx_state_1_ret5' <Predicate = true> <Delay = 0.00>
ST_3 : Operation 49 [1/1] (0.00ns)   --->   "%ctx_state_2_ret6 = extractvalue { i32, i32, i32, i32, i32, i32, i32, i32 } %call_ret1, 2" [SHA_new/SHA_new/sha256_impl.c:126]   --->   Operation 49 'extractvalue' 'ctx_state_2_ret6' <Predicate = true> <Delay = 0.00>
ST_3 : Operation 50 [1/1] (0.00ns)   --->   "%ctx_state_3_ret7 = extractvalue { i32, i32, i32, i32, i32, i32, i32, i32 } %call_ret1, 3" [SHA_new/SHA_new/sha256_impl.c:126]   --->   Operation 50 'extractvalue' 'ctx_state_3_ret7' <Predicate = true> <Delay = 0.00>
ST_3 : Operation 51 [1/1] (0.00ns)   --->   "%ctx_state_4_ret8 = extractvalue { i32, i32, i32, i32, i32, i32, i32, i32 } %call_ret1, 4" [SHA_new/SHA_new/sha256_impl.c:126]   --->   Operation 51 'extractvalue' 'ctx_state_4_ret8' <Predicate = true> <Delay = 0.00>
ST_3 : Operation 52 [1/1] (0.00ns)   --->   "%ctx_state_5_ret9 = extractvalue { i32, i32, i32, i32, i32, i32, i32, i32 } %call_ret1, 5" [SHA_new/SHA_new/sha256_impl.c:126]   --->   Operation 52 'extractvalue' 'ctx_state_5_ret9' <Predicate = true> <Delay = 0.00>
ST_3 : Operation 53 [1/1] (0.00ns)   --->   "%ctx_state_6_ret1 = extractvalue { i32, i32, i32, i32, i32, i32, i32, i32 } %call_ret1, 6" [SHA_new/SHA_new/sha256_impl.c:126]   --->   Operation 53 'extractvalue' 'ctx_state_6_ret1' <Predicate = true> <Delay = 0.00>
ST_3 : Operation 54 [1/1] (0.00ns)   --->   "%ctx_state_7_ret1 = extractvalue { i32, i32, i32, i32, i32, i32, i32, i32 } %call_ret1, 7" [SHA_new/SHA_new/sha256_impl.c:126]   --->   Operation 54 'extractvalue' 'ctx_state_7_ret1' <Predicate = true> <Delay = 0.00>
ST_3 : Operation 55 [1/1] (1.76ns)   --->   "br label %2" [SHA_new/SHA_new/sha256_impl.c:127]   --->   Operation 55 'br' <Predicate = true> <Delay = 1.76>

State 4 <SV = 3> <Delay = 4.39>
ST_4 : Operation 56 [1/1] (0.00ns)   --->   "%i_2 = phi i6 [ 0, %1 ], [ %i_5, %3 ]"   --->   Operation 56 'phi' 'i_2' <Predicate = (!icmp_ln113)> <Delay = 0.00>
ST_4 : Operation 57 [1/1] (1.42ns)   --->   "%icmp_ln127 = icmp eq i6 %i_2, -8" [SHA_new/SHA_new/sha256_impl.c:127]   --->   Operation 57 'icmp' 'icmp_ln127' <Predicate = (!icmp_ln113)> <Delay = 1.42> <Core = "Cmp">   --->   Core 25 'Cmp' <Latency = 0> <II = 1> <Delay = 1.13> <FuncUnit> <Opcode : 'icmp'> <InPorts = 2> <OutPorts = 1>
ST_4 : Operation 58 [1/1] (0.00ns)   --->   "call void (...)* @_ssdm_op_SpecLoopTripCount(i64 56, i64 56, i64 56)"   --->   Operation 58 'speclooptripcount' <Predicate = (!icmp_ln113)> <Delay = 0.00>
ST_4 : Operation 59 [1/1] (1.82ns)   --->   "%i_5 = add i6 %i_2, 1" [SHA_new/SHA_new/sha256_impl.c:127]   --->   Operation 59 'add' 'i_5' <Predicate = (!icmp_ln113)> <Delay = 1.82> <Core = "AddSub">   --->   Core 14 'AddSub' <Latency = 0> <II = 1> <Delay = 1.78> <FuncUnit> <Opcode : 'add' 'sub'> <InPorts = 2> <OutPorts = 1>
ST_4 : Operation 60 [1/1] (0.00ns)   --->   "br i1 %icmp_ln127, label %.loopexit.loopexit, label %3" [SHA_new/SHA_new/sha256_impl.c:127]   --->   Operation 60 'br' <Predicate = (!icmp_ln113)> <Delay = 0.00>
ST_4 : Operation 61 [1/1] (0.00ns)   --->   "%zext_ln128 = zext i6 %i_2 to i64" [SHA_new/SHA_new/sha256_impl.c:128]   --->   Operation 61 'zext' 'zext_ln128' <Predicate = (!icmp_ln113 & !icmp_ln127)> <Delay = 0.00>
ST_4 : Operation 62 [1/1] (0.00ns)   --->   "%ctx_data_addr_6 = getelementptr [64 x i8]* %ctx_data, i64 0, i64 %zext_ln128" [SHA_new/SHA_new/sha256_impl.c:128]   --->   Operation 62 'getelementptr' 'ctx_data_addr_6' <Predicate = (!icmp_ln113 & !icmp_ln127)> <Delay = 0.00>
ST_4 : Operation 63 [1/1] (2.32ns)   --->   "store i8 0, i8* %ctx_data_addr_6, align 1" [SHA_new/SHA_new/sha256_impl.c:128]   --->   Operation 63 'store' <Predicate = (!icmp_ln113 & !icmp_ln127)> <Delay = 2.32> <Core = "RAM">   --->   Core 37 'RAM' <Latency = 1> <II = 1> <Delay = 2.32> <Storage> <Opcode : 'load' 'store'> <Ports = 2> <Width = 8> <Depth = 64> <RAM>
ST_4 : Operation 64 [1/1] (0.00ns)   --->   "br label %2" [SHA_new/SHA_new/sha256_impl.c:127]   --->   Operation 64 'br' <Predicate = (!icmp_ln113 & !icmp_ln127)> <Delay = 0.00>
ST_4 : Operation 65 [1/1] (1.76ns)   --->   "br label %.loopexit"   --->   Operation 65 'br' <Predicate = (!icmp_ln113 & icmp_ln127)> <Delay = 1.76>
ST_4 : Operation 66 [1/1] (0.00ns)   --->   "%shl_ln134 = shl i32 %ctx_datalen_read_2, 3" [SHA_new/SHA_new/sha256_impl.c:134]   --->   Operation 66 'shl' 'shl_ln134' <Predicate = (icmp_ln127) | (icmp_ln113)> <Delay = 0.00>
ST_4 : Operation 67 [1/1] (0.00ns) (grouped into LUT with out node icmp_ln134)   --->   "%xor_ln134 = xor i32 %shl_ln134, -1" [SHA_new/SHA_new/sha256_impl.c:134]   --->   Operation 67 'xor' 'xor_ln134' <Predicate = (icmp_ln127) | (icmp_ln113)> <Delay = 0.00> <Core = "LogicGate">   --->   Core 27 'LogicGate' <Latency = 0> <II = 1> <Delay = 0.96> <FuncUnit> <Opcode : 'and' 'or' 'xor'> <InPorts = 2> <OutPorts = 1>
ST_4 : Operation 68 [1/1] (2.47ns) (out node of the LUT)   --->   "%icmp_ln134 = icmp ugt i32 %ctx_bitlen_0_read_1, %xor_ln134" [SHA_new/SHA_new/sha256_impl.c:134]   --->   Operation 68 'icmp' 'icmp_ln134' <Predicate = (icmp_ln127) | (icmp_ln113)> <Delay = 2.47> <Core = "Cmp">   --->   Core 25 'Cmp' <Latency = 0> <II = 1> <Delay = 1.13> <FuncUnit> <Opcode : 'icmp'> <InPorts = 2> <OutPorts = 1>
ST_4 : Operation 69 [1/1] (2.55ns)   --->   "%add_ln134 = add i32 1, %p_read35" [SHA_new/SHA_new/sha256_impl.c:134]   --->   Operation 69 'add' 'add_ln134' <Predicate = (icmp_ln127) | (icmp_ln113)> <Delay = 2.55> <Core = "AddSub">   --->   Core 14 'AddSub' <Latency = 0> <II = 1> <Delay = 1.78> <FuncUnit> <Opcode : 'add' 'sub'> <InPorts = 2> <OutPorts = 1>
ST_4 : Operation 70 [1/1] (0.69ns)   --->   "%select_ln134 = select i1 %icmp_ln134, i32 %add_ln134, i32 %p_read35" [SHA_new/SHA_new/sha256_impl.c:134]   --->   Operation 70 'select' 'select_ln134' <Predicate = (icmp_ln127) | (icmp_ln113)> <Delay = 0.69> <Core = "Sel">   --->   Core 26 'Sel' <Latency = 0> <II = 1> <Delay = 0.69> <FuncUnit> <Opcode : 'select'> <InPorts = 3> <OutPorts = 1>
ST_4 : Operation 71 [1/1] (0.00ns)   --->   "%trunc_ln134 = trunc i32 %ctx_bitlen_0_read_1 to i8" [SHA_new/SHA_new/sha256_impl.c:134]   --->   Operation 71 'trunc' 'trunc_ln134' <Predicate = (icmp_ln127) | (icmp_ln113)> <Delay = 0.00>
ST_4 : Operation 72 [1/1] (0.00ns)   --->   "%trunc_ln134_2 = trunc i32 %ctx_datalen_read_2 to i5" [SHA_new/SHA_new/sha256_impl.c:134]   --->   Operation 72 'trunc' 'trunc_ln134_2' <Predicate = (icmp_ln127) | (icmp_ln113)> <Delay = 0.00>
ST_4 : Operation 73 [1/1] (0.00ns)   --->   "%trunc_ln134_1 = call i8 @_ssdm_op_BitConcatenate.i8.i5.i3(i5 %trunc_ln134_2, i3 0)" [SHA_new/SHA_new/sha256_impl.c:134]   --->   Operation 73 'bitconcatenate' 'trunc_ln134_1' <Predicate = (icmp_ln127) | (icmp_ln113)> <Delay = 0.00>
ST_4 : Operation 74 [1/1] (0.00ns)   --->   "%trunc_ln134_3 = trunc i32 %ctx_bitlen_0_read_1 to i16" [SHA_new/SHA_new/sha256_impl.c:134]   --->   Operation 74 'trunc' 'trunc_ln134_3' <Predicate = (icmp_ln127) | (icmp_ln113)> <Delay = 0.00>
ST_4 : Operation 75 [1/1] (0.00ns)   --->   "%trunc_ln134_4 = trunc i32 %ctx_datalen_read_2 to i13" [SHA_new/SHA_new/sha256_impl.c:134]   --->   Operation 75 'trunc' 'trunc_ln134_4' <Predicate = (icmp_ln127) | (icmp_ln113)> <Delay = 0.00>
ST_4 : Operation 76 [1/1] (0.00ns)   --->   "%trunc_ln134_5 = call i16 @_ssdm_op_BitConcatenate.i16.i13.i3(i13 %trunc_ln134_4, i3 0)" [SHA_new/SHA_new/sha256_impl.c:134]   --->   Operation 76 'bitconcatenate' 'trunc_ln134_5' <Predicate = (icmp_ln127) | (icmp_ln113)> <Delay = 0.00>
ST_4 : Operation 77 [1/1] (0.00ns)   --->   "%trunc_ln134_6 = trunc i32 %ctx_bitlen_0_read_1 to i24" [SHA_new/SHA_new/sha256_impl.c:134]   --->   Operation 77 'trunc' 'trunc_ln134_6' <Predicate = (icmp_ln127) | (icmp_ln113)> <Delay = 0.00>
ST_4 : Operation 78 [1/1] (0.00ns)   --->   "%trunc_ln134_8 = trunc i32 %ctx_datalen_read_2 to i21" [SHA_new/SHA_new/sha256_impl.c:134]   --->   Operation 78 'trunc' 'trunc_ln134_8' <Predicate = (icmp_ln127) | (icmp_ln113)> <Delay = 0.00>
ST_4 : Operation 79 [1/1] (0.00ns)   --->   "%trunc_ln134_7 = call i24 @_ssdm_op_BitConcatenate.i24.i21.i3(i21 %trunc_ln134_8, i3 0)" [SHA_new/SHA_new/sha256_impl.c:134]   --->   Operation 79 'bitconcatenate' 'trunc_ln134_7' <Predicate = (icmp_ln127) | (icmp_ln113)> <Delay = 0.00>
ST_4 : Operation 80 [1/1] (2.55ns)   --->   "%add_ln134_1 = add i32 %ctx_bitlen_0_read_1, %shl_ln134" [SHA_new/SHA_new/sha256_impl.c:134]   --->   Operation 80 'add' 'add_ln134_1' <Predicate = (icmp_ln127) | (icmp_ln113)> <Delay = 2.55> <Core = "AddSub">   --->   Core 14 'AddSub' <Latency = 0> <II = 1> <Delay = 1.78> <FuncUnit> <Opcode : 'add' 'sub'> <InPorts = 2> <OutPorts = 1>
ST_4 : Operation 81 [1/1] (2.31ns)   --->   "%add_ln135_1 = add i24 %trunc_ln134_7, %trunc_ln134_6" [SHA_new/SHA_new/sha256_impl.c:135]   --->   Operation 81 'add' 'add_ln135_1' <Predicate = (icmp_ln127) | (icmp_ln113)> <Delay = 2.31> <Core = "AddSub">   --->   Core 14 'AddSub' <Latency = 0> <II = 1> <Delay = 1.78> <FuncUnit> <Opcode : 'add' 'sub'> <InPorts = 2> <OutPorts = 1>
ST_4 : Operation 82 [1/1] (2.07ns)   --->   "%add_ln135_2 = add i16 %trunc_ln134_5, %trunc_ln134_3" [SHA_new/SHA_new/sha256_impl.c:135]   --->   Operation 82 'add' 'add_ln135_2' <Predicate = (icmp_ln127) | (icmp_ln113)> <Delay = 2.07> <Core = "AddSub">   --->   Core 14 'AddSub' <Latency = 0> <II = 1> <Delay = 1.78> <FuncUnit> <Opcode : 'add' 'sub'> <InPorts = 2> <OutPorts = 1>
ST_4 : Operation 83 [1/1] (1.91ns)   --->   "%add_ln135 = add i8 %trunc_ln134, %trunc_ln134_1" [SHA_new/SHA_new/sha256_impl.c:135]   --->   Operation 83 'add' 'add_ln135' <Predicate = (icmp_ln127) | (icmp_ln113)> <Delay = 1.91> <Core = "AddSub">   --->   Core 14 'AddSub' <Latency = 0> <II = 1> <Delay = 1.78> <FuncUnit> <Opcode : 'add' 'sub'> <InPorts = 2> <OutPorts = 1>
ST_4 : Operation 84 [1/1] (0.00ns)   --->   "%ctx_data_addr_3 = getelementptr [64 x i8]* %ctx_data, i64 0, i64 63" [SHA_new/SHA_new/sha256_impl.c:135]   --->   Operation 84 'getelementptr' 'ctx_data_addr_3' <Predicate = (icmp_ln127) | (icmp_ln113)> <Delay = 0.00>
ST_4 : Operation 85 [1/1] (2.32ns)   --->   "store i8 %add_ln135, i8* %ctx_data_addr_3, align 1" [SHA_new/SHA_new/sha256_impl.c:135]   --->   Operation 85 'store' <Predicate = (icmp_ln127) | (icmp_ln113)> <Delay = 2.32> <Core = "RAM">   --->   Core 37 'RAM' <Latency = 1> <II = 1> <Delay = 2.32> <Storage> <Opcode : 'load' 'store'> <Ports = 2> <Width = 8> <Depth = 64> <RAM>
ST_4 : Operation 86 [1/1] (0.00ns)   --->   "%trunc_ln1 = call i8 @_ssdm_op_PartSelect.i8.i16.i32.i32(i16 %add_ln135_2, i32 8, i32 15)" [SHA_new/SHA_new/sha256_impl.c:136]   --->   Operation 86 'partselect' 'trunc_ln1' <Predicate = (icmp_ln127) | (icmp_ln113)> <Delay = 0.00>
ST_4 : Operation 87 [1/1] (0.00ns)   --->   "%ctx_data_addr_4 = getelementptr [64 x i8]* %ctx_data, i64 0, i64 62" [SHA_new/SHA_new/sha256_impl.c:136]   --->   Operation 87 'getelementptr' 'ctx_data_addr_4' <Predicate = (icmp_ln127) | (icmp_ln113)> <Delay = 0.00>
ST_4 : Operation 88 [1/1] (2.32ns)   --->   "store i8 %trunc_ln1, i8* %ctx_data_addr_4, align 1" [SHA_new/SHA_new/sha256_impl.c:136]   --->   Operation 88 'store' <Predicate = (icmp_ln127) | (icmp_ln113)> <Delay = 2.32> <Core = "RAM">   --->   Core 37 'RAM' <Latency = 1> <II = 1> <Delay = 2.32> <Storage> <Opcode : 'load' 'store'> <Ports = 2> <Width = 8> <Depth = 64> <RAM>
ST_4 : Operation 89 [1/1] (0.00ns)   --->   "%trunc_ln2 = call i8 @_ssdm_op_PartSelect.i8.i24.i32.i32(i24 %add_ln135_1, i32 16, i32 23)" [SHA_new/SHA_new/sha256_impl.c:137]   --->   Operation 89 'partselect' 'trunc_ln2' <Predicate = (icmp_ln127) | (icmp_ln113)> <Delay = 0.00>
ST_4 : Operation 90 [1/1] (0.00ns)   --->   "%trunc_ln3 = call i8 @_ssdm_op_PartSelect.i8.i32.i32.i32(i32 %add_ln134_1, i32 24, i32 31)" [SHA_new/SHA_new/sha256_impl.c:138]   --->   Operation 90 'partselect' 'trunc_ln3' <Predicate = (icmp_ln127) | (icmp_ln113)> <Delay = 0.00>
ST_4 : Operation 91 [1/1] (0.00ns)   --->   "%trunc_ln139 = trunc i32 %select_ln134 to i8" [SHA_new/SHA_new/sha256_impl.c:139]   --->   Operation 91 'trunc' 'trunc_ln139' <Predicate = (icmp_ln127) | (icmp_ln113)> <Delay = 0.00>
ST_4 : Operation 92 [1/1] (0.00ns)   --->   "%trunc_ln5 = call i8 @_ssdm_op_PartSelect.i8.i32.i32.i32(i32 %select_ln134, i32 8, i32 15)" [SHA_new/SHA_new/sha256_impl.c:140]   --->   Operation 92 'partselect' 'trunc_ln5' <Predicate = (icmp_ln127) | (icmp_ln113)> <Delay = 0.00>
ST_4 : Operation 93 [1/1] (0.00ns)   --->   "%trunc_ln6 = call i8 @_ssdm_op_PartSelect.i8.i32.i32.i32(i32 %select_ln134, i32 16, i32 23)" [SHA_new/SHA_new/sha256_impl.c:141]   --->   Operation 93 'partselect' 'trunc_ln6' <Predicate = (icmp_ln127) | (icmp_ln113)> <Delay = 0.00>
ST_4 : Operation 94 [1/1] (0.00ns)   --->   "%trunc_ln7 = call i8 @_ssdm_op_PartSelect.i8.i32.i32.i32(i32 %select_ln134, i32 24, i32 31)" [SHA_new/SHA_new/sha256_impl.c:142]   --->   Operation 94 'partselect' 'trunc_ln7' <Predicate = (icmp_ln127) | (icmp_ln113)> <Delay = 0.00>

State 5 <SV = 1> <Delay = 4.87>
ST_5 : Operation 95 [1/1] (0.00ns)   --->   "%i_0_in = phi i32 [ %i, %hls_label_1 ], [ %ctx_datalen_read_2, %.preheader2.preheader ]"   --->   Operation 95 'phi' 'i_0_in' <Predicate = true> <Delay = 0.00>
ST_5 : Operation 96 [1/1] (2.55ns)   --->   "%i = add i32 %i_0_in, 1" [SHA_new/SHA_new/sha256_impl.c:114]   --->   Operation 96 'add' 'i' <Predicate = true> <Delay = 2.55> <Core = "AddSub">   --->   Core 14 'AddSub' <Latency = 0> <II = 1> <Delay = 1.78> <FuncUnit> <Opcode : 'add' 'sub'> <InPorts = 2> <OutPorts = 1>
ST_5 : Operation 97 [1/1] (2.47ns)   --->   "%icmp_ln115 = icmp eq i32 %i_0_in, 55" [SHA_new/SHA_new/sha256_impl.c:115]   --->   Operation 97 'icmp' 'icmp_ln115' <Predicate = true> <Delay = 2.47> <Core = "Cmp">   --->   Core 25 'Cmp' <Latency = 0> <II = 1> <Delay = 1.13> <FuncUnit> <Opcode : 'icmp'> <InPorts = 2> <OutPorts = 1>
ST_5 : Operation 98 [1/1] (0.00ns)   --->   "br i1 %icmp_ln115, label %.loopexit.loopexit15, label %hls_label_1" [SHA_new/SHA_new/sha256_impl.c:115]   --->   Operation 98 'br' <Predicate = true> <Delay = 0.00>
ST_5 : Operation 99 [1/1] (0.00ns)   --->   "%tmp = call i32 (...)* @_ssdm_op_SpecRegionBegin([12 x i8]* @p_str2)" [SHA_new/SHA_new/sha256_impl.c:115]   --->   Operation 99 'specregionbegin' 'tmp' <Predicate = (!icmp_ln115)> <Delay = 0.00>
ST_5 : Operation 100 [1/1] (0.00ns)   --->   "call void (...)* @_ssdm_op_SpecLoopTripCount(i32 0, i32 56, i32 28, [1 x i8]* @p_str1) nounwind" [SHA_new/SHA_new/sha256_impl.c:116]   --->   Operation 100 'speclooptripcount' <Predicate = (!icmp_ln115)> <Delay = 0.00>
ST_5 : Operation 101 [1/1] (0.00ns)   --->   "%zext_ln117 = zext i32 %i to i64" [SHA_new/SHA_new/sha256_impl.c:117]   --->   Operation 101 'zext' 'zext_ln117' <Predicate = (!icmp_ln115)> <Delay = 0.00>
ST_5 : Operation 102 [1/1] (0.00ns)   --->   "%ctx_data_addr_1 = getelementptr [64 x i8]* %ctx_data, i64 0, i64 %zext_ln117" [SHA_new/SHA_new/sha256_impl.c:117]   --->   Operation 102 'getelementptr' 'ctx_data_addr_1' <Predicate = (!icmp_ln115)> <Delay = 0.00>
ST_5 : Operation 103 [1/1] (2.32ns)   --->   "store i8 0, i8* %ctx_data_addr_1, align 1" [SHA_new/SHA_new/sha256_impl.c:117]   --->   Operation 103 'store' <Predicate = (!icmp_ln115)> <Delay = 2.32> <Core = "RAM">   --->   Core 37 'RAM' <Latency = 1> <II = 1> <Delay = 2.32> <Storage> <Opcode : 'load' 'store'> <Ports = 2> <Width = 8> <Depth = 64> <RAM>
ST_5 : Operation 104 [1/1] (0.00ns)   --->   "%empty = call i32 (...)* @_ssdm_op_SpecRegionEnd([12 x i8]* @p_str2, i32 %tmp)" [SHA_new/SHA_new/sha256_impl.c:118]   --->   Operation 104 'specregionend' 'empty' <Predicate = (!icmp_ln115)> <Delay = 0.00>
ST_5 : Operation 105 [1/1] (0.00ns)   --->   "br label %.preheader2" [SHA_new/SHA_new/sha256_impl.c:118]   --->   Operation 105 'br' <Predicate = (!icmp_ln115)> <Delay = 0.00>
ST_5 : Operation 106 [1/1] (1.76ns)   --->   "br label %.loopexit"   --->   Operation 106 'br' <Predicate = (icmp_ln115)> <Delay = 1.76>

State 6 <SV = 4> <Delay = 2.32>
ST_6 : Operation 107 [1/1] (0.00ns)   --->   "%ctx_state_0_0 = phi i32 [ %ctx_state_0_ret4, %.loopexit.loopexit ], [ %p_read26, %.loopexit.loopexit15 ]" [SHA_new/SHA_new/sha256_impl.c:126]   --->   Operation 107 'phi' 'ctx_state_0_0' <Predicate = true> <Delay = 0.00>
ST_6 : Operation 108 [1/1] (0.00ns)   --->   "%ctx_state_1_0 = phi i32 [ %ctx_state_1_ret5, %.loopexit.loopexit ], [ %p_read47, %.loopexit.loopexit15 ]" [SHA_new/SHA_new/sha256_impl.c:126]   --->   Operation 108 'phi' 'ctx_state_1_0' <Predicate = true> <Delay = 0.00>
ST_6 : Operation 109 [1/1] (0.00ns)   --->   "%ctx_state_2_0 = phi i32 [ %ctx_state_2_ret6, %.loopexit.loopexit ], [ %p_read58, %.loopexit.loopexit15 ]" [SHA_new/SHA_new/sha256_impl.c:126]   --->   Operation 109 'phi' 'ctx_state_2_0' <Predicate = true> <Delay = 0.00>
ST_6 : Operation 110 [1/1] (0.00ns)   --->   "%ctx_state_3_0 = phi i32 [ %ctx_state_3_ret7, %.loopexit.loopexit ], [ %p_read_9, %.loopexit.loopexit15 ]" [SHA_new/SHA_new/sha256_impl.c:126]   --->   Operation 110 'phi' 'ctx_state_3_0' <Predicate = true> <Delay = 0.00>
ST_6 : Operation 111 [1/1] (0.00ns)   --->   "%ctx_state_4_0 = phi i32 [ %ctx_state_4_ret8, %.loopexit.loopexit ], [ %p_read_8, %.loopexit.loopexit15 ]" [SHA_new/SHA_new/sha256_impl.c:126]   --->   Operation 111 'phi' 'ctx_state_4_0' <Predicate = true> <Delay = 0.00>
ST_6 : Operation 112 [1/1] (0.00ns)   --->   "%ctx_state_5_0 = phi i32 [ %ctx_state_5_ret9, %.loopexit.loopexit ], [ %p_read_7, %.loopexit.loopexit15 ]" [SHA_new/SHA_new/sha256_impl.c:126]   --->   Operation 112 'phi' 'ctx_state_5_0' <Predicate = true> <Delay = 0.00>
ST_6 : Operation 113 [1/1] (0.00ns)   --->   "%ctx_state_6_0 = phi i32 [ %ctx_state_6_ret1, %.loopexit.loopexit ], [ %p_read_6, %.loopexit.loopexit15 ]" [SHA_new/SHA_new/sha256_impl.c:126]   --->   Operation 113 'phi' 'ctx_state_6_0' <Predicate = true> <Delay = 0.00>
ST_6 : Operation 114 [1/1] (0.00ns)   --->   "%ctx_state_7_0 = phi i32 [ %ctx_state_7_ret1, %.loopexit.loopexit ], [ %p_read, %.loopexit.loopexit15 ]" [SHA_new/SHA_new/sha256_impl.c:126]   --->   Operation 114 'phi' 'ctx_state_7_0' <Predicate = true> <Delay = 0.00>
ST_6 : Operation 115 [1/1] (0.00ns)   --->   "%ctx_data_addr_5 = getelementptr [64 x i8]* %ctx_data, i64 0, i64 61" [SHA_new/SHA_new/sha256_impl.c:137]   --->   Operation 115 'getelementptr' 'ctx_data_addr_5' <Predicate = true> <Delay = 0.00>
ST_6 : Operation 116 [1/1] (2.32ns)   --->   "store i8 %trunc_ln2, i8* %ctx_data_addr_5, align 1" [SHA_new/SHA_new/sha256_impl.c:137]   --->   Operation 116 'store' <Predicate = true> <Delay = 2.32> <Core = "RAM">   --->   Core 37 'RAM' <Latency = 1> <II = 1> <Delay = 2.32> <Storage> <Opcode : 'load' 'store'> <Ports = 2> <Width = 8> <Depth = 64> <RAM>
ST_6 : Operation 117 [1/1] (0.00ns)   --->   "%ctx_data_addr_7 = getelementptr [64 x i8]* %ctx_data, i64 0, i64 60" [SHA_new/SHA_new/sha256_impl.c:138]   --->   Operation 117 'getelementptr' 'ctx_data_addr_7' <Predicate = true> <Delay = 0.00>
ST_6 : Operation 118 [1/1] (2.32ns)   --->   "store i8 %trunc_ln3, i8* %ctx_data_addr_7, align 1" [SHA_new/SHA_new/sha256_impl.c:138]   --->   Operation 118 'store' <Predicate = true> <Delay = 2.32> <Core = "RAM">   --->   Core 37 'RAM' <Latency = 1> <II = 1> <Delay = 2.32> <Storage> <Opcode : 'load' 'store'> <Ports = 2> <Width = 8> <Depth = 64> <RAM>

State 7 <SV = 5> <Delay = 2.32>
ST_7 : Operation 119 [1/1] (0.00ns)   --->   "%ctx_data_addr_8 = getelementptr [64 x i8]* %ctx_data, i64 0, i64 59" [SHA_new/SHA_new/sha256_impl.c:139]   --->   Operation 119 'getelementptr' 'ctx_data_addr_8' <Predicate = true> <Delay = 0.00>
ST_7 : Operation 120 [1/1] (2.32ns)   --->   "store i8 %trunc_ln139, i8* %ctx_data_addr_8, align 1" [SHA_new/SHA_new/sha256_impl.c:139]   --->   Operation 120 'store' <Predicate = true> <Delay = 2.32> <Core = "RAM">   --->   Core 37 'RAM' <Latency = 1> <II = 1> <Delay = 2.32> <Storage> <Opcode : 'load' 'store'> <Ports = 2> <Width = 8> <Depth = 64> <RAM>
ST_7 : Operation 121 [1/1] (0.00ns)   --->   "%ctx_data_addr_9 = getelementptr [64 x i8]* %ctx_data, i64 0, i64 58" [SHA_new/SHA_new/sha256_impl.c:140]   --->   Operation 121 'getelementptr' 'ctx_data_addr_9' <Predicate = true> <Delay = 0.00>
ST_7 : Operation 122 [1/1] (2.32ns)   --->   "store i8 %trunc_ln5, i8* %ctx_data_addr_9, align 1" [SHA_new/SHA_new/sha256_impl.c:140]   --->   Operation 122 'store' <Predicate = true> <Delay = 2.32> <Core = "RAM">   --->   Core 37 'RAM' <Latency = 1> <II = 1> <Delay = 2.32> <Storage> <Opcode : 'load' 'store'> <Ports = 2> <Width = 8> <Depth = 64> <RAM>

State 8 <SV = 6> <Delay = 2.32>
ST_8 : Operation 123 [1/1] (0.00ns)   --->   "%ctx_data_addr_10 = getelementptr [64 x i8]* %ctx_data, i64 0, i64 57" [SHA_new/SHA_new/sha256_impl.c:141]   --->   Operation 123 'getelementptr' 'ctx_data_addr_10' <Predicate = true> <Delay = 0.00>
ST_8 : Operation 124 [1/1] (2.32ns)   --->   "store i8 %trunc_ln6, i8* %ctx_data_addr_10, align 1" [SHA_new/SHA_new/sha256_impl.c:141]   --->   Operation 124 'store' <Predicate = true> <Delay = 2.32> <Core = "RAM">   --->   Core 37 'RAM' <Latency = 1> <II = 1> <Delay = 2.32> <Storage> <Opcode : 'load' 'store'> <Ports = 2> <Width = 8> <Depth = 64> <RAM>
ST_8 : Operation 125 [1/1] (0.00ns)   --->   "%ctx_data_addr_11 = getelementptr [64 x i8]* %ctx_data, i64 0, i64 56" [SHA_new/SHA_new/sha256_impl.c:142]   --->   Operation 125 'getelementptr' 'ctx_data_addr_11' <Predicate = true> <Delay = 0.00>
ST_8 : Operation 126 [1/1] (2.32ns)   --->   "store i8 %trunc_ln7, i8* %ctx_data_addr_11, align 1" [SHA_new/SHA_new/sha256_impl.c:142]   --->   Operation 126 'store' <Predicate = true> <Delay = 2.32> <Core = "RAM">   --->   Core 37 'RAM' <Latency = 1> <II = 1> <Delay = 2.32> <Storage> <Opcode : 'load' 'store'> <Ports = 2> <Width = 8> <Depth = 64> <RAM>

State 9 <SV = 7> <Delay = 1.76>
ST_9 : Operation 127 [2/2] (1.76ns)   --->   "%call_ret = call fastcc { i32, i32, i32, i32, i32, i32, i32, i32 } @sha256_transform(i32 %ctx_state_0_0, i32 %ctx_state_1_0, i32 %ctx_state_2_0, i32 %ctx_state_3_0, i32 %ctx_state_4_0, i32 %ctx_state_5_0, i32 %ctx_state_6_0, i32 %ctx_state_7_0, [64 x i8]* %ctx_data)" [SHA_new/SHA_new/sha256_impl.c:143]   --->   Operation 127 'call' 'call_ret' <Predicate = true> <Delay = 1.76> <CoreType = "Generic">   --->   Core 0 '' <Latency = 0> <II = 1> <Delay = 1.00> <Generic> <Opcode : >

State 10 <SV = 8> <Delay = 2.55>
ST_10 : Operation 128 [1/2] (2.55ns)   --->   "%call_ret = call fastcc { i32, i32, i32, i32, i32, i32, i32, i32 } @sha256_transform(i32 %ctx_state_0_0, i32 %ctx_state_1_0, i32 %ctx_state_2_0, i32 %ctx_state_3_0, i32 %ctx_state_4_0, i32 %ctx_state_5_0, i32 %ctx_state_6_0, i32 %ctx_state_7_0, [64 x i8]* %ctx_data)" [SHA_new/SHA_new/sha256_impl.c:143]   --->   Operation 128 'call' 'call_ret' <Predicate = true> <Delay = 2.55> <CoreType = "Generic">   --->   Core 0 '' <Latency = 0> <II = 1> <Delay = 1.00> <Generic> <Opcode : >
ST_10 : Operation 129 [1/1] (0.00ns)   --->   "%ctx_state_0_ret = extractvalue { i32, i32, i32, i32, i32, i32, i32, i32 } %call_ret, 0" [SHA_new/SHA_new/sha256_impl.c:143]   --->   Operation 129 'extractvalue' 'ctx_state_0_ret' <Predicate = true> <Delay = 0.00>
ST_10 : Operation 130 [1/1] (0.00ns)   --->   "%ctx_state_1_ret = extractvalue { i32, i32, i32, i32, i32, i32, i32, i32 } %call_ret, 1" [SHA_new/SHA_new/sha256_impl.c:143]   --->   Operation 130 'extractvalue' 'ctx_state_1_ret' <Predicate = true> <Delay = 0.00>
ST_10 : Operation 131 [1/1] (0.00ns)   --->   "%ctx_state_2_ret = extractvalue { i32, i32, i32, i32, i32, i32, i32, i32 } %call_ret, 2" [SHA_new/SHA_new/sha256_impl.c:143]   --->   Operation 131 'extractvalue' 'ctx_state_2_ret' <Predicate = true> <Delay = 0.00>
ST_10 : Operation 132 [1/1] (0.00ns)   --->   "%ctx_state_3_ret = extractvalue { i32, i32, i32, i32, i32, i32, i32, i32 } %call_ret, 3" [SHA_new/SHA_new/sha256_impl.c:143]   --->   Operation 132 'extractvalue' 'ctx_state_3_ret' <Predicate = true> <Delay = 0.00>
ST_10 : Operation 133 [1/1] (0.00ns)   --->   "%ctx_state_4_ret = extractvalue { i32, i32, i32, i32, i32, i32, i32, i32 } %call_ret, 4" [SHA_new/SHA_new/sha256_impl.c:143]   --->   Operation 133 'extractvalue' 'ctx_state_4_ret' <Predicate = true> <Delay = 0.00>
ST_10 : Operation 134 [1/1] (0.00ns)   --->   "%ctx_state_5_ret = extractvalue { i32, i32, i32, i32, i32, i32, i32, i32 } %call_ret, 5" [SHA_new/SHA_new/sha256_impl.c:143]   --->   Operation 134 'extractvalue' 'ctx_state_5_ret' <Predicate = true> <Delay = 0.00>
ST_10 : Operation 135 [1/1] (0.00ns)   --->   "%ctx_state_6_ret = extractvalue { i32, i32, i32, i32, i32, i32, i32, i32 } %call_ret, 6" [SHA_new/SHA_new/sha256_impl.c:143]   --->   Operation 135 'extractvalue' 'ctx_state_6_ret' <Predicate = true> <Delay = 0.00>
ST_10 : Operation 136 [1/1] (0.00ns)   --->   "%ctx_state_7_ret = extractvalue { i32, i32, i32, i32, i32, i32, i32, i32 } %call_ret, 7" [SHA_new/SHA_new/sha256_impl.c:143]   --->   Operation 136 'extractvalue' 'ctx_state_7_ret' <Predicate = true> <Delay = 0.00>
ST_10 : Operation 137 [1/1] (1.76ns)   --->   "br label %4" [SHA_new/SHA_new/sha256_impl.c:147]   --->   Operation 137 'br' <Predicate = true> <Delay = 1.76>

State 11 <SV = 9> <Delay = 8.52>
ST_11 : Operation 138 [1/1] (0.00ns)   --->   "%i_3 = phi i3 [ 0, %.loopexit ], [ %i_6, %5 ]"   --->   Operation 138 'phi' 'i_3' <Predicate = true> <Delay = 0.00>
ST_11 : Operation 139 [1/1] (0.00ns)   --->   "%zext_ln147 = zext i3 %i_3 to i5" [SHA_new/SHA_new/sha256_impl.c:147]   --->   Operation 139 'zext' 'zext_ln147' <Predicate = true> <Delay = 0.00>
ST_11 : Operation 140 [1/1] (1.13ns)   --->   "%icmp_ln147 = icmp eq i3 %i_3, -4" [SHA_new/SHA_new/sha256_impl.c:147]   --->   Operation 140 'icmp' 'icmp_ln147' <Predicate = true> <Delay = 1.13> <Core = "Cmp">   --->   Core 25 'Cmp' <Latency = 0> <II = 1> <Delay = 1.13> <FuncUnit> <Opcode : 'icmp'> <InPorts = 2> <OutPorts = 1>
ST_11 : Operation 141 [1/1] (0.00ns)   --->   "call void (...)* @_ssdm_op_SpecLoopTripCount(i64 4, i64 4, i64 4)"   --->   Operation 141 'speclooptripcount' <Predicate = true> <Delay = 0.00>
ST_11 : Operation 142 [1/1] (1.65ns)   --->   "%i_6 = add i3 %i_3, 1" [SHA_new/SHA_new/sha256_impl.c:147]   --->   Operation 142 'add' 'i_6' <Predicate = true> <Delay = 1.65> <Core = "AddSub">   --->   Core 14 'AddSub' <Latency = 0> <II = 1> <Delay = 1.78> <FuncUnit> <Opcode : 'add' 'sub'> <InPorts = 2> <OutPorts = 1>
ST_11 : Operation 143 [1/1] (0.00ns)   --->   "br i1 %icmp_ln147, label %6, label %5" [SHA_new/SHA_new/sha256_impl.c:147]   --->   Operation 143 'br' <Predicate = true> <Delay = 0.00>
ST_11 : Operation 144 [1/1] (0.00ns)   --->   "%trunc_ln149 = trunc i3 %i_3 to i2" [SHA_new/SHA_new/sha256_impl.c:149]   --->   Operation 144 'trunc' 'trunc_ln149' <Predicate = (!icmp_ln147)> <Delay = 0.00>
ST_11 : Operation 145 [1/1] (0.00ns)   --->   "%shl_ln1 = call i5 @_ssdm_op_BitConcatenate.i5.i2.i3(i2 %trunc_ln149, i3 0)" [SHA_new/SHA_new/sha256_impl.c:149]   --->   Operation 145 'bitconcatenate' 'shl_ln1' <Predicate = (!icmp_ln147)> <Delay = 0.00>
ST_11 : Operation 146 [1/1] (1.78ns)   --->   "%sub_ln149 = sub i5 -8, %shl_ln1" [SHA_new/SHA_new/sha256_impl.c:149]   --->   Operation 146 'sub' 'sub_ln149' <Predicate = (!icmp_ln147)> <Delay = 1.78> <Core = "AddSub">   --->   Core 14 'AddSub' <Latency = 0> <II = 1> <Delay = 1.78> <FuncUnit> <Opcode : 'add' 'sub'> <InPorts = 2> <OutPorts = 1>
ST_11 : Operation 147 [1/1] (0.00ns)   --->   "%zext_ln149_1 = zext i5 %sub_ln149 to i32" [SHA_new/SHA_new/sha256_impl.c:149]   --->   Operation 147 'zext' 'zext_ln149_1' <Predicate = (!icmp_ln147)> <Delay = 0.00>
ST_11 : Operation 148 [1/1] (4.42ns)   --->   "%lshr_ln149 = lshr i32 %ctx_state_0_ret, %zext_ln149_1" [SHA_new/SHA_new/sha256_impl.c:149]   --->   Operation 148 'lshr' 'lshr_ln149' <Predicate = (!icmp_ln147)> <Delay = 4.42> <Core = "Shift">   --->   Core 28 'Shift' <Latency = 0> <II = 1> <Delay = 4.42> <FuncUnit> <Opcode : 'shl' 'lshr' 'ashr'> <InPorts = 2> <OutPorts = 1>
ST_11 : Operation 149 [1/1] (0.00ns)   --->   "%trunc_ln149_1 = trunc i32 %lshr_ln149 to i8" [SHA_new/SHA_new/sha256_impl.c:149]   --->   Operation 149 'trunc' 'trunc_ln149_1' <Predicate = (!icmp_ln147)> <Delay = 0.00>
ST_11 : Operation 150 [1/1] (4.42ns)   --->   "%lshr_ln150 = lshr i32 %ctx_state_1_ret, %zext_ln149_1" [SHA_new/SHA_new/sha256_impl.c:150]   --->   Operation 150 'lshr' 'lshr_ln150' <Predicate = (!icmp_ln147)> <Delay = 4.42> <Core = "Shift">   --->   Core 28 'Shift' <Latency = 0> <II = 1> <Delay = 4.42> <FuncUnit> <Opcode : 'shl' 'lshr' 'ashr'> <InPorts = 2> <OutPorts = 1>
ST_11 : Operation 151 [1/1] (0.00ns)   --->   "%trunc_ln150 = trunc i32 %lshr_ln150 to i8" [SHA_new/SHA_new/sha256_impl.c:150]   --->   Operation 151 'trunc' 'trunc_ln150' <Predicate = (!icmp_ln147)> <Delay = 0.00>
ST_11 : Operation 152 [1/1] (0.96ns)   --->   "%xor_ln150 = xor i3 %i_3, -4" [SHA_new/SHA_new/sha256_impl.c:150]   --->   Operation 152 'xor' 'xor_ln150' <Predicate = (!icmp_ln147)> <Delay = 0.96> <Core = "LogicGate">   --->   Core 27 'LogicGate' <Latency = 0> <II = 1> <Delay = 0.96> <FuncUnit> <Opcode : 'and' 'or' 'xor'> <InPorts = 2> <OutPorts = 1>
ST_11 : Operation 153 [1/1] (0.00ns)   --->   "%zext_ln150 = zext i3 %xor_ln150 to i64" [SHA_new/SHA_new/sha256_impl.c:150]   --->   Operation 153 'zext' 'zext_ln150' <Predicate = (!icmp_ln147)> <Delay = 0.00>
ST_11 : Operation 154 [1/1] (0.00ns)   --->   "%hash_addr_1 = getelementptr [64 x i8]* %hash, i64 0, i64 %zext_ln150" [SHA_new/SHA_new/sha256_impl.c:150]   --->   Operation 154 'getelementptr' 'hash_addr_1' <Predicate = (!icmp_ln147)> <Delay = 0.00>
ST_11 : Operation 155 [1/1] (2.32ns)   --->   "store i8 %trunc_ln150, i8* %hash_addr_1, align 1" [SHA_new/SHA_new/sha256_impl.c:150]   --->   Operation 155 'store' <Predicate = (!icmp_ln147)> <Delay = 2.32> <Core = "RAM">   --->   Core 37 'RAM' <Latency = 1> <II = 1> <Delay = 2.32> <Storage> <Opcode : 'load' 'store'> <Ports = 2> <Width = 8> <Depth = 64> <RAM>
ST_11 : Operation 156 [1/1] (4.42ns)   --->   "%lshr_ln151 = lshr i32 %ctx_state_2_ret, %zext_ln149_1" [SHA_new/SHA_new/sha256_impl.c:151]   --->   Operation 156 'lshr' 'lshr_ln151' <Predicate = (!icmp_ln147)> <Delay = 4.42> <Core = "Shift">   --->   Core 28 'Shift' <Latency = 0> <II = 1> <Delay = 4.42> <FuncUnit> <Opcode : 'shl' 'lshr' 'ashr'> <InPorts = 2> <OutPorts = 1>
ST_11 : Operation 157 [1/1] (0.00ns)   --->   "%trunc_ln151 = trunc i32 %lshr_ln151 to i8" [SHA_new/SHA_new/sha256_impl.c:151]   --->   Operation 157 'trunc' 'trunc_ln151' <Predicate = (!icmp_ln147)> <Delay = 0.00>
ST_11 : Operation 158 [1/1] (0.00ns)   --->   "%or_ln = call i4 @_ssdm_op_BitConcatenate.i4.i1.i3(i1 true, i3 %i_3)" [SHA_new/SHA_new/sha256_impl.c:151]   --->   Operation 158 'bitconcatenate' 'or_ln' <Predicate = (!icmp_ln147)> <Delay = 0.00>
ST_11 : Operation 159 [1/1] (0.00ns)   --->   "%zext_ln151 = zext i4 %or_ln to i64" [SHA_new/SHA_new/sha256_impl.c:151]   --->   Operation 159 'zext' 'zext_ln151' <Predicate = (!icmp_ln147)> <Delay = 0.00>
ST_11 : Operation 160 [1/1] (0.00ns)   --->   "%hash_addr_2 = getelementptr [64 x i8]* %hash, i64 0, i64 %zext_ln151" [SHA_new/SHA_new/sha256_impl.c:151]   --->   Operation 160 'getelementptr' 'hash_addr_2' <Predicate = (!icmp_ln147)> <Delay = 0.00>
ST_11 : Operation 161 [1/1] (2.32ns)   --->   "store i8 %trunc_ln151, i8* %hash_addr_2, align 1" [SHA_new/SHA_new/sha256_impl.c:151]   --->   Operation 161 'store' <Predicate = (!icmp_ln147)> <Delay = 2.32> <Core = "RAM">   --->   Core 37 'RAM' <Latency = 1> <II = 1> <Delay = 2.32> <Storage> <Opcode : 'load' 'store'> <Ports = 2> <Width = 8> <Depth = 64> <RAM>
ST_11 : Operation 162 [1/1] (4.42ns)   --->   "%lshr_ln152 = lshr i32 %ctx_state_3_ret, %zext_ln149_1" [SHA_new/SHA_new/sha256_impl.c:152]   --->   Operation 162 'lshr' 'lshr_ln152' <Predicate = (!icmp_ln147)> <Delay = 4.42> <Core = "Shift">   --->   Core 28 'Shift' <Latency = 0> <II = 1> <Delay = 4.42> <FuncUnit> <Opcode : 'shl' 'lshr' 'ashr'> <InPorts = 2> <OutPorts = 1>
ST_11 : Operation 163 [1/1] (0.00ns)   --->   "%trunc_ln152 = trunc i32 %lshr_ln152 to i8" [SHA_new/SHA_new/sha256_impl.c:152]   --->   Operation 163 'trunc' 'trunc_ln152' <Predicate = (!icmp_ln147)> <Delay = 0.00>
ST_11 : Operation 164 [1/1] (4.42ns)   --->   "%lshr_ln153 = lshr i32 %ctx_state_4_ret, %zext_ln149_1" [SHA_new/SHA_new/sha256_impl.c:153]   --->   Operation 164 'lshr' 'lshr_ln153' <Predicate = (!icmp_ln147)> <Delay = 4.42> <Core = "Shift">   --->   Core 28 'Shift' <Latency = 0> <II = 1> <Delay = 4.42> <FuncUnit> <Opcode : 'shl' 'lshr' 'ashr'> <InPorts = 2> <OutPorts = 1>
ST_11 : Operation 165 [1/1] (0.00ns)   --->   "%trunc_ln153 = trunc i32 %lshr_ln153 to i8" [SHA_new/SHA_new/sha256_impl.c:153]   --->   Operation 165 'trunc' 'trunc_ln153' <Predicate = (!icmp_ln147)> <Delay = 0.00>
ST_11 : Operation 166 [1/1] (4.42ns)   --->   "%lshr_ln154 = lshr i32 %ctx_state_5_ret, %zext_ln149_1" [SHA_new/SHA_new/sha256_impl.c:154]   --->   Operation 166 'lshr' 'lshr_ln154' <Predicate = (!icmp_ln147)> <Delay = 4.42> <Core = "Shift">   --->   Core 28 'Shift' <Latency = 0> <II = 1> <Delay = 4.42> <FuncUnit> <Opcode : 'shl' 'lshr' 'ashr'> <InPorts = 2> <OutPorts = 1>
ST_11 : Operation 167 [1/1] (0.00ns)   --->   "%trunc_ln154 = trunc i32 %lshr_ln154 to i8" [SHA_new/SHA_new/sha256_impl.c:154]   --->   Operation 167 'trunc' 'trunc_ln154' <Predicate = (!icmp_ln147)> <Delay = 0.00>
ST_11 : Operation 168 [1/1] (4.42ns)   --->   "%lshr_ln155 = lshr i32 %ctx_state_6_ret, %zext_ln149_1" [SHA_new/SHA_new/sha256_impl.c:155]   --->   Operation 168 'lshr' 'lshr_ln155' <Predicate = (!icmp_ln147)> <Delay = 4.42> <Core = "Shift">   --->   Core 28 'Shift' <Latency = 0> <II = 1> <Delay = 4.42> <FuncUnit> <Opcode : 'shl' 'lshr' 'ashr'> <InPorts = 2> <OutPorts = 1>
ST_11 : Operation 169 [1/1] (0.00ns)   --->   "%trunc_ln155 = trunc i32 %lshr_ln155 to i8" [SHA_new/SHA_new/sha256_impl.c:155]   --->   Operation 169 'trunc' 'trunc_ln155' <Predicate = (!icmp_ln147)> <Delay = 0.00>
ST_11 : Operation 170 [1/1] (4.42ns)   --->   "%lshr_ln156 = lshr i32 %ctx_state_7_ret, %zext_ln149_1" [SHA_new/SHA_new/sha256_impl.c:156]   --->   Operation 170 'lshr' 'lshr_ln156' <Predicate = (!icmp_ln147)> <Delay = 4.42> <Core = "Shift">   --->   Core 28 'Shift' <Latency = 0> <II = 1> <Delay = 4.42> <FuncUnit> <Opcode : 'shl' 'lshr' 'ashr'> <InPorts = 2> <OutPorts = 1>
ST_11 : Operation 171 [1/1] (0.00ns)   --->   "%trunc_ln156 = trunc i32 %lshr_ln156 to i8" [SHA_new/SHA_new/sha256_impl.c:156]   --->   Operation 171 'trunc' 'trunc_ln156' <Predicate = (!icmp_ln147)> <Delay = 0.00>
ST_11 : Operation 172 [1/1] (0.00ns)   --->   "ret void"   --->   Operation 172 'ret' <Predicate = (icmp_ln147)> <Delay = 0.00>

State 12 <SV = 10> <Delay = 2.32>
ST_12 : Operation 173 [1/1] (0.00ns)   --->   "%zext_ln149 = zext i3 %i_3 to i64" [SHA_new/SHA_new/sha256_impl.c:149]   --->   Operation 173 'zext' 'zext_ln149' <Predicate = true> <Delay = 0.00>
ST_12 : Operation 174 [1/1] (0.00ns)   --->   "%hash_addr = getelementptr [64 x i8]* %hash, i64 0, i64 %zext_ln149" [SHA_new/SHA_new/sha256_impl.c:149]   --->   Operation 174 'getelementptr' 'hash_addr' <Predicate = true> <Delay = 0.00>
ST_12 : Operation 175 [1/1] (2.32ns)   --->   "store i8 %trunc_ln149_1, i8* %hash_addr, align 1" [SHA_new/SHA_new/sha256_impl.c:149]   --->   Operation 175 'store' <Predicate = true> <Delay = 2.32> <Core = "RAM">   --->   Core 37 'RAM' <Latency = 1> <II = 1> <Delay = 2.32> <Storage> <Opcode : 'load' 'store'> <Ports = 2> <Width = 8> <Depth = 64> <RAM>
ST_12 : Operation 176 [1/1] (0.00ns)   --->   "%sext_ln152 = sext i3 %xor_ln150 to i4" [SHA_new/SHA_new/sha256_impl.c:152]   --->   Operation 176 'sext' 'sext_ln152' <Predicate = true> <Delay = 0.00>
ST_12 : Operation 177 [1/1] (0.00ns)   --->   "%zext_ln152 = zext i4 %sext_ln152 to i64" [SHA_new/SHA_new/sha256_impl.c:152]   --->   Operation 177 'zext' 'zext_ln152' <Predicate = true> <Delay = 0.00>
ST_12 : Operation 178 [1/1] (0.00ns)   --->   "%hash_addr_3 = getelementptr [64 x i8]* %hash, i64 0, i64 %zext_ln152" [SHA_new/SHA_new/sha256_impl.c:152]   --->   Operation 178 'getelementptr' 'hash_addr_3' <Predicate = true> <Delay = 0.00>
ST_12 : Operation 179 [1/1] (2.32ns)   --->   "store i8 %trunc_ln152, i8* %hash_addr_3, align 1" [SHA_new/SHA_new/sha256_impl.c:152]   --->   Operation 179 'store' <Predicate = true> <Delay = 2.32> <Core = "RAM">   --->   Core 37 'RAM' <Latency = 1> <II = 1> <Delay = 2.32> <Storage> <Opcode : 'load' 'store'> <Ports = 2> <Width = 8> <Depth = 64> <RAM>

State 13 <SV = 11> <Delay = 4.10>
ST_13 : Operation 180 [1/1] (0.00ns)   --->   "%or_ln3 = call i5 @_ssdm_op_BitConcatenate.i5.i2.i3(i2 -2, i3 %i_3)" [SHA_new/SHA_new/sha256_impl.c:153]   --->   Operation 180 'bitconcatenate' 'or_ln3' <Predicate = true> <Delay = 0.00>
ST_13 : Operation 181 [1/1] (0.00ns)   --->   "%zext_ln153 = zext i5 %or_ln3 to i64" [SHA_new/SHA_new/sha256_impl.c:153]   --->   Operation 181 'zext' 'zext_ln153' <Predicate = true> <Delay = 0.00>
ST_13 : Operation 182 [1/1] (0.00ns)   --->   "%hash_addr_4 = getelementptr [64 x i8]* %hash, i64 0, i64 %zext_ln153" [SHA_new/SHA_new/sha256_impl.c:153]   --->   Operation 182 'getelementptr' 'hash_addr_4' <Predicate = true> <Delay = 0.00>
ST_13 : Operation 183 [1/1] (2.32ns)   --->   "store i8 %trunc_ln153, i8* %hash_addr_4, align 1" [SHA_new/SHA_new/sha256_impl.c:153]   --->   Operation 183 'store' <Predicate = true> <Delay = 2.32> <Core = "RAM">   --->   Core 37 'RAM' <Latency = 1> <II = 1> <Delay = 2.32> <Storage> <Opcode : 'load' 'store'> <Ports = 2> <Width = 8> <Depth = 64> <RAM>
ST_13 : Operation 184 [1/1] (1.78ns)   --->   "%add_ln154 = add i5 -12, %zext_ln147" [SHA_new/SHA_new/sha256_impl.c:154]   --->   Operation 184 'add' 'add_ln154' <Predicate = true> <Delay = 1.78> <Core = "AddSub">   --->   Core 14 'AddSub' <Latency = 0> <II = 1> <Delay = 1.78> <FuncUnit> <Opcode : 'add' 'sub'> <InPorts = 2> <OutPorts = 1>
ST_13 : Operation 185 [1/1] (0.00ns)   --->   "%zext_ln154 = zext i5 %add_ln154 to i64" [SHA_new/SHA_new/sha256_impl.c:154]   --->   Operation 185 'zext' 'zext_ln154' <Predicate = true> <Delay = 0.00>
ST_13 : Operation 186 [1/1] (0.00ns)   --->   "%hash_addr_5 = getelementptr [64 x i8]* %hash, i64 0, i64 %zext_ln154" [SHA_new/SHA_new/sha256_impl.c:154]   --->   Operation 186 'getelementptr' 'hash_addr_5' <Predicate = true> <Delay = 0.00>
ST_13 : Operation 187 [1/1] (2.32ns)   --->   "store i8 %trunc_ln154, i8* %hash_addr_5, align 1" [SHA_new/SHA_new/sha256_impl.c:154]   --->   Operation 187 'store' <Predicate = true> <Delay = 2.32> <Core = "RAM">   --->   Core 37 'RAM' <Latency = 1> <II = 1> <Delay = 2.32> <Storage> <Opcode : 'load' 'store'> <Ports = 2> <Width = 8> <Depth = 64> <RAM>

State 14 <SV = 12> <Delay = 2.32>
ST_14 : Operation 188 [1/1] (0.00ns)   --->   "%sext_ln155 = sext i4 %or_ln to i5" [SHA_new/SHA_new/sha256_impl.c:155]   --->   Operation 188 'sext' 'sext_ln155' <Predicate = true> <Delay = 0.00>
ST_14 : Operation 189 [1/1] (0.00ns)   --->   "%zext_ln155 = zext i5 %sext_ln155 to i64" [SHA_new/SHA_new/sha256_impl.c:155]   --->   Operation 189 'zext' 'zext_ln155' <Predicate = true> <Delay = 0.00>
ST_14 : Operation 190 [1/1] (0.00ns)   --->   "%hash_addr_6 = getelementptr [64 x i8]* %hash, i64 0, i64 %zext_ln155" [SHA_new/SHA_new/sha256_impl.c:155]   --->   Operation 190 'getelementptr' 'hash_addr_6' <Predicate = true> <Delay = 0.00>
ST_14 : Operation 191 [1/1] (2.32ns)   --->   "store i8 %trunc_ln155, i8* %hash_addr_6, align 1" [SHA_new/SHA_new/sha256_impl.c:155]   --->   Operation 191 'store' <Predicate = true> <Delay = 2.32> <Core = "RAM">   --->   Core 37 'RAM' <Latency = 1> <II = 1> <Delay = 2.32> <Storage> <Opcode : 'load' 'store'> <Ports = 2> <Width = 8> <Depth = 64> <RAM>
ST_14 : Operation 192 [1/1] (0.00ns)   --->   "%sext_ln156 = sext i3 %xor_ln150 to i5" [SHA_new/SHA_new/sha256_impl.c:156]   --->   Operation 192 'sext' 'sext_ln156' <Predicate = true> <Delay = 0.00>
ST_14 : Operation 193 [1/1] (0.00ns)   --->   "%zext_ln156 = zext i5 %sext_ln156 to i64" [SHA_new/SHA_new/sha256_impl.c:156]   --->   Operation 193 'zext' 'zext_ln156' <Predicate = true> <Delay = 0.00>
ST_14 : Operation 194 [1/1] (0.00ns)   --->   "%hash_addr_7 = getelementptr [64 x i8]* %hash, i64 0, i64 %zext_ln156" [SHA_new/SHA_new/sha256_impl.c:156]   --->   Operation 194 'getelementptr' 'hash_addr_7' <Predicate = true> <Delay = 0.00>
ST_14 : Operation 195 [1/1] (2.32ns)   --->   "store i8 %trunc_ln156, i8* %hash_addr_7, align 1" [SHA_new/SHA_new/sha256_impl.c:156]   --->   Operation 195 'store' <Predicate = true> <Delay = 2.32> <Core = "RAM">   --->   Core 37 'RAM' <Latency = 1> <II = 1> <Delay = 2.32> <Storage> <Opcode : 'load' 'store'> <Ports = 2> <Width = 8> <Depth = 64> <RAM>
ST_14 : Operation 196 [1/1] (0.00ns)   --->   "br label %4" [SHA_new/SHA_new/sha256_impl.c:147]   --->   Operation 196 'br' <Predicate = true> <Delay = 0.00>


============================================================
+ Verbose Summary: Timing violations
============================================================
Target clock period: 10ns, clock uncertainty: 1.25ns.

 <State 1>: 2.47ns
The critical path consists of the following:
	wire read on port 'ctx_datalen_read' (SHA_new/SHA_new/sha256_impl.c:106) [25]  (0 ns)
	'icmp' operation ('icmp_ln113', SHA_new/SHA_new/sha256_impl.c:113) [26]  (2.47 ns)

 <State 2>: 5.01ns
The critical path consists of the following:
	'phi' operation ('i') with incoming values : ('ctx.datalen', SHA_new/SHA_new/sha256_impl.c:106) ('i', SHA_new/SHA_new/sha256_impl.c:121) [34]  (0 ns)
	'add' operation ('i', SHA_new/SHA_new/sha256_impl.c:121) [35]  (2.55 ns)
	'icmp' operation ('icmp_ln122', SHA_new/SHA_new/sha256_impl.c:122) [37]  (2.46 ns)

 <State 3>: 2.55ns
The critical path consists of the following:
	'call' operation ('call_ret1', SHA_new/SHA_new/sha256_impl.c:126) to 'sha256_transform' [48]  (2.55 ns)

 <State 4>: 4.4ns
The critical path consists of the following:
	'add' operation ('add_ln135_2', SHA_new/SHA_new/sha256_impl.c:135) [113]  (2.08 ns)
	'store' operation ('store_ln136', SHA_new/SHA_new/sha256_impl.c:136) of variable 'trunc_ln1', SHA_new/SHA_new/sha256_impl.c:136 on array 'ctx_data' [119]  (2.32 ns)

 <State 5>: 4.87ns
The critical path consists of the following:
	'phi' operation ('i') with incoming values : ('ctx.datalen', SHA_new/SHA_new/sha256_impl.c:106) ('i', SHA_new/SHA_new/sha256_impl.c:114) [74]  (0 ns)
	'add' operation ('i', SHA_new/SHA_new/sha256_impl.c:114) [75]  (2.55 ns)
	'getelementptr' operation ('ctx_data_addr_1', SHA_new/SHA_new/sha256_impl.c:117) [82]  (0 ns)
	'store' operation ('store_ln117', SHA_new/SHA_new/sha256_impl.c:117) of constant 0 on array 'ctx_data' [83]  (2.32 ns)

 <State 6>: 2.32ns
The critical path consists of the following:
	'getelementptr' operation ('ctx_data_addr_5', SHA_new/SHA_new/sha256_impl.c:137) [121]  (0 ns)
	'store' operation ('store_ln137', SHA_new/SHA_new/sha256_impl.c:137) of variable 'trunc_ln2', SHA_new/SHA_new/sha256_impl.c:137 on array 'ctx_data' [122]  (2.32 ns)

 <State 7>: 2.32ns
The critical path consists of the following:
	'getelementptr' operation ('ctx_data_addr_8', SHA_new/SHA_new/sha256_impl.c:139) [127]  (0 ns)
	'store' operation ('store_ln139', SHA_new/SHA_new/sha256_impl.c:139) of variable 'trunc_ln139', SHA_new/SHA_new/sha256_impl.c:139 on array 'ctx_data' [128]  (2.32 ns)

 <State 8>: 2.32ns
The critical path consists of the following:
	'getelementptr' operation ('ctx_data_addr_10', SHA_new/SHA_new/sha256_impl.c:141) [133]  (0 ns)
	'store' operation ('store_ln141', SHA_new/SHA_new/sha256_impl.c:141) of variable 'trunc_ln6', SHA_new/SHA_new/sha256_impl.c:141 on array 'ctx_data' [134]  (2.32 ns)

 <State 9>: 1.77ns
The critical path consists of the following:
	'call' operation ('call_ret', SHA_new/SHA_new/sha256_impl.c:143) to 'sha256_transform' [138]  (1.77 ns)

 <State 10>: 2.55ns
The critical path consists of the following:
	'call' operation ('call_ret', SHA_new/SHA_new/sha256_impl.c:143) to 'sha256_transform' [138]  (2.55 ns)

 <State 11>: 8.52ns
The critical path consists of the following:
	'phi' operation ('i') with incoming values : ('i', SHA_new/SHA_new/sha256_impl.c:147) [149]  (0 ns)
	'sub' operation ('sub_ln149', SHA_new/SHA_new/sha256_impl.c:149) [158]  (1.78 ns)
	'lshr' operation ('lshr_ln150', SHA_new/SHA_new/sha256_impl.c:150) [165]  (4.42 ns)
	'store' operation ('store_ln150', SHA_new/SHA_new/sha256_impl.c:150) of variable 'trunc_ln150', SHA_new/SHA_new/sha256_impl.c:150 on array 'hash' [170]  (2.32 ns)

 <State 12>: 2.32ns
The critical path consists of the following:
	'getelementptr' operation ('hash_addr', SHA_new/SHA_new/sha256_impl.c:149) [163]  (0 ns)
	'store' operation ('store_ln149', SHA_new/SHA_new/sha256_impl.c:149) of variable 'trunc_ln149_1', SHA_new/SHA_new/sha256_impl.c:149 on array 'hash' [164]  (2.32 ns)

 <State 13>: 4.1ns
The critical path consists of the following:
	'add' operation ('add_ln154', SHA_new/SHA_new/sha256_impl.c:154) [191]  (1.78 ns)
	'getelementptr' operation ('hash_addr_5', SHA_new/SHA_new/sha256_impl.c:154) [193]  (0 ns)
	'store' operation ('store_ln154', SHA_new/SHA_new/sha256_impl.c:154) of variable 'trunc_ln154', SHA_new/SHA_new/sha256_impl.c:154 on array 'hash' [194]  (2.32 ns)

 <State 14>: 2.32ns
The critical path consists of the following:
	'getelementptr' operation ('hash_addr_6', SHA_new/SHA_new/sha256_impl.c:155) [199]  (0 ns)
	'store' operation ('store_ln155', SHA_new/SHA_new/sha256_impl.c:155) of variable 'trunc_ln155', SHA_new/SHA_new/sha256_impl.c:155 on array 'hash' [200]  (2.32 ns)


============================================================
+ Verbose Summary: Binding
============================================================
N/A
* FSMD analyzer results:
  - Output states:
 - Input state : 
  - Chain level:
	State 1
	State 2
	State 3
	State 4
	State 5
	State 6
	State 7
	State 8
	State 9
	State 10
	State 11
	State 12
	State 13
	State 14


============================================================
+ Verbose Summary: Datapath Resource usage 
============================================================
N/A
